
****** Vitis HLS - High-Level Synthesis from C, C++ and OpenCL v2020.2 (64-bit)
  **** SW Build 3064766 on Wed Nov 18 09:12:47 MST 2020
  **** IP Build 3064653 on Wed Nov 18 14:17:31 MST 2020
    ** Copyright 1986-2020 Xilinx, Inc. All Rights Reserved.

source /nfs/tools/xilinx/2020.2/Vitis_HLS/2020.2/scripts/vitis_hls/hls.tcl -notrace
INFO: [HLS 200-10] Running '/nfs/tools/xilinx/2020.2/Vitis_HLS/2020.2/bin/unwrapped/lnx64.o/vitis_hls'
INFO: [HLS 200-10] For user 'xushuoxiang' on host 'open21' (Linux_x86_64 version 5.15.0-91-generic) on Tue Jan 16 03:00:43 CST 2024
INFO: [HLS 200-10] On os Ubuntu 22.04.3 LTS
INFO: [HLS 200-10] In directory '/nfs/home/xushuoxiang/Machsuite_for_insertbug/Machsuite_V0.1/sort/radix'
Sourcing Tcl script 'hls.tcl'
INFO: [HLS 200-1510] Running: open_project sort_syn 
INFO: [HLS 200-10] Opening project '/nfs/home/xushuoxiang/Machsuite_for_insertbug/Machsuite_V0.1/sort/radix/sort_syn'.
INFO: [HLS 200-1510] Running: set_top ss_sort 
INFO: [HLS 200-1510] Running: add_files sort.c 
INFO: [HLS 200-10] Adding design file 'sort.c' to the project
INFO: [HLS 200-1510] Running: add_files ../../common/hercules.c 
INFO: [HLS 200-10] Adding design file '../../common/hercules.c' to the project
INFO: [HLS 200-1510] Running: add_files input.data 
INFO: [HLS 200-10] Adding design file 'input.data' to the project
INFO: [HLS 200-1510] Running: add_files check.data 
INFO: [HLS 200-10] Adding design file 'check.data' to the project
INFO: [HLS 200-1510] Running: add_files -tb ../../common/harness.c 
INFO: [HLS 200-10] Adding test bench file '../../common/harness.c' to the project
INFO: [HLS 200-1510] Running: add_files -tb ../../common/support.c 
INFO: [HLS 200-10] Adding test bench file '../../common/support.c' to the project
INFO: [HLS 200-1510] Running: add_files -tb local_support.c 
INFO: [HLS 200-10] Adding test bench file 'local_support.c' to the project
INFO: [HLS 200-1510] Running: open_solution -reset solution 
INFO: [HLS 200-10] Opening and resetting solution '/nfs/home/xushuoxiang/Machsuite_for_insertbug/Machsuite_V0.1/sort/radix/sort_syn/solution'.
INFO: [HLS 200-10] Cleaning up the solution database.
WARNING: [HLS 200-40] No /nfs/home/xushuoxiang/Machsuite_for_insertbug/Machsuite_V0.1/sort/radix/sort_syn/solution/solution.aps file found.
INFO: [HLS 200-1505] Using default flow_target 'vivado'
Resolution: For help on HLS 200-1505 see www.xilinx.com/cgi-bin/docs/rdoc?v=2020.2;t=hls+guidance;d=200-1505.html
INFO: [HLS 200-1510] Running: set_part xczu19eg-ffvc1760-2-i 
INFO: [HLS 200-10] Setting target device to 'xczu19eg-ffvc1760-2-i'
INFO: [HLS 200-1510] Running: create_clock -period 10 
INFO: [SYN 201-201] Setting up clock 'default' with a period of 10ns.
WARNING: [HLS 200-484] The 'set_directive_resource -core' command is deprecated and will be removed in a future release.
WARNING: [HLS 200-484] The 'set_directive_resource -location' command is deprecated and will be removed in a future release.
WARNING: [HLS 200-484] The 'set_directive_resource -variable' command is deprecated and will be removed in a future release.
WARNING: [HLS 200-484] The 'set_directive_resource -core' command is deprecated and will be removed in a future release.
WARNING: [HLS 200-484] The 'set_directive_resource -location' command is deprecated and will be removed in a future release.
WARNING: [HLS 200-484] The 'set_directive_resource -variable' command is deprecated and will be removed in a future release.
WARNING: [HLS 200-484] The 'set_directive_resource -core' command is deprecated and will be removed in a future release.
WARNING: [HLS 200-484] The 'set_directive_resource -location' command is deprecated and will be removed in a future release.
WARNING: [HLS 200-484] The 'set_directive_resource -variable' command is deprecated and will be removed in a future release.
WARNING: [HLS 200-484] The 'set_directive_resource -core' command is deprecated and will be removed in a future release.
WARNING: [HLS 200-484] The 'set_directive_resource -location' command is deprecated and will be removed in a future release.
WARNING: [HLS 200-484] The 'set_directive_resource -variable' command is deprecated and will be removed in a future release.
WARNING: [HLS 200-484] The 'set_directive_resource -core' command is deprecated and will be removed in a future release.
WARNING: [HLS 200-484] The 'set_directive_resource -location' command is deprecated and will be removed in a future release.
WARNING: [HLS 200-484] The 'set_directive_resource -variable' command is deprecated and will be removed in a future release.
WARNING: [HLS 200-484] The 'set_directive_resource -core' command is deprecated and will be removed in a future release.
WARNING: [HLS 200-484] The 'set_directive_resource -location' command is deprecated and will be removed in a future release.
WARNING: [HLS 200-484] The 'set_directive_resource -variable' command is deprecated and will be removed in a future release.
WARNING: [HLS 200-484] The 'set_directive_resource -core' command is deprecated and will be removed in a future release.
WARNING: [HLS 200-484] The 'set_directive_resource -location' command is deprecated and will be removed in a future release.
WARNING: [HLS 200-484] The 'set_directive_resource -variable' command is deprecated and will be removed in a future release.
WARNING: [HLS 200-484] The 'set_directive_resource -core' command is deprecated and will be removed in a future release.
WARNING: [HLS 200-484] The 'set_directive_resource -location' command is deprecated and will be removed in a future release.
WARNING: [HLS 200-484] The 'set_directive_resource -variable' command is deprecated and will be removed in a future release.
WARNING: [HLS 200-484] The 'set_directive_resource -core' command is deprecated and will be removed in a future release.
WARNING: [HLS 200-484] The 'set_directive_resource -location' command is deprecated and will be removed in a future release.
WARNING: [HLS 200-484] The 'set_directive_resource -variable' command is deprecated and will be removed in a future release.
WARNING: [HLS 200-484] The 'set_directive_resource -core' command is deprecated and will be removed in a future release.
WARNING: [HLS 200-484] The 'set_directive_resource -location' command is deprecated and will be removed in a future release.
WARNING: [HLS 200-484] The 'set_directive_resource -variable' command is deprecated and will be removed in a future release.
WARNING: [HLS 200-484] The 'set_directive_resource -core' command is deprecated and will be removed in a future release.
WARNING: [HLS 200-484] The 'set_directive_resource -location' command is deprecated and will be removed in a future release.
WARNING: [HLS 200-484] The 'set_directive_resource -variable' command is deprecated and will be removed in a future release.
WARNING: [HLS 200-484] The 'set_directive_resource -core' command is deprecated and will be removed in a future release.
WARNING: [HLS 200-484] The 'set_directive_resource -location' command is deprecated and will be removed in a future release.
WARNING: [HLS 200-484] The 'set_directive_resource -variable' command is deprecated and will be removed in a future release.
WARNING: [HLS 200-484] The 'set_directive_resource -core' command is deprecated and will be removed in a future release.
WARNING: [HLS 200-484] The 'set_directive_resource -location' command is deprecated and will be removed in a future release.
WARNING: [HLS 200-484] The 'set_directive_resource -variable' command is deprecated and will be removed in a future release.
WARNING: [HLS 200-484] The 'set_directive_resource -core' command is deprecated and will be removed in a future release.
WARNING: [HLS 200-484] The 'set_directive_resource -location' command is deprecated and will be removed in a future release.
WARNING: [HLS 200-484] The 'set_directive_resource -variable' command is deprecated and will be removed in a future release.
WARNING: [HLS 200-484] The 'set_directive_resource -core' command is deprecated and will be removed in a future release.
WARNING: [HLS 200-484] The 'set_directive_resource -location' command is deprecated and will be removed in a future release.
WARNING: [HLS 200-484] The 'set_directive_resource -variable' command is deprecated and will be removed in a future release.
INFO: [HLS 200-1510] Running: set_clock_uncertainty 0 
INFO: [SYN 201-201] Setting up clock 'default' with an uncertainty of 0ns.
INFO: [HLS 200-1510] Running: csynth_design 
WARNING: [HLS 200-40] Skipped source file 'check.data'. Source files must have extensions .c, .C, .cc, .cpp, .c++, .cp, or .cxx.
WARNING: [HLS 200-40] Skipped source file 'input.data'. Source files must have extensions .c, .C, .cc, .cpp, .c++, .cp, or .cxx.
INFO: [HLS 200-111] Finished File checks and directory preparation: CPU user time: 0.01 seconds. CPU system time: 0 seconds. Elapsed time: 0.02 seconds; current allocated memory: 222.926 MB.
INFO: [HLS 200-10] Analyzing design file '../../common/hercules.c' ... 
INFO: [HLS 200-10] Analyzing design file 'sort.c' ... 
WARNING: [HLS 207-5510] 'Resource pragma' is deprecated, and it will be removed in future release. It is suggested to replace it with 'bind_op/bind_storage pragma'.: sort.c:19:9
WARNING: [HLS 207-5301] unused parameter 'exp': sort.c:17:82
WARNING: [HLS 207-5510] 'Resource pragma' is deprecated, and it will be removed in future release. It is suggested to replace it with 'bind_op/bind_storage pragma'.: sort.c:36:9
WARNING: [HLS 207-5510] 'Resource pragma' is deprecated, and it will be removed in future release. It is suggested to replace it with 'bind_op/bind_storage pragma'.: sort.c:36:9
WARNING: [HLS 207-5510] 'Resource pragma' is deprecated, and it will be removed in future release. It is suggested to replace it with 'bind_op/bind_storage pragma'.: sort.c:52:9
WARNING: [HLS 207-5510] 'Resource pragma' is deprecated, and it will be removed in future release. It is suggested to replace it with 'bind_op/bind_storage pragma'.: sort.c:52:9
WARNING: [HLS 207-5510] 'Resource pragma' is deprecated, and it will be removed in future release. It is suggested to replace it with 'bind_op/bind_storage pragma'.: sort.c:69:9
WARNING: [HLS 207-5510] 'Resource pragma' is deprecated, and it will be removed in future release. It is suggested to replace it with 'bind_op/bind_storage pragma'.: sort.c:81:9
WARNING: [HLS 207-5510] 'Resource pragma' is deprecated, and it will be removed in future release. It is suggested to replace it with 'bind_op/bind_storage pragma'.: sort.c:81:9
WARNING: [HLS 207-5510] 'Resource pragma' is deprecated, and it will be removed in future release. It is suggested to replace it with 'bind_op/bind_storage pragma'.: sort.c:100:9
WARNING: [HLS 207-5510] 'Resource pragma' is deprecated, and it will be removed in future release. It is suggested to replace it with 'bind_op/bind_storage pragma'.: sort.c:100:9
WARNING: [HLS 207-5510] 'Resource pragma' is deprecated, and it will be removed in future release. It is suggested to replace it with 'bind_op/bind_storage pragma'.: sort.c:100:9
WARNING: [HLS 207-5510] 'Resource pragma' is deprecated, and it will be removed in future release. It is suggested to replace it with 'bind_op/bind_storage pragma'.: sort.c:133:9
WARNING: [HLS 207-5510] 'Resource pragma' is deprecated, and it will be removed in future release. It is suggested to replace it with 'bind_op/bind_storage pragma'.: sort.c:133:9
WARNING: [HLS 207-5510] 'Resource pragma' is deprecated, and it will be removed in future release. It is suggested to replace it with 'bind_op/bind_storage pragma'.: sort.c:133:9
WARNING: [HLS 207-5510] 'Resource pragma' is deprecated, and it will be removed in future release. It is suggested to replace it with 'bind_op/bind_storage pragma'.: sort.c:133:9
INFO: [HLS 200-111] Finished Source Code Analysis and Preprocessing: CPU user time: 0.36 seconds. CPU system time: 0.19 seconds. Elapsed time: 0.85 seconds; current allocated memory: 224.921 MB.
INFO: [HLS 200-777] Using interface defaults for 'Vivado' flow target.
WARNING: [HLS 214-185] The resource pragma (storage) on function argument, in 'call' is unsupported (sort.c:159:13)
WARNING: [HLS 214-185] The resource pragma (storage) on function argument, in 'call' is unsupported (sort.c:162:13)
WARNING: [HLS 214-185] The resource pragma (storage) on function argument, in 'call' is unsupported (sort.c:146:13)
WARNING: [HLS 214-185] The resource pragma (storage) on function argument, in 'call' is unsupported (sort.c:132:323)
WARNING: [HLS 214-185] The resource pragma (storage) on function argument, in 'call' is unsupported (sort.c:162:13)
WARNING: [HLS 214-185] The resource pragma (storage) on function argument, in 'call' is unsupported (sort.c:159:13)
WARNING: [HLS 214-185] The resource pragma (storage) on function argument, in 'call' is unsupported (sort.c:148:13)
WARNING: [HLS 214-185] The resource pragma (storage) on function argument, in 'call' is unsupported (sort.c:133:9)
WARNING: [HLS 214-185] The resource pragma (storage) on function argument, in 'call' is unsupported (sort.c:162:13)
WARNING: [HLS 214-185] The resource pragma (storage) on function argument, in 'call' is unsupported (sort.c:144:9)
WARNING: [HLS 214-185] The resource pragma (storage) on function argument, in 'call' is unsupported (sort.c:154:9)
WARNING: [HLS 214-185] The resource pragma (storage) on function argument, in 'call' is unsupported (sort.c:146:13)
WARNING: [HLS 214-185] The resource pragma (storage) on function argument, in 'call' is unsupported (sort.c:148:13)
WARNING: [HLS 214-185] The resource pragma (storage) on function argument, in 'call' is unsupported (sort.c:152:9)
WARNING: [HLS 214-185] The resource pragma (storage) on function argument, in 'call' is unsupported (sort.c:133:9)
WARNING: [HLS 214-185] The resource pragma (storage) on function argument, in 'call' is unsupported (sort.c:155:9)
WARNING: [HLS 214-185] The resource pragma (storage) on function argument, in 'call' is unsupported (sort.c:159:13)
WARNING: [HLS 214-185] The resource pragma (storage) on function argument, in 'call' is unsupported (sort.c:155:9)
WARNING: [HLS 214-185] The resource pragma (storage) on function argument, in 'call' is unsupported (sort.c:154:9)
WARNING: [HLS 214-185] The resource pragma (storage) on function argument, in 'call' is unsupported (sort.c:133:9)
INFO: [HLS 214-178] Inlining function 'hercules_check_function' into 'init' (sort.c:68:0)
INFO: [HLS 214-178] Inlining function 'hercules_check_function' into 'hist' (sort.c:80:0)
INFO: [HLS 214-178] Inlining function 'hercules_check_function' into 'local_scan' (sort.c:18:0)
INFO: [HLS 214-178] Inlining function 'hercules_check_function' into 'sum_scan' (sort.c:35:0)
INFO: [HLS 214-178] Inlining function 'hercules_check_function' into 'last_step_scan' (sort.c:51:0)
INFO: [HLS 214-178] Inlining function 'hercules_check_function' into 'update' (sort.c:99:0)
INFO: [HLS 214-178] Inlining function 'init' into 'ss_sort' (sort.c:132:0)
INFO: [HLS 214-178] Inlining function 'hist' into 'ss_sort' (sort.c:132:0)
INFO: [HLS 214-178] Inlining function 'local_scan' into 'ss_sort' (sort.c:132:0)
INFO: [HLS 214-178] Inlining function 'sum_scan' into 'ss_sort' (sort.c:132:0)
INFO: [HLS 214-178] Inlining function 'last_step_scan' into 'ss_sort' (sort.c:132:0)
INFO: [HLS 200-111] Finished Compiling Optimization and Transform: CPU user time: 2.36 seconds. CPU system time: 0.18 seconds. Elapsed time: 3.02 seconds; current allocated memory: 227.453 MB.
INFO: [HLS 200-111] Finished Checking Pragmas: CPU user time: 0 seconds. CPU system time: 0 seconds. Elapsed time: 0 seconds; current allocated memory: 227.454 MB.
INFO: [HLS 200-10] Starting code transformations ...
INFO: [HLS 200-111] Finished Standard Transforms: CPU user time: 0.02 seconds. CPU system time: 0 seconds. Elapsed time: 0.05 seconds; current allocated memory: 229.100 MB.
INFO: [HLS 200-10] Checking synthesizability ...
INFO: [HLS 200-111] Finished Checking Synthesizability: CPU user time: 0.05 seconds. CPU system time: 0 seconds. Elapsed time: 0.06 seconds; current allocated memory: 228.480 MB.
INFO: [XFORM 203-510] Pipelining loop 'update_1' (sort.c:101) in function 'update.1' automatically.
INFO: [XFORM 203-510] Pipelining loop 'init_1' (sort.c:70) in function 'ss_sort' automatically.
INFO: [XFORM 203-510] Pipelining loop 'hist_1' (sort.c:81) in function 'ss_sort' automatically.
INFO: [XFORM 203-510] Pipelining loop 'hist_1' (sort.c:81) in function 'ss_sort' automatically.
INFO: [XFORM 203-510] Pipelining loop 'local_1' (sort.c:19) in function 'ss_sort' automatically.
INFO: [XFORM 203-510] Pipelining loop 'sum_1' (sort.c:37) in function 'ss_sort' automatically.
INFO: [XFORM 203-510] Pipelining loop 'last_1' (sort.c:53) in function 'ss_sort' automatically.
INFO: [XFORM 203-502] Unrolling all sub-loops inside loop 'update_1' (sort.c:101) in function 'update.1' for pipelining.
INFO: [XFORM 203-502] Unrolling all sub-loops inside loop 'hist_1' (sort.c:81) in function 'ss_sort' for pipelining.
INFO: [XFORM 203-502] Unrolling all sub-loops inside loop 'hist_1' (sort.c:81) in function 'ss_sort' for pipelining.
INFO: [XFORM 203-502] Unrolling all sub-loops inside loop 'local_1' (sort.c:19) in function 'ss_sort' for pipelining.
INFO: [XFORM 203-502] Unrolling all sub-loops inside loop 'last_1' (sort.c:53) in function 'ss_sort' for pipelining.
INFO: [HLS 200-489] Unrolling loop 'update_2' (sort.c:101) in function 'update.1' completely with a factor of 4.
INFO: [HLS 200-489] Unrolling loop 'hist_2' (sort.c:81) in function 'ss_sort' completely with a factor of 4.
INFO: [HLS 200-489] Unrolling loop 'local_2' (sort.c:19) in function 'ss_sort' completely with a factor of 15.
INFO: [HLS 200-489] Unrolling loop 'last_2' (sort.c:53) in function 'ss_sort' completely with a factor of 16.
INFO: [XFORM 203-401] Performing if-conversion on hyperblock from (sort.c:101:12) in function 'update.1'... converting 13 basic blocks.
INFO: [XFORM 203-11] Balancing expressions in function 'update.1' (sort.c:9:56)...72 expression(s) balanced.
INFO: [XFORM 203-11] Balancing expressions in function 'ss_sort' (sort.c:132)...328 expression(s) balanced.
INFO: [HLS 200-111] Finished Loop, function and other optimizations: CPU user time: 0.82 seconds. CPU system time: 0.01 seconds. Elapsed time: 0.9 seconds; current allocated memory: 252.798 MB.
WARNING: [HLS 200-960] Cannot flatten loop 'sort_1' (sort.c:134:6) in function 'ss_sort' more than one sub loop.
Resolution: For help on HLS 200-960 see www.xilinx.com/cgi-bin/docs/rdoc?v=2020.2;t=hls+guidance;d=200-960.html
INFO: [HLS 200-111] Finished Architecture Synthesis: CPU user time: 1 seconds. CPU system time: 0 seconds. Elapsed time: 1 seconds; current allocated memory: 261.043 MB.
INFO: [HLS 200-10] Starting hardware synthesis ...
INFO: [HLS 200-10] Synthesizing 'ss_sort' ...
WARNING: [SYN 201-103] Legalizing function name 'update.1' to 'update_1'.
INFO: [HLS 200-10] ----------------------------------------------------------------
INFO: [HLS 200-42] -- Implementing module 'update_1' 
INFO: [HLS 200-10] ----------------------------------------------------------------
INFO: [SCHED 204-11] Starting scheduling ...
INFO: [SCHED 204-61] Pipelining loop 'update_1'.
WARNING: [HLS 200-880] The II Violation in module 'update_1' (loop 'update_1'): Unable to enforce a carried dependence constraint (II = 1, distance = 1, offset = 1) between 'store' operation ('a_addr_1_write_ln111', sort.c:111) of variable 'b_load_1', sort.c:109 on array 'a' and 'store' operation ('a_addr_write_ln111', sort.c:111) of variable 'b_load', sort.c:109 on array 'a'.
Resolution: For help on HLS 200-880 see www.xilinx.com/cgi-bin/docs/rdoc?v=2020.2;t=hls+guidance;d=200-880.html
WARNING: [HLS 200-880] The II Violation in module 'update_1' (loop 'update_1'): Unable to enforce a carried dependence constraint (II = 2, distance = 1, offset = 1) between 'store' operation ('a_addr_2_write_ln111', sort.c:111) of variable 'b_load_2', sort.c:109 on array 'a' and 'store' operation ('a_addr_write_ln111', sort.c:111) of variable 'b_load', sort.c:109 on array 'a'.
Resolution: For help on HLS 200-880 see www.xilinx.com/cgi-bin/docs/rdoc?v=2020.2;t=hls+guidance;d=200-880.html
WARNING: [HLS 200-880] The II Violation in module 'update_1' (loop 'update_1'): Unable to enforce a carried dependence constraint (II = 3, distance = 1, offset = 1) between 'store' operation ('a_addr_3_write_ln111', sort.c:111) of variable 'b_load_3', sort.c:109 on array 'a' and 'store' operation ('a_addr_write_ln111', sort.c:111) of variable 'b_load', sort.c:109 on array 'a'.
Resolution: For help on HLS 200-880 see www.xilinx.com/cgi-bin/docs/rdoc?v=2020.2;t=hls+guidance;d=200-880.html
WARNING: [HLS 200-880] The II Violation in module 'update_1' (loop 'update_1'): Unable to enforce a carried dependence constraint (II = 4, distance = 1, offset = 1) between 'store' operation ('bucket_addr_2_write_ln122', sort.c:122) of variable 'add_ln122_2', sort.c:122 on array 'bucket' and 'load' operation ('bucket_load', sort.c:111) on array 'bucket'.
Resolution: For help on HLS 200-880 see www.xilinx.com/cgi-bin/docs/rdoc?v=2020.2;t=hls+guidance;d=200-880.html
WARNING: [HLS 200-880] The II Violation in module 'update_1' (loop 'update_1'): Unable to enforce a carried dependence constraint (II = 7, distance = 1, offset = 1) between 'store' operation ('bucket_addr_3_write_ln122', sort.c:122) of variable 'add_ln122_3', sort.c:122 on array 'bucket' and 'load' operation ('bucket_load', sort.c:111) on array 'bucket'.
Resolution: For help on HLS 200-880 see www.xilinx.com/cgi-bin/docs/rdoc?v=2020.2;t=hls+guidance;d=200-880.html
INFO: [HLS 200-1470] Pipelining result : Target II = 1, Final II = 8, Depth = 9, loop 'update_1'
INFO: [SCHED 204-11] Finished scheduling.
INFO: [HLS 200-111] Finished Scheduling: CPU user time: 0.09 seconds. CPU system time: 0 seconds. Elapsed time: 0.13 seconds; current allocated memory: 261.893 MB.
INFO: [BIND 205-100] Starting micro-architecture generation ...
INFO: [BIND 205-101] Performing variable lifetime analysis.
INFO: [BIND 205-101] Exploring resource sharing.
INFO: [BIND 205-101] Binding ...
INFO: [BIND 205-100] Finished micro-architecture generation.
INFO: [HLS 200-111] Finished Binding: CPU user time: 0.06 seconds. CPU system time: 0 seconds. Elapsed time: 0.09 seconds; current allocated memory: 262.476 MB.
INFO: [HLS 200-10] ----------------------------------------------------------------
INFO: [HLS 200-42] -- Implementing module 'ss_sort' 
INFO: [HLS 200-10] ----------------------------------------------------------------
INFO: [SCHED 204-11] Starting scheduling ...
INFO: [SCHED 204-61] Pipelining loop 'init_1'.
WARNING: [HLS 200-880] The II Violation in module 'ss_sort' (loop 'init_1'): Unable to enforce a carried dependence constraint (II = 1, distance = 1, offset = 1) between 'store' operation ('checkdata_addr_3_write_ln12', ../../common/hercules.c:12) of constant <constant:_ssdm_op_Write.bram.p0L_a4i32packedL> on array 'checkdata' and 'store' operation ('checkdata_addr_write_ln9', ../../common/hercules.c:9) of constant <constant:_ssdm_op_Write.bram.p0L_a4i32packedL> on array 'checkdata'.
Resolution: For help on HLS 200-880 see www.xilinx.com/cgi-bin/docs/rdoc?v=2020.2;t=hls+guidance;d=200-880.html
INFO: [HLS 200-1470] Pipelining result : Target II = 1, Final II = 2, Depth = 2, loop 'init_1'
INFO: [SCHED 204-61] Pipelining loop 'hist_1'.
WARNING: [HLS 200-880] The II Violation in module 'ss_sort' (loop 'hist_1'): Unable to enforce a carried dependence constraint (II = 1, distance = 1, offset = 1) between 'store' operation ('bucket_addr_6_write_ln87', sort.c:87) of variable 'add_ln87', sort.c:87 on array 'bucket' and 'load' operation ('bucket_load_6', sort.c:87) on array 'bucket'.
Resolution: For help on HLS 200-880 see www.xilinx.com/cgi-bin/docs/rdoc?v=2020.2;t=hls+guidance;d=200-880.html
WARNING: [HLS 200-880] The II Violation in module 'ss_sort' (loop 'hist_1'): Unable to enforce a carried dependence constraint (II = 2, distance = 1, offset = 1) between 'store' operation ('bucket_addr_7_write_ln87', sort.c:87) of variable 'add_ln87_1', sort.c:87 on array 'bucket' and 'load' operation ('bucket_load_6', sort.c:87) on array 'bucket'.
Resolution: For help on HLS 200-880 see www.xilinx.com/cgi-bin/docs/rdoc?v=2020.2;t=hls+guidance;d=200-880.html
WARNING: [HLS 200-880] The II Violation in module 'ss_sort' (loop 'hist_1'): Unable to enforce a carried dependence constraint (II = 3, distance = 1, offset = 1) between 'store' operation ('bucket_addr_7_write_ln87', sort.c:87) of variable 'add_ln87_1', sort.c:87 on array 'bucket' and 'load' operation ('bucket_load_6', sort.c:87) on array 'bucket'.
Resolution: For help on HLS 200-880 see www.xilinx.com/cgi-bin/docs/rdoc?v=2020.2;t=hls+guidance;d=200-880.html
WARNING: [HLS 200-880] The II Violation in module 'ss_sort' (loop 'hist_1'): Unable to enforce a carried dependence constraint (II = 4, distance = 1, offset = 1) between 'store' operation ('bucket_addr_8_write_ln87', sort.c:87) of variable 'add_ln87_2', sort.c:87 on array 'bucket' and 'load' operation ('bucket_load_6', sort.c:87) on array 'bucket'.
Resolution: For help on HLS 200-880 see www.xilinx.com/cgi-bin/docs/rdoc?v=2020.2;t=hls+guidance;d=200-880.html
WARNING: [HLS 200-880] The II Violation in module 'ss_sort' (loop 'hist_1'): Unable to enforce a carried dependence constraint (II = 7, distance = 1, offset = 1) between 'store' operation ('bucket_addr_9_write_ln87', sort.c:87) of variable 'add_ln87_3', sort.c:87 on array 'bucket' and 'load' operation ('bucket_load_6', sort.c:87) on array 'bucket'.
Resolution: For help on HLS 200-880 see www.xilinx.com/cgi-bin/docs/rdoc?v=2020.2;t=hls+guidance;d=200-880.html
INFO: [HLS 200-1470] Pipelining result : Target II = 1, Final II = 8, Depth = 9, loop 'hist_1'
INFO: [SCHED 204-61] Pipelining loop 'hist_1'.
WARNING: [HLS 200-880] The II Violation in module 'ss_sort' (loop 'hist_1'): Unable to enforce a carried dependence constraint (II = 1, distance = 1, offset = 1) between 'store' operation ('bucket_addr_10_write_ln87', sort.c:87) of variable 'add_ln87_4', sort.c:87 on array 'bucket' and 'load' operation ('bucket_load_10', sort.c:87) on array 'bucket'.
Resolution: For help on HLS 200-880 see www.xilinx.com/cgi-bin/docs/rdoc?v=2020.2;t=hls+guidance;d=200-880.html
WARNING: [HLS 200-880] The II Violation in module 'ss_sort' (loop 'hist_1'): Unable to enforce a carried dependence constraint (II = 2, distance = 1, offset = 1) between 'store' operation ('bucket_addr_11_write_ln87', sort.c:87) of variable 'add_ln87_5', sort.c:87 on array 'bucket' and 'load' operation ('bucket_load_10', sort.c:87) on array 'bucket'.
Resolution: For help on HLS 200-880 see www.xilinx.com/cgi-bin/docs/rdoc?v=2020.2;t=hls+guidance;d=200-880.html
WARNING: [HLS 200-880] The II Violation in module 'ss_sort' (loop 'hist_1'): Unable to enforce a carried dependence constraint (II = 3, distance = 1, offset = 1) between 'store' operation ('bucket_addr_11_write_ln87', sort.c:87) of variable 'add_ln87_5', sort.c:87 on array 'bucket' and 'load' operation ('bucket_load_10', sort.c:87) on array 'bucket'.
Resolution: For help on HLS 200-880 see www.xilinx.com/cgi-bin/docs/rdoc?v=2020.2;t=hls+guidance;d=200-880.html
WARNING: [HLS 200-880] The II Violation in module 'ss_sort' (loop 'hist_1'): Unable to enforce a carried dependence constraint (II = 4, distance = 1, offset = 1) between 'store' operation ('bucket_addr_12_write_ln87', sort.c:87) of variable 'add_ln87_6', sort.c:87 on array 'bucket' and 'load' operation ('bucket_load_10', sort.c:87) on array 'bucket'.
Resolution: For help on HLS 200-880 see www.xilinx.com/cgi-bin/docs/rdoc?v=2020.2;t=hls+guidance;d=200-880.html
WARNING: [HLS 200-880] The II Violation in module 'ss_sort' (loop 'hist_1'): Unable to enforce a carried dependence constraint (II = 7, distance = 1, offset = 1) between 'store' operation ('bucket_addr_13_write_ln87', sort.c:87) of variable 'add_ln87_7', sort.c:87 on array 'bucket' and 'load' operation ('bucket_load_10', sort.c:87) on array 'bucket'.
Resolution: For help on HLS 200-880 see www.xilinx.com/cgi-bin/docs/rdoc?v=2020.2;t=hls+guidance;d=200-880.html
INFO: [HLS 200-1470] Pipelining result : Target II = 1, Final II = 8, Depth = 9, loop 'hist_1'
INFO: [SCHED 204-61] Pipelining loop 'local_1'.
WARNING: [HLS 200-880] The II Violation in module 'ss_sort' (loop 'local_1'): Unable to enforce a carried dependence constraint (II = 1, distance = 1, offset = 1) between 'store' operation ('checkdata_addr_19_write_ln12', ../../common/hercules.c:12) of constant <constant:_ssdm_op_Write.bram.p0L_a4i32packedL> on array 'checkdata' and 'store' operation ('checkdata_addr_19_write_ln9', ../../common/hercules.c:9) of constant <constant:_ssdm_op_Write.bram.p0L_a4i32packedL> on array 'checkdata'.
Resolution: For help on HLS 200-880 see www.xilinx.com/cgi-bin/docs/rdoc?v=2020.2;t=hls+guidance;d=200-880.html
WARNING: [HLS 200-885] Unable to schedule 'load' operation ('bucket_load_15', sort.c:24) on array 'bucket' due to limited memory ports. Please consider using a memory core with more ports or partitioning the array 'bucket'.
Resolution: For help on HLS 200-885 see www.xilinx.com/cgi-bin/docs/rdoc?v=2020.2;t=hls+guidance;d=200-885.html
INFO: [HLS 200-1470] Pipelining result : Target II = 1, Final II = 31, Depth = 31, loop 'local_1'
INFO: [SCHED 204-61] Pipelining loop 'sum_1'.
WARNING: [HLS 200-880] The II Violation in module 'ss_sort' (loop 'sum_1'): Unable to enforce a carried dependence constraint (II = 1, distance = 1, offset = 1) between 'store' operation ('checkdata_addr_9_write_ln12', ../../common/hercules.c:12) of constant <constant:_ssdm_op_Write.bram.p0L_a4i32packedL> on array 'checkdata' and 'store' operation ('checkdata_addr_8_write_ln9', ../../common/hercules.c:9) of constant <constant:_ssdm_op_Write.bram.p0L_a4i32packedL> on array 'checkdata'.
Resolution: For help on HLS 200-880 see www.xilinx.com/cgi-bin/docs/rdoc?v=2020.2;t=hls+guidance;d=200-880.html
INFO: [HLS 200-1470] Pipelining result : Target II = 1, Final II = 2, Depth = 2, loop 'sum_1'
INFO: [SCHED 204-61] Pipelining loop 'last_1'.
WARNING: [HLS 200-880] The II Violation in module 'ss_sort' (loop 'last_1'): Unable to enforce a carried dependence constraint (II = 1, distance = 1, offset = 1) between 'store' operation ('checkdata_addr_34_write_ln12', ../../common/hercules.c:12) of constant <constant:_ssdm_op_Write.bram.p0L_a4i32packedL> on array 'checkdata' and 'store' operation ('checkdata_addr_34_write_ln9', ../../common/hercules.c:9) of constant <constant:_ssdm_op_Write.bram.p0L_a4i32packedL> on array 'checkdata'.
Resolution: For help on HLS 200-880 see www.xilinx.com/cgi-bin/docs/rdoc?v=2020.2;t=hls+guidance;d=200-880.html
WARNING: [HLS 200-885] Unable to schedule 'load' operation ('bucket_load_31', sort.c:57) on array 'bucket' due to limited memory ports. Please consider using a memory core with more ports or partitioning the array 'bucket'.
Resolution: For help on HLS 200-885 see www.xilinx.com/cgi-bin/docs/rdoc?v=2020.2;t=hls+guidance;d=200-885.html
INFO: [HLS 200-1470] Pipelining result : Target II = 1, Final II = 32, Depth = 32, loop 'last_1'
INFO: [SCHED 204-11] Finished scheduling.
INFO: [HLS 200-111] Finished Scheduling: CPU user time: 0.79 seconds. CPU system time: 0.01 seconds. Elapsed time: 0.9 seconds; current allocated memory: 264.633 MB.
INFO: [BIND 205-100] Starting micro-architecture generation ...
INFO: [BIND 205-101] Performing variable lifetime analysis.
INFO: [BIND 205-101] Exploring resource sharing.
INFO: [BIND 205-101] Binding ...
INFO: [BIND 205-100] Finished micro-architecture generation.
INFO: [HLS 200-111] Finished Binding: CPU user time: 0.5 seconds. CPU system time: 0 seconds. Elapsed time: 0.72 seconds; current allocated memory: 267.450 MB.
INFO: [HLS 200-10] ----------------------------------------------------------------
INFO: [HLS 200-10] -- Generating RTL for module 'update_1' 
INFO: [HLS 200-10] ----------------------------------------------------------------
INFO: [RTGEN 206-100] Finished creating RTL model for 'update_1'.
INFO: [HLS 200-111] Finished Creating RTL model: CPU user time: 0.42 seconds. CPU system time: 0.01 seconds. Elapsed time: 0.58 seconds; current allocated memory: 268.443 MB.
INFO: [HLS 200-10] ----------------------------------------------------------------
INFO: [HLS 200-10] -- Generating RTL for module 'ss_sort' 
INFO: [HLS 200-10] ----------------------------------------------------------------
INFO: [RTGEN 206-500] Setting interface mode on port 'ss_sort/a' to 'ap_memory'.
INFO: [RTGEN 206-500] Setting interface mode on port 'ss_sort/b' to 'ap_memory'.
INFO: [RTGEN 206-500] Setting interface mode on port 'ss_sort/bucket' to 'ap_memory'.
INFO: [RTGEN 206-500] Setting interface mode on port 'ss_sort/sum' to 'ap_memory'.
INFO: [RTGEN 206-500] Setting interface mode on port 'ss_sort/checkdata' to 'ap_memory'.
INFO: [RTGEN 206-500] Setting interface mode on port 'ss_sort/hercules_buffer_size' to 'ap_vld'.
INFO: [RTGEN 206-500] Setting interface mode on function 'ss_sort' to 'ap_ctrl_hs'.
WARNING: [RTGEN 206-101] Register 'global_time_1' is power-on initialization.
INFO: [RTGEN 206-100] Finished creating RTL model for 'ss_sort'.
INFO: [HLS 200-111] Finished Creating RTL model: CPU user time: 0.34 seconds. CPU system time: 0.01 seconds. Elapsed time: 0.48 seconds; current allocated memory: 275.506 MB.
INFO: [HLS 200-111] Finished Generating all RTL models: CPU user time: 1.84 seconds. CPU system time: 0.06 seconds. Elapsed time: 2.63 seconds; current allocated memory: 293.453 MB.
INFO: [VHDL 208-304] Generating VHDL RTL for ss_sort.
INFO: [VLOG 209-307] Generating Verilog RTL for ss_sort.
INFO: [HLS 200-790] **** Loop Constraint Status: All loop constraints were NOT satisfied.
INFO: [HLS 200-789] **** Estimated Fmax: 258.96 MHz
INFO: [HLS 200-111] Finished Command csynth_design CPU user time: 8.8 seconds. CPU system time: 0.49 seconds. Elapsed time: 11.61 seconds; current allocated memory: 294.025 MB.
INFO: [HLS 200-1510] Running: config_export -version 1.1.0 -ipname sort_highlevel 
INFO: [HLS 200-1510] Running: export_design -rtl verilog -format ip_catalog 
INFO: [IMPL 213-8] Exporting RTL as a Vivado IP.

****** Vivado v2020.2 (64-bit)
  **** SW Build 3064766 on Wed Nov 18 09:12:47 MST 2020
  **** IP Build 3064653 on Wed Nov 18 14:17:31 MST 2020
    ** Copyright 1986-2020 Xilinx, Inc. All Rights Reserved.

source run_ippack.tcl -notrace
INFO: [IP_Flow 19-234] Refreshing IP repositories
INFO: [IP_Flow 19-1704] No user IP repositories specified
INFO: [IP_Flow 19-2313] Loaded Vivado IP repository '/nfs/tools/xilinx/2020.2/Vivado/2020.2/data/ip'.
INFO: [Common 17-206] Exiting Vivado at Tue Jan 16 03:01:06 2024...
INFO: [HLS 200-802] Generated output file sort_syn/solution/impl/export.zip
INFO: [HLS 200-111] Finished Command export_design CPU user time: 7.79 seconds. CPU system time: 0.93 seconds. Elapsed time: 19.33 seconds; current allocated memory: 297.967 MB.
INFO: [HLS 200-112] Total CPU user time: 18.47 seconds. Total CPU system time: 1.96 seconds. Total elapsed time: 33.07 seconds; peak allocated memory: 293.453 MB.
INFO: [Common 17-206] Exiting vitis_hls at Tue Jan 16 03:01:16 2024...
