INFO-FLOW: Workspace /nfs/home/xushuoxiang/Machsuite_for_insertbug/Machsuite_V0.1/bfs/bulk/bfs_syn/solution opened at Mon Jan 15 17:41:27 CST 2024
Execute     send_msg_by_id INFO @200-1505@%s%s default  vivado 
INFO: [HLS 200-1505] Using default flow_target 'vivado'
Execute     get_config_interface -m_axi_latency 
Execute     get_config_interface -m_axi_alignment_byte_size 
Execute     get_config_interface -m_axi_max_widen_bitwidth 
Execute     get_config_interface -default_interface 
Execute     get_config_interface -m_axi_offset 
Execute     get_config_rtl -register_reset_num 
Command   open_solution done; 0.26 sec.
Execute   set_part xczu19eg-ffvc1760-2-i 
INFO: [HLS 200-1510] Running: set_part xczu19eg-ffvc1760-2-i 
INFO-FLOW: DBG:set_part: XILINX_VIVADO=/nfs/tools/xilinx/2020.2/Vivado/2020.2
INFO-FLOW: DBG:set_part: RDI_DATADIR=/nfs/tools/xilinx/2020.2/Vivado/2020.2/data:/nfs/tools/xilinx/2020.2/Vitis_HLS/2020.2/data
Execute     ap_part_info -name xczu19eg-ffvc1760-2-i -data single -quiet 
DBG:HLSDevice: Trying to load device library: /nfs/tools/xilinx/2020.2/Vitis_HLS/2020.2/lib/lnx64.o/librdi_hlsvwrap.so
DBG:HLSDevice: first parts/arch.xml in RDI_DATADIR: /nfs/tools/xilinx/2020.2/Vivado/2020.2/data/parts/arch.xml
Command     ap_part_info done; 1.47 sec.
Execute     ap_part_info -name xczu19eg-ffvc1760-2-i -data info 
Execute     add_library xilinx/zynquplus/zynquplus:xczu19eg:-ffvc1760:-2-i 
Execute       get_default_platform 
Execute       open_platform DefaultPlatform 
Execute       ap_part_info -data single -name xczu19eg-ffvc1760-2-i 
Execute       ap_part_info -name xczu19eg-ffvc1760-2-i -data resources 
Execute       config_chip_info -resource {SLICE 65340} {LUT 522720} {FF 1045440} {DSP 1968} {BRAM 1968} {URAM 128} 
Execute       ap_part_info -name xczu19eg-ffvc1760-2-i -data info 
Execute       config_chip_info -speed medium 
Execute       ap_part_info -name xczu19eg-ffvc1760-2-i -data info 
Execute       config_library_info -library zynquplus_medium 
Execute       config_library_info -family zynquplus 
Execute       config_library_info -part xczu19eg:-ffvc1760:-2-i 
Execute       import_lib /nfs/tools/xilinx/2020.2/Vitis_HLS/2020.2/common/technology/xilinx/zynquplus/zynquplus 
Execute         source /nfs/tools/xilinx/2020.2/Vitis_HLS/2020.2/common/technology/xilinx/interface/xilinx_interface.hlp 
Execute           source /nfs/tools/xilinx/2020.2/Vitis_HLS/2020.2/common/technology/xilinx/interface/maxi.hlp 
Execute           source /nfs/tools/xilinx/2020.2/Vitis_HLS/2020.2/common/technology/xilinx/interface/saxilite.hlp 
Execute         source /nfs/tools/xilinx/2020.2/Vitis_HLS/2020.2/common/technology/xilinx/DSP48/dsp48.hlp 
Execute         source /nfs/tools/xilinx/2020.2/Vitis_HLS/2020.2/common/technology/xilinx/DSP48/zynquplus_dsp48e2.hlp 
Command       import_lib done; 0.11 sec.
Execute       source /nfs/tools/xilinx/2020.2/Vitis_HLS/2020.2/common/technology/xilinx/common/xilinx.gen 
Execute         source /nfs/tools/xilinx/2020.2/Vitis_HLS/2020.2/common/technology/xilinx/interface/plb46.gen 
Execute         source /nfs/tools/xilinx/2020.2/Vitis_HLS/2020.2/common/technology/xilinx/interface/axi4.gen 
Execute         source /nfs/tools/xilinx/2020.2/Vitis_HLS/2020.2/common/technology/xilinx/interface/nativeAXI4.gen 
Execute           source /nfs/tools/xilinx/2020.2/Vitis_HLS/2020.2/common/technology/xilinx/interface/saxilite.gen 
Execute           source /nfs/tools/xilinx/2020.2/Vitis_HLS/2020.2/common/technology/xilinx/interface/maxi.gen 
Execute         source /nfs/tools/xilinx/2020.2/Vitis_HLS/2020.2/common/technology/xilinx/scripts/xilinxcoregen.gen 
Execute         source /nfs/tools/xilinx/2020.2/Vitis_HLS/2020.2/common/technology/xilinx/interface/XilEDKCoreGen.gen 
Execute         source /nfs/tools/xilinx/2020.2/Vitis_HLS/2020.2/common/technology/xilinx/ip/dds_compiler.gen 
Execute         source /nfs/tools/xilinx/2020.2/Vitis_HLS/2020.2/common/technology/xilinx/ip/util.gen 
Execute         source /nfs/tools/xilinx/2020.2/Vitis_HLS/2020.2/common/technology/xilinx/ip/xfft.gen 
Execute         source /nfs/tools/xilinx/2020.2/Vitis_HLS/2020.2/common/technology/xilinx/ip/xfir.gen 
Execute         source /nfs/tools/xilinx/2020.2/Vitis_HLS/2020.2/common/technology/xilinx/DSP48/dsp48.gen 
Command       ap_source done; 0.11 sec.
Command     add_library done; 0.26 sec.
INFO: [HLS 200-10] Setting target device to 'xczu19eg-ffvc1760-2-i'
Execute     ap_part_info -name xczu19eg-ffvc1760-2-i -data info 
Execute     config_compile -quiet -complex-mul-dsp=0 
Command   set_part done; 1.76 sec.
Execute   create_clock -period 10 
INFO: [HLS 200-1510] Running: create_clock -period 10 
Execute     ap_set_clock -name default -period 10 -default=false 
INFO: [SYN 201-201] Setting up clock 'default' with a period of 10ns.
Execute   csynth_design 
INFO: [HLS 200-1510] Running: csynth_design 
Execute     get_config_compile -effort 
Execute     get_config_compile -enable_clang39 
Execute     get_config_compile -g 
Execute     get_config_compile -ng 
Execute     get_config_compile -opt_fp 
Execute     get_config_compile -skip_cdt 
Execute     get_config_compile -skip_syncheck 
Execute     get_config_compile -skip_transform 
Execute     get_config_compile -keep_printf 
Execute     elaborate -effort=medium -skip_syncheck=0 -keep_printf=0 -skip_cdt=0 -skip_transform=0 -ng=0 -g=0 -opt_fp=0 -from_csynth_design=1 
WARNING: [HLS 200-40] Skipped source file 'check.data'. Source files must have extensions .c, .C, .cc, .cpp, .c++, .cp, or .cxx.
WARNING: [HLS 200-40] Skipped source file 'input.data'. Source files must have extensions .c, .C, .cc, .cpp, .c++, .cp, or .cxx.
INFO: [HLS 200-111] Finished File checks and directory preparation: CPU user time: 0 seconds. CPU system time: 0 seconds. Elapsed time: 0.02 seconds; current allocated memory: 238.573 MB.
INFO: [HLS 200-10] Analyzing design file '../../common/hercules.c' ... 
INFO-FLOW: Compiling one TU...
Execute       get_config_compile -pragma_strict_mode 
INFO-FLOW: Handling ../../common/hercules.c as C
Execute       ap_part_info -name xczu19eg-ffvc1760-2-i -data info 
INFO-FLOW: Running: GCC PP 39
INFO-FLOW: Source preprocessing
Execute       ap_eval exec -ignorestderr /nfs/tools/xilinx/2020.2/Vitis_HLS/2020.2/lnx64/tools/clang-3.9-csynth/bin/clang ../../common/hercules.c -foptimization-record-file=/nfs/home/xushuoxiang/Machsuite_for_insertbug/Machsuite_V0.1/bfs/bulk/bfs_syn/solution/.autopilot/db/clang.hercules.c.diag.yml -mllvm -pass-remarks-missed=reflow|pasta|unroll -mllvm -pass-remarks=reflow|pasta|unroll|inline -fno-limit-debug-info -gcc-toolchain /nfs/tools/xilinx/2020.2/Vitis_HLS/2020.2/tps/lnx64/gcc-6.2.0 -fhls -fno-exceptions -E -fno-math-errno -c -emit-llvm -mllvm -disable-llvm-optzns -Werror=implicit-function-declaration -Werror=implicit-hls-streams -Werror=return-type -Wpragmas -Wunused-parameter -std=gnu99 -fgnu89-inline -target fpga64-xilinx-linux-gnu -I /nfs/tools/xilinx/2020.2/Vitis_HLS/2020.2/common/technology/autopilot/39 -D__VITIS_HLS__ -DAESL_SYN -D__SYNTHESIS__ -D__HLS_SYN__ -I /nfs/tools/xilinx/2020.2/Vitis_HLS/2020.2/common/technology/autopilot -I /nfs/tools/xilinx/2020.2/Vitis_HLS/2020.2/common/technology/autopilot/ap_sysc -include etc/autopilot_ssdm_op.h -D__DSP48E2__ -o /nfs/home/xushuoxiang/Machsuite_for_insertbug/Machsuite_V0.1/bfs/bulk/bfs_syn/solution/.autopilot/db/hercules.pp.0.c > /nfs/home/xushuoxiang/Machsuite_for_insertbug/Machsuite_V0.1/bfs/bulk/bfs_syn/solution/.autopilot/db/clang.hercules.c.out.log 2> /nfs/home/xushuoxiang/Machsuite_for_insertbug/Machsuite_V0.1/bfs/bulk/bfs_syn/solution/.autopilot/db/clang.hercules.c.err.log 
INFO-FLOW: Done: GCC PP 39 time: 0 seconds per iteration
Execute       set_directive_top bfs -name=bfs 
INFO-FLOW: Setting directive 'TOP' name=bfs 
INFO-FLOW: Setting directive 'TOP' name=bfs 
Execute       source /nfs/tools/xilinx/2020.2/Vitis_HLS/2020.2/tps/tcl/tcllib1.11.1/yaml/huddle.tcl 
Execute       source /nfs/tools/xilinx/2020.2/Vitis_HLS/2020.2/tps/tcl/tcllib1.11.1/yaml/json2huddle.tcl 
Execute         source /nfs/tools/xilinx/2020.2/Vitis_HLS/2020.2/tps/tcl/tcllib1.11.1/try/try.tcl 
INFO-FLOW: Setting directive 'TOP' name=bfs 
Execute       list_core -type functional_unit 
Execute       clang_tidy xilinx-systemc-detector /nfs/home/xushuoxiang/Machsuite_for_insertbug/Machsuite_V0.1/bfs/bulk/bfs_syn/solution/.autopilot/db/hercules.pp.0.c std=gnu99 -target fpga  -directive=/nfs/home/xushuoxiang/Machsuite_for_insertbug/Machsuite_V0.1/bfs/bulk/bfs_syn/solution/.autopilot/db/.systemc_flag 
INFO-FLOW: exec /nfs/tools/xilinx/2020.2/Vitis_HLS/2020.2/lnx64/tools/clang-3.9-csynth/bin/clang-tidy -header-filter=.* --checks=-*,xilinx-systemc-detector -import-directive=/nfs/home/xushuoxiang/Machsuite_for_insertbug/Machsuite_V0.1/bfs/bulk/bfs_syn/solution/.autopilot/db/.systemc_flag -fix-errors /nfs/home/xushuoxiang/Machsuite_for_insertbug/Machsuite_V0.1/bfs/bulk/bfs_syn/solution/.autopilot/db/hercules.pp.0.c -- -std=gnu99 -target fpga -fhls -ferror-limit=0
INFO-FLOW: Running: clang-tidy CDT preprocess 39
Execute       clang_tidy xilinx-directive2pragma /nfs/home/xushuoxiang/Machsuite_for_insertbug/Machsuite_V0.1/bfs/bulk/bfs_syn/solution/.autopilot/db/hercules.pp.0.c std=gnu99 -target fpga  -directive=/nfs/home/xushuoxiang/Machsuite_for_insertbug/Machsuite_V0.1/bfs/bulk/bfs_syn/solution/.autopilot/db/all.directive.json 
INFO-FLOW: exec /nfs/tools/xilinx/2020.2/Vitis_HLS/2020.2/lnx64/tools/clang-3.9-csynth/bin/clang-tidy -header-filter=.* --checks=-*,xilinx-directive2pragma -import-directive=/nfs/home/xushuoxiang/Machsuite_for_insertbug/Machsuite_V0.1/bfs/bulk/bfs_syn/solution/.autopilot/db/all.directive.json -fix-errors /nfs/home/xushuoxiang/Machsuite_for_insertbug/Machsuite_V0.1/bfs/bulk/bfs_syn/solution/.autopilot/db/hercules.pp.0.c -- -std=gnu99 -target fpga -fhls -ferror-limit=0
Execute       clang_tidy xilinx-constantarray-param,xilinx-remove-assert /nfs/home/xushuoxiang/Machsuite_for_insertbug/Machsuite_V0.1/bfs/bulk/bfs_syn/solution/.autopilot/db/hercules.pp.0.c std=gnu99 -target fpga  
INFO-FLOW: exec /nfs/tools/xilinx/2020.2/Vitis_HLS/2020.2/lnx64/tools/clang-3.9-csynth/bin/clang-tidy -header-filter=.* --checks=-*,xilinx-constantarray-param,xilinx-remove-assert -fix-errors /nfs/home/xushuoxiang/Machsuite_for_insertbug/Machsuite_V0.1/bfs/bulk/bfs_syn/solution/.autopilot/db/hercules.pp.0.c -- -std=gnu99 -target fpga -fhls -ferror-limit=0
INFO-FLOW: Done: clang-tidy CDT preprocess 39 time: 0 seconds per iteration
INFO-FLOW: Calling xilinx-label-all-loops ... 
Execute       clang_tidy -errorcheck xilinx-label-all-loops,xilinx-top-parameters,xilinx-array-stream-check,xilinx-warn-mayneed-no-ctor-attribute /nfs/home/xushuoxiang/Machsuite_for_insertbug/Machsuite_V0.1/bfs/bulk/bfs_syn/solution/.autopilot/db/hercules.pp.0.c std=gnu99 -target fpga  
Execute         ap_eval exec -ignorestderr /nfs/tools/xilinx/2020.2/Vitis_HLS/2020.2/lnx64/tools/clang-3.9-csynth/bin/clang-tidy -export-fixes=/nfs/home/xushuoxiang/Machsuite_for_insertbug/Machsuite_V0.1/bfs/bulk/bfs_syn/solution/.autopilot/db/clang-tidy.hercules.pp.0.c.diag.yml -header-filter=.* --checks=-*,xilinx-label-all-loops,xilinx-top-parameters,xilinx-array-stream-check,xilinx-warn-mayneed-no-ctor-attribute -fix-errors /nfs/home/xushuoxiang/Machsuite_for_insertbug/Machsuite_V0.1/bfs/bulk/bfs_syn/solution/.autopilot/db/hercules.pp.0.c -- -std=gnu99 -target fpga -fhls -ferror-limit=0 > /nfs/home/xushuoxiang/Machsuite_for_insertbug/Machsuite_V0.1/bfs/bulk/bfs_syn/solution/.autopilot/db/clang-tidy.hercules.pp.0.c.out.log 2> /nfs/home/xushuoxiang/Machsuite_for_insertbug/Machsuite_V0.1/bfs/bulk/bfs_syn/solution/.autopilot/db/clang-tidy.hercules.pp.0.c.err.log 
Execute         source /nfs/tools/xilinx/2020.2/Vitis_HLS/2020.2/tps/tcl/tcllib1.11.1/yaml/yaml.tcl 
Execute           source /nfs/tools/xilinx/2020.2/Vitis_HLS/2020.2/tps/tcl/tcllib1.11.1/cmdline/cmdline.tcl 
Execute       get_config_dataflow -strict_mode 
Execute       ap_eval exec -ignorestderr /nfs/tools/xilinx/2020.2/Vitis_HLS/2020.2/lnx64/tools/clang-3.9-csynth/bin/xilinx-dataflow-lawyer -export-fixes=/nfs/home/xushuoxiang/Machsuite_for_insertbug/Machsuite_V0.1/bfs/bulk/bfs_syn/solution/.autopilot/db/xilinx-dataflow-lawyer.hercules.pp.0.c.diag.yml /nfs/home/xushuoxiang/Machsuite_for_insertbug/Machsuite_V0.1/bfs/bulk/bfs_syn/solution/.autopilot/db/hercules.pp.0.c -- -std=gnu99 -target fpga -fhls -ferror-limit=0 -fstrict-dataflow > /nfs/home/xushuoxiang/Machsuite_for_insertbug/Machsuite_V0.1/bfs/bulk/bfs_syn/solution/.autopilot/db/xilinx-dataflow-lawyer.hercules.pp.0.c.out.log 2> /nfs/home/xushuoxiang/Machsuite_for_insertbug/Machsuite_V0.1/bfs/bulk/bfs_syn/solution/.autopilot/db/xilinx-dataflow-lawyer.hercules.pp.0.c.err.log 
Execute       ap_part_info -name xczu19eg-ffvc1760-2-i -data info 
INFO-FLOW: compiling source code to llvm bc
Execute       ap_eval exec -ignorestderr /nfs/tools/xilinx/2020.2/Vitis_HLS/2020.2/lnx64/tools/clang-3.9-csynth/bin/clang -foptimization-record-file=/nfs/home/xushuoxiang/Machsuite_for_insertbug/Machsuite_V0.1/bfs/bulk/bfs_syn/solution/.autopilot/db/clang.hercules.pp.0.c.diag.yml -mllvm -pass-remarks-missed=reflow|pasta|unroll -mllvm -pass-remarks=reflow|pasta|unroll|inline -fno-limit-debug-info -fhls -flto -fno-exceptions -Wno-error=c++11-narrowing /nfs/home/xushuoxiang/Machsuite_for_insertbug/Machsuite_V0.1/bfs/bulk/bfs_syn/solution/.autopilot/db/hercules.pp.0.c -fno-math-errno -c -emit-llvm -mllvm -disable-llvm-optzns -Werror=implicit-function-declaration -Werror=implicit-hls-streams -Werror=return-type -Wpragmas -Wunused-parameter -std=gnu99 -fgnu89-inline -target fpga64-xilinx-linux-gnu -D__VITIS_HLS__ -DAESL_SYN -D__SYNTHESIS__ -D__HLS_SYN__ -I /nfs/tools/xilinx/2020.2/Vitis_HLS/2020.2/common/technology/autopilot -I /nfs/tools/xilinx/2020.2/Vitis_HLS/2020.2/common/technology/autopilot/ap_sysc -include etc/autopilot_ssdm_op.h -D__DSP48E2__ -g -o /nfs/home/xushuoxiang/Machsuite_for_insertbug/Machsuite_V0.1/bfs/bulk/bfs_syn/solution/.autopilot/db/hercules.bc > /nfs/home/xushuoxiang/Machsuite_for_insertbug/Machsuite_V0.1/bfs/bulk/bfs_syn/solution/.autopilot/db/clang.hercules.pp.0.c.out.log 2> /nfs/home/xushuoxiang/Machsuite_for_insertbug/Machsuite_V0.1/bfs/bulk/bfs_syn/solution/.autopilot/db/clang.hercules.pp.0.c.err.log 
INFO: [HLS 200-10] Analyzing design file 'bfs.c' ... 
INFO-FLOW: Compiling one TU...
Execute       get_config_compile -pragma_strict_mode 
INFO-FLOW: Handling bfs.c as C
Execute       ap_part_info -name xczu19eg-ffvc1760-2-i -data info 
INFO-FLOW: Running: GCC PP 39
INFO-FLOW: Source preprocessing
Execute       ap_eval exec -ignorestderr /nfs/tools/xilinx/2020.2/Vitis_HLS/2020.2/lnx64/tools/clang-3.9-csynth/bin/clang bfs.c -foptimization-record-file=/nfs/home/xushuoxiang/Machsuite_for_insertbug/Machsuite_V0.1/bfs/bulk/bfs_syn/solution/.autopilot/db/clang.bfs.c.diag.yml -mllvm -pass-remarks-missed=reflow|pasta|unroll -mllvm -pass-remarks=reflow|pasta|unroll|inline -fno-limit-debug-info -gcc-toolchain /nfs/tools/xilinx/2020.2/Vitis_HLS/2020.2/tps/lnx64/gcc-6.2.0 -fhls -fno-exceptions -E -fno-math-errno -c -emit-llvm -mllvm -disable-llvm-optzns -Werror=implicit-function-declaration -Werror=implicit-hls-streams -Werror=return-type -Wpragmas -Wunused-parameter -std=gnu99 -fgnu89-inline -target fpga64-xilinx-linux-gnu -I /nfs/tools/xilinx/2020.2/Vitis_HLS/2020.2/common/technology/autopilot/39 -D__VITIS_HLS__ -DAESL_SYN -D__SYNTHESIS__ -D__HLS_SYN__ -I /nfs/tools/xilinx/2020.2/Vitis_HLS/2020.2/common/technology/autopilot -I /nfs/tools/xilinx/2020.2/Vitis_HLS/2020.2/common/technology/autopilot/ap_sysc -include etc/autopilot_ssdm_op.h -D__DSP48E2__ -o /nfs/home/xushuoxiang/Machsuite_for_insertbug/Machsuite_V0.1/bfs/bulk/bfs_syn/solution/.autopilot/db/bfs.pp.0.c > /nfs/home/xushuoxiang/Machsuite_for_insertbug/Machsuite_V0.1/bfs/bulk/bfs_syn/solution/.autopilot/db/clang.bfs.c.out.log 2> /nfs/home/xushuoxiang/Machsuite_for_insertbug/Machsuite_V0.1/bfs/bulk/bfs_syn/solution/.autopilot/db/clang.bfs.c.err.log 
INFO-FLOW: Done: GCC PP 39 time: 0 seconds per iteration
Execute       set_directive_top bfs -name=bfs 
INFO-FLOW: Setting directive 'TOP' name=bfs 
INFO-FLOW: Setting directive 'TOP' name=bfs 
INFO-FLOW: Setting directive 'TOP' name=bfs 
INFO-FLOW: Setting directive 'TOP' name=bfs 
INFO-FLOW: Setting directive 'TOP' name=bfs 
INFO-FLOW: Setting directive 'TOP' name=bfs 
Execute       list_core -type functional_unit 
Execute       clang_tidy xilinx-systemc-detector /nfs/home/xushuoxiang/Machsuite_for_insertbug/Machsuite_V0.1/bfs/bulk/bfs_syn/solution/.autopilot/db/bfs.pp.0.c std=gnu99 -target fpga  -directive=/nfs/home/xushuoxiang/Machsuite_for_insertbug/Machsuite_V0.1/bfs/bulk/bfs_syn/solution/.autopilot/db/.systemc_flag 
INFO-FLOW: exec /nfs/tools/xilinx/2020.2/Vitis_HLS/2020.2/lnx64/tools/clang-3.9-csynth/bin/clang-tidy -header-filter=.* --checks=-*,xilinx-systemc-detector -import-directive=/nfs/home/xushuoxiang/Machsuite_for_insertbug/Machsuite_V0.1/bfs/bulk/bfs_syn/solution/.autopilot/db/.systemc_flag -fix-errors /nfs/home/xushuoxiang/Machsuite_for_insertbug/Machsuite_V0.1/bfs/bulk/bfs_syn/solution/.autopilot/db/bfs.pp.0.c -- -std=gnu99 -target fpga -fhls -ferror-limit=0
INFO-FLOW: Running: clang-tidy CDT preprocess 39
Execute       clang_tidy xilinx-directive2pragma /nfs/home/xushuoxiang/Machsuite_for_insertbug/Machsuite_V0.1/bfs/bulk/bfs_syn/solution/.autopilot/db/bfs.pp.0.c std=gnu99 -target fpga  -directive=/nfs/home/xushuoxiang/Machsuite_for_insertbug/Machsuite_V0.1/bfs/bulk/bfs_syn/solution/.autopilot/db/all.directive.json 
INFO-FLOW: exec /nfs/tools/xilinx/2020.2/Vitis_HLS/2020.2/lnx64/tools/clang-3.9-csynth/bin/clang-tidy -header-filter=.* --checks=-*,xilinx-directive2pragma -import-directive=/nfs/home/xushuoxiang/Machsuite_for_insertbug/Machsuite_V0.1/bfs/bulk/bfs_syn/solution/.autopilot/db/all.directive.json -fix-errors /nfs/home/xushuoxiang/Machsuite_for_insertbug/Machsuite_V0.1/bfs/bulk/bfs_syn/solution/.autopilot/db/bfs.pp.0.c -- -std=gnu99 -target fpga -fhls -ferror-limit=0
Execute       clang_tidy xilinx-constantarray-param,xilinx-remove-assert /nfs/home/xushuoxiang/Machsuite_for_insertbug/Machsuite_V0.1/bfs/bulk/bfs_syn/solution/.autopilot/db/bfs.pp.0.c std=gnu99 -target fpga  
INFO-FLOW: exec /nfs/tools/xilinx/2020.2/Vitis_HLS/2020.2/lnx64/tools/clang-3.9-csynth/bin/clang-tidy -header-filter=.* --checks=-*,xilinx-constantarray-param,xilinx-remove-assert -fix-errors /nfs/home/xushuoxiang/Machsuite_for_insertbug/Machsuite_V0.1/bfs/bulk/bfs_syn/solution/.autopilot/db/bfs.pp.0.c -- -std=gnu99 -target fpga -fhls -ferror-limit=0
INFO-FLOW: Done: clang-tidy CDT preprocess 39 time: 0.1 seconds per iteration
INFO-FLOW: Calling xilinx-label-all-loops ... 
Execute       clang_tidy -errorcheck xilinx-label-all-loops,xilinx-top-parameters,xilinx-array-stream-check,xilinx-warn-mayneed-no-ctor-attribute /nfs/home/xushuoxiang/Machsuite_for_insertbug/Machsuite_V0.1/bfs/bulk/bfs_syn/solution/.autopilot/db/bfs.pp.0.c std=gnu99 -target fpga  
Execute         ap_eval exec -ignorestderr /nfs/tools/xilinx/2020.2/Vitis_HLS/2020.2/lnx64/tools/clang-3.9-csynth/bin/clang-tidy -export-fixes=/nfs/home/xushuoxiang/Machsuite_for_insertbug/Machsuite_V0.1/bfs/bulk/bfs_syn/solution/.autopilot/db/clang-tidy.bfs.pp.0.c.diag.yml -header-filter=.* --checks=-*,xilinx-label-all-loops,xilinx-top-parameters,xilinx-array-stream-check,xilinx-warn-mayneed-no-ctor-attribute -fix-errors /nfs/home/xushuoxiang/Machsuite_for_insertbug/Machsuite_V0.1/bfs/bulk/bfs_syn/solution/.autopilot/db/bfs.pp.0.c -- -std=gnu99 -target fpga -fhls -ferror-limit=0 > /nfs/home/xushuoxiang/Machsuite_for_insertbug/Machsuite_V0.1/bfs/bulk/bfs_syn/solution/.autopilot/db/clang-tidy.bfs.pp.0.c.out.log 2> /nfs/home/xushuoxiang/Machsuite_for_insertbug/Machsuite_V0.1/bfs/bulk/bfs_syn/solution/.autopilot/db/clang-tidy.bfs.pp.0.c.err.log 
Execute       get_config_dataflow -strict_mode 
Execute       ap_eval exec -ignorestderr /nfs/tools/xilinx/2020.2/Vitis_HLS/2020.2/lnx64/tools/clang-3.9-csynth/bin/xilinx-dataflow-lawyer -export-fixes=/nfs/home/xushuoxiang/Machsuite_for_insertbug/Machsuite_V0.1/bfs/bulk/bfs_syn/solution/.autopilot/db/xilinx-dataflow-lawyer.bfs.pp.0.c.diag.yml /nfs/home/xushuoxiang/Machsuite_for_insertbug/Machsuite_V0.1/bfs/bulk/bfs_syn/solution/.autopilot/db/bfs.pp.0.c -- -std=gnu99 -target fpga -fhls -ferror-limit=0 -fstrict-dataflow > /nfs/home/xushuoxiang/Machsuite_for_insertbug/Machsuite_V0.1/bfs/bulk/bfs_syn/solution/.autopilot/db/xilinx-dataflow-lawyer.bfs.pp.0.c.out.log 2> /nfs/home/xushuoxiang/Machsuite_for_insertbug/Machsuite_V0.1/bfs/bulk/bfs_syn/solution/.autopilot/db/xilinx-dataflow-lawyer.bfs.pp.0.c.err.log 
Execute       ap_part_info -name xczu19eg-ffvc1760-2-i -data info 
INFO-FLOW: compiling source code to llvm bc
Execute       ap_eval exec -ignorestderr /nfs/tools/xilinx/2020.2/Vitis_HLS/2020.2/lnx64/tools/clang-3.9-csynth/bin/clang -foptimization-record-file=/nfs/home/xushuoxiang/Machsuite_for_insertbug/Machsuite_V0.1/bfs/bulk/bfs_syn/solution/.autopilot/db/clang.bfs.pp.0.c.diag.yml -mllvm -pass-remarks-missed=reflow|pasta|unroll -mllvm -pass-remarks=reflow|pasta|unroll|inline -fno-limit-debug-info -fhls -flto -fno-exceptions -Wno-error=c++11-narrowing /nfs/home/xushuoxiang/Machsuite_for_insertbug/Machsuite_V0.1/bfs/bulk/bfs_syn/solution/.autopilot/db/bfs.pp.0.c -fno-math-errno -c -emit-llvm -mllvm -disable-llvm-optzns -Werror=implicit-function-declaration -Werror=implicit-hls-streams -Werror=return-type -Wpragmas -Wunused-parameter -std=gnu99 -fgnu89-inline -target fpga64-xilinx-linux-gnu -D__VITIS_HLS__ -DAESL_SYN -D__SYNTHESIS__ -D__HLS_SYN__ -I /nfs/tools/xilinx/2020.2/Vitis_HLS/2020.2/common/technology/autopilot -I /nfs/tools/xilinx/2020.2/Vitis_HLS/2020.2/common/technology/autopilot/ap_sysc -include etc/autopilot_ssdm_op.h -D__DSP48E2__ -g -o /nfs/home/xushuoxiang/Machsuite_for_insertbug/Machsuite_V0.1/bfs/bulk/bfs_syn/solution/.autopilot/db/bfs.bc > /nfs/home/xushuoxiang/Machsuite_for_insertbug/Machsuite_V0.1/bfs/bulk/bfs_syn/solution/.autopilot/db/clang.bfs.pp.0.c.out.log 2> /nfs/home/xushuoxiang/Machsuite_for_insertbug/Machsuite_V0.1/bfs/bulk/bfs_syn/solution/.autopilot/db/clang.bfs.pp.0.c.err.log 
INFO: [HLS 200-111] Finished Source Code Analysis and Preprocessing: CPU user time: 0.22 seconds. CPU system time: 0.2 seconds. Elapsed time: 0.62 seconds; current allocated memory: 240.300 MB.
INFO-FLOW: Linking Debug ...
INFO-FLOW: Linking dut bc code.
Execute       run_link_or_opt -out /nfs/home/xushuoxiang/Machsuite_for_insertbug/Machsuite_V0.1/bfs/bulk/bfs_syn/solution/.autopilot/db/a.g.ld.0.bc -args  "/nfs/home/xushuoxiang/Machsuite_for_insertbug/Machsuite_V0.1/bfs/bulk/bfs_syn/solution/.autopilot/db/hercules.g.bc" "/nfs/home/xushuoxiang/Machsuite_for_insertbug/Machsuite_V0.1/bfs/bulk/bfs_syn/solution/.autopilot/db/bfs.g.bc"  
Execute         ap_eval exec -ignorestderr /nfs/tools/xilinx/2020.2/Vitis_HLS/2020.2/lnx64/tools/clang-3.9-csynth/bin/llvm-link /nfs/home/xushuoxiang/Machsuite_for_insertbug/Machsuite_V0.1/bfs/bulk/bfs_syn/solution/.autopilot/db/hercules.g.bc /nfs/home/xushuoxiang/Machsuite_for_insertbug/Machsuite_V0.1/bfs/bulk/bfs_syn/solution/.autopilot/db/bfs.g.bc -o /nfs/home/xushuoxiang/Machsuite_for_insertbug/Machsuite_V0.1/bfs/bulk/bfs_syn/solution/.autopilot/db/a.g.ld.0.bc > /nfs/home/xushuoxiang/Machsuite_for_insertbug/Machsuite_V0.1/bfs/bulk/bfs_syn/solution/.autopilot/db/llvm-link.a.g.ld.0.bc.out.log 2> /nfs/home/xushuoxiang/Machsuite_for_insertbug/Machsuite_V0.1/bfs/bulk/bfs_syn/solution/.autopilot/db/llvm-link.a.g.ld.0.bc.err.log 
INFO-FLOW: 
Execute       run_link_or_opt -opt -out /nfs/home/xushuoxiang/Machsuite_for_insertbug/Machsuite_V0.1/bfs/bulk/bfs_syn/solution/.autopilot/db/a.g.ld.1.lower.bc -args /nfs/home/xushuoxiang/Machsuite_for_insertbug/Machsuite_V0.1/bfs/bulk/bfs_syn/solution/.autopilot/db/a.g.ld.0.bc -reflow-lower-math-intrinsics 
Execute         ap_eval exec -ignorestderr /nfs/tools/xilinx/2020.2/Vitis_HLS/2020.2/lnx64/tools/clang-3.9-csynth/bin/opt -pass-remarks-missed=reflow|pasta|unroll -pass-remarks=reflow|pasta|unroll|inline -pass-remarks-output=/nfs/home/xushuoxiang/Machsuite_for_insertbug/Machsuite_V0.1/bfs/bulk/bfs_syn/solution/.autopilot/db/opt.a.g.ld.1.lower.bc.diag.yml /nfs/home/xushuoxiang/Machsuite_for_insertbug/Machsuite_V0.1/bfs/bulk/bfs_syn/solution/.autopilot/db/a.g.ld.0.bc -reflow-lower-math-intrinsics -o /nfs/home/xushuoxiang/Machsuite_for_insertbug/Machsuite_V0.1/bfs/bulk/bfs_syn/solution/.autopilot/db/a.g.ld.1.lower.bc > /nfs/home/xushuoxiang/Machsuite_for_insertbug/Machsuite_V0.1/bfs/bulk/bfs_syn/solution/.autopilot/db/opt.a.g.ld.1.lower.bc.out.log 2> /nfs/home/xushuoxiang/Machsuite_for_insertbug/Machsuite_V0.1/bfs/bulk/bfs_syn/solution/.autopilot/db/opt.a.g.ld.1.lower.bc.err.log 
INFO-FLOW: 
INFO-FLOW: Linking math bc lib
Execute       run_link_or_opt -out /nfs/home/xushuoxiang/Machsuite_for_insertbug/Machsuite_V0.1/bfs/bulk/bfs_syn/solution/.autopilot/db/a.g.ld.2.m1.bc -args /nfs/home/xushuoxiang/Machsuite_for_insertbug/Machsuite_V0.1/bfs/bulk/bfs_syn/solution/.autopilot/db/a.g.ld.1.lower.bc -only-needed /nfs/tools/xilinx/2020.2/Vitis_HLS/2020.2/lnx64/lib/libhlsm_39.bc /nfs/tools/xilinx/2020.2/Vitis_HLS/2020.2/lnx64/lib/libhlsmc++_39.bc 
Execute         ap_eval exec -ignorestderr /nfs/tools/xilinx/2020.2/Vitis_HLS/2020.2/lnx64/tools/clang-3.9-csynth/bin/llvm-link /nfs/home/xushuoxiang/Machsuite_for_insertbug/Machsuite_V0.1/bfs/bulk/bfs_syn/solution/.autopilot/db/a.g.ld.1.lower.bc -only-needed /nfs/tools/xilinx/2020.2/Vitis_HLS/2020.2/lnx64/lib/libhlsm_39.bc /nfs/tools/xilinx/2020.2/Vitis_HLS/2020.2/lnx64/lib/libhlsmc++_39.bc -o /nfs/home/xushuoxiang/Machsuite_for_insertbug/Machsuite_V0.1/bfs/bulk/bfs_syn/solution/.autopilot/db/a.g.ld.2.m1.bc > /nfs/home/xushuoxiang/Machsuite_for_insertbug/Machsuite_V0.1/bfs/bulk/bfs_syn/solution/.autopilot/db/llvm-link.a.g.ld.2.m1.bc.out.log 2> /nfs/home/xushuoxiang/Machsuite_for_insertbug/Machsuite_V0.1/bfs/bulk/bfs_syn/solution/.autopilot/db/llvm-link.a.g.ld.2.m1.bc.err.log 
Command         ap_eval done; 1.44 sec.
INFO-FLOW: 
Command       run_link_or_opt done; 1.45 sec.
Execute       run_link_or_opt -opt -out /nfs/home/xushuoxiang/Machsuite_for_insertbug/Machsuite_V0.1/bfs/bulk/bfs_syn/solution/.autopilot/db/a.g.ld.3.fpc.bc -args /nfs/home/xushuoxiang/Machsuite_for_insertbug/Machsuite_V0.1/bfs/bulk/bfs_syn/solution/.autopilot/db/a.g.ld.2.m1.bc -reflow-globaldce -hls-top-function-name=bfs -reflow-float-conversion 
Execute         ap_eval exec -ignorestderr /nfs/tools/xilinx/2020.2/Vitis_HLS/2020.2/lnx64/tools/clang-3.9-csynth/bin/opt -pass-remarks-missed=reflow|pasta|unroll -pass-remarks=reflow|pasta|unroll|inline -pass-remarks-output=/nfs/home/xushuoxiang/Machsuite_for_insertbug/Machsuite_V0.1/bfs/bulk/bfs_syn/solution/.autopilot/db/opt.a.g.ld.3.fpc.bc.diag.yml /nfs/home/xushuoxiang/Machsuite_for_insertbug/Machsuite_V0.1/bfs/bulk/bfs_syn/solution/.autopilot/db/a.g.ld.2.m1.bc -reflow-globaldce -hls-top-function-name=bfs -reflow-float-conversion -o /nfs/home/xushuoxiang/Machsuite_for_insertbug/Machsuite_V0.1/bfs/bulk/bfs_syn/solution/.autopilot/db/a.g.ld.3.fpc.bc > /nfs/home/xushuoxiang/Machsuite_for_insertbug/Machsuite_V0.1/bfs/bulk/bfs_syn/solution/.autopilot/db/opt.a.g.ld.3.fpc.bc.out.log 2> /nfs/home/xushuoxiang/Machsuite_for_insertbug/Machsuite_V0.1/bfs/bulk/bfs_syn/solution/.autopilot/db/opt.a.g.ld.3.fpc.bc.err.log 
Command         ap_eval done; 0.83 sec.
INFO-FLOW: 
Command       run_link_or_opt done; 0.84 sec.
Execute       run_link_or_opt -out /nfs/home/xushuoxiang/Machsuite_for_insertbug/Machsuite_V0.1/bfs/bulk/bfs_syn/solution/.autopilot/db/a.g.ld.4.m2.bc -args /nfs/home/xushuoxiang/Machsuite_for_insertbug/Machsuite_V0.1/bfs/bulk/bfs_syn/solution/.autopilot/db/a.g.ld.3.fpc.bc -only-needed /nfs/tools/xilinx/2020.2/Vitis_HLS/2020.2/lnx64/lib/libfloatconversion_39.bc 
Execute         ap_eval exec -ignorestderr /nfs/tools/xilinx/2020.2/Vitis_HLS/2020.2/lnx64/tools/clang-3.9-csynth/bin/llvm-link /nfs/home/xushuoxiang/Machsuite_for_insertbug/Machsuite_V0.1/bfs/bulk/bfs_syn/solution/.autopilot/db/a.g.ld.3.fpc.bc -only-needed /nfs/tools/xilinx/2020.2/Vitis_HLS/2020.2/lnx64/lib/libfloatconversion_39.bc -o /nfs/home/xushuoxiang/Machsuite_for_insertbug/Machsuite_V0.1/bfs/bulk/bfs_syn/solution/.autopilot/db/a.g.ld.4.m2.bc > /nfs/home/xushuoxiang/Machsuite_for_insertbug/Machsuite_V0.1/bfs/bulk/bfs_syn/solution/.autopilot/db/llvm-link.a.g.ld.4.m2.bc.out.log 2> /nfs/home/xushuoxiang/Machsuite_for_insertbug/Machsuite_V0.1/bfs/bulk/bfs_syn/solution/.autopilot/db/llvm-link.a.g.ld.4.m2.bc.err.log 
INFO-FLOW: 
Execute       run_link_or_opt -opt -out /nfs/home/xushuoxiang/Machsuite_for_insertbug/Machsuite_V0.1/bfs/bulk/bfs_syn/solution/.autopilot/db/a.g.ld.5.gdce.bc -args /nfs/home/xushuoxiang/Machsuite_for_insertbug/Machsuite_V0.1/bfs/bulk/bfs_syn/solution/.autopilot/db/a.g.ld.4.m2.bc -reflow-globaldce -hls-top-function-name=bfs 
Execute         ap_eval exec -ignorestderr /nfs/tools/xilinx/2020.2/Vitis_HLS/2020.2/lnx64/tools/clang-3.9-csynth/bin/opt -pass-remarks-missed=reflow|pasta|unroll -pass-remarks=reflow|pasta|unroll|inline -pass-remarks-output=/nfs/home/xushuoxiang/Machsuite_for_insertbug/Machsuite_V0.1/bfs/bulk/bfs_syn/solution/.autopilot/db/opt.a.g.ld.5.gdce.bc.diag.yml /nfs/home/xushuoxiang/Machsuite_for_insertbug/Machsuite_V0.1/bfs/bulk/bfs_syn/solution/.autopilot/db/a.g.ld.4.m2.bc -reflow-globaldce -hls-top-function-name=bfs -o /nfs/home/xushuoxiang/Machsuite_for_insertbug/Machsuite_V0.1/bfs/bulk/bfs_syn/solution/.autopilot/db/a.g.ld.5.gdce.bc > /nfs/home/xushuoxiang/Machsuite_for_insertbug/Machsuite_V0.1/bfs/bulk/bfs_syn/solution/.autopilot/db/opt.a.g.ld.5.gdce.bc.out.log 2> /nfs/home/xushuoxiang/Machsuite_for_insertbug/Machsuite_V0.1/bfs/bulk/bfs_syn/solution/.autopilot/db/opt.a.g.ld.5.gdce.bc.err.log 
INFO-FLOW: 
Execute       get_solution -flow_target 
Execute       get_config_export -xo 
Execute       get_config_export -format 
Execute       get_config_rtl -module_prefix 
Execute       get_config_interface -default_slave_interface 
Execute       get_solution -flow_target 
Execute       get_config_export -xo 
Execute       get_config_export -format 
Execute       get_config_interface -m_axi_offset 
Execute       get_config_interface -m_axi_latency 
Execute       get_config_interface -m_axi_alignment_byte_size 
Execute       get_config_interface -m_axi_min_bitwidth 
Execute       get_config_interface -m_axi_max_bitwidth 
Execute       get_config_interface -m_axi_max_widen_bitwidth 
Execute       get_config_interface -m_axi_num_read_outstanding 
Execute       get_config_interface -m_axi_num_write_outstanding 
Execute       get_config_interface -m_axi_max_read_burst_length 
Execute       get_config_interface -m_axi_max_write_burst_length 
Execute       get_config_interface -m_axi_min_bitwidth 
Execute       get_config_interface -m_axi_max_bitwidth 
Execute       get_config_interface -m_axi_latency 
Execute       get_config_interface -m_axi_min_bitwidth 
Execute       get_config_interface -m_axi_max_bitwidth 
Execute       get_config_interface -m_axi_max_widen_bitwidth 
Execute       get_config_interface -m_axi_auto_max_ports 
Execute       get_config_interface -m_axi_num_read_outstanding 
Execute       get_config_interface -m_axi_num_write_outstanding 
Execute       get_config_interface -m_axi_max_read_burst_length 
Execute       get_config_interface -m_axi_max_write_burst_length 
Execute       get_config_interface -s_axilite_data64 
Execute       get_config_interface -m_axi_alignment_byte_size 
Execute       get_config_compile -pragma_strict_mode 
Execute       get_config_compile -pipeline_style 
Execute       send_msg_by_id INFO @200-777@%s Vivado 
INFO: [HLS 200-777] Using interface defaults for 'Vivado' flow target.
Execute       is_m_axi_addr64 
INFO-FLOW: Doing LTO.
Execute       ap_eval exec -ignorestderr /nfs/tools/xilinx/2020.2/Vitis_HLS/2020.2/lnx64/tools/clang-3.9-csynth/bin/clang -foptimization-record-file=/nfs/home/xushuoxiang/Machsuite_for_insertbug/Machsuite_V0.1/bfs/bulk/bfs_syn/solution/.autopilot/db/clang.a.g.ld.0.bc.diag.yml -mllvm -pass-remarks-missed=reflow|pasta|unroll -mllvm -pass-remarks=reflow|pasta|unroll|inline -fhls -mllvm -hls-top-function-name=bfs -mllvm -hls-db-dir -mllvm /nfs/home/xushuoxiang/Machsuite_for_insertbug/Machsuite_V0.1/bfs/bulk/bfs_syn/solution/.autopilot/db -emit-llvm -c -target fpga64-xilinx-none -mllvm -xcl-xmlinfo=/nfs/home/xushuoxiang/Machsuite_for_insertbug/Machsuite_V0.1/bfs/bulk/bfs_syn/solution/.autopilot/db/kernel.internal.xml -mllvm -top-io-mapping-info=/nfs/home/xushuoxiang/Machsuite_for_insertbug/Machsuite_V0.1/bfs/bulk/bfs_syn/solution/.autopilot/db/top-io-fe.xml -mllvm -hls-bitcode-version=3.1 -mllvm -reflow-enable-slave-interface-default-setting=true -mllvm -gen-kernel-xml=false -mllvm -default-maxi-offset=off -mllvm -maxi-latency=0 -mllvm -hls-maxi-data-size-in-bits=8 -mllvm -hls-maxi-max-data-size-in-bits=1024 -mllvm -hls-max-widen-size-in-bits=0 -mllvm -xcl-kernel-max-mem-ports=0 -mllvm -maxi-read-trans=16 -mllvm -maxi-write-trans=16 -mllvm -maxi-read-burst-len=16 -mllvm -maxi-write-burst-len=16 -mllvm -reflow-enable-saxi-64bits=0 -mllvm -assume-maxi-align=0 -mllvm -no-unaligned-maxi-accesses -mllvm -reflow-pipeline-style-llvm-setting=0 -mllvm -disable-inlined-alloca-merging=true -x ir /nfs/home/xushuoxiang/Machsuite_for_insertbug/Machsuite_V0.1/bfs/bulk/bfs_syn/solution/.autopilot/db/a.g.ld.5.gdce.bc -o /nfs/home/xushuoxiang/Machsuite_for_insertbug/Machsuite_V0.1/bfs/bulk/bfs_syn/solution/.autopilot/db/a.g.lto.bc > /nfs/home/xushuoxiang/Machsuite_for_insertbug/Machsuite_V0.1/bfs/bulk/bfs_syn/solution/.autopilot/db/clang.a.g.ld.0.bc.out.log 2> /nfs/home/xushuoxiang/Machsuite_for_insertbug/Machsuite_V0.1/bfs/bulk/bfs_syn/solution/.autopilot/db/clang.a.g.ld.0.bc.err.log 
Command       ap_eval done; 0.15 sec.
INFO: [HLS 214-178] Inlining function 'hercules_check_function' into 'bfs' (bfs.c:32:0)
INFO-FLOW: DBG:CMD: copy_raw_kernel_xml ap_link_39: kernel.xml not generated: /nfs/home/xushuoxiang/Machsuite_for_insertbug/Machsuite_V0.1/bfs/bulk/bfs_syn/solution/.autopilot/db/kernel.internal.xml
INFO: [HLS 200-111] Finished Compiling Optimization and Transform: CPU user time: 2.07 seconds. CPU system time: 0.13 seconds. Elapsed time: 2.87 seconds; current allocated memory: 241.884 MB.
INFO: [HLS 200-111] Finished Checking Pragmas: CPU user time: 0 seconds. CPU system time: 0 seconds. Elapsed time: 0 seconds; current allocated memory: 241.885 MB.
Execute       opt_and_import_c a -opt_level=2 -skip_syncheck=0 -ng=0 -keep_printf=0 
Execute         cleanup_all_models 
INFO: [HLS 200-10] Starting code transformations ...
INFO-FLOW: Running Standard Transforms...
Execute         transform -hls -share-std-xform -demangle-name -inline-byval-memcpy -always-inline -promote-dbg-pointer -interface-preproc -mem2reg -scalarrepl -mem2reg -keep-read-access -instcombine -dce -promote-dbg-pointer -bitop-raise -loop-simplify -indvarspre -indvars -loop-simplify -xunroll -constprop -instcombine -simplifycfg -indvars -simplifycfg -dce -globaldce -basicaa -simplifycfg -mem2reg -globalopt -global-constprop -deadargelim -instcombine -simplifycfg -scalarrepl -instcombine -reassociate -licm -simplifycfg -loop-simplify -indvars -instcombine -simplifycfg -mem2reg -loop-simplify -indvars -instcombine -gvn -gvn -instcombine -adce -break-crit-edges -simplifycfg -loop-delete -global-array-opt -dce -dse -adce -find-syn-modules -top bfs -deadargelim -mem2reg -instcombine -dce -presyn-prepare -auto-rom-infer -interface-preproc -syn-check -check-rec-only -find-region -simplifycfg -func-extr -function-inline -globaldce -mem2reg -instcombine -dce -gvn -globaldce -adce -adse -constprop -instcombine -bit-constprop -instcombine -dce -simplifycfg -bitop-raise -simplifycfg -dce -loop-delete -reassociate -globalopt -global-privatize -mem2reg -dce -global-constprop -pointer-simplify -constprop -dce -func-inst -deadargelim -auto-shift-reg-idiom -promote-dbg-pointer -norm-name /nfs/home/xushuoxiang/Machsuite_for_insertbug/Machsuite_V0.1/bfs/bulk/bfs_syn/solution/.autopilot/db/a.g.0.bc -o /nfs/home/xushuoxiang/Machsuite_for_insertbug/Machsuite_V0.1/bfs/bulk/bfs_syn/solution/.autopilot/db/a.g.1.bc -f -phase std-opt 
INFO: [HLS 200-111] Finished Standard Transforms: CPU user time: 0.02 seconds. CPU system time: 0 seconds. Elapsed time: 0.03 seconds; current allocated memory: 243.306 MB.
INFO: [HLS 200-10] Checking synthesizability ...
INFO-FLOW: Checking Synthesizability 1/2..
Execute         transform -hls -syn-check -check-rec-only -disaggr -scalarrepl -norm-name -dce -mem2reg -instcombine -function-uniquify -directive-preproc -mem2reg -dse -dce -auto-rom-infer -dce -pag -array-normalize -instcombine -dce -array-seg-normalize -instcombine -dce -data-pack -instcombine -dce -inst-simplify -array-flatten -instcombine -dce -array-burst -dce -deadargelim -promote-global-argument -simplifycfg -mem2reg -globaldce -dce -deadargelim -dce -instcombine -function-inline -globaldce -dce -doublePtrSimplify -doublePtrElim -dce -doublePtrSimplify -promote-dbg-pointer -dce -scalarrepl -dse -adse -instcombine -ptrLegalization -simplifycfg -dce -instcombine -pointer-simplify -ptrArgReplace -dce -instcombine -resolve-double-ptr -disaggr -scalarrepl -norm-name -dce -mem2reg -instcombine -ptrLegalization -simplifycfg -deadargelim -instcombine -dce -inst-simplify -function-uniquify -directive-preproc -mem2reg -dse -dce -globaldce -check-dspbuiltin /nfs/home/xushuoxiang/Machsuite_for_insertbug/Machsuite_V0.1/bfs/bulk/bfs_syn/solution/.autopilot/db/a.g.1.bc -o /nfs/home/xushuoxiang/Machsuite_for_insertbug/Machsuite_V0.1/bfs/bulk/bfs_syn/solution/.autopilot/db/a.g.2.prechk.bc -f 
INFO-FLOW: Checking Synthesizability 2/2..
Execute         transform -syn-check /nfs/home/xushuoxiang/Machsuite_for_insertbug/Machsuite_V0.1/bfs/bulk/bfs_syn/solution/.autopilot/db/a.g.2.prechk.bc -o /nfs/home/xushuoxiang/Machsuite_for_insertbug/Machsuite_V0.1/bfs/bulk/bfs_syn/solution/.autopilot/db/a.g.2.bc -f -phase syn-check 
INFO: [HLS 200-111] Finished Checking Synthesizability: CPU user time: 0.02 seconds. CPU system time: 0 seconds. Elapsed time: 0.03 seconds; current allocated memory: 242.486 MB.
INFO-FLOW: Compiler optimizing ...
INFO-FLOW: Share syncheck's 1.bc for syn flow: copy /nfs/home/xushuoxiang/Machsuite_for_insertbug/Machsuite_V0.1/bfs/bulk/bfs_syn/solution/.autopilot/db/a.g.1.bc to /nfs/home/xushuoxiang/Machsuite_for_insertbug/Machsuite_V0.1/bfs/bulk/bfs_syn/solution/.autopilot/db/a.o.1.bc
INFO-FLOW: Presyn 1...
Execute         transform -hls -tmp /nfs/home/xushuoxiang/Machsuite_for_insertbug/Machsuite_V0.1/bfs/bulk/bfs_syn/solution/.autopilot/db -interface-port-rename -function-uniquify -directive-preproc -mem2reg -dse -dce -disaggr -scalarrepl -norm-name -deadargelim -mem2reg -instcombine -dce -simplifycfg -auto-rom-infer -dce -function-uniquify -resource-proc -clib-intrinsic-prepare -dce -func-buffer -dce -pag -array-normalize -func-legal -instcombine -gvn -constprop -dce -simplifycfg -mem2reg -globaldce -resolve-double-ptr -dce -deadargelim -dce -instcombine -ptrArgReplace -mem2reg -dce -array-seg-normalize -deadargelim -instcombine -dce -function-uniquify -directive-preproc -mem2reg -dse -dce -pointer-simplify -dce -port-alignment -dce -interface-preproc -data-pack -instcombine -dce -basicaa -aggr-aa -aggrmodref-aa -aggr-aa -gvn -gvn -basicaa -aggr-aa -aggrmodref-aa -aggr-aa -dse -adse -adce -loop-simplify -indvars -instcombine -gvn -loop-simplify -mem2reg -dce -find-region -instcombine -auto-loop-pipeline -inst-simplify -interface-preproc -cfgopt -instcombine -indvars -auto-loop-unroll -loop-simplify -loop-bound -xunroll -constprop -instcombine -simplifycfg -indvars -simplifycfg -dce -globaldce -clean-region -attach-range -gvn -inst-simplify -constprop -simplifycfg -dce -pointer-simplify -dce -globalopt -constprop -dce -array-promote -constprop -dce -ptrArgReplace -mem2reg -simplifycfg -dce -instcombine -dce -array-transform-check -array-reshape -instcombine -simplifycfg -dce -ptrArgReplace -deadargelim -mem2reg -instcombine -simplifycfg -dce -indvars -loop-simplify -loop-bound -xunroll -constprop -instcombine -simplifycfg -indvars -simplifycfg -dce -globaldce -basicaa -aggr-aa -aggrmodref-aa -aggr-aa -dse -duplicate-dataflow-processes -globaldce -instcombine -array-partition -instcombine -simplifycfg -dce -ptrArgReplace -global-constprop -deadargelim -mem2reg -func-legal -dce -global-constprop -deadargelim -mem2reg -simplifycfg -dce -merge-param -deadargelim -globalopt -constprop -dce -array-promote -constprop -dce -ptrArgReplace -mem2reg -simplifycfg -dce -mem-intrinsic-preproc -dce -global-internalize -global-privatize -mem2reg -globaldce -promote-global-argument -ptrArgReplace -mem2reg -dce -globalopt -mergereturn -simplify-global-access -mem2reg -dce -pointer-simplify -dce -functionattrs -basicaa -aggr-aa -aggrmodref-aa -aggr-aa -gvn -gvn -basicaa -aggr-aa -aggrmodref-aa -aggr-aa -dse -adse -adce -dce -norm-name -basicaa -aggr-aa -aggrmodref-aa -aggr-aa -accesses-merge -function-inline -complex-op-raise -inst-simplify -globaldce -func-inst -constprop -instcombine -simplifycfg -dce -func-legal -dce -loop-bound -arraycheck -bitwidthmin2 -bitwidthmin2 -on-by-dataflow -loop-delete -instcombine -simplifycfg -globaldce -dce -gvn -deadargelim -dce -loop-simplify -clean-region -simplifycfg -propagate-stable-arguments -loop-stream -instcombine -simplifycfg -dce -globaldce -duplicate-dataflow-processes -stream-intrinsic-preproc -dce -check-ap-stream -loop-simplify -eliminate-keepreads -extract-dataflow-in-loop -loop-simplify -dce -gvn -deadargelim -dse -check-dataflow-syntax -legalize-stream-variable -legalize-global -extract-subproc -dce -dead-channel-elimination -canonicalize-gep -globaldce -dce -gvn -hls-dead-arg-elim -deadargelim -directive-preproc -annotate-dataflow-channels -scalar-propagation -deadargelim -globaldce -mem2reg -check-dataflow-channels -function-stream -dce -globaldce -prop-fifo-spec -internal-stream-gen -canonicalize-gep -globaldce -dce -gvn -deadargelim -mergereturn -indvars -loop-simplify -instcombine -array-stream -array-seg-normalize -array-partition -func-legal -instcombine -simplifycfg -dce -bundle-memfifo-ops -deadargelim -function-uniquify -directive-preproc -mem2reg -dse -dce -group-axi-access -licm -simplifycfg -dce -loop-delete -norm-name /nfs/home/xushuoxiang/Machsuite_for_insertbug/Machsuite_V0.1/bfs/bulk/bfs_syn/solution/.autopilot/db/a.o.1.bc -o /nfs/home/xushuoxiang/Machsuite_for_insertbug/Machsuite_V0.1/bfs/bulk/bfs_syn/solution/.autopilot/db/a.o.1.tmp.bc -f 
INFO: [XFORM 203-510] Pipelining loop 'loop_neighbors' (bfs.c:34) in function 'bfs' automatically.
INFO-FLOW: Presyn 2...
Execute         transform -hls -keep-callgraph -scalarrepl -mem2reg -port-alignment -attach-range -dce -pipe-mux-gen -indvars -loop-bound -inst-simplify -instcombine -dce -merge-array-access -mem2reg -dce -clean-region -mergereturn -if-conv -instcombine -dce -constprop -basicaa -aggr-aa -aggrmodref-aa -aggr-aa -gvn -gvn -basicaa -aggr-aa -aggrmodref-aa -aggr-aa -dse -adse -adce -scalarrepl -mem2reg -global-constprop -deadargelim -deadargelim -instcombine -dce -simplifycfg -ptrArgReplace -mem2reg -function-inline -globaldce -mem2reg -instcombine -dce -expr-balance -instcombine -dce -bitwidthmin2 -bitwidthmin2 -interface-preproc -directive-preproc -inst-rectify -instcombine -dce -functionattrs -constprop -instcombine -bit-constprop -simplify-global-access -globalopt -globaldce -inst-simplify -instcombine -elimdeaddata -dce -loop-delete -simplifycfg -loop-simplify -auto-burst -barrier -norm-name /nfs/home/xushuoxiang/Machsuite_for_insertbug/Machsuite_V0.1/bfs/bulk/bfs_syn/solution/.autopilot/db/a.o.1.tmp.bc -o /nfs/home/xushuoxiang/Machsuite_for_insertbug/Machsuite_V0.1/bfs/bulk/bfs_syn/solution/.autopilot/db/a.o.2.bc -f -phase presyn 
INFO: [XFORM 203-11] Balancing expressions in function 'bfs' (bfs.c:30)...38 expression(s) balanced.
INFO: [HLS 200-111] Finished Loop, function and other optimizations: CPU user time: 0.1 seconds. CPU system time: 0.01 seconds. Elapsed time: 0.16 seconds; current allocated memory: 263.335 MB.
Execute         get_config_compile -enable_loop_extract 
Execute         get_config_compile -disable_auto_rewind 
Execute         get_config_compile -enable_auto_rewind 
INFO-FLOW: Building ssdm...
Execute         transform -hls -function-uniquify -auto-function-inline -globaldce -ptrArgReplace -mem2reg -dce -reset-lda -loop-simplify -indvars -aggr-aa -licm -loop-dep -loop-bound -licm -loop-simplify -flattenloopnest -array-flatten -gvn -instcombine -dce -array-map -dce -func-legal -gvn -adce -instcombine -cfgopt -simplifycfg -loop-simplify -array-burst -promote-global-argument -dce -array-seg-normalize -basicaa -aggrmodref-aa -globalsmodref-aa -aggr-aa -gvn -gvn -basicaa -aggrmodref-aa -globalsmodref-aa -aggr-aa -dse -adse -adce -licm -inst-simplify -dce -globaldce -instcombine -array-stream -eliminate-keepreads -instcombine -dce -deadargelim -doublePtrSimplify -doublePtrElim -dce -doublePtrSimplify -promote-dbg-pointer -dce -scalarrepl -mem2reg -disaggr -norm-name -mem2reg -instcombine -dse -adse -adce -ptrLegalization -dce -auto-rom-infer -array-flatten -dce -instcombine -check-doubleptr -loop-rot -constprop -cfgopt -simplifycfg -loop-simplify -indvars -pointer-simplify -dce -loop-bound -loop-simplify -loop-preproc -constprop -global-constprop -gvn -mem2reg -instcombine -dce -loop-bound -loop-merge -dce -bitwidthmin2 -bitwidthmin2 -deadargelim -dce -canonicalize-dataflow -dce -scalar-propagation -deadargelim -globaldce -mem2reg -read-loop-dep -interface-preproc -directive-preproc -interface-gen -bram-byte-enable -deadargelim -inst-simplify -dce -gvn -mem2reg -instcombine -dce -adse -loop-bound -instcombine -cfgopt -simplifycfg -loop-simplify -clean-region -io-protocol -find-region -mem2reg -bitop-raise -complex-op-raise -inst-simplify -inst-rectify -instcombine -adce -deadargelim -loop-simplify -phi-opt -bitop-raise -cfgopt -simplifycfg -strip-dead-prototypes -interface-lower -bitop-lower -intrinsic-lower -auto-function-inline -basicaa -aggrmodref-aa -globalsmodref-aa -aggr-aa -inst-simplify -simplifycfg -loop-simplify -mergereturn -inst-simplify -inst-rectify -dce -load-elim -bitop-lower -float-op-raise -loop-rewind -pointer-simplify -dce -cfgopt -dce -loop-bound -loop-dep -read-loop-dep -dce -dyn-mem-reuse -dce -check-stream -norm-name -legalize -validate-dataflow -inst-clarity -bitwidth -dump-loop-dep-to-ir -check-all-ssdm -cdfg-build /nfs/home/xushuoxiang/Machsuite_for_insertbug/Machsuite_V0.1/bfs/bulk/bfs_syn/solution/.autopilot/db/a.o.2.bc -o /nfs/home/xushuoxiang/Machsuite_for_insertbug/Machsuite_V0.1/bfs/bulk/bfs_syn/solution/.autopilot/db/a.o.3.bc -f -phase build-ssdm 
WARNING: [HLS 200-960] Cannot flatten loop 'loop_nodes' (bfs.c:33:16) in function 'bfs' the outer loop is not a perfect loop because there is nontrivial logic before entering the inner loop.
WARNING: [HLS 200-960] Cannot flatten loop 'loop_horizons' (bfs.c:36:16) in function 'bfs' either the parent loop or sub loop is do-while loop.
INFO: [HLS 200-111] Finished Architecture Synthesis: CPU user time: 0.07 seconds. CPU system time: 0 seconds. Elapsed time: 0.07 seconds; current allocated memory: 256.242 MB.
INFO-FLOW: Finish building internal data model.
Command       opt_and_import_c done; 0.3 sec.
Command     elaborate done; 3.82 sec.
Execute     autosyn -from_csynth_design=1 
INFO: [HLS 200-10] Starting hardware synthesis ...
INFO-FLOW: Synthesizing C/C++ design ...
INFO: [HLS 200-10] Synthesizing 'bfs' ...
Execute       ap_set_top_model bfs 
Execute       get_model_list bfs -filter all-wo-channel -topdown 
Execute       preproc_iomode -model bfs 
Execute       get_model_list bfs -filter all-wo-channel 
INFO-FLOW: Model list for configure: bfs
INFO-FLOW: Configuring Module : bfs ...
Execute       set_default_model bfs 
Execute       apply_spec_resource_limit bfs 
INFO-FLOW: Model list for preprocess: bfs
INFO-FLOW: Preprocessing Module: bfs ...
Execute       set_default_model bfs 
Execute       cdfg_preprocess -model bfs 
Execute       rtl_gen_preprocess bfs 
INFO-FLOW: Model list for synthesis: bfs
INFO: [HLS 200-10] ----------------------------------------------------------------
INFO: [HLS 200-42] -- Implementing module 'bfs' 
INFO: [HLS 200-10] ----------------------------------------------------------------
Execute       set_default_model bfs 
Execute       schedule -model bfs 
INFO: [SCHED 204-11] Starting scheduling ...
INFO: [SCHED 204-61] Pipelining loop 'loop_neighbors'.
WARNING: [HLS 200-880] The II Violation in module 'bfs' (loop 'loop_neighbors'): Unable to enforce a carried dependence constraint (II = 1, distance = 1, offset = 1) between 'store' operation ('level_addr_2_write_ln112', bfs.c:112) of variable 'empty', bfs.c:44 on array 'level' and 'load' operation ('tmp_level', bfs.c:102) on array 'level'.
INFO: [HLS 200-1470] Pipelining result : Target II = 1, Final II = 2, Depth = 3, loop 'loop_neighbors'
INFO: [SCHED 204-11] Finished scheduling.
INFO: [HLS 200-111] Finished Scheduling: CPU user time: 0.04 seconds. CPU system time: 0 seconds. Elapsed time: 0.08 seconds; current allocated memory: 256.780 MB.
Execute       syn_report -verbosereport -o /nfs/home/xushuoxiang/Machsuite_for_insertbug/Machsuite_V0.1/bfs/bulk/bfs_syn/solution/.autopilot/db/bfs.verbose.sched.rpt 
Execute         AP::get_flow_target_display_name
Execute           get_solution -flow_target 
Execute       db_write -o /nfs/home/xushuoxiang/Machsuite_for_insertbug/Machsuite_V0.1/bfs/bulk/bfs_syn/solution/.autopilot/db/bfs.sched.adb -f 
INFO-FLOW: Finish scheduling bfs.
Execute       set_default_model bfs 
Execute       bind -model bfs 
INFO: [BIND 205-100] Starting micro-architecture generation ...
INFO: [BIND 205-101] Performing variable lifetime analysis.
INFO: [BIND 205-101] Exploring resource sharing.
INFO: [BIND 205-101] Binding ...
INFO: [BIND 205-100] Finished micro-architecture generation.
INFO: [HLS 200-111] Finished Binding: CPU user time: 0.05 seconds. CPU system time: 0 seconds. Elapsed time: 0.06 seconds; current allocated memory: 257.325 MB.
Execute       syn_report -verbosereport -o /nfs/home/xushuoxiang/Machsuite_for_insertbug/Machsuite_V0.1/bfs/bulk/bfs_syn/solution/.autopilot/db/bfs.verbose.bind.rpt 
Execute         AP::get_flow_target_display_name
Execute           get_solution -flow_target 
Execute       db_write -o /nfs/home/xushuoxiang/Machsuite_for_insertbug/Machsuite_V0.1/bfs/bulk/bfs_syn/solution/.autopilot/db/bfs.bind.adb -f 
INFO-FLOW: Finish binding bfs.
Execute       get_model_list bfs -filter all-wo-channel 
INFO-FLOW: Preprocessing for RTLGen ...
Execute       rtl_gen_preprocess bfs 
INFO-FLOW: Model list for RTL generation: bfs
INFO: [HLS 200-10] ----------------------------------------------------------------
INFO: [HLS 200-10] -- Generating RTL for module 'bfs' 
INFO: [HLS 200-10] ----------------------------------------------------------------
Execute       get_config_rtl -module_prefix 
Execute       get_config_rtl -module_prefix 
Execute       get_config_rtl -module_auto_prefix 
Execute       create_rtl_model bfs -top_prefix  -sub_prefix bfs_ -mg_file /nfs/home/xushuoxiang/Machsuite_for_insertbug/Machsuite_V0.1/bfs/bulk/bfs_syn/solution/.autopilot/db/bfs.compgen.tcl 
INFO: [RTGEN 206-500] Setting interface mode on port 'bfs/nodes' to 'ap_memory'.
INFO: [RTGEN 206-500] Setting interface mode on port 'bfs/edges' to 'ap_memory'.
INFO: [RTGEN 206-500] Setting interface mode on port 'bfs/starting_node' to 'ap_none'.
INFO: [RTGEN 206-500] Setting interface mode on port 'bfs/level' to 'ap_memory'.
INFO: [RTGEN 206-500] Setting interface mode on port 'bfs/level_counts' to 'ap_memory'.
INFO: [RTGEN 206-500] Setting interface mode on port 'bfs/checkdata' to 'ap_memory'.
INFO: [RTGEN 206-500] Setting interface mode on port 'bfs/hercules_buffer_size' to 'ap_vld'.
INFO: [RTGEN 206-500] Setting interface mode on function 'bfs' to 'ap_ctrl_hs'.
WARNING: [RTGEN 206-101] Register 'global_time_1' is power-on initialization.
INFO: [RTGEN 206-100] Finished creating RTL model for 'bfs'.
INFO: [HLS 200-111] Finished Creating RTL model: CPU user time: 0.05 seconds. CPU system time: 0.01 seconds. Elapsed time: 0.11 seconds; current allocated memory: 258.039 MB.
Execute       source /nfs/home/xushuoxiang/Machsuite_for_insertbug/Machsuite_V0.1/bfs/bulk/bfs_syn/solution/.autopilot/db/bfs.rtl_wrap.cfg.tcl 
Execute       gen_rtl bfs -istop -style xilinx -f -lang vhdl -o /nfs/home/xushuoxiang/Machsuite_for_insertbug/Machsuite_V0.1/bfs/bulk/bfs_syn/solution/syn/vhdl/bfs 
Execute       gen_rtl bfs -istop -style xilinx -f -lang vlog -o /nfs/home/xushuoxiang/Machsuite_for_insertbug/Machsuite_V0.1/bfs/bulk/bfs_syn/solution/syn/verilog/bfs 
Execute       syn_report -csynth -model bfs -o /nfs/home/xushuoxiang/Machsuite_for_insertbug/Machsuite_V0.1/bfs/bulk/bfs_syn/solution/syn/report/bfs_csynth.rpt 
Execute         AP::get_flow_target_display_name
Execute           get_solution -flow_target 
Execute       syn_report -rtlxml -model bfs -o /nfs/home/xushuoxiang/Machsuite_for_insertbug/Machsuite_V0.1/bfs/bulk/bfs_syn/solution/syn/report/bfs_csynth.xml 
Execute         get_solution -flow_target
Execute           get_solution -flow_target 
Execute       syn_report -verbosereport -model bfs -o /nfs/home/xushuoxiang/Machsuite_for_insertbug/Machsuite_V0.1/bfs/bulk/bfs_syn/solution/.autopilot/db/bfs.verbose.rpt 
Execute         AP::get_flow_target_display_name
Execute           get_solution -flow_target 
Execute       db_write -model bfs -f -o /nfs/home/xushuoxiang/Machsuite_for_insertbug/Machsuite_V0.1/bfs/bulk/bfs_syn/solution/.autopilot/db/bfs.adb 
Execute       gen_tb_info bfs -p /nfs/home/xushuoxiang/Machsuite_for_insertbug/Machsuite_V0.1/bfs/bulk/bfs_syn/solution/.autopilot/db -o /nfs/home/xushuoxiang/Machsuite_for_insertbug/Machsuite_V0.1/bfs/bulk/bfs_syn/solution/.autopilot/db/bfs 
Execute       export_constraint_db -f -tool general -o /nfs/home/xushuoxiang/Machsuite_for_insertbug/Machsuite_V0.1/bfs/bulk/bfs_syn/solution/.autopilot/db/bfs.constraint.tcl 
Execute       syn_report -designview -model bfs -o /nfs/home/xushuoxiang/Machsuite_for_insertbug/Machsuite_V0.1/bfs/bulk/bfs_syn/solution/.autopilot/db/bfs.design.xml 
Execute       syn_report -csynthDesign -model bfs -o /nfs/home/xushuoxiang/Machsuite_for_insertbug/Machsuite_V0.1/bfs/bulk/bfs_syn/solution/syn/report/csynth.rpt 
Execute         AP::get_flow_target_display_name
Execute           get_solution -flow_target 
Execute       get_config_rtl -disable_wave_debug 
Execute       syn_report -wcfg -model bfs -o /nfs/home/xushuoxiang/Machsuite_for_insertbug/Machsuite_V0.1/bfs/bulk/bfs_syn/solution/.autopilot/db/bfs_dataflow_ana.wcfg 
Execute       syn_report -protoinst -model bfs -o /nfs/home/xushuoxiang/Machsuite_for_insertbug/Machsuite_V0.1/bfs/bulk/bfs_syn/solution/.autopilot/db/bfs.protoinst 
Execute       get_config_debug -directory 
Execute       sc_get_clocks bfs 
Execute       get_config_export -vivado_clock 
Execute       get_config_rtl -module_prefix 
Execute       get_config_rtl -module_prefix 
Execute       get_config_rtl -module_auto_prefix 
Execute       sc_get_portdomain bfs 
INFO-FLOW: Model list for RTL component generation: bfs
INFO-FLOW: Handling components in module [bfs] ... 
Execute       source /nfs/home/xushuoxiang/Machsuite_for_insertbug/Machsuite_V0.1/bfs/bulk/bfs_syn/solution/.autopilot/db/bfs.compgen.tcl 
INFO-FLOW: Append model bfs
INFO-FLOW: Generating RTL model list ...
INFO-FLOW: All models in this session: bfs
INFO-FLOW: To file: write model bfs
INFO-FLOW: Finished generating RTL model list.


INFO-FLOW: RTL Generation done.
INFO-FLOW: CAS Generation done.
INFO-FLOW: CBC Generation done.
Execute       get_top 
Execute       get_config_export -ipname 
Execute       get_config_export -xo 
Execute       get_config_export -format 
Execute       get_config_rtl -module_auto_prefix 
INFO-FLOW: DBG:CMD:   auto_impl: set ipname to top (module_auto_prefix): bfs
INFO-FLOW: DBG:CMD: auto_generate_csynth_design
INFO-FLOW: DBG:CMD:     auto_generate --sim-model -phase csynth_design -d /nfs/home/xushuoxiang/Machsuite_for_insertbug/Machsuite_V0.1/bfs/bulk/bfs_syn/solution
Execute       get_solution -flow_target 
Execute       get_config_export -xo 
Execute       get_config_export -format 
Execute       source /nfs/home/xushuoxiang/Machsuite_for_insertbug/Machsuite_V0.1/bfs/bulk/bfs_syn/solution/.autopilot/db/global.setting.tcl 
INFO-FLOW: DBG:CMD: read_platform_lib /nfs/home/xushuoxiang/Machsuite_for_insertbug/Machsuite_V0.1/bfs/bulk/bfs_syn/solution/.autopilot/db/global.setting.tcl
Execute       source /nfs/tools/xilinx/2020.2/Vitis_HLS/2020.2/common/technology/generic/autopilot/common.gen 
Execute         source /nfs/tools/xilinx/2020.2/Vitis_HLS/2020.2/common/technology/generic/autopilot/APCoreGen.gen 
Execute       source /nfs/tools/xilinx/2020.2/Vitis_HLS/2020.2/common/technology/generic/autopilot/op.gen 
Execute       source /nfs/tools/xilinx/2020.2/Vitis_HLS/2020.2/common/technology/generic/autopilot/op_simcore.gen 
Execute       source /nfs/tools/xilinx/2020.2/Vitis_HLS/2020.2/common/technology/generic/autopilot/interface.gen 
Execute       source /nfs/home/xushuoxiang/Machsuite_for_insertbug/Machsuite_V0.1/bfs/bulk/bfs_syn/solution/.autopilot/db/global.setting.tcl 
Execute       source /nfs/tools/xilinx/2020.2/Vitis_HLS/2020.2/common/technology/xilinx/common/xilinx.gen 
Execute         source /nfs/tools/xilinx/2020.2/Vitis_HLS/2020.2/common/technology/xilinx/interface/plb46.gen 
Execute         source /nfs/tools/xilinx/2020.2/Vitis_HLS/2020.2/common/technology/xilinx/interface/axi4.gen 
Execute         source /nfs/tools/xilinx/2020.2/Vitis_HLS/2020.2/common/technology/xilinx/interface/nativeAXI4.gen 
Execute           source /nfs/tools/xilinx/2020.2/Vitis_HLS/2020.2/common/technology/xilinx/interface/saxilite.gen 
Execute           source /nfs/tools/xilinx/2020.2/Vitis_HLS/2020.2/common/technology/xilinx/interface/maxi.gen 
Execute         source /nfs/tools/xilinx/2020.2/Vitis_HLS/2020.2/common/technology/xilinx/scripts/xilinxcoregen.gen 
Execute         source /nfs/tools/xilinx/2020.2/Vitis_HLS/2020.2/common/technology/xilinx/interface/XilEDKCoreGen.gen 
Execute         source /nfs/tools/xilinx/2020.2/Vitis_HLS/2020.2/common/technology/xilinx/ip/dds_compiler.gen 
Execute         source /nfs/tools/xilinx/2020.2/Vitis_HLS/2020.2/common/technology/xilinx/ip/util.gen 
Execute         source /nfs/tools/xilinx/2020.2/Vitis_HLS/2020.2/common/technology/xilinx/ip/xfft.gen 
Execute         source /nfs/tools/xilinx/2020.2/Vitis_HLS/2020.2/common/technology/xilinx/ip/xfir.gen 
Execute         source /nfs/tools/xilinx/2020.2/Vitis_HLS/2020.2/common/technology/xilinx/DSP48/dsp48.gen 
INFO-FLOW: DBG:CMD:   using AESL_AUTOCG::g_clock_period=10.000 (was NA)
INFO-FLOW: DBG:CMD:       generate_ip_cores sim=1 export=0 expOnly=0 dstVlogDir=syn/verilog
Execute       source /nfs/home/xushuoxiang/Machsuite_for_insertbug/Machsuite_V0.1/bfs/bulk/bfs_syn/solution/.autopilot/db/global.setting.tcl 
Execute       ap_part_info -name xczu19eg-ffvc1760-2-i -data names -quiet 
Execute       ap_part_info -name xczu19eg-ffvc1760-2-i -data info -quiet 
Execute       source /nfs/home/xushuoxiang/Machsuite_for_insertbug/Machsuite_V0.1/bfs/bulk/bfs_syn/solution/.autopilot/db/global.setting.tcl 
Execute       source /nfs/home/xushuoxiang/Machsuite_for_insertbug/Machsuite_V0.1/bfs/bulk/bfs_syn/solution/.autopilot/db/global.setting.tcl 
Execute       source /nfs/home/xushuoxiang/Machsuite_for_insertbug/Machsuite_V0.1/bfs/bulk/bfs_syn/solution/.autopilot/db/bfs.compgen.tcl 
INFO-FLOW: DBG:CMD:     auto_generate -export -impltomg_flag -rtl both -tool Vivado -pcore_version 1.00.a -phase csynth_design -d /nfs/home/xushuoxiang/Machsuite_for_insertbug/Machsuite_V0.1/bfs/bulk/bfs_syn/solution
Execute       get_solution -flow_target 
Execute       get_config_export -xo 
Execute       get_config_export -format 
Execute       source /nfs/home/xushuoxiang/Machsuite_for_insertbug/Machsuite_V0.1/bfs/bulk/bfs_syn/solution/.autopilot/db/global.setting.tcl 
INFO-FLOW: DBG:CMD: read_platform_lib /nfs/home/xushuoxiang/Machsuite_for_insertbug/Machsuite_V0.1/bfs/bulk/bfs_syn/solution/.autopilot/db/global.setting.tcl
Execute       source /nfs/tools/xilinx/2020.2/Vitis_HLS/2020.2/common/technology/generic/autopilot/common.gen 
Execute         source /nfs/tools/xilinx/2020.2/Vitis_HLS/2020.2/common/technology/generic/autopilot/APCoreGen.gen 
Execute       source /nfs/tools/xilinx/2020.2/Vitis_HLS/2020.2/common/technology/generic/autopilot/op.gen 
Execute       source /nfs/tools/xilinx/2020.2/Vitis_HLS/2020.2/common/technology/generic/autopilot/op_simcore.gen 
Execute       source /nfs/tools/xilinx/2020.2/Vitis_HLS/2020.2/common/technology/generic/autopilot/interface.gen 
Execute       source /nfs/home/xushuoxiang/Machsuite_for_insertbug/Machsuite_V0.1/bfs/bulk/bfs_syn/solution/.autopilot/db/global.setting.tcl 
Execute       source /nfs/tools/xilinx/2020.2/Vitis_HLS/2020.2/common/technology/xilinx/common/xilinx.gen 
Execute         source /nfs/tools/xilinx/2020.2/Vitis_HLS/2020.2/common/technology/xilinx/interface/plb46.gen 
Execute         source /nfs/tools/xilinx/2020.2/Vitis_HLS/2020.2/common/technology/xilinx/interface/axi4.gen 
Execute         source /nfs/tools/xilinx/2020.2/Vitis_HLS/2020.2/common/technology/xilinx/interface/nativeAXI4.gen 
Execute           source /nfs/tools/xilinx/2020.2/Vitis_HLS/2020.2/common/technology/xilinx/interface/saxilite.gen 
Execute           source /nfs/tools/xilinx/2020.2/Vitis_HLS/2020.2/common/technology/xilinx/interface/maxi.gen 
Execute         source /nfs/tools/xilinx/2020.2/Vitis_HLS/2020.2/common/technology/xilinx/scripts/xilinxcoregen.gen 
Execute         source /nfs/tools/xilinx/2020.2/Vitis_HLS/2020.2/common/technology/xilinx/interface/XilEDKCoreGen.gen 
Execute         source /nfs/tools/xilinx/2020.2/Vitis_HLS/2020.2/common/technology/xilinx/ip/dds_compiler.gen 
Execute         source /nfs/tools/xilinx/2020.2/Vitis_HLS/2020.2/common/technology/xilinx/ip/util.gen 
Execute         source /nfs/tools/xilinx/2020.2/Vitis_HLS/2020.2/common/technology/xilinx/ip/xfft.gen 
Execute         source /nfs/tools/xilinx/2020.2/Vitis_HLS/2020.2/common/technology/xilinx/ip/xfir.gen 
Execute         source /nfs/tools/xilinx/2020.2/Vitis_HLS/2020.2/common/technology/xilinx/DSP48/dsp48.gen 
INFO-FLOW: DBG:CMD:       initCTypeInfo top_module=bfs xml_exists=0
Execute       source /nfs/home/xushuoxiang/Machsuite_for_insertbug/Machsuite_V0.1/bfs/bulk/bfs_syn/solution/.autopilot/db/bfs.rtl_wrap.cfg.tcl 
Execute       source /nfs/home/xushuoxiang/Machsuite_for_insertbug/Machsuite_V0.1/bfs/bulk/bfs_syn/solution/.autopilot/db/bfs.rtl_wrap.cfg.tcl 
Execute       source /nfs/home/xushuoxiang/Machsuite_for_insertbug/Machsuite_V0.1/bfs/bulk/bfs_syn/solution/.autopilot/db/bfs.rtl_wrap.cfg.tcl 
Execute       source /nfs/home/xushuoxiang/Machsuite_for_insertbug/Machsuite_V0.1/bfs/bulk/bfs_syn/solution/.autopilot/db/bfs.tbgen.tcl 
Execute       source /nfs/home/xushuoxiang/Machsuite_for_insertbug/Machsuite_V0.1/bfs/bulk/bfs_syn/solution/.autopilot/db/bfs.tbgen.tcl 
INFO-FLOW: DBG:CMD:       export_impl_rtl
INFO-FLOW: DBG:CMD:       generate_ip_cores sim=0 export=0 expOnly=0 dstVlogDir=impl/.verilog
Execute       source /nfs/home/xushuoxiang/Machsuite_for_insertbug/Machsuite_V0.1/bfs/bulk/bfs_syn/solution/.autopilot/db/global.setting.tcl 
Execute       source /nfs/home/xushuoxiang/Machsuite_for_insertbug/Machsuite_V0.1/bfs/bulk/bfs_syn/solution/.autopilot/db/bfs.compgen.tcl 
INFO-FLOW: DBG:CMD:       generate_ip_cores sim=0 export=1 expOnly=1 dstVlogDir=impl/.pcores/verilog
Execute       source /nfs/home/xushuoxiang/Machsuite_for_insertbug/Machsuite_V0.1/bfs/bulk/bfs_syn/solution/.autopilot/db/global.setting.tcl 
Execute       source /nfs/home/xushuoxiang/Machsuite_for_insertbug/Machsuite_V0.1/bfs/bulk/bfs_syn/solution/.autopilot/db/bfs.compgen.tcl 
Execute         ap_part_info -name xczu19eg-ffvc1760-2-i -data names -quiet 
Execute         ap_part_info -name xczu19eg-ffvc1760-2-i -data info -quiet 
Execute         ap_part_info -name xczu19eg-ffvc1760-2-i -data names -quiet 
Execute         ap_part_info -name xczu19eg-ffvc1760-2-i -data info -quiet 
Execute         source /nfs/home/xushuoxiang/Machsuite_for_insertbug/Machsuite_V0.1/bfs/bulk/bfs_syn/solution/.autopilot/db/bfs.tbgen.tcl 
Execute         source /nfs/home/xushuoxiang/Machsuite_for_insertbug/Machsuite_V0.1/bfs/bulk/bfs_syn/solution/.autopilot/db/bfs.tbgen.tcl 
Execute         source /nfs/home/xushuoxiang/Machsuite_for_insertbug/Machsuite_V0.1/bfs/bulk/bfs_syn/solution/.autopilot/db/bfs.tbgen.tcl 
Execute         source /nfs/home/xushuoxiang/Machsuite_for_insertbug/Machsuite_V0.1/bfs/bulk/bfs_syn/solution/.autopilot/db/bfs.tbgen.tcl 
Execute         source /nfs/home/xushuoxiang/Machsuite_for_insertbug/Machsuite_V0.1/bfs/bulk/bfs_syn/solution/.autopilot/db/bfs.tbgen.tcl 
Execute         ap_part_info -name xczu19eg-ffvc1760-2-i -data names -quiet 
Execute         ap_part_info -name xczu19eg-ffvc1760-2-i -data info -quiet 
Execute         ap_part_info -name xczu19eg-ffvc1760-2-i -data names -quiet 
Execute         ap_part_info -name xczu19eg-ffvc1760-2-i -data info -quiet 
Execute         ap_part_info -name xczu19eg-ffvc1760-2-i -data names -quiet 
Execute         ap_part_info -name xczu19eg-ffvc1760-2-i -data info -quiet 
Execute         ap_part_info -name xczu19eg-ffvc1760-2-i -data names -quiet 
Execute         ap_part_info -name xczu19eg-ffvc1760-2-i -data info -quiet 
Execute         ap_part_info -name xczu19eg-ffvc1760-2-i -data names -quiet 
Execute         ap_part_info -name xczu19eg-ffvc1760-2-i -data info -quiet 
Execute         ap_part_info -name xczu19eg-ffvc1760-2-i -data names -quiet 
Execute         ap_part_info -name xczu19eg-ffvc1760-2-i -data info -quiet 
Execute         ap_part_info -name xczu19eg-ffvc1760-2-i -data names -quiet 
Execute         ap_part_info -name xczu19eg-ffvc1760-2-i -data info -quiet 
Command       ap_source done; 0.12 sec.
Execute       ap_part_info -name xczu19eg-ffvc1760-2-i -data names -quiet 
Execute       ap_part_info -name xczu19eg-ffvc1760-2-i -data info -quiet 
INFO-FLOW: DBG:CMD:       generate_ip_cores sim=0 export=0 expOnly=0 dstVlogDir=impl/.pcores/verilog_sim
Execute       source /nfs/home/xushuoxiang/Machsuite_for_insertbug/Machsuite_V0.1/bfs/bulk/bfs_syn/solution/.autopilot/db/global.setting.tcl 
Execute       source /nfs/home/xushuoxiang/Machsuite_for_insertbug/Machsuite_V0.1/bfs/bulk/bfs_syn/solution/.autopilot/db/bfs.compgen.tcl 
Execute       ap_part_info -name xczu19eg-ffvc1760-2-i -data names -quiet 
Execute       ap_part_info -name xczu19eg-ffvc1760-2-i -data info -quiet 
Execute       ap_part_info -name xczu19eg-ffvc1760-2-i -data names -quiet 
Execute       ap_part_info -name xczu19eg-ffvc1760-2-i -data info -quiet 
Execute       source /nfs/home/xushuoxiang/Machsuite_for_insertbug/Machsuite_V0.1/bfs/bulk/bfs_syn/solution/.autopilot/db/global.setting.tcl 
Execute       ap_part_info -name xczu19eg-ffvc1760-2-i -data names -quiet 
Execute       ap_part_info -name xczu19eg-ffvc1760-2-i -data info -quiet 
Execute       source /nfs/home/xushuoxiang/Machsuite_for_insertbug/Machsuite_V0.1/bfs/bulk/bfs_syn/solution/.autopilot/db/bfs.constraint.tcl 
Execute       source /nfs/home/xushuoxiang/Machsuite_for_insertbug/Machsuite_V0.1/bfs/bulk/bfs_syn/solution/.autopilot/db/bfs.tbgen.tcl 
INFO-FLOW: DBG:CMD:       hasPcoreIpAdapter=false #gSsdmPorts=16
INFO-FLOW: DBG:CMD: Skipping loadAnalyze_DB, #g_database=7
INFO-FLOW: DBG:CMD:       generate_json is_phase_csynth=1 g_has_adaptors=false generate_bd_files=0 #modelList=1 #gSsdmPorts=16
Execute       source /nfs/tools/xilinx/2020.2/Vitis_HLS/2020.2/tps/tcl/tcllib1.11.1/fileutil/fileutil.tcl 
Execute       source /nfs/home/xushuoxiang/Machsuite_for_insertbug/Machsuite_V0.1/bfs/bulk/bfs_syn/solution/.autopilot/db/global.setting.tcl 
Execute       source /nfs/home/xushuoxiang/Machsuite_for_insertbug/Machsuite_V0.1/bfs/bulk/bfs_syn/solution/.autopilot/db/global.setting.tcl 
Execute       source /nfs/home/xushuoxiang/Machsuite_for_insertbug/Machsuite_V0.1/bfs/bulk/bfs_syn/solution/.autopilot/db/top-io-be.tcl 
Execute       source /nfs/home/xushuoxiang/Machsuite_for_insertbug/Machsuite_V0.1/bfs/bulk/bfs_syn/solution/.autopilot/db/bfs.tbgen.tcl 
Execute       source /nfs/home/xushuoxiang/Machsuite_for_insertbug/Machsuite_V0.1/bfs/bulk/bfs_syn/solution/.autopilot/db/bfs.rtl_wrap.cfg.tcl 
Execute       source /nfs/home/xushuoxiang/Machsuite_for_insertbug/Machsuite_V0.1/bfs/bulk/bfs_syn/solution/.autopilot/db/bfs.compgen.dataonly.tcl 
Execute       get_config_export -format 
Execute       ap_part_info -name xczu19eg-ffvc1760-2-i -data names -quiet 
Execute       ap_part_info -name xczu19eg-ffvc1760-2-i -data info -quiet 
Execute       source /nfs/home/xushuoxiang/Machsuite_for_insertbug/Machsuite_V0.1/bfs/bulk/bfs_syn/solution/.autopilot/db/bfs.tbgen.tcl 
Execute       source /nfs/home/xushuoxiang/Machsuite_for_insertbug/Machsuite_V0.1/bfs/bulk/bfs_syn/solution/.autopilot/db/global.setting.tcl 
Execute       ap_part_info -name xczu19eg-ffvc1760-2-i -data names -quiet 
Execute       ap_part_info -name xczu19eg-ffvc1760-2-i -data info -quiet 
Execute       get_solution -flow_target 
Execute       get_config_rtl -kernel_profile 
Execute       get_config_rtl -kernel_profile 
Execute       get_config_rtl -stall_sig_gen 
Execute       get_config_rtl -profile 
Execute       source /nfs/home/xushuoxiang/Machsuite_for_insertbug/Machsuite_V0.1/bfs/bulk/bfs_syn/solution/.autopilot/db/bfs.constraint.tcl 
Execute       sc_get_clocks bfs 
Execute       source /nfs/home/xushuoxiang/Machsuite_for_insertbug/Machsuite_V0.1/bfs/bulk/bfs_syn/solution/.autopilot/db/global.setting.tcl 
Execute       get_config_debug -directory 
INFO-FLOW: DBG:CMD:       delete-temp-dirs (skipped for debug)
INFO: [HLS 200-111] Finished Generating all RTL models: CPU user time: 0.65 seconds. CPU system time: 0.03 seconds. Elapsed time: 2 seconds; current allocated memory: 266.785 MB.
INFO: [VHDL 208-304] Generating VHDL RTL for bfs.
INFO: [VLOG 209-307] Generating Verilog RTL for bfs.
INFO-FLOW: DBG:CMD:       update_csynth_xml_report append design.xml content design_xml=/nfs/home/xushuoxiang/Machsuite_for_insertbug/Machsuite_V0.1/bfs/bulk/bfs_syn/solution/.autopilot/db/bfs.design.xml
INFO-FLOW: DBG:CMD:       update_csynth_xml_report json2reportxml
INFO-FLOW: DBG:CMD:       update_csynth_xml_report done
Execute       syn_report -model bfs -printsummary 
INFO: [HLS 200-790] **** Loop Constraint Status: All loop constraints were NOT satisfied.
INFO: [HLS 200-789] **** Estimated Fmax: 300.93 MHz
Command     autosyn done; 2.38 sec.
Command   csynth_design done; 6.21 sec.
INFO: [HLS 200-111] Finished Command csynth_design CPU user time: 3.39 seconds. CPU system time: 0.38 seconds. Elapsed time: 6.21 seconds; current allocated memory: 267.039 MB.
Execute   config_export -version 1.1.0 -ipname bfs_highlevel 
INFO: [HLS 200-1510] Running: config_export -version 1.1.0 -ipname bfs_highlevel 
Execute   export_design -rtl verilog -format ip_catalog 
INFO: [HLS 200-1510] Running: export_design -rtl verilog -format ip_catalog 
Execute     get_config_export -clock_margin 
Execute     get_config_export -custom_script 
Execute     get_config_export -description 
Execute     get_config_export -display_name 
Execute     get_config_export -driver_input_dir 
Execute     get_config_export -ipname 
Execute     get_config_export -library 
Execute     get_config_export -output 
Execute     get_config_export -qor_test 
Execute     get_config_export -sim 
Execute     get_config_export -taxonomy 
Execute     get_config_export -use_ip 
Execute     get_config_export -use_netlist 
Execute     get_config_export -vendor 
Execute     get_config_export -version 
Execute     get_config_export -xo 
Execute     config_export -format=ip_catalog -rtl=verilog 
INFO-FLOW: DBG:CMD: export_design_wrap: -format ip_catalog -rtl verilog -version 1.1.0 -ipname bfs_highlevel
Execute     source /nfs/home/xushuoxiang/Machsuite_for_insertbug/Machsuite_V0.1/bfs/bulk/bfs_syn/solution/.autopilot/db/global.setting.tcl 
Execute     get_config_export -vivado_clock 
Execute     get_top 
Execute     get_config_export -ipname 
Execute     get_config_export -xo 
Execute     get_config_export -format 
Execute     get_solution -flow_target 
Execute     get_config_export -xo 
Execute     get_config_export -format 
INFO-FLOW: DBG:CMD:   auto_impl: pack: -export -rtl verilog
Execute     source /nfs/home/xushuoxiang/Machsuite_for_insertbug/Machsuite_V0.1/bfs/bulk/bfs_syn/solution/.autopilot/db/global.setting.tcl 
INFO: [IMPL 213-8] Exporting RTL as a Vivado IP.
Execute     source /nfs/home/xushuoxiang/Machsuite_for_insertbug/Machsuite_V0.1/bfs/bulk/bfs_syn/solution/.autopilot/db/global.setting.tcl 
INFO-FLOW: DBG:CMD: automg_wrap -export -pcore_version 1.00.a -rtl vlog -tool Vivado -impltomg_flag
INFO-FLOW: DBG:CMD:     auto_generate -export -pcore_version 1.00.a -rtl vlog -tool Vivado -impltomg_flag
Execute     get_solution -flow_target 
Execute     get_config_export -xo 
Execute     get_config_export -format 
Execute     source /nfs/home/xushuoxiang/Machsuite_for_insertbug/Machsuite_V0.1/bfs/bulk/bfs_syn/solution/.autopilot/db/global.setting.tcl 
INFO-FLOW: DBG:CMD: read_platform_lib /nfs/home/xushuoxiang/Machsuite_for_insertbug/Machsuite_V0.1/bfs/bulk/bfs_syn/solution/.autopilot/db/global.setting.tcl
Execute     source /nfs/tools/xilinx/2020.2/Vitis_HLS/2020.2/common/technology/generic/autopilot/common.gen 
Execute       source /nfs/tools/xilinx/2020.2/Vitis_HLS/2020.2/common/technology/generic/autopilot/APCoreGen.gen 
Execute     source /nfs/tools/xilinx/2020.2/Vitis_HLS/2020.2/common/technology/generic/autopilot/op.gen 
Execute     source /nfs/tools/xilinx/2020.2/Vitis_HLS/2020.2/common/technology/generic/autopilot/op_simcore.gen 
Execute     source /nfs/tools/xilinx/2020.2/Vitis_HLS/2020.2/common/technology/generic/autopilot/interface.gen 
Execute     source /nfs/home/xushuoxiang/Machsuite_for_insertbug/Machsuite_V0.1/bfs/bulk/bfs_syn/solution/.autopilot/db/global.setting.tcl 
Execute     source /nfs/tools/xilinx/2020.2/Vitis_HLS/2020.2/common/technology/xilinx/common/xilinx.gen 
Execute       source /nfs/tools/xilinx/2020.2/Vitis_HLS/2020.2/common/technology/xilinx/interface/plb46.gen 
Execute       source /nfs/tools/xilinx/2020.2/Vitis_HLS/2020.2/common/technology/xilinx/interface/axi4.gen 
Execute       source /nfs/tools/xilinx/2020.2/Vitis_HLS/2020.2/common/technology/xilinx/interface/nativeAXI4.gen 
Execute         source /nfs/tools/xilinx/2020.2/Vitis_HLS/2020.2/common/technology/xilinx/interface/saxilite.gen 
Execute         source /nfs/tools/xilinx/2020.2/Vitis_HLS/2020.2/common/technology/xilinx/interface/maxi.gen 
Execute       source /nfs/tools/xilinx/2020.2/Vitis_HLS/2020.2/common/technology/xilinx/scripts/xilinxcoregen.gen 
Execute       source /nfs/tools/xilinx/2020.2/Vitis_HLS/2020.2/common/technology/xilinx/interface/XilEDKCoreGen.gen 
Execute       source /nfs/tools/xilinx/2020.2/Vitis_HLS/2020.2/common/technology/xilinx/ip/dds_compiler.gen 
Execute       source /nfs/tools/xilinx/2020.2/Vitis_HLS/2020.2/common/technology/xilinx/ip/util.gen 
Execute       source /nfs/tools/xilinx/2020.2/Vitis_HLS/2020.2/common/technology/xilinx/ip/xfft.gen 
Execute       source /nfs/tools/xilinx/2020.2/Vitis_HLS/2020.2/common/technology/xilinx/ip/xfir.gen 
Execute       source /nfs/tools/xilinx/2020.2/Vitis_HLS/2020.2/common/technology/xilinx/DSP48/dsp48.gen 
INFO-FLOW: DBG:CMD:       export_impl_rtl
INFO-FLOW: DBG:CMD:       generate_ip_cores sim=0 export=0 expOnly=0 dstVlogDir=impl/.verilog
Execute     source /nfs/home/xushuoxiang/Machsuite_for_insertbug/Machsuite_V0.1/bfs/bulk/bfs_syn/solution/.autopilot/db/global.setting.tcl 
Execute     source /nfs/home/xushuoxiang/Machsuite_for_insertbug/Machsuite_V0.1/bfs/bulk/bfs_syn/solution/.autopilot/db/bfs.compgen.tcl 
Execute     get_config_export -disable_deadlock_detection 
Execute     source /nfs/home/xushuoxiang/Machsuite_for_insertbug/Machsuite_V0.1/bfs/bulk/bfs_syn/solution/.autopilot/db/global.setting.tcl 
Execute     source /nfs/home/xushuoxiang/Machsuite_for_insertbug/Machsuite_V0.1/bfs/bulk/bfs_syn/solution/.autopilot/db/bfs.tbgen.tcl 
Execute     get_config_rtl -module_prefix 
INFO-FLOW: DBG:CMD:       cosim_export_main adding deadlock detection to bfs
INFO-FLOW: DBG:CMD:       generate_ip_cores sim=0 export=1 expOnly=1 dstVlogDir=impl/.pcores/verilog
Execute     source /nfs/home/xushuoxiang/Machsuite_for_insertbug/Machsuite_V0.1/bfs/bulk/bfs_syn/solution/.autopilot/db/global.setting.tcl 
Execute     source /nfs/home/xushuoxiang/Machsuite_for_insertbug/Machsuite_V0.1/bfs/bulk/bfs_syn/solution/.autopilot/db/bfs.compgen.tcl 
Execute       ap_part_info -name xczu19eg-ffvc1760-2-i -data names -quiet 
Execute       ap_part_info -name xczu19eg-ffvc1760-2-i -data info -quiet 
Execute       ap_part_info -name xczu19eg-ffvc1760-2-i -data names -quiet 
Execute       ap_part_info -name xczu19eg-ffvc1760-2-i -data info -quiet 
Execute       source /nfs/home/xushuoxiang/Machsuite_for_insertbug/Machsuite_V0.1/bfs/bulk/bfs_syn/solution/.autopilot/db/bfs.tbgen.tcl 
Execute       source /nfs/home/xushuoxiang/Machsuite_for_insertbug/Machsuite_V0.1/bfs/bulk/bfs_syn/solution/.autopilot/db/bfs.tbgen.tcl 
Execute       source /nfs/home/xushuoxiang/Machsuite_for_insertbug/Machsuite_V0.1/bfs/bulk/bfs_syn/solution/.autopilot/db/bfs.tbgen.tcl 
Execute       source /nfs/home/xushuoxiang/Machsuite_for_insertbug/Machsuite_V0.1/bfs/bulk/bfs_syn/solution/.autopilot/db/bfs.tbgen.tcl 
Execute       source /nfs/home/xushuoxiang/Machsuite_for_insertbug/Machsuite_V0.1/bfs/bulk/bfs_syn/solution/.autopilot/db/bfs.tbgen.tcl 
Execute       ap_part_info -name xczu19eg-ffvc1760-2-i -data names -quiet 
Execute       ap_part_info -name xczu19eg-ffvc1760-2-i -data info -quiet 
Execute       ap_part_info -name xczu19eg-ffvc1760-2-i -data names -quiet 
Execute       ap_part_info -name xczu19eg-ffvc1760-2-i -data info -quiet 
Execute       ap_part_info -name xczu19eg-ffvc1760-2-i -data names -quiet 
Execute       ap_part_info -name xczu19eg-ffvc1760-2-i -data info -quiet 
Execute       ap_part_info -name xczu19eg-ffvc1760-2-i -data names -quiet 
Execute       ap_part_info -name xczu19eg-ffvc1760-2-i -data info -quiet 
Execute       ap_part_info -name xczu19eg-ffvc1760-2-i -data names -quiet 
Execute       ap_part_info -name xczu19eg-ffvc1760-2-i -data info -quiet 
Execute       ap_part_info -name xczu19eg-ffvc1760-2-i -data names -quiet 
Execute       ap_part_info -name xczu19eg-ffvc1760-2-i -data info -quiet 
Execute       ap_part_info -name xczu19eg-ffvc1760-2-i -data names -quiet 
Execute       ap_part_info -name xczu19eg-ffvc1760-2-i -data info -quiet 
Command     ap_source done; 0.2 sec.
Execute     ap_part_info -name xczu19eg-ffvc1760-2-i -data names -quiet 
Execute     ap_part_info -name xczu19eg-ffvc1760-2-i -data info -quiet 
INFO-FLOW: DBG:CMD:       generate_ip_cores sim=0 export=0 expOnly=0 dstVlogDir=impl/.pcores/verilog_sim
Execute     source /nfs/home/xushuoxiang/Machsuite_for_insertbug/Machsuite_V0.1/bfs/bulk/bfs_syn/solution/.autopilot/db/global.setting.tcl 
Execute     source /nfs/home/xushuoxiang/Machsuite_for_insertbug/Machsuite_V0.1/bfs/bulk/bfs_syn/solution/.autopilot/db/bfs.compgen.tcl 
Execute     get_config_export -disable_deadlock_detection 
Execute     source /nfs/home/xushuoxiang/Machsuite_for_insertbug/Machsuite_V0.1/bfs/bulk/bfs_syn/solution/.autopilot/db/global.setting.tcl 
Execute     source /nfs/home/xushuoxiang/Machsuite_for_insertbug/Machsuite_V0.1/bfs/bulk/bfs_syn/solution/.autopilot/db/bfs.tbgen.tcl 
Execute     get_config_rtl -module_prefix 
INFO-FLOW: DBG:CMD:       cosim_export_main adding deadlock detection to bfs
Execute     ap_part_info -name xczu19eg-ffvc1760-2-i -data names -quiet 
Execute     ap_part_info -name xczu19eg-ffvc1760-2-i -data info -quiet 
Execute     ap_part_info -name xczu19eg-ffvc1760-2-i -data names -quiet 
Execute     ap_part_info -name xczu19eg-ffvc1760-2-i -data info -quiet 
Execute     source /nfs/home/xushuoxiang/Machsuite_for_insertbug/Machsuite_V0.1/bfs/bulk/bfs_syn/solution/.autopilot/db/global.setting.tcl 
Execute     ap_part_info -name xczu19eg-ffvc1760-2-i -data names -quiet 
Execute     ap_part_info -name xczu19eg-ffvc1760-2-i -data info -quiet 
Execute     source /nfs/home/xushuoxiang/Machsuite_for_insertbug/Machsuite_V0.1/bfs/bulk/bfs_syn/solution/.autopilot/db/bfs.constraint.tcl 
Execute     source /nfs/home/xushuoxiang/Machsuite_for_insertbug/Machsuite_V0.1/bfs/bulk/bfs_syn/solution/.autopilot/db/bfs.tbgen.tcl 
INFO-FLOW: DBG:CMD:       hasPcoreIpAdapter=false #gSsdmPorts=16
INFO-FLOW: DBG:CMD: Skipping loadAnalyze_DB, #g_database=7
INFO-FLOW: DBG:CMD:       generate_json is_phase_csynth=0 g_has_adaptors=false generate_bd_files=0 #modelList=1 #gSsdmPorts=16
Execute     source /nfs/home/xushuoxiang/Machsuite_for_insertbug/Machsuite_V0.1/bfs/bulk/bfs_syn/solution/.autopilot/db/global.setting.tcl 
Execute     source /nfs/home/xushuoxiang/Machsuite_for_insertbug/Machsuite_V0.1/bfs/bulk/bfs_syn/solution/.autopilot/db/global.setting.tcl 
Execute     source /nfs/home/xushuoxiang/Machsuite_for_insertbug/Machsuite_V0.1/bfs/bulk/bfs_syn/solution/.autopilot/db/top-io-be.tcl 
Execute     source /nfs/home/xushuoxiang/Machsuite_for_insertbug/Machsuite_V0.1/bfs/bulk/bfs_syn/solution/.autopilot/db/bfs.tbgen.tcl 
Execute     source /nfs/home/xushuoxiang/Machsuite_for_insertbug/Machsuite_V0.1/bfs/bulk/bfs_syn/solution/.autopilot/db/bfs.rtl_wrap.cfg.tcl 
Execute     source /nfs/home/xushuoxiang/Machsuite_for_insertbug/Machsuite_V0.1/bfs/bulk/bfs_syn/solution/.autopilot/db/bfs.compgen.dataonly.tcl 
Execute     get_config_export -format 
Execute     ap_part_info -name xczu19eg-ffvc1760-2-i -data names -quiet 
Execute     ap_part_info -name xczu19eg-ffvc1760-2-i -data info -quiet 
Execute     source /nfs/home/xushuoxiang/Machsuite_for_insertbug/Machsuite_V0.1/bfs/bulk/bfs_syn/solution/.autopilot/db/bfs.tbgen.tcl 
Execute     source /nfs/home/xushuoxiang/Machsuite_for_insertbug/Machsuite_V0.1/bfs/bulk/bfs_syn/solution/.autopilot/db/global.setting.tcl 
Execute     ap_part_info -name xczu19eg-ffvc1760-2-i -data names -quiet 
Execute     ap_part_info -name xczu19eg-ffvc1760-2-i -data info -quiet 
Execute     get_solution -flow_target 
Execute     get_config_rtl -kernel_profile 
Execute     get_config_rtl -kernel_profile 
Execute     get_config_rtl -stall_sig_gen 
Execute     get_config_rtl -profile 
Execute     source /nfs/home/xushuoxiang/Machsuite_for_insertbug/Machsuite_V0.1/bfs/bulk/bfs_syn/solution/.autopilot/db/bfs.constraint.tcl 
Execute     sc_get_clocks bfs 
Execute     source /nfs/home/xushuoxiang/Machsuite_for_insertbug/Machsuite_V0.1/bfs/bulk/bfs_syn/solution/.autopilot/db/global.setting.tcl 
Execute     get_config_debug -directory 
INFO-FLOW: DBG:CMD:       copying IP vlog from /nfs/home/xushuoxiang/Machsuite_for_insertbug/Machsuite_V0.1/bfs/bulk/bfs_syn/solution/impl/verilog
INFO-FLOW: DBG:CMD:       copying IP vhdl from /nfs/home/xushuoxiang/Machsuite_for_insertbug/Machsuite_V0.1/bfs/bulk/bfs_syn/solution/impl/vhdl
Execute     get_config_export -format 
INFO-FLOW: DBG:CMD:       generate_ip_script #gSsdmPorts=16 g_lang=vlog is_sdaccel=false is_sdsoc=true xo_file=
Execute     ap_part_info -name xczu19eg-ffvc1760-2-i -data names -quiet 
Execute     ap_part_info -name xczu19eg-ffvc1760-2-i -data info -quiet 
Execute     ap_part_info -name xczu19eg-ffvc1760-2-i -data names -quiet 
Execute     ap_part_info -name xczu19eg-ffvc1760-2-i -data info -quiet 
Execute     source /nfs/home/xushuoxiang/Machsuite_for_insertbug/Machsuite_V0.1/bfs/bulk/bfs_syn/solution/.autopilot/db/bfs.tbgen.tcl 
Execute     source /nfs/home/xushuoxiang/Machsuite_for_insertbug/Machsuite_V0.1/bfs/bulk/bfs_syn/solution/.autopilot/db/bfs.tbgen.tcl 
Execute     source /nfs/home/xushuoxiang/Machsuite_for_insertbug/Machsuite_V0.1/bfs/bulk/bfs_syn/solution/.autopilot/db/bfs.tbgen.tcl 
Execute     source /nfs/home/xushuoxiang/Machsuite_for_insertbug/Machsuite_V0.1/bfs/bulk/bfs_syn/solution/.autopilot/db/bfs.tbgen.tcl 
Execute     source /nfs/home/xushuoxiang/Machsuite_for_insertbug/Machsuite_V0.1/bfs/bulk/bfs_syn/solution/.autopilot/db/bfs.tbgen.tcl 
Execute     source /nfs/home/xushuoxiang/Machsuite_for_insertbug/Machsuite_V0.1/bfs/bulk/bfs_syn/solution/.autopilot/db/bfs.tbgen.tcl 
Execute     source /nfs/home/xushuoxiang/Machsuite_for_insertbug/Machsuite_V0.1/bfs/bulk/bfs_syn/solution/.autopilot/db/global.setting.tcl 
Execute     get_config_debug -directory 
INFO-FLOW: DBG:CMD:       generate_ip_auxiliary
Execute     ap_part_info -name xczu19eg-ffvc1760-2-i -data names -quiet 
Execute     ap_part_info -name xczu19eg-ffvc1760-2-i -data info -quiet 
Execute     source /nfs/home/xushuoxiang/Machsuite_for_insertbug/Machsuite_V0.1/bfs/bulk/bfs_syn/solution/.autopilot/db/global.setting.tcl 
INFO-FLOW: DBG:CMD:       prepArgInfo -> loadAnalyze_DB top_module=bfs
Execute     source /nfs/home/xushuoxiang/Machsuite_for_insertbug/Machsuite_V0.1/bfs/bulk/bfs_syn/solution/.autopilot/db/bfs.rtl_wrap.cfg.tcl 
Execute     source /nfs/home/xushuoxiang/Machsuite_for_insertbug/Machsuite_V0.1/bfs/bulk/bfs_syn/solution/.autopilot/db/bfs.rtl_wrap.cfg.tcl 
Execute     source /nfs/home/xushuoxiang/Machsuite_for_insertbug/Machsuite_V0.1/bfs/bulk/bfs_syn/solution/.autopilot/db/bfs.rtl_wrap.cfg.tcl 
Execute     source /nfs/home/xushuoxiang/Machsuite_for_insertbug/Machsuite_V0.1/bfs/bulk/bfs_syn/solution/.autopilot/db/bfs.tbgen.tcl 
Execute     source /nfs/home/xushuoxiang/Machsuite_for_insertbug/Machsuite_V0.1/bfs/bulk/bfs_syn/solution/.autopilot/db/bfs.tbgen.tcl 
Execute     source /nfs/home/xushuoxiang/Machsuite_for_insertbug/Machsuite_V0.1/bfs/bulk/bfs_syn/solution/.autopilot/db/bfs.tbgen.tcl 
INFO-FLOW: DBG:CMD:       generate_top_info
INFO-FLOW: DBG:CMD:       prepArgInfo -> loadAnalyze_DB top_module=bfs
Execute     source /nfs/home/xushuoxiang/Machsuite_for_insertbug/Machsuite_V0.1/bfs/bulk/bfs_syn/solution/.autopilot/db/bfs.rtl_wrap.cfg.tcl 
Execute     source /nfs/home/xushuoxiang/Machsuite_for_insertbug/Machsuite_V0.1/bfs/bulk/bfs_syn/solution/.autopilot/db/bfs.rtl_wrap.cfg.tcl 
Execute     source /nfs/home/xushuoxiang/Machsuite_for_insertbug/Machsuite_V0.1/bfs/bulk/bfs_syn/solution/.autopilot/db/bfs.rtl_wrap.cfg.tcl 
Execute     source /nfs/home/xushuoxiang/Machsuite_for_insertbug/Machsuite_V0.1/bfs/bulk/bfs_syn/solution/.autopilot/db/bfs.tbgen.tcl 
Execute     source /nfs/home/xushuoxiang/Machsuite_for_insertbug/Machsuite_V0.1/bfs/bulk/bfs_syn/solution/.autopilot/db/bfs.tbgen.tcl 
Execute     ap_part_info -name xczu19eg-ffvc1760-2-i -data names -quiet 
Execute     ap_part_info -name xczu19eg-ffvc1760-2-i -data info -quiet 
Execute     ap_part_info -name xczu19eg-ffvc1760-2-i -data names -quiet 
Execute     ap_part_info -name xczu19eg-ffvc1760-2-i -data info -quiet 
Execute     source /nfs/home/xushuoxiang/Machsuite_for_insertbug/Machsuite_V0.1/bfs/bulk/bfs_syn/solution/.autopilot/db/bfs.tbgen.tcl 
Execute     source /nfs/home/xushuoxiang/Machsuite_for_insertbug/Machsuite_V0.1/bfs/bulk/bfs_syn/solution/.autopilot/db/global.setting.tcl 
Execute     source /nfs/home/xushuoxiang/Machsuite_for_insertbug/Machsuite_V0.1/bfs/bulk/bfs_syn/solution/.autopilot/db/bfs.constraint.tcl 
INFO-FLOW: DBG:CMD:       generate_ipi_example_script
Execute     ap_part_info -name xczu19eg-ffvc1760-2-i -data names -quiet 
Execute     ap_part_info -name xczu19eg-ffvc1760-2-i -data info -quiet 
Execute     ap_part_info -name xczu19eg-ffvc1760-2-i -data names -quiet 
Execute     ap_part_info -name xczu19eg-ffvc1760-2-i -data info -quiet 
INFO-FLOW: DBG:CMD:       generate_syn_sh
Execute     ap_part_info -name xczu19eg-ffvc1760-2-i -data names -quiet 
Execute     ap_part_info -name xczu19eg-ffvc1760-2-i -data info -quiet 
Execute     source /nfs/home/xushuoxiang/Machsuite_for_insertbug/Machsuite_V0.1/bfs/bulk/bfs_syn/solution/.autopilot/db/global.setting.tcl 
INFO-FLOW: DBG:CMD:       generate_imp_constraints
Execute     ap_part_info -name xczu19eg-ffvc1760-2-i -data names -quiet 
Execute     ap_part_info -name xczu19eg-ffvc1760-2-i -data info -quiet 
Execute     source /nfs/home/xushuoxiang/Machsuite_for_insertbug/Machsuite_V0.1/bfs/bulk/bfs_syn/solution/.autopilot/db/bfs.constraint.tcl 
Execute     source /nfs/home/xushuoxiang/Machsuite_for_insertbug/Machsuite_V0.1/bfs/bulk/bfs_syn/solution/.autopilot/db/bfs.tbgen.tcl 
INFO-FLOW: DBG:CMD:       delete-temp-dirs (skipped for debug)
Execute     ap_part_info -name xczu19eg-ffvc1760-2-i -data names -quiet 
Execute     ap_part_info -name xczu19eg-ffvc1760-2-i -data info -quiet 
INFO-FLOW: DBG:CMD: read_platform_lib /nfs/home/xushuoxiang/Machsuite_for_insertbug/Machsuite_V0.1/bfs/bulk/bfs_syn/solution/.autopilot/db/global.setting.tcl
Execute     source /nfs/tools/xilinx/2020.2/Vitis_HLS/2020.2/common/technology/generic/autopilot/common.gen 
Execute       source /nfs/tools/xilinx/2020.2/Vitis_HLS/2020.2/common/technology/generic/autopilot/APCoreGen.gen 
Execute     source /nfs/tools/xilinx/2020.2/Vitis_HLS/2020.2/common/technology/generic/autopilot/op.gen 
Execute     source /nfs/tools/xilinx/2020.2/Vitis_HLS/2020.2/common/technology/generic/autopilot/op_simcore.gen 
Execute     source /nfs/tools/xilinx/2020.2/Vitis_HLS/2020.2/common/technology/generic/autopilot/interface.gen 
Execute     source /nfs/home/xushuoxiang/Machsuite_for_insertbug/Machsuite_V0.1/bfs/bulk/bfs_syn/solution/.autopilot/db/global.setting.tcl 
Execute     source /nfs/tools/xilinx/2020.2/Vitis_HLS/2020.2/common/technology/xilinx/common/xilinx.gen 
Execute       source /nfs/tools/xilinx/2020.2/Vitis_HLS/2020.2/common/technology/xilinx/interface/plb46.gen 
Execute       source /nfs/tools/xilinx/2020.2/Vitis_HLS/2020.2/common/technology/xilinx/interface/axi4.gen 
Execute       source /nfs/tools/xilinx/2020.2/Vitis_HLS/2020.2/common/technology/xilinx/interface/nativeAXI4.gen 
Execute         source /nfs/tools/xilinx/2020.2/Vitis_HLS/2020.2/common/technology/xilinx/interface/saxilite.gen 
Execute         source /nfs/tools/xilinx/2020.2/Vitis_HLS/2020.2/common/technology/xilinx/interface/maxi.gen 
Execute       source /nfs/tools/xilinx/2020.2/Vitis_HLS/2020.2/common/technology/xilinx/scripts/xilinxcoregen.gen 
Execute       source /nfs/tools/xilinx/2020.2/Vitis_HLS/2020.2/common/technology/xilinx/interface/XilEDKCoreGen.gen 
Execute       source /nfs/tools/xilinx/2020.2/Vitis_HLS/2020.2/common/technology/xilinx/ip/dds_compiler.gen 
Execute       source /nfs/tools/xilinx/2020.2/Vitis_HLS/2020.2/common/technology/xilinx/ip/util.gen 
Execute       source /nfs/tools/xilinx/2020.2/Vitis_HLS/2020.2/common/technology/xilinx/ip/xfft.gen 
Execute       source /nfs/tools/xilinx/2020.2/Vitis_HLS/2020.2/common/technology/xilinx/ip/xfir.gen 
Execute       source /nfs/tools/xilinx/2020.2/Vitis_HLS/2020.2/common/technology/xilinx/DSP48/dsp48.gen 
Execute     ap_part_info -name xczu19eg-ffvc1760-2-i -data names -quiet 
Execute     ap_part_info -name xczu19eg-ffvc1760-2-i -data info -quiet 
INFO-FLOW: DBG:CMD:     exec /nfs/home/xushuoxiang/Machsuite_for_insertbug/Machsuite_V0.1/bfs/bulk/bfs_syn/solution/impl/ip/pack.sh
Execute     get_config_export -output 
Execute     send_msg_by_id INFO @200-802@%s bfs_syn/solution/impl/export.zip 
INFO: [HLS 200-802] Generated output file bfs_syn/solution/impl/export.zip
Command   export_design done; 20.2 sec.
INFO: [HLS 200-111] Finished Command export_design CPU user time: 7.75 seconds. CPU system time: 0.84 seconds. Elapsed time: 20.2 seconds; current allocated memory: 270.482 MB.
Execute   cleanup_all 
