

================================================================
== Vitis HLS Report for 'gemm'
================================================================
* Date:           Thu Dec 14 23:08:12 2023

* Version:        2020.2 (Build 3064766 on Wed Nov 18 09:12:47 MST 2020)
* Project:        gemm_hls
* Solution:       solution (Vivado IP Flow Target)
* Product family: virtex7
* Target device:  xc7v585t-ffg1761-2


================================================================
== Performance Estimates
================================================================
+ Timing: 
    * Summary: 
    +--------+----------+----------+------------+
    |  Clock |  Target  | Estimated| Uncertainty|
    +--------+----------+----------+------------+
    |ap_clk  |  10.00 ns|  7.671 ns|     2.70 ns|
    +--------+----------+----------+------------+

+ Latency: 
    * Summary: 
    +---------+---------+----------+----------+--------+--------+---------+
    |  Latency (cycles) |  Latency (absolute) |     Interval    | Pipeline|
    |   min   |   max   |    min   |    max   |   min  |   max  |   Type  |
    +---------+---------+----------+----------+--------+--------+---------+
    |   131369|   131369|  1.314 ms|  1.314 ms|  131370|  131370|     none|
    +---------+---------+----------+----------+--------+--------+---------+

    + Detail: 
        * Instance: 
        N/A

        * Loop: 
        +----------------+---------+---------+----------+-----------+-----------+------+----------+
        |                |  Latency (cycles) | Iteration|  Initiation Interval  | Trip |          |
        |    Loop Name   |   min   |   max   |  Latency |  achieved |   target  | Count| Pipelined|
        +----------------+---------+---------+----------+-----------+-----------+------+----------+
        |- outer_middle  |   131367|   131367|       328|         32|          1|  4096|       yes|
        +----------------+---------+---------+----------+-----------+-----------+------+----------+



================================================================
== Utilization Estimates
================================================================
* Summary: 
+-----------------+---------+------+--------+--------+-----+
|       Name      | BRAM_18K|  DSP |   FF   |   LUT  | URAM|
+-----------------+---------+------+--------+--------+-----+
|DSP              |        -|     -|       -|       -|    -|
|Expression       |        -|     -|       0|    1156|    -|
|FIFO             |        -|     -|       -|       -|    -|
|Instance         |        -|    28|    1488|    1970|    -|
|Memory           |        -|     -|       -|       -|    -|
|Multiplexer      |        -|     -|       -|    1851|    -|
|Register         |        -|     -|    9178|    1664|    -|
+-----------------+---------+------+--------+--------+-----+
|Total            |        0|    28|   10666|    6641|    0|
+-----------------+---------+------+--------+--------+-----+
|Available        |     1590|  1260|  728400|  364200|    0|
+-----------------+---------+------+--------+--------+-----+
|Utilization (%)  |        0|     2|       1|       1|    0|
+-----------------+---------+------+--------+--------+-----+

+ Detail: 
    * Instance: 
    +-----------------------------------+--------------------------------+---------+----+-----+-----+-----+
    |              Instance             |             Module             | BRAM_18K| DSP|  FF | LUT | URAM|
    +-----------------------------------+--------------------------------+---------+----+-----+-----+-----+
    |dadd_64ns_64ns_64_5_full_dsp_1_U1  |dadd_64ns_64ns_64_5_full_dsp_1  |        0|   3|  445|  782|    0|
    |dadd_64ns_64ns_64_5_full_dsp_1_U2  |dadd_64ns_64ns_64_5_full_dsp_1  |        0|   3|  445|  782|    0|
    |dmul_64ns_64ns_64_5_max_dsp_1_U3   |dmul_64ns_64ns_64_5_max_dsp_1   |        0|  11|  299|  203|    0|
    |dmul_64ns_64ns_64_5_max_dsp_1_U4   |dmul_64ns_64ns_64_5_max_dsp_1   |        0|  11|  299|  203|    0|
    +-----------------------------------+--------------------------------+---------+----+-----+-----+-----+
    |Total                              |                                |        0|  28| 1488| 1970|    0|
    +-----------------------------------+--------------------------------+---------+----+-----+-----+-----+

    * DSP: 
    N/A

    * Memory: 
    N/A

    * FIFO: 
    N/A

    * Expression: 
    +-------------------------+----------+----+---+----+------------+------------+
    |      Variable Name      | Operation| DSP| FF| LUT| Bitwidth P0| Bitwidth P1|
    +-------------------------+----------+----+---+----+------------+------------+
    |add_ln14_10_fu_2653_p2   |         +|   0|  0|  19|          12|          12|
    |add_ln14_11_fu_2715_p2   |         +|   0|  0|  19|          12|          12|
    |add_ln14_12_fu_2777_p2   |         +|   0|  0|  19|          12|          12|
    |add_ln14_13_fu_2839_p2   |         +|   0|  0|  19|          12|          12|
    |add_ln14_14_fu_2901_p2   |         +|   0|  0|  19|          12|          12|
    |add_ln14_1_fu_1750_p2    |         +|   0|  0|  17|          10|          10|
    |add_ln14_2_fu_1813_p2    |         +|   0|  0|  17|          10|          10|
    |add_ln14_3_fu_1990_p2    |         +|   0|  0|  18|          11|          11|
    |add_ln14_4_fu_2053_p2    |         +|   0|  0|  18|          11|          11|
    |add_ln14_5_fu_2115_p2    |         +|   0|  0|  18|          11|          11|
    |add_ln14_6_fu_2177_p2    |         +|   0|  0|  18|          11|          11|
    |add_ln14_7_fu_2466_p2    |         +|   0|  0|  19|          12|          12|
    |add_ln14_8_fu_2529_p2    |         +|   0|  0|  19|          12|          12|
    |add_ln14_9_fu_2591_p2    |         +|   0|  0|  19|          12|          12|
    |add_ln14_fu_1628_p2      |         +|   0|  0|  16|           9|           9|
    |add_ln17_fu_3359_p2      |         +|   0|  0|  19|          12|          12|
    |add_ln8_1_fu_1467_p2     |         +|   0|  0|  14|           7|           1|
    |add_ln8_fu_1429_p2       |         +|   0|  0|  20|          13|           1|
    |add_ln9_fu_3363_p2       |         +|   0|  0|  14|           7|           1|
    |icmp_ln8_fu_1447_p2      |      icmp|   0|  0|  12|          13|          14|
    |icmp_ln9_fu_1453_p2      |      icmp|   0|  0|  11|           7|           8|
    |or_ln8_10_fu_1781_p2     |        or|   0|  0|  12|          12|           4|
    |or_ln8_11_fu_1833_p2     |        or|   0|  0|  12|          12|           4|
    |or_ln8_12_fu_1843_p2     |        or|   0|  0|  12|          12|           4|
    |or_ln8_13_fu_1889_p2     |        or|   0|  0|  12|          12|           4|
    |or_ln8_14_fu_1899_p2     |        or|   0|  0|  12|          12|           4|
    |or_ln8_15_fu_1945_p2     |        or|   0|  0|  12|          12|           5|
    |or_ln8_16_fu_1955_p2     |        or|   0|  0|  12|          12|           5|
    |or_ln8_17_fu_2011_p2     |        or|   0|  0|  12|          12|           5|
    |or_ln8_18_fu_2021_p2     |        or|   0|  0|  12|          12|           5|
    |or_ln8_19_fu_2073_p2     |        or|   0|  0|  12|          12|           5|
    |or_ln8_1_fu_1533_p2      |        or|   0|  0|  12|          12|           2|
    |or_ln8_20_fu_2083_p2     |        or|   0|  0|  12|          12|           5|
    |or_ln8_21_fu_2135_p2     |        or|   0|  0|  12|          12|           5|
    |or_ln8_22_fu_2145_p2     |        or|   0|  0|  12|          12|           5|
    |or_ln8_23_fu_2197_p2     |        or|   0|  0|  12|          12|           5|
    |or_ln8_24_fu_2207_p2     |        or|   0|  0|  12|          12|           5|
    |or_ln8_25_fu_2253_p2     |        or|   0|  0|  12|          12|           5|
    |or_ln8_26_fu_2263_p2     |        or|   0|  0|  12|          12|           5|
    |or_ln8_27_fu_2309_p2     |        or|   0|  0|  12|          12|           5|
    |or_ln8_28_fu_2319_p2     |        or|   0|  0|  12|          12|           5|
    |or_ln8_29_fu_2365_p2     |        or|   0|  0|  12|          12|           5|
    |or_ln8_2_fu_1543_p2      |        or|   0|  0|  12|          12|           2|
    |or_ln8_30_fu_2375_p2     |        or|   0|  0|  12|          12|           5|
    |or_ln8_31_fu_2421_p2     |        or|   0|  0|  12|          12|           6|
    |or_ln8_32_fu_2431_p2     |        or|   0|  0|  12|          12|           6|
    |or_ln8_33_fu_2487_p2     |        or|   0|  0|  12|          12|           6|
    |or_ln8_34_fu_2497_p2     |        or|   0|  0|  12|          12|           6|
    |or_ln8_35_fu_2549_p2     |        or|   0|  0|  12|          12|           6|
    |or_ln8_36_fu_2559_p2     |        or|   0|  0|  12|          12|           6|
    |or_ln8_37_fu_2611_p2     |        or|   0|  0|  12|          12|           6|
    |or_ln8_38_fu_2621_p2     |        or|   0|  0|  12|          12|           6|
    |or_ln8_39_fu_2673_p2     |        or|   0|  0|  12|          12|           6|
    |or_ln8_3_fu_1583_p2      |        or|   0|  0|  12|          12|           3|
    |or_ln8_40_fu_2683_p2     |        or|   0|  0|  12|          12|           6|
    |or_ln8_41_fu_2735_p2     |        or|   0|  0|  12|          12|           6|
    |or_ln8_42_fu_2745_p2     |        or|   0|  0|  12|          12|           6|
    |or_ln8_43_fu_2797_p2     |        or|   0|  0|  12|          12|           6|
    |or_ln8_44_fu_2807_p2     |        or|   0|  0|  12|          12|           6|
    |or_ln8_45_fu_2859_p2     |        or|   0|  0|  12|          12|           6|
    |or_ln8_46_fu_2869_p2     |        or|   0|  0|  12|          12|           6|
    |or_ln8_47_fu_2921_p2     |        or|   0|  0|  12|          12|           6|
    |or_ln8_48_fu_2931_p2     |        or|   0|  0|  12|          12|           6|
    |or_ln8_49_fu_2977_p2     |        or|   0|  0|  12|          12|           6|
    |or_ln8_4_fu_1593_p2      |        or|   0|  0|  12|          12|           3|
    |or_ln8_50_fu_2987_p2     |        or|   0|  0|  12|          12|           6|
    |or_ln8_51_fu_3033_p2     |        or|   0|  0|  12|          12|           6|
    |or_ln8_52_fu_3043_p2     |        or|   0|  0|  12|          12|           6|
    |or_ln8_53_fu_3089_p2     |        or|   0|  0|  12|          12|           6|
    |or_ln8_54_fu_3099_p2     |        or|   0|  0|  12|          12|           6|
    |or_ln8_55_fu_3145_p2     |        or|   0|  0|  12|          12|           6|
    |or_ln8_56_fu_3155_p2     |        or|   0|  0|  12|          12|           6|
    |or_ln8_57_fu_3201_p2     |        or|   0|  0|  12|          12|           6|
    |or_ln8_58_fu_3211_p2     |        or|   0|  0|  12|          12|           6|
    |or_ln8_59_fu_3257_p2     |        or|   0|  0|  12|          12|           6|
    |or_ln8_5_fu_1649_p2      |        or|   0|  0|  12|          12|           3|
    |or_ln8_60_fu_3267_p2     |        or|   0|  0|  12|          12|           6|
    |or_ln8_61_fu_3313_p2     |        or|   0|  0|  12|          12|           6|
    |or_ln8_62_fu_3323_p2     |        or|   0|  0|  12|          12|           6|
    |or_ln8_6_fu_1659_p2      |        or|   0|  0|  12|          12|           3|
    |or_ln8_7_fu_1705_p2      |        or|   0|  0|  12|          12|           4|
    |or_ln8_8_fu_1715_p2      |        or|   0|  0|  12|          12|           4|
    |or_ln8_9_fu_1771_p2      |        or|   0|  0|  12|          12|           4|
    |or_ln8_fu_1498_p2        |        or|   0|  0|  12|          12|           1|
    |select_ln8_1_fu_1485_p3  |    select|   0|  0|  12|           1|          12|
    |select_ln8_2_fu_1509_p3  |    select|   0|  0|   7|           1|           7|
    |select_ln8_fu_1459_p3    |    select|   0|  0|   7|           1|           1|
    |ap_enable_pp0            |       xor|   0|  0|   2|           1|           2|
    |xor_ln14_fu_1522_p2      |       xor|   0|  0|   8|           7|           8|
    +-------------------------+----------+----+---+----+------------+------------+
    |Total                    |          |   0|  0|1156|         995|         557|
    +-------------------------+----------+----+---+----+------------+------------+

    * Multiplexer: 
    +------------------------------------------+-----+-----------+-----+-----------+
    |                   Name                   | LUT | Input Size| Bits| Total Bits|
    +------------------------------------------+-----+-----------+-----+-----------+
    |ap_NS_fsm                                 |  162|         35|    1|         35|
    |ap_enable_reg_pp0_iter10                  |    9|          2|    1|          2|
    |ap_phi_mux_i_phi_fu_1322_p4               |    9|          2|    7|         14|
    |ap_phi_mux_indvar_flatten_phi_fu_1311_p4  |    9|          2|   13|         26|
    |ap_phi_mux_j_phi_fu_1333_p4               |    9|          2|    7|         14|
    |grp_fu_1340_p0                            |   33|          8|   64|        512|
    |grp_fu_1340_p1                            |  156|         33|   64|       2112|
    |grp_fu_1345_p0                            |   33|          8|   64|        512|
    |grp_fu_1345_p1                            |  156|         33|   64|       2112|
    |grp_fu_1349_p0                            |  156|         33|   64|       2112|
    |grp_fu_1349_p1                            |  156|         33|   64|       2112|
    |grp_fu_1353_p0                            |  156|         33|   64|       2112|
    |grp_fu_1353_p1                            |  156|         33|   64|       2112|
    |i_reg_1318                                |    9|          2|    7|         14|
    |indvar_flatten_reg_1307                   |    9|          2|   13|         26|
    |j_reg_1329                                |    9|          2|    7|         14|
    |m1_address0                               |  156|         33|   12|        396|
    |m1_address1                               |  156|         33|   12|        396|
    |m2_address0                               |  156|         33|   12|        396|
    |m2_address1                               |  156|         33|   12|        396|
    +------------------------------------------+-----+-----------+-----+-----------+
    |Total                                     | 1851|        395|  616|      15425|
    +------------------------------------------+-----+-----------+-----+-----------+

    * Register: 
    +--------------------------------+----+----+-----+-----------+
    |              Name              | FF | LUT| Bits| Const Bits|
    +--------------------------------+----+----+-----+-----------+
    |add_ln14_1_reg_3720             |  10|   0|   10|          0|
    |add_ln14_2_reg_3772             |  10|   0|   10|          0|
    |add_ln14_3_reg_3940             |  11|   0|   11|          0|
    |add_ln14_4_reg_4000             |  11|   0|   11|          0|
    |add_ln14_5_reg_4060             |  11|   0|   11|          0|
    |add_ln14_6_reg_4120             |  11|   0|   11|          0|
    |add_ln14_reg_3622               |   9|   0|    9|          0|
    |add_ln17_reg_5142               |  12|   0|   12|          0|
    |add_ln8_reg_3417                |  13|   0|   13|          0|
    |add_ln9_reg_5147                |   7|   0|    7|          0|
    |ap_CS_fsm                       |  34|   0|   34|          0|
    |ap_enable_reg_pp0_iter0         |   1|   0|    1|          0|
    |ap_enable_reg_pp0_iter1         |   1|   0|    1|          0|
    |ap_enable_reg_pp0_iter10        |   1|   0|    1|          0|
    |ap_enable_reg_pp0_iter2         |   1|   0|    1|          0|
    |ap_enable_reg_pp0_iter3         |   1|   0|    1|          0|
    |ap_enable_reg_pp0_iter4         |   1|   0|    1|          0|
    |ap_enable_reg_pp0_iter5         |   1|   0|    1|          0|
    |ap_enable_reg_pp0_iter6         |   1|   0|    1|          0|
    |ap_enable_reg_pp0_iter7         |   1|   0|    1|          0|
    |ap_enable_reg_pp0_iter8         |   1|   0|    1|          0|
    |ap_enable_reg_pp0_iter9         |   1|   0|    1|          0|
    |i_reg_1318                      |   7|   0|    7|          0|
    |icmp_ln8_reg_3422               |   1|   0|    1|          0|
    |indvar_flatten_reg_1307         |  13|   0|   13|          0|
    |j_reg_1329                      |   7|   0|    7|          0|
    |mult_10_reg_4095                |  64|   0|   64|          0|
    |mult_10_reg_4095_pp0_iter1_reg  |  64|   0|   64|          0|
    |mult_11_reg_4150                |  64|   0|   64|          0|
    |mult_11_reg_4150_pp0_iter1_reg  |  64|   0|   64|          0|
    |mult_12_reg_4155                |  64|   0|   64|          0|
    |mult_12_reg_4155_pp0_iter1_reg  |  64|   0|   64|          0|
    |mult_13_reg_4200                |  64|   0|   64|          0|
    |mult_14_reg_4205                |  64|   0|   64|          0|
    |mult_15_reg_4250                |  64|   0|   64|          0|
    |mult_16_reg_4255                |  64|   0|   64|          0|
    |mult_17_reg_4300                |  64|   0|   64|          0|
    |mult_18_reg_4305                |  64|   0|   64|          0|
    |mult_19_reg_4362                |  64|   0|   64|          0|
    |mult_1_reg_3808                 |  64|   0|   64|          0|
    |mult_20_reg_4367                |  64|   0|   64|          0|
    |mult_21_reg_4412                |  64|   0|   64|          0|
    |mult_22_reg_4417                |  64|   0|   64|          0|
    |mult_23_reg_4462                |  64|   0|   64|          0|
    |mult_24_reg_4467                |  64|   0|   64|          0|
    |mult_25_reg_4512                |  64|   0|   64|          0|
    |mult_26_reg_4517                |  64|   0|   64|          0|
    |mult_27_reg_4562                |  64|   0|   64|          0|
    |mult_28_reg_4567                |  64|   0|   64|          0|
    |mult_29_reg_4612                |  64|   0|   64|          0|
    |mult_2_reg_3853                 |  64|   0|   64|          0|
    |mult_30_reg_4617                |  64|   0|   64|          0|
    |mult_31_reg_4662                |  64|   0|   64|          0|
    |mult_32_reg_4667                |  64|   0|   64|          0|
    |mult_33_reg_4712                |  64|   0|   64|          0|
    |mult_34_reg_4717                |  64|   0|   64|          0|
    |mult_35_reg_4762                |  64|   0|   64|          0|
    |mult_36_reg_4767                |  64|   0|   64|          0|
    |mult_37_reg_4812                |  64|   0|   64|          0|
    |mult_38_reg_4817                |  64|   0|   64|          0|
    |mult_39_reg_4862                |  64|   0|   64|          0|
    |mult_3_reg_3858                 |  64|   0|   64|          0|
    |mult_40_reg_4867                |  64|   0|   64|          0|
    |mult_41_reg_4912                |  64|   0|   64|          0|
    |mult_42_reg_4917                |  64|   0|   64|          0|
    |mult_43_reg_4962                |  64|   0|   64|          0|
    |mult_44_reg_4967                |  64|   0|   64|          0|
    |mult_45_reg_5012                |  64|   0|   64|          0|
    |mult_46_reg_5017                |  64|   0|   64|          0|
    |mult_47_reg_5062                |  64|   0|   64|          0|
    |mult_48_reg_5067                |  64|   0|   64|          0|
    |mult_49_reg_5112                |  64|   0|   64|          0|
    |mult_4_reg_3910                 |  64|   0|   64|          0|
    |mult_50_reg_5117                |  64|   0|   64|          0|
    |mult_51_reg_5162                |  64|   0|   64|          0|
    |mult_52_reg_5167                |  64|   0|   64|          0|
    |mult_53_reg_5192                |  64|   0|   64|          0|
    |mult_54_reg_5197                |  64|   0|   64|          0|
    |mult_55_reg_5212                |  64|   0|   64|          0|
    |mult_56_reg_5217                |  64|   0|   64|          0|
    |mult_57_reg_5222                |  64|   0|   64|          0|
    |mult_58_reg_5227                |  64|   0|   64|          0|
    |mult_59_reg_5232                |  64|   0|   64|          0|
    |mult_5_reg_3915                 |  64|   0|   64|          0|
    |mult_60_reg_5237                |  64|   0|   64|          0|
    |mult_61_reg_5242                |  64|   0|   64|          0|
    |mult_62_reg_5247                |  64|   0|   64|          0|
    |mult_6_reg_3970                 |  64|   0|   64|          0|
    |mult_7_reg_3975                 |  64|   0|   64|          0|
    |mult_7_reg_3975_pp0_iter1_reg   |  64|   0|   64|          0|
    |mult_8_reg_4030                 |  64|   0|   64|          0|
    |mult_8_reg_4030_pp0_iter1_reg   |  64|   0|   64|          0|
    |mult_9_reg_4035                 |  64|   0|   64|          0|
    |mult_9_reg_4035_pp0_iter1_reg   |  64|   0|   64|          0|
    |mult_reg_3803                   |  64|   0|   64|          0|
    |mult_s_reg_4090                 |  64|   0|   64|          0|
    |mult_s_reg_4090_pp0_iter1_reg   |  64|   0|   64|          0|
    |or_ln14_1_reg_3610              |   7|   0|    9|          2|
    |or_ln14_2_reg_3709              |   7|   0|   10|          3|
    |or_ln14_3_reg_3761              |   7|   0|   10|          3|
    |or_ln14_4_reg_3930              |   7|   0|   11|          4|
    |or_ln14_5_reg_3990              |   7|   0|   11|          4|
    |or_ln14_6_reg_4050              |   7|   0|   11|          4|
    |or_ln14_7_reg_4110              |   7|   0|   11|          4|
    |or_ln14_s_reg_3562              |   7|   0|    8|          1|
    |reg_1357                        |  64|   0|   64|          0|
    |reg_1361                        |  64|   0|   64|          0|
    |reg_1365                        |  64|   0|   64|          0|
    |reg_1369                        |  64|   0|   64|          0|
    |reg_1373                        |  64|   0|   64|          0|
    |reg_1378                        |  64|   0|   64|          0|
    |reg_1383                        |  64|   0|   64|          0|
    |reg_1388                        |  64|   0|   64|          0|
    |reg_1393                        |  64|   0|   64|          0|
    |reg_1398                        |  64|   0|   64|          0|
    |reg_1404                        |  64|   0|   64|          0|
    |reg_1409                        |  64|   0|   64|          0|
    |reg_1414                        |  64|   0|   64|          0|
    |reg_1419                        |  64|   0|   64|          0|
    |reg_1424                        |  64|   0|   64|          0|
    |select_ln8_1_reg_3451           |   6|   0|   12|          6|
    |select_ln8_2_reg_3528           |   7|   0|    7|          0|
    |select_ln8_reg_3426             |   7|   0|    7|          0|
    |sum_1_61_reg_5252               |  64|   0|   64|          0|
    |xor_ln14_reg_3538               |   7|   0|    7|          0|
    |zext_ln9_1_reg_4350             |   7|   0|   12|          5|
    |zext_ln9_3_reg_3694             |   7|   0|   10|          3|
    |zext_ln9_4_reg_3903             |   7|   0|   11|          4|
    |add_ln17_reg_5142               |  64|  32|   12|          0|
    |icmp_ln8_reg_3422               |  64|  32|    1|          0|
    |mult_13_reg_4200                |  64|  32|   64|          0|
    |mult_14_reg_4205                |  64|  32|   64|          0|
    |mult_15_reg_4250                |  64|  32|   64|          0|
    |mult_16_reg_4255                |  64|  32|   64|          0|
    |mult_17_reg_4300                |  64|  32|   64|          0|
    |mult_18_reg_4305                |  64|  32|   64|          0|
    |mult_19_reg_4362                |  64|  32|   64|          0|
    |mult_20_reg_4367                |  64|  32|   64|          0|
    |mult_21_reg_4412                |  64|  32|   64|          0|
    |mult_22_reg_4417                |  64|  32|   64|          0|
    |mult_23_reg_4462                |  64|  32|   64|          0|
    |mult_24_reg_4467                |  64|  32|   64|          0|
    |mult_25_reg_4512                |  64|  32|   64|          0|
    |mult_26_reg_4517                |  64|  32|   64|          0|
    |mult_27_reg_4562                |  64|  32|   64|          0|
    |mult_28_reg_4567                |  64|  32|   64|          0|
    |mult_29_reg_4612                |  64|  32|   64|          0|
    |mult_30_reg_4617                |  64|  32|   64|          0|
    |mult_31_reg_4662                |  64|  32|   64|          0|
    |mult_32_reg_4667                |  64|  32|   64|          0|
    |mult_33_reg_4712                |  64|  32|   64|          0|
    |mult_34_reg_4717                |  64|  32|   64|          0|
    |mult_35_reg_4762                |  64|  32|   64|          0|
    |mult_36_reg_4767                |  64|  32|   64|          0|
    |mult_37_reg_4812                |  64|  32|   64|          0|
    |mult_38_reg_4817                |  64|  32|   64|          0|
    |mult_39_reg_4862                |  64|  32|   64|          0|
    |mult_40_reg_4867                |  64|  32|   64|          0|
    |mult_41_reg_4912                |  64|  32|   64|          0|
    |mult_42_reg_4917                |  64|  32|   64|          0|
    |mult_43_reg_4962                |  64|  32|   64|          0|
    |mult_44_reg_4967                |  64|  32|   64|          0|
    |mult_45_reg_5012                |  64|  32|   64|          0|
    |mult_46_reg_5017                |  64|  32|   64|          0|
    |mult_47_reg_5062                |  64|  32|   64|          0|
    |mult_48_reg_5067                |  64|  32|   64|          0|
    |mult_49_reg_5112                |  64|  32|   64|          0|
    |mult_50_reg_5117                |  64|  32|   64|          0|
    |mult_51_reg_5162                |  64|  32|   64|          0|
    |mult_52_reg_5167                |  64|  32|   64|          0|
    |mult_53_reg_5192                |  64|  32|   64|          0|
    |mult_54_reg_5197                |  64|  32|   64|          0|
    |mult_55_reg_5212                |  64|  32|   64|          0|
    |mult_56_reg_5217                |  64|  32|   64|          0|
    |mult_57_reg_5222                |  64|  32|   64|          0|
    |mult_58_reg_5227                |  64|  32|   64|          0|
    |mult_59_reg_5232                |  64|  32|   64|          0|
    |mult_60_reg_5237                |  64|  32|   64|          0|
    |mult_61_reg_5242                |  64|  32|   64|          0|
    |mult_62_reg_5247                |  64|  32|   64|          0|
    +--------------------------------+----+----+-----+-----------+
    |Total                           |9178|1664| 9106|         43|
    +--------------------------------+----+----+-----+-----------+



================================================================
== Interface
================================================================
* Summary: 
+---------------+-----+-----+------------+--------------+--------------+
|   RTL Ports   | Dir | Bits|  Protocol  | Source Object|    C Type    |
+---------------+-----+-----+------------+--------------+--------------+
|ap_clk         |   in|    1|  ap_ctrl_hs|          gemm|  return value|
|ap_rst         |   in|    1|  ap_ctrl_hs|          gemm|  return value|
|ap_start       |   in|    1|  ap_ctrl_hs|          gemm|  return value|
|ap_done        |  out|    1|  ap_ctrl_hs|          gemm|  return value|
|ap_idle        |  out|    1|  ap_ctrl_hs|          gemm|  return value|
|ap_ready       |  out|    1|  ap_ctrl_hs|          gemm|  return value|
|m1_address0    |  out|   12|   ap_memory|            m1|         array|
|m1_ce0         |  out|    1|   ap_memory|            m1|         array|
|m1_q0          |   in|   64|   ap_memory|            m1|         array|
|m1_address1    |  out|   12|   ap_memory|            m1|         array|
|m1_ce1         |  out|    1|   ap_memory|            m1|         array|
|m1_q1          |   in|   64|   ap_memory|            m1|         array|
|m2_address0    |  out|   12|   ap_memory|            m2|         array|
|m2_ce0         |  out|    1|   ap_memory|            m2|         array|
|m2_q0          |   in|   64|   ap_memory|            m2|         array|
|m2_address1    |  out|   12|   ap_memory|            m2|         array|
|m2_ce1         |  out|    1|   ap_memory|            m2|         array|
|m2_q1          |   in|   64|   ap_memory|            m2|         array|
|prod_address0  |  out|   12|   ap_memory|          prod|         array|
|prod_ce0       |  out|    1|   ap_memory|          prod|         array|
|prod_we0       |  out|    1|   ap_memory|          prod|         array|
|prod_d0        |  out|   64|   ap_memory|          prod|         array|
+---------------+-----+-----+------------+--------------+--------------+

