==============================================================
Vitis HLS - High-Level Synthesis from C, C++ and OpenCL v2020.2 (64-bit)
Copyright 1986-2020 Xilinx, Inc. All Rights Reserved.
==============================================================
INFO: [HLS 200-1505] Using default flow_target 'vivado'
INFO: [HLS 200-1510] Running: set_part xczu19eg-ffvc1760-2-i 
INFO: [HLS 200-10] Setting target device to 'xczu19eg-ffvc1760-2-i'
INFO: [HLS 200-1510] Running: create_clock -period 10 
INFO: [SYN 201-201] Setting up clock 'default' with a period of 10ns.
WARNING: [HLS 200-484] The 'set_directive_resource -core' command is deprecated and will be removed in a future release.
WARNING: [HLS 200-484] The 'set_directive_resource -location' command is deprecated and will be removed in a future release.
WARNING: [HLS 200-484] The 'set_directive_resource -variable' command is deprecated and will be removed in a future release.
WARNING: [HLS 200-484] The 'set_directive_resource -core' command is deprecated and will be removed in a future release.
WARNING: [HLS 200-484] The 'set_directive_resource -location' command is deprecated and will be removed in a future release.
WARNING: [HLS 200-484] The 'set_directive_resource -variable' command is deprecated and will be removed in a future release.
INFO: [HLS 200-1510] Running: set_directive_pipeline ms_mergesort/mergesort_label2 
INFO: [HLS 200-1510] Running: set_directive_pipeline merge/merge_label1 
INFO: [HLS 200-1510] Running: set_directive_pipeline merge/merge_label2 
INFO: [HLS 200-1510] Running: set_directive_pipeline merge/merge_label3 
INFO: [HLS 200-1510] Running: csynth_design 
WARNING: [HLS 200-40] Skipped source file 'check.data'. Source files must have extensions .c, .C, .cc, .cpp, .c++, .cp, or .cxx.
WARNING: [HLS 200-40] Skipped source file 'input.data'. Source files must have extensions .c, .C, .cc, .cpp, .c++, .cp, or .cxx.
INFO: [HLS 200-111] Finished File checks and directory preparation: CPU user time: 0 seconds. CPU system time: 0 seconds. Elapsed time: 0.02 seconds; current allocated memory: 238.642 MB.
INFO: [HLS 200-10] Analyzing design file '../../common/hercules.c' ... 
INFO: [HLS 200-10] Analyzing design file 'sort.c' ... 
WARNING: [HLS 207-5510] 'Resource pragma' is deprecated, and it will be removed in future release. It is suggested to replace it with 'bind_op/bind_storage pragma'.: sort.c:20:9
WARNING: [HLS 207-5301] unused parameter 'iter_m': sort.c:19:102
WARNING: [HLS 207-5301] unused parameter 'iter_i': sort.c:19:114
WARNING: [HLS 207-5510] 'Resource pragma' is deprecated, and it will be removed in future release. It is suggested to replace it with 'bind_op/bind_storage pragma'.: sort.c:83:9
INFO: [HLS 200-111] Finished Source Code Analysis and Preprocessing: CPU user time: 0.3 seconds. CPU system time: 0.15 seconds. Elapsed time: 0.64 seconds; current allocated memory: 240.365 MB.
INFO: [HLS 200-777] Using interface defaults for 'Vivado' flow target.
WARNING: [HLS 214-185] The resource pragma (storage) on function argument, in 'call' is unsupported (sort.c:117:17)
WARNING: [HLS 214-185] The resource pragma (storage) on function argument, in 'call' is unsupported (sort.c:114:17)
WARNING: [HLS 214-185] The resource pragma (storage) on function argument, in 'call' is unsupported (sort.c:82:36)
INFO: [HLS 214-178] Inlining function 'hercules_check_function' into 'merge' (sort.c:19:0)
INFO: [HLS 214-178] Inlining function 'hercules_check_function' into 'ms_mergesort' (sort.c:82:0)
INFO: [HLS 200-111] Finished Compiling Optimization and Transform: CPU user time: 2.04 seconds. CPU system time: 0.18 seconds. Elapsed time: 2.59 seconds; current allocated memory: 242.207 MB.
INFO: [HLS 200-111] Finished Checking Pragmas: CPU user time: 0 seconds. CPU system time: 0 seconds. Elapsed time: 0 seconds; current allocated memory: 242.209 MB.
INFO: [HLS 200-10] Starting code transformations ...
INFO: [HLS 200-111] Finished Standard Transforms: CPU user time: 0.02 seconds. CPU system time: 0 seconds. Elapsed time: 0.04 seconds; current allocated memory: 243.672 MB.
INFO: [HLS 200-10] Checking synthesizability ...
INFO: [HLS 200-111] Finished Checking Synthesizability: CPU user time: 0.03 seconds. CPU system time: 0 seconds. Elapsed time: 0.04 seconds; current allocated memory: 242.914 MB.
INFO: [XFORM 203-502] Unrolling all loops for pipelining in function 'merge.1' (sort.c:9:43).
WARNING: [XFORM 203-503] Ignored partial unroll directive for loop 'merge_label1' (sort.c:21) because its parent loop or function is pipelined.
WARNING: [XFORM 203-503] Ignored partial unroll directive for loop 'merge_label2' (sort.c:21) because its parent loop or function is pipelined.
WARNING: [XFORM 203-503] Ignored partial unroll directive for loop 'merge_label3' (sort.c:21) because its parent loop or function is pipelined.
WARNING: [HLS 200-932] Cannot unroll loop 'merge_label1' (sort.c:21) in function 'merge.1' completely: variable loop bound.
WARNING: [HLS 200-932] Cannot unroll loop 'merge_label2' (sort.c:21) in function 'merge.1' completely: variable loop bound.
WARNING: [HLS 200-932] Cannot unroll loop 'merge_label3' (sort.c:21) in function 'merge.1' completely: variable loop bound.
INFO: [XFORM 203-11] Balancing expressions in function 'ms_mergesort' (sort.c:80)...10 expression(s) balanced.
INFO: [XFORM 203-11] Balancing expressions in function 'merge.1' (sort.c:9:43)...34 expression(s) balanced.
INFO: [HLS 200-111] Finished Loop, function and other optimizations: CPU user time: 0.13 seconds. CPU system time: 0 seconds. Elapsed time: 0.16 seconds; current allocated memory: 263.876 MB.
WARNING: [HLS 200-960] Cannot flatten loop 'mergesort_label1' (sort.c:84:9) in function 'ms_mergesort' the outer loop is not a perfect loop because either the parent loop or the sub loop has no computeable trip count.
INFO: [HLS 200-472] Inferring partial write operation for 'temp' (sort.c:24:17)
INFO: [HLS 200-472] Inferring partial write operation for 'temp' (sort.c:33:26)
INFO: [HLS 200-111] Finished Architecture Synthesis: CPU user time: 0.08 seconds. CPU system time: 0.01 seconds. Elapsed time: 0.09 seconds; current allocated memory: 266.529 MB.
INFO: [HLS 200-10] Starting hardware synthesis ...
INFO: [HLS 200-10] Synthesizing 'ms_mergesort' ...
WARNING: [SYN 201-103] Legalizing function name 'merge.1' to 'merge_1'.
INFO: [HLS 200-10] ----------------------------------------------------------------
INFO: [HLS 200-42] -- Implementing module 'merge_1' 
INFO: [HLS 200-10] ----------------------------------------------------------------
INFO: [SCHED 204-11] Starting scheduling ...
WARNING: [SCHED 204-65] Unable to satisfy pipeline directive for function 'merge.1': contains subloop(s) that are not unrolled.
INFO: [SCHED 204-61] Pipelining loop 'merge_label1'.
INFO: [HLS 200-1470] Pipelining result : Target II = 1, Final II = 1, Depth = 2, loop 'merge_label1'
INFO: [SCHED 204-61] Pipelining loop 'merge_label2'.
INFO: [HLS 200-1470] Pipelining result : Target II = 1, Final II = 1, Depth = 2, loop 'merge_label2'
INFO: [SCHED 204-61] Pipelining loop 'merge_label3'.
INFO: [HLS 200-1470] Pipelining result : Target II = 1, Final II = 1, Depth = 2, loop 'merge_label3'
INFO: [SCHED 204-11] Finished scheduling.
INFO: [HLS 200-111] Finished Scheduling: CPU user time: 0.07 seconds. CPU system time: 0 seconds. Elapsed time: 0.09 seconds; current allocated memory: 267.113 MB.
INFO: [BIND 205-100] Starting micro-architecture generation ...
INFO: [BIND 205-101] Performing variable lifetime analysis.
INFO: [BIND 205-101] Exploring resource sharing.
INFO: [BIND 205-101] Binding ...
INFO: [BIND 205-100] Finished micro-architecture generation.
INFO: [HLS 200-111] Finished Binding: CPU user time: 0.06 seconds. CPU system time: 0.01 seconds. Elapsed time: 0.09 seconds; current allocated memory: 267.628 MB.
INFO: [HLS 200-10] ----------------------------------------------------------------
INFO: [HLS 200-42] -- Implementing module 'ms_mergesort' 
INFO: [HLS 200-10] ----------------------------------------------------------------
INFO: [SCHED 204-11] Starting scheduling ...
WARNING: [SCHED 204-67] Unable to satisfy pipeline directive for loop 'mergesort_label2': contains subfunction 'merge.1' which is not pipelined.
INFO: [SCHED 204-11] Finished scheduling.
INFO: [HLS 200-111] Finished Scheduling: CPU user time: 0.07 seconds. CPU system time: 0 seconds. Elapsed time: 0.1 seconds; current allocated memory: 267.803 MB.
