# ---------------------------------------------------------------------------------
# Created on Wed Dec 20 22:08:16 CST 2023 with report_failfast (2021.05.07)
# ---------------------------------------------------------------------------------

#  +-----------------------------------------------------------------------------------------+
#  | Design Summary                                                                          |
#  | design_1                                                                                |
#  | xc7v585tffg1761-2                                                                       |
#  +-----------------------------------------------------------+-----------+--------+--------+
#  | Criteria                                                  | Guideline | Actual | Status |
#  +-----------------------------------------------------------+-----------+--------+--------+
#  | LUT                                                       | 70%       | 20.13% | OK     |
#  | FD                                                        | 50%       | 11.48% | OK     |
#  | LUTRAM+SRL                                                | 25%       | 8.74%  | OK     |
#  | MUXF7                                                     | 15%       | 0.27%  | OK     |
#  | DSP                                                       | 80%       | 8.73%  | OK     |
#  | RAMB/FIFO                                                 | 80%       | 2.70%  | OK     |
#  | DSP+RAMB+URAM (Avg)                                       | 70%       | 5.71%  | OK     |
#  | BUFGCE* + BUFGCTRL                                        | 24        | 0      | OK     |
#  | DONT_TOUCH (cells/nets)                                   | 0         | 0      | OK     |
#  | MARK_DEBUG (nets)                                         | 0         | 0      | OK     |
#  | Control Sets                                              | 6829      | 596    | OK     |
#  | Average Fanout for modules > 100k cells                   | 4         | 2.51   | OK     |
#  | Non-FD high fanout nets > 10k loads                       | 0         | 0      | OK     |
#  +-----------------------------------------------------------+-----------+--------+--------+
#  | TIMING-6 (No common primary clock between related clocks) | 0         | 0      | OK     |
#  | TIMING-7 (No common node between related clocks)          | 0         | 0      | OK     |
#  | TIMING-8 (No common period between related clocks)        | 0         | 0      | OK     |
#  | TIMING-14 (LUT on the clock tree)                         | 0         | 0      | OK     |
#  | TIMING-35 (No common node in paths with the same clock)   | 0         | 0      | OK     |
#  +-----------------------------------------------------------+-----------+--------+--------+
#  | Number of paths above max LUT budgeting (0.500ns)         | 0         | 0      | OK     |
#  | Number of paths above max Net budgeting (0.350ns)         | 0         | 0      | OK     |
#  +-----------------------------------------------------------+-----------+--------+--------+

