#-----------------------------------------------------------
# Vivado v2022.1 (64-bit)
# SW Build 3526262 on Mon Apr 18 15:47:01 MDT 2022
# IP Build 3524634 on Mon Apr 18 20:55:01 MDT 2022
# Start of session at: Wed Dec 20 22:01:09 2023
# Process ID: 235368
# Current directory: /nfs/home/xushuoxiang/Machsuite_V0.1/backprop/backprop/backprop_syn/solution/impl/verilog
# Command line: vivado -mode batch -source run_vivadosyn.tcl
# Log file: /nfs/home/xushuoxiang/Machsuite_V0.1/backprop/backprop/backprop_syn/solution/impl/verilog/vivado.log
# Journal file: /nfs/home/xushuoxiang/Machsuite_V0.1/backprop/backprop/backprop_syn/solution/impl/verilog/vivado.jou
# Running On: open21, OS: Linux, CPU Frequency: 2200.000 MHz, CPU Physical cores: 32, Host memory: 134964 MB
#-----------------------------------------------------------
source run_vivadosyn.tcl
# source ./settings.tcl
## set top_module backprop
## set language verilog
## set family virtex7
## set device xc7v585t
## set package -ffg1761
## set speed -2
## set clock ap_clk
## set fsm_ext "off"
## set add_io_buffers false ;
# source -notrace ./extraction.tcl
# set vivado_proj_name project
# set vivado_proj_dir .
# set target_device "${device}${package}${speed}"
# set target_clk_period_ns "10.000"
# set target_clk_freq_hz [expr {floor(1000 / $target_clk_period_ns) * 1000000}]
# set ip_vlnv xilinx.com:hls:backprop:1.1
# set ip_repo_path ../ip
# set bd_design_name bd_0
# set bd_inst_name hls_inst
# set bd_props {}
# set has_synth true
# set synth_design_args {-directive sdx_optimization_effort_high}
# set synth_dcp ""
# set synth_props {}
# set has_impl false
# set impl_props {}
# set report_options [dict create]
# dict set report_options report_level 2
# dict set report_options report_max_paths 10
# dict set report_options stdout_hls_reports 1
# dict set report_options stdout_vivado_reports 0
# dict set report_options hls_project backprop_syn
# dict set report_options hls_solution solution
# dict set report_options has_synth $has_synth
# dict set report_options has_impl $has_impl
# dict set report_options vivado_reportbasename $top_module
# dict set report_options vivado_reportdir ./report
# dict set report_options hls_impl_dir ..
# dict set report_options hls_reportdir ../report/$language
# dict set report_options target_clk_period $target_clk_period_ns
# dict set report_options target_device $target_device
# dict set report_options language $language
# dict set report_options clock_name $clock
# dict set report_options error_if_impl_timing_fails false
# dict set report_options bindmodules {backprop_flow_control_loop_pipe_sequential_init backprop_mul_6ns_5ns_10_1_1 backprop_mux_32_64_1_1 backprop_dsqrt_64ns_64ns_64_21_no_dsp_1 backprop_dadddsub_64ns_64ns_64_5_full_dsp_1 backprop_dmul_64ns_64ns_64_5_max_dsp_1 backprop_ddiv_64ns_64ns_64_22_no_dsp_1 backprop_dexp_64ns_64ns_64_13_full_dsp_1 backprop_activations1_RAM_AUTO_1R1W backprop_dactivations1_RAM_AUTO_1R1W backprop_delta_weights1_RAM_AUTO_1R1W backprop_delta_weights2_RAM_AUTO_1R1W backprop_delta_weights3_RAM_AUTO_1R1W}
# dict set report_options max_module_depth 7
# create_project $vivado_proj_name $vivado_proj_dir -part $target_device -force
# set_property target_language $language [current_project]
# if { ![file exists $ip_repo_path] } {
#   error "Cannot find packaged HLS IP"
# }
# set_property ip_repo_paths [file normalize $ip_repo_path] [current_project]
# update_ip_catalog
INFO: [IP_Flow 19-234] Refreshing IP repositories
INFO: [IP_Flow 19-1700] Loaded user IP repository '/nfs/home/xushuoxiang/Machsuite_V0.1/backprop/backprop/backprop_syn/solution/impl/ip'.
INFO: [IP_Flow 19-2313] Loaded Vivado IP repository '/nfs/tools/xilinx/2022.1/Vivado/2022.1/data/ip'.
# create_bd_design $bd_design_name
Wrote  : </nfs/home/xushuoxiang/Machsuite_V0.1/backprop/backprop/backprop_syn/solution/impl/verilog/project.srcs/sources_1/bd/bd_0/bd_0.bd> 
# set cell_inst [create_bd_cell -type ip -vlnv $ip_vlnv $bd_inst_name]
# if { [llength $bd_props] } { 
#   set_property -dict $bd_props $cell_inst 
# }
# make_bd_pins_external $cell_inst
# make_bd_intf_pins_external $cell_inst
# set bd_clk_ports [get_bd_ports -filter {TYPE==clk}]
# if { [llength $bd_clk_ports] && $target_clk_freq_hz ne "" } { 
#   set_property CONFIG.FREQ_HZ $target_clk_freq_hz $bd_clk_ports 
# }
# foreach bd_port [get_bd_intf_ports] {
#   set_property name [regsub {_0$} [get_property name $bd_port] {}] $bd_port
# }
# foreach bd_port [get_bd_ports -filter {INTF!=TRUE}] {
#   set_property name [regsub {_0$} [get_property name $bd_port] {}] $bd_port
# }
# set s_axi_addr_width_min 32
WARNING: [BD 5-233] No interface ports matched 'get_bd_intf_ports -filter {MODE == "Slave" && VLNV =~ "xilinx.com:interface:aximm_rtl:*"}'
# foreach bd_port [get_bd_intf_ports -filter {MODE == "Slave" && VLNV =~ "xilinx.com:interface:aximm_rtl:*"}] {
#   set bd_port_addr_width [get_property CONFIG.ADDR_WIDTH $bd_port]
#   if { $bd_port_addr_width < $s_axi_addr_width_min } {
#     puts "INFO: Updating $bd_port CONFIG.ADDR_WIDTH to $s_axi_addr_width_min"
#     set_property CONFIG.ADDR_WIDTH $s_axi_addr_width_min $bd_port
#   }
# }
# set_msg_config -id {[BD 41-1265]} -severity {CRITICAL WARNING} -new_severity {INFO}
# assign_bd_address
Wrote  : </nfs/home/xushuoxiang/Machsuite_V0.1/backprop/backprop/backprop_syn/solution/impl/verilog/project.srcs/sources_1/bd/bd_0/bd_0.bd> 
Verilog Output written to : /nfs/home/xushuoxiang/Machsuite_V0.1/backprop/backprop/backprop_syn/solution/impl/verilog/project.gen/sources_1/bd/bd_0/synth/bd_0.v
Verilog Output written to : /nfs/home/xushuoxiang/Machsuite_V0.1/backprop/backprop/backprop_syn/solution/impl/verilog/project.gen/sources_1/bd/bd_0/sim/bd_0.v
Verilog Output written to : /nfs/home/xushuoxiang/Machsuite_V0.1/backprop/backprop/backprop_syn/solution/impl/verilog/project.gen/sources_1/bd/bd_0/hdl/bd_0_wrapper.v
# set toprtl [make_wrapper -files [get_files ${bd_design_name}.bd] -top]
# add_files -norecurse $toprtl
# set top_inst_name [file root [file tail $toprtl]]
# puts "Using BD top: $top_inst_name"
Using BD top: bd_0_wrapper
# set xdc_files [glob -nocomplain ./*.xdc]
# if { [llength $xdc_files] } {
#     add_files -fileset constrs_1 -norecurse $xdc_files
# }
# launch_runs synth_1 -scripts_only
INFO: [BD 41-1662] The design 'bd_0.bd' is already validated. Therefore parameter propagation will not be re-run.
Verilog Output written to : /nfs/home/xushuoxiang/Machsuite_V0.1/backprop/backprop/backprop_syn/solution/impl/verilog/project.gen/sources_1/bd/bd_0/synth/bd_0.v
Verilog Output written to : /nfs/home/xushuoxiang/Machsuite_V0.1/backprop/backprop/backprop_syn/solution/impl/verilog/project.gen/sources_1/bd/bd_0/sim/bd_0.v
Verilog Output written to : /nfs/home/xushuoxiang/Machsuite_V0.1/backprop/backprop/backprop_syn/solution/impl/verilog/project.gen/sources_1/bd/bd_0/hdl/bd_0_wrapper.v
INFO: [BD 41-1029] Generation completed for the IP Integrator block hls_inst .
Exporting to file /nfs/home/xushuoxiang/Machsuite_V0.1/backprop/backprop/backprop_syn/solution/impl/verilog/project.gen/sources_1/bd/bd_0/hw_handoff/bd_0.hwh
Generated Hardware Definition File /nfs/home/xushuoxiang/Machsuite_V0.1/backprop/backprop/backprop_syn/solution/impl/verilog/project.gen/sources_1/bd/bd_0/synth/bd_0.hwdef
WARNING: [Vivado 12-7122] Auto Incremental Compile:: No reference checkpoint was found in run synth_1. Auto-incremental flow will not be run, the standard flow will be run instead.
# foreach run [get_runs -filter {IS_SYNTHESIS == 1}] {
#   reset_run [get_runs $run]
# }
# set_property XPM_LIBRARIES {XPM_MEMORY XPM_FIFO} [current_project]
# hls_vivado_reports_setup $report_options
TIMESTAMP: HLS-REPORT: initialize report directories: 2023-12-20 22:01:33 CST
# if { $has_synth || $has_impl } {
#   # synth properties setting
#   set_property -name {STEPS.SYNTH_DESIGN.ARGS.MORE OPTIONS} -value {-mode out_of_context} -objects [get_runs synth_1]
#   set ip_inst [get_ips -quiet ${bd_design_name}*${bd_inst_name}*]
#   if { ![llength $ip_inst] } {
#       error "Cannot find HLS IP instance: ${bd_design_name}*${bd_inst_name}*"
#   }
#   set synth_run [get_runs -filter {IS_SYNTHESIS == 1} ${ip_inst}*]
#   if { ![llength $synth_run] } {
#       error "Cannot find synth run for HLS IP: ${ip_inst}*"
#   }
# 
#   if { [llength $synth_design_args] } {
#       set_property -name {STEPS.SYNTH_DESIGN.ARGS.MORE OPTIONS} -value $synth_design_args -objects $synth_run
#   }
# 
#   if { [llength $synth_props] } {
#     set_property -dict $synth_props $synth_run
#   }
# 
#   # launch run synth
#   launch_runs synth_1
#   wait_on_run synth_1
#   # synth reports
#   hls_vivado_reports_synth synth_1 $report_options
#   if { $synth_dcp ne "" } {
#     file mkdir [file dirname $synth_dcp]
#     set run_dcp [glob -nocomplain [get_property DIRECTORY $synth_run]/*.dcp]
#     if { [llength $run_dcp] != 1 } { error "Cannot find single dcp file for run $synth_run" }
#     file copy -force $run_dcp $synth_dcp
#   }
# }
WARNING: [Vivado 12-7122] Auto Incremental Compile:: No reference checkpoint was found in run synth_1. Auto-incremental flow will not be run, the standard flow will be run instead.
[Wed Dec 20 22:01:33 2023] Launched bd_0_hls_inst_0_synth_1...
Run output will be captured here: /nfs/home/xushuoxiang/Machsuite_V0.1/backprop/backprop/backprop_syn/solution/impl/verilog/project.runs/bd_0_hls_inst_0_synth_1/runme.log
[Wed Dec 20 22:01:33 2023] Launched synth_1...
Run output will be captured here: /nfs/home/xushuoxiang/Machsuite_V0.1/backprop/backprop/backprop_syn/solution/impl/verilog/project.runs/synth_1/runme.log
[Wed Dec 20 22:01:33 2023] Waiting for synth_1 to finish...

*** Running vivado
    with args -log bd_0_wrapper.vds -m64 -product Vivado -mode batch -messageDb vivado.pb -notrace -source bd_0_wrapper.tcl


****** Vivado v2022.1 (64-bit)
  **** SW Build 3526262 on Mon Apr 18 15:47:01 MDT 2022
  **** IP Build 3524634 on Mon Apr 18 20:55:01 MDT 2022
    ** Copyright 1986-2022 Xilinx, Inc. All Rights Reserved.

source bd_0_wrapper.tcl -notrace
INFO: [IP_Flow 19-234] Refreshing IP repositories
INFO: [IP_Flow 19-1700] Loaded user IP repository '/nfs/home/xushuoxiang/Machsuite_V0.1/backprop/backprop/backprop_syn/solution/impl/ip'.
INFO: [IP_Flow 19-2313] Loaded Vivado IP repository '/nfs/tools/xilinx/2022.1/Vivado/2022.1/data/ip'.
Command: synth_design -top bd_0_wrapper -part xc7v585tffg1761-2 -mode out_of_context
Starting synth_design
Attempting to get a license for feature 'Synthesis' and/or device 'xc7v585t'
INFO: [Common 17-349] Got license for feature 'Synthesis' and/or device 'xc7v585t'
INFO: [Device 21-403] Loading part xc7v585tffg1761-2
INFO: [Synth 8-7079] Multithreading enabled for synth_design using a maximum of 4 processes.
INFO: [Synth 8-7078] Launching helper process for spawning children vivado processes
INFO: [Synth 8-7075] Helper process launched with PID 238252
WARNING: [Synth 8-9501] generate block is allowed only inside loop and conditional generate in SystemVerilog mode [/nfs/tools/xilinx/2022.1/Vivado/2022.1/data/ip/xpm/xpm_fifo/hdl/xpm_fifo.sv:4023]
---------------------------------------------------------------------------------
Starting RTL Elaboration : Time (s): cpu = 00:00:02 ; elapsed = 00:00:02 . Memory (MB): peak = 3144.359 ; gain = 8.000 ; free physical = 109290 ; free virtual = 120126
---------------------------------------------------------------------------------
INFO: [Synth 8-6157] synthesizing module 'bd_0_wrapper' [/nfs/home/xushuoxiang/Machsuite_V0.1/backprop/backprop/backprop_syn/solution/impl/verilog/project.gen/sources_1/bd/bd_0/hdl/bd_0_wrapper.v:12]
INFO: [Synth 8-6157] synthesizing module 'bd_0' [/nfs/home/xushuoxiang/Machsuite_V0.1/backprop/backprop/backprop_syn/solution/impl/verilog/project.gen/sources_1/bd/bd_0/synth/bd_0.v:12]
INFO: [Synth 8-6157] synthesizing module 'bd_0_hls_inst_0' [/nfs/home/xushuoxiang/Machsuite_V0.1/backprop/backprop/backprop_syn/solution/impl/verilog/project.runs/synth_1/.Xil/Vivado-238138-open21/realtime/bd_0_hls_inst_0_stub.v:5]
INFO: [Synth 8-6155] done synthesizing module 'bd_0_hls_inst_0' (0#1) [/nfs/home/xushuoxiang/Machsuite_V0.1/backprop/backprop/backprop_syn/solution/impl/verilog/project.runs/synth_1/.Xil/Vivado-238138-open21/realtime/bd_0_hls_inst_0_stub.v:5]
INFO: [Synth 8-6155] done synthesizing module 'bd_0' (0#1) [/nfs/home/xushuoxiang/Machsuite_V0.1/backprop/backprop/backprop_syn/solution/impl/verilog/project.gen/sources_1/bd/bd_0/synth/bd_0.v:12]
INFO: [Synth 8-6155] done synthesizing module 'bd_0_wrapper' (0#1) [/nfs/home/xushuoxiang/Machsuite_V0.1/backprop/backprop/backprop_syn/solution/impl/verilog/project.gen/sources_1/bd/bd_0/hdl/bd_0_wrapper.v:12]
---------------------------------------------------------------------------------
Finished RTL Elaboration : Time (s): cpu = 00:00:03 ; elapsed = 00:00:03 . Memory (MB): peak = 3144.359 ; gain = 8.000 ; free physical = 110389 ; free virtual = 121227
---------------------------------------------------------------------------------
---------------------------------------------------------------------------------
Start Handling Custom Attributes
---------------------------------------------------------------------------------
---------------------------------------------------------------------------------
Finished Handling Custom Attributes : Time (s): cpu = 00:00:03 ; elapsed = 00:00:03 . Memory (MB): peak = 3144.359 ; gain = 8.000 ; free physical = 110388 ; free virtual = 121225
---------------------------------------------------------------------------------
---------------------------------------------------------------------------------
Finished RTL Optimization Phase 1 : Time (s): cpu = 00:00:03 ; elapsed = 00:00:03 . Memory (MB): peak = 3144.359 ; gain = 8.000 ; free physical = 110388 ; free virtual = 121225
---------------------------------------------------------------------------------
Netlist sorting complete. Time (s): cpu = 00:00:00 ; elapsed = 00:00:00 . Memory (MB): peak = 3144.359 ; gain = 0.000 ; free physical = 110383 ; free virtual = 121220
INFO: [Project 1-570] Preparing netlist for logic optimization

Processing XDC Constraints
Initializing timing engine
Parsing XDC File [/nfs/home/xushuoxiang/Machsuite_V0.1/backprop/backprop/backprop_syn/solution/impl/verilog/project.gen/sources_1/bd/bd_0/ip/bd_0_hls_inst_0/bd_0_hls_inst_0/bd_0_hls_inst_0_in_context.xdc] for cell 'bd_0_i/hls_inst'
Finished Parsing XDC File [/nfs/home/xushuoxiang/Machsuite_V0.1/backprop/backprop/backprop_syn/solution/impl/verilog/project.gen/sources_1/bd/bd_0/ip/bd_0_hls_inst_0/bd_0_hls_inst_0/bd_0_hls_inst_0_in_context.xdc] for cell 'bd_0_i/hls_inst'
Parsing XDC File [/nfs/home/xushuoxiang/Machsuite_V0.1/backprop/backprop/backprop_syn/solution/impl/verilog/backprop.xdc]
Finished Parsing XDC File [/nfs/home/xushuoxiang/Machsuite_V0.1/backprop/backprop/backprop_syn/solution/impl/verilog/backprop.xdc]
Parsing XDC File [/nfs/home/xushuoxiang/Machsuite_V0.1/backprop/backprop/backprop_syn/solution/impl/verilog/project.runs/synth_1/dont_touch.xdc]
Finished Parsing XDC File [/nfs/home/xushuoxiang/Machsuite_V0.1/backprop/backprop/backprop_syn/solution/impl/verilog/project.runs/synth_1/dont_touch.xdc]
Completed Processing XDC Constraints

Netlist sorting complete. Time (s): cpu = 00:00:00 ; elapsed = 00:00:00 . Memory (MB): peak = 3208.391 ; gain = 0.000 ; free physical = 110295 ; free virtual = 121133
INFO: [Project 1-111] Unisim Transformation Summary:
No Unisim elements were transformed.

Constraint Validation Runtime : Time (s): cpu = 00:00:00.02 ; elapsed = 00:00:00.03 . Memory (MB): peak = 3208.391 ; gain = 0.000 ; free physical = 110295 ; free virtual = 121133
---------------------------------------------------------------------------------
Finished Constraint Validation : Time (s): cpu = 00:00:07 ; elapsed = 00:00:08 . Memory (MB): peak = 3208.391 ; gain = 72.031 ; free physical = 110364 ; free virtual = 121202
---------------------------------------------------------------------------------
---------------------------------------------------------------------------------
Start Loading Part and Timing Information
---------------------------------------------------------------------------------
Loading part: xc7v585tffg1761-2
---------------------------------------------------------------------------------
Finished Loading Part and Timing Information : Time (s): cpu = 00:00:07 ; elapsed = 00:00:08 . Memory (MB): peak = 3208.391 ; gain = 72.031 ; free physical = 110364 ; free virtual = 121202
---------------------------------------------------------------------------------
---------------------------------------------------------------------------------
Start Applying 'set_property' XDC Constraints
---------------------------------------------------------------------------------
Applied set_property KEEP_HIERARCHY = SOFT for bd_0_i. (constraint file  auto generated constraint).
Applied set_property KEEP_HIERARCHY = SOFT for bd_0_i/hls_inst. (constraint file  auto generated constraint).
---------------------------------------------------------------------------------
Finished applying 'set_property' XDC Constraints : Time (s): cpu = 00:00:07 ; elapsed = 00:00:08 . Memory (MB): peak = 3208.391 ; gain = 72.031 ; free physical = 110364 ; free virtual = 121202
---------------------------------------------------------------------------------
---------------------------------------------------------------------------------
Finished RTL Optimization Phase 2 : Time (s): cpu = 00:00:07 ; elapsed = 00:00:08 . Memory (MB): peak = 3208.391 ; gain = 72.031 ; free physical = 110364 ; free virtual = 121202
---------------------------------------------------------------------------------
---------------------------------------------------------------------------------
Start RTL Component Statistics 
---------------------------------------------------------------------------------
Detailed RTL Component Info : 
---------------------------------------------------------------------------------
Finished RTL Component Statistics 
---------------------------------------------------------------------------------
---------------------------------------------------------------------------------
Start Part Resource Summary
---------------------------------------------------------------------------------
Part Resources:
DSPs: 1260 (col length:180)
BRAMs: 1590 (col length: RAMB18 180 RAMB36 90)
---------------------------------------------------------------------------------
Finished Part Resource Summary
---------------------------------------------------------------------------------
---------------------------------------------------------------------------------
Start Cross Boundary and Area Optimization
---------------------------------------------------------------------------------
WARNING: [Synth 8-7080] Parallel synthesis criteria is not met
---------------------------------------------------------------------------------
Finished Cross Boundary and Area Optimization : Time (s): cpu = 00:00:08 ; elapsed = 00:00:09 . Memory (MB): peak = 3208.391 ; gain = 72.031 ; free physical = 110357 ; free virtual = 121199
---------------------------------------------------------------------------------
---------------------------------------------------------------------------------
Start Applying XDC Timing Constraints
---------------------------------------------------------------------------------
---------------------------------------------------------------------------------
Finished Applying XDC Timing Constraints : Time (s): cpu = 00:00:10 ; elapsed = 00:00:11 . Memory (MB): peak = 3208.391 ; gain = 72.031 ; free physical = 110238 ; free virtual = 121080
---------------------------------------------------------------------------------
---------------------------------------------------------------------------------
Start Timing Optimization
---------------------------------------------------------------------------------
---------------------------------------------------------------------------------
Finished Timing Optimization : Time (s): cpu = 00:00:10 ; elapsed = 00:00:11 . Memory (MB): peak = 3208.391 ; gain = 72.031 ; free physical = 110238 ; free virtual = 121079
---------------------------------------------------------------------------------
---------------------------------------------------------------------------------
Start Technology Mapping
---------------------------------------------------------------------------------
---------------------------------------------------------------------------------
Finished Technology Mapping : Time (s): cpu = 00:00:10 ; elapsed = 00:00:11 . Memory (MB): peak = 3208.391 ; gain = 72.031 ; free physical = 110234 ; free virtual = 121076
---------------------------------------------------------------------------------
---------------------------------------------------------------------------------
Start IO Insertion
---------------------------------------------------------------------------------
---------------------------------------------------------------------------------
Start Flattening Before IO Insertion
---------------------------------------------------------------------------------
---------------------------------------------------------------------------------
Finished Flattening Before IO Insertion
---------------------------------------------------------------------------------
---------------------------------------------------------------------------------
Start Final Netlist Cleanup
---------------------------------------------------------------------------------
---------------------------------------------------------------------------------
Finished Final Netlist Cleanup
---------------------------------------------------------------------------------
---------------------------------------------------------------------------------
Finished IO Insertion : Time (s): cpu = 00:00:12 ; elapsed = 00:00:13 . Memory (MB): peak = 3208.391 ; gain = 72.031 ; free physical = 110233 ; free virtual = 121075
---------------------------------------------------------------------------------
---------------------------------------------------------------------------------
Start Renaming Generated Instances
---------------------------------------------------------------------------------
---------------------------------------------------------------------------------
Finished Renaming Generated Instances : Time (s): cpu = 00:00:12 ; elapsed = 00:00:13 . Memory (MB): peak = 3208.391 ; gain = 72.031 ; free physical = 110233 ; free virtual = 121075
---------------------------------------------------------------------------------
---------------------------------------------------------------------------------
Start Rebuilding User Hierarchy
---------------------------------------------------------------------------------
---------------------------------------------------------------------------------
Finished Rebuilding User Hierarchy : Time (s): cpu = 00:00:12 ; elapsed = 00:00:13 . Memory (MB): peak = 3208.391 ; gain = 72.031 ; free physical = 110233 ; free virtual = 121075
---------------------------------------------------------------------------------
---------------------------------------------------------------------------------
Start Renaming Generated Ports
---------------------------------------------------------------------------------
---------------------------------------------------------------------------------
Finished Renaming Generated Ports : Time (s): cpu = 00:00:12 ; elapsed = 00:00:13 . Memory (MB): peak = 3208.391 ; gain = 72.031 ; free physical = 110233 ; free virtual = 121075
---------------------------------------------------------------------------------
---------------------------------------------------------------------------------
Start Handling Custom Attributes
---------------------------------------------------------------------------------
---------------------------------------------------------------------------------
Finished Handling Custom Attributes : Time (s): cpu = 00:00:12 ; elapsed = 00:00:13 . Memory (MB): peak = 3208.391 ; gain = 72.031 ; free physical = 110233 ; free virtual = 121075
---------------------------------------------------------------------------------
---------------------------------------------------------------------------------
Start Renaming Generated Nets
---------------------------------------------------------------------------------
---------------------------------------------------------------------------------
Finished Renaming Generated Nets : Time (s): cpu = 00:00:12 ; elapsed = 00:00:13 . Memory (MB): peak = 3208.391 ; gain = 72.031 ; free physical = 110233 ; free virtual = 121075
---------------------------------------------------------------------------------
---------------------------------------------------------------------------------
Start Writing Synthesis Report
---------------------------------------------------------------------------------

Report BlackBoxes: 
+------+----------------+----------+
|      |BlackBox name   |Instances |
+------+----------------+----------+
|1     |bd_0_hls_inst_0 |         1|
+------+----------------+----------+

Report Cell Usage: 
+------+--------------+------+
|      |Cell          |Count |
+------+--------------+------+
|1     |bd_0_hls_inst |     1|
+------+--------------+------+
---------------------------------------------------------------------------------
Finished Writing Synthesis Report : Time (s): cpu = 00:00:12 ; elapsed = 00:00:13 . Memory (MB): peak = 3208.391 ; gain = 72.031 ; free physical = 110233 ; free virtual = 121075
---------------------------------------------------------------------------------
Synthesis finished with 0 errors, 0 critical warnings and 1 warnings.
Synthesis Optimization Runtime : Time (s): cpu = 00:00:11 ; elapsed = 00:00:11 . Memory (MB): peak = 3208.391 ; gain = 8.000 ; free physical = 110286 ; free virtual = 121128
Synthesis Optimization Complete : Time (s): cpu = 00:00:13 ; elapsed = 00:00:13 . Memory (MB): peak = 3208.391 ; gain = 72.031 ; free physical = 110286 ; free virtual = 121128
INFO: [Project 1-571] Translating synthesized netlist
Netlist sorting complete. Time (s): cpu = 00:00:00 ; elapsed = 00:00:00 . Memory (MB): peak = 3208.391 ; gain = 0.000 ; free physical = 110375 ; free virtual = 121217
INFO: [Project 1-570] Preparing netlist for logic optimization
INFO: [Opt 31-138] Pushed 0 inverter(s) to 0 load pin(s).
Netlist sorting complete. Time (s): cpu = 00:00:00 ; elapsed = 00:00:00 . Memory (MB): peak = 3208.391 ; gain = 0.000 ; free physical = 110312 ; free virtual = 121154
INFO: [Project 1-111] Unisim Transformation Summary:
No Unisim elements were transformed.

Synth Design complete, checksum: 1a5a9e5c
INFO: [Common 17-83] Releasing license: Synthesis
21 Infos, 2 Warnings, 0 Critical Warnings and 0 Errors encountered.
synth_design completed successfully
synth_design: Time (s): cpu = 00:00:21 ; elapsed = 00:00:20 . Memory (MB): peak = 3208.391 ; gain = 80.035 ; free physical = 110509 ; free virtual = 121351
INFO: [Common 17-1381] The checkpoint '/nfs/home/xushuoxiang/Machsuite_V0.1/backprop/backprop/backprop_syn/solution/impl/verilog/project.runs/synth_1/bd_0_wrapper.dcp' has been generated.
INFO: [runtcl-4] Executing : report_utilization -file bd_0_wrapper_utilization_synth.rpt -pb bd_0_wrapper_utilization_synth.pb
INFO: [Common 17-206] Exiting Vivado at Wed Dec 20 22:06:56 2023...
[Wed Dec 20 22:07:07 2023] synth_1 finished
wait_on_runs: Time (s): cpu = 00:04:41 ; elapsed = 00:05:34 . Memory (MB): peak = 3277.863 ; gain = 0.000 ; free physical = 112034 ; free virtual = 122870
TIMESTAMP: HLS-REPORT: synthesis open_run: 2023-12-20 22:07:07 CST
INFO: HLS-REPORT: Opening synthesis design database: open_run synth_1
Design is defaulting to impl run constrset: constrs_1
Design is defaulting to synth run part: xc7v585tffg1761-2
INFO: [Device 21-403] Loading part xc7v585tffg1761-2
INFO: [Project 1-454] Reading design checkpoint '/nfs/home/xushuoxiang/Machsuite_V0.1/backprop/backprop/backprop_syn/solution/impl/verilog/project.gen/sources_1/bd/bd_0/ip/bd_0_hls_inst_0/bd_0_hls_inst_0.dcp' for cell 'bd_0_i/hls_inst'
Netlist sorting complete. Time (s): cpu = 00:00:01 ; elapsed = 00:00:01 . Memory (MB): peak = 3277.863 ; gain = 0.000 ; free physical = 111498 ; free virtual = 122335
INFO: [Netlist 29-17] Analyzing 8700 Unisim elements for replacement
INFO: [Netlist 29-28] Unisim Transformation completed in 0 CPU seconds
INFO: [Project 1-479] Netlist was created with Vivado 2022.1
INFO: [Project 1-570] Preparing netlist for logic optimization
Parsing XDC File [/nfs/home/xushuoxiang/Machsuite_V0.1/backprop/backprop/backprop_syn/solution/impl/verilog/backprop.xdc]
Finished Parsing XDC File [/nfs/home/xushuoxiang/Machsuite_V0.1/backprop/backprop/backprop_syn/solution/impl/verilog/backprop.xdc]
INFO: [Opt 31-138] Pushed 0 inverter(s) to 0 load pin(s).
Netlist sorting complete. Time (s): cpu = 00:00:00.01 ; elapsed = 00:00:00.02 . Memory (MB): peak = 3366.324 ; gain = 0.000 ; free physical = 111259 ; free virtual = 122097
INFO: [Project 1-111] Unisim Transformation Summary:
No Unisim elements were transformed.

open_run: Time (s): cpu = 00:00:24 ; elapsed = 00:00:30 . Memory (MB): peak = 3366.324 ; gain = 88.461 ; free physical = 111259 ; free virtual = 122097
TIMESTAMP: HLS-REPORT: synthesis generate_reports_vivado: 2023-12-20 22:07:36 CST
INFO: HLS-REPORT: Running report: report_utilization -file ./report/backprop_utilization_synth.rpt
INFO: HLS-REPORT: Running report: report_utilization -hierarchical -hierarchical_depth 7 -file ./report/backprop_utilization_hierarchical_synth.rpt
INFO: HLS-REPORT: Running report: report_timing_summary -file ./report/backprop_timing_synth.rpt
INFO: [Timing 38-35] Done setting XDC timing constraints.
INFO: [Timing 38-91] UpdateTimingParams: Speed grade: -2, Delay Type: min_max.
INFO: [Timing 38-191] Multithreading enabled for timing update using a maximum of 8 CPUs
WARNING: [Timing 38-242] The property HD.CLK_SRC of clock port "ap_clk" is not set. In out-of-context mode, this prevents timing estimation for clock delay/skew
Resolution: Set the HD.CLK_SRC property of the out-of-context port to the location of the clock buffer instance in the top-level design
report_timing_summary: Time (s): cpu = 00:00:35 ; elapsed = 00:00:16 . Memory (MB): peak = 4476.891 ; gain = 1110.566 ; free physical = 110336 ; free virtual = 121174
INFO: HLS-REPORT: Running report: report_timing -max_paths 10 -file ./report/backprop_timing_paths_synth.rpt
INFO: [Timing 38-91] UpdateTimingParams: Speed grade: -2, Delay Type: max.
INFO: [Timing 38-191] Multithreading enabled for timing update using a maximum of 8 CPUs
INFO: [Timing 38-78] ReportTimingParams: -max_paths 10 -nworst 1 -delay_type max -sort_by slack.
INFO: HLS-REPORT: Running report: report_design_analysis -file ./report/backprop_design_analysis_synth.rpt
INFO: [Implflow 30-839]  
INFO: HLS-REPORT: Running report: ::tclapp::xilinx::designutils::report_failfast -detailed_report synth -file ./report/backprop_failfast_synth.rpt
 -I- design metrics completed in 3 seconds
 -I- DONT_TOUCH metric completed in 0 seconds
 -I- MARK_DEBUG metric completed in 1 seconds
 -I- utilization metrics completed in 1 seconds
 -I- control set metrics completed in 1 seconds
 -I- methodology check metrics completed in 3 seconds
 -I- average fanout metrics completed in 5 seconds (4 modules)
 -I- Generated file /nfs/home/xushuoxiang/Machsuite_V0.1/backprop/backprop/backprop_syn/solution/impl/verilog/report/synth.AVGFO.rpt
 -I- non-FD high fanout nets completed in 5 seconds
 -I- path budgeting metrics completed in 3 seconds
#  +-----------------------------------------------------------------------------------------+
#  | Design Summary                                                                          |
#  | design_1                                                                                |
#  | xc7v585tffg1761-2                                                                       |
#  +-----------------------------------------------------------+-----------+--------+--------+
#  | Criteria                                                  | Guideline | Actual | Status |
#  +-----------------------------------------------------------+-----------+--------+--------+
#  | LUT                                                       | 70%       | 20.13% | OK     |
#  | FD                                                        | 50%       | 11.48% | OK     |
#  | LUTRAM+SRL                                                | 25%       | 8.74%  | OK     |
#  | MUXF7                                                     | 15%       | 0.27%  | OK     |
#  | DSP                                                       | 80%       | 8.73%  | OK     |
#  | RAMB/FIFO                                                 | 80%       | 2.70%  | OK     |
#  | DSP+RAMB+URAM (Avg)                                       | 70%       | 5.71%  | OK     |
#  | BUFGCE* + BUFGCTRL                                        | 24        | 0      | OK     |
#  | DONT_TOUCH (cells/nets)                                   | 0         | 0      | OK     |
#  | MARK_DEBUG (nets)                                         | 0         | 0      | OK     |
#  | Control Sets                                              | 6829      | 596    | OK     |
#  | Average Fanout for modules > 100k cells                   | 4         | 2.51   | OK     |
#  | Non-FD high fanout nets > 10k loads                       | 0         | 0      | OK     |
#  +-----------------------------------------------------------+-----------+--------+--------+
#  | TIMING-6 (No common primary clock between related clocks) | 0         | 0      | OK     |
#  | TIMING-7 (No common node between related clocks)          | 0         | 0      | OK     |
#  | TIMING-8 (No common period between related clocks)        | 0         | 0      | OK     |
#  | TIMING-14 (LUT on the clock tree)                         | 0         | 0      | OK     |
#  | TIMING-35 (No common node in paths with the same clock)   | 0         | 0      | OK     |
#  +-----------------------------------------------------------+-----------+--------+--------+
#  | Number of paths above max LUT budgeting (0.500ns)         | 0         | 0      | OK     |
#  | Number of paths above max Net budgeting (0.350ns)         | 0         | 0      | OK     |
#  +-----------------------------------------------------------+-----------+--------+--------+
 -I- Generated file /nfs/home/xushuoxiang/Machsuite_V0.1/backprop/backprop/backprop_syn/solution/impl/verilog/report/backprop_failfast_synth.rpt
 -I- Number of criteria to review: 0
 -I- This report should be run before placing the design and uses conservative guidelines beyond which runtime and timing closure will likely be more challenging
 -I- report_failfast completed in 22 seconds
TIMESTAMP: HLS-REPORT: synthesis gen_data_dict_vivado: 2023-12-20 22:08:16 CST
TIMESTAMP: HLS-REPORT: synth extract_util_hier: 2023-12-20 22:08:16 CST
TIMESTAMP: HLS-REPORT: synth get_cell_hier_data: 2023-12-20 22:08:16 CST
TIMESTAMP: HLS-REPORT: synth get_timing_paths: 2023-12-20 22:08:16 CST
TIMESTAMP: HLS-REPORT: synth process timing paths: 2023-12-20 22:08:16 CST
TIMESTAMP: HLS-REPORT: synth get_all_vv_rpt_files: 2023-12-20 22:08:16 CST
TIMESTAMP: HLS-REPORT: synthesis write_reports_vivado: 2023-12-20 22:08:16 CST
HLS EXTRACTION: synth area_totals:  0 364200 728400 1260 1590 0 0
HLS EXTRACTION: synth area_current: 0 73299 83631 110 43 0 9696 0 0 0
HLS EXTRACTION: synth resources_dict: AVAIL_LUT 364200 LUT 73299 AVAIL_FF 728400 FF 83631 AVAIL_DSP 1260 DSP 110 AVAIL_BRAM 1590 BRAM 43 AVAIL_URAM 0 URAM 0 LATCH 0 SRL 9696 AVAIL_CLB 0 CLB 0
INFO: HLS-REPORT: generated /nfs/home/xushuoxiang/Machsuite_V0.1/backprop/backprop/backprop_syn/solution/impl/verilog/report/vivado_syn.xml
INFO: HLS-REPORT: generated /nfs/home/xushuoxiang/Machsuite_V0.1/backprop/backprop/backprop_syn/solution/impl/report/verilog/backprop_export.rpt


Implementation tool: Xilinx Vivado v.2022.1
Project:             backprop_syn
Solution:            solution
Device target:       xc7v585t-ffg1761-2
Report date:         Wed Dec 20 22:08:16 CST 2023

#=== Post-Synthesis Resource usage ===
SLICE:            0
LUT:          73299
FF:           83631
DSP:            110
BRAM:            43
URAM:             0
LATCH:            0
SRL:           9696
CLB:              0

#=== Final timing ===
CP required:                     10.000
CP achieved post-synthesis:      7.197
Timing met

TIMESTAMP: HLS-REPORT: synthesis end: 2023-12-20 22:08:16 CST
# if { $has_impl } {
#   # launch run impl
#   if { [llength $impl_props] } {
#     set_property -dict $impl_props [get_runs impl_1]
#   }
#   launch_runs impl_1
#   wait_on_run impl_1
#   # impl reports
#   hls_vivado_reports_impl impl_1 $report_options
# }
# hls_vivado_reports_finalize $report_options
TIMESTAMP: HLS-REPORT: all reports complete: 2023-12-20 22:08:16 CST
INFO: [Common 17-206] Exiting Vivado at Wed Dec 20 22:08:16 2023...
