

================================================================
== Vitis HLS Report for 'backprop_Pipeline_VITIS_LOOP_18_14'
================================================================
* Date:           Wed Dec 20 21:42:50 2023

* Version:        2022.1 (Build 3526262 on Mon Apr 18 15:47:01 MDT 2022)
* Project:        backprop_syn
* Solution:       solution (Vivado IP Flow Target)
* Product family: virtex7
* Target device:  xc7v585t-ffg1761-2


================================================================
== Performance Estimates
================================================================
+ Timing: 
    * Summary: 
    +--------+----------+----------+------------+
    |  Clock |  Target  | Estimated| Uncertainty|
    +--------+----------+----------+------------+
    |ap_clk  |  10.00 ns|  7.148 ns|     2.70 ns|
    +--------+----------+----------+------------+

+ Latency: 
    * Summary: 
    +---------+---------+----------+----------+-----+-----+---------+
    |  Latency (cycles) |  Latency (absolute) |  Interval | Pipeline|
    |   min   |   max   |    min   |    max   | min | max |   Type  |
    +---------+---------+----------+----------+-----+-----+---------+
    |      125|      125|  1.250 us|  1.250 us|  125|  125|       no|
    +---------+---------+----------+----------+-----+-----+---------+

    + Detail: 
        * Instance: 
        N/A

        * Loop: 
        +-------------------+---------+---------+----------+-----------+-----------+------+----------+
        |                   |  Latency (cycles) | Iteration|  Initiation Interval  | Trip |          |
        |     Loop Name     |   min   |   max   |  Latency |  achieved |   target  | Count| Pipelined|
        +-------------------+---------+---------+----------+-----------+-----------+------+----------+
        |- VITIS_LOOP_18_1  |      123|      123|        41|         41|          1|     3|       yes|
        +-------------------+---------+---------+----------+-----------+-----------+------+----------+



================================================================
== Utilization Estimates
================================================================
* Summary: 
+-----------------+---------+------+--------+--------+-----+
|       Name      | BRAM_18K|  DSP |   FF   |   LUT  | URAM|
+-----------------+---------+------+--------+--------+-----+
|DSP              |        -|     -|       -|       -|    -|
|Expression       |        -|     -|       0|      89|    -|
|FIFO             |        -|     -|       -|       -|    -|
|Instance         |        -|     -|       0|      13|    -|
|Memory           |        -|     -|       -|       -|    -|
|Multiplexer      |        -|     -|       -|     323|    -|
|Register         |        -|     -|     754|       -|    -|
+-----------------+---------+------+--------+--------+-----+
|Total            |        0|     0|     754|     425|    0|
+-----------------+---------+------+--------+--------+-----+
|Available        |     1590|  1260|  728400|  364200|    0|
+-----------------+---------+------+--------+--------+-----+
|Utilization (%)  |        0|     0|      ~0|      ~0|    0|
+-----------------+---------+------+--------+--------+-----+

+ Detail: 
    * Instance: 
    +--------------------+---------------+---------+----+---+----+-----+
    |      Instance      |     Module    | BRAM_18K| DSP| FF| LUT| URAM|
    +--------------------+---------------+---------+----+---+----+-----+
    |mux_32_64_1_1_U209  |mux_32_64_1_1  |        0|   0|  0|  13|    0|
    +--------------------+---------------+---------+----+---+----+-----+
    |Total               |               |        0|   0|  0|  13|    0|
    +--------------------+---------------+---------+----+---+----+-----+

    * DSP: 
    N/A

    * Memory: 
    N/A

    * FIFO: 
    N/A

    * Expression: 
    +---------------------+----------+----+---+----+------------+------------+
    |    Variable Name    | Operation| DSP| FF| LUT| Bitwidth P0| Bitwidth P1|
    +---------------------+----------+----+---+----+------------+------------+
    |add_ln18_fu_236_p2   |         +|   0|  0|  10|           2|           1|
    |ap_condition_612     |       and|   0|  0|   2|           1|           1|
    |ap_condition_618     |       and|   0|  0|   2|           1|           1|
    |icmp_ln18_fu_230_p2  |      icmp|   0|  0|   8|           2|           2|
    |ap_enable_pp0        |       xor|   0|  0|   2|           1|           2|
    |xor_ln20_fu_268_p2   |       xor|   0|  0|  65|          64|          65|
    +---------------------+----------+----+---+----+------------+------------+
    |Total                |          |   0|  0|  89|          71|          72|
    +---------------------+----------+----+---+----+------------+------------+

    * Multiplexer: 
    +-----------------------------+-----+-----------+-----+-----------+
    |             Name            | LUT | Input Size| Bits| Total Bits|
    +-----------------------------+-----+-----------+-----+-----------+
    |activations3_1_8_fu_68       |    9|          2|   64|        128|
    |activations3_1_9_fu_72       |    9|          2|   64|        128|
    |activations3_1_fu_64         |    9|          2|   64|        128|
    |ap_NS_fsm                    |  185|         42|    1|         42|
    |ap_done_int                  |    9|          2|    1|          2|
    |ap_enable_reg_pp0_iter0      |    9|          2|    1|          2|
    |ap_enable_reg_pp0_iter0_reg  |    9|          2|    1|          2|
    |ap_enable_reg_pp0_iter1      |    9|          2|    1|          2|
    |dactivations3_1_1_fu_80      |    9|          2|   64|        128|
    |dactivations3_1_2_fu_84      |    9|          2|   64|        128|
    |dactivations3_1_fu_76        |    9|          2|   64|        128|
    |grp_fu_166_opcode            |   13|          3|    2|          6|
    |grp_fu_166_p0                |   13|          3|   64|        192|
    |grp_fu_166_p1                |   13|          3|   64|        192|
    |i_fu_60                      |    9|          2|    2|          4|
    +-----------------------------+-----+-----------+-----+-----------+
    |Total                        |  323|         73|  521|       1212|
    +-----------------------------+-----+-----------+-----+-----------+

    * Register: 
    +-----------------------------+----+----+-----+-----------+
    |             Name            | FF | LUT| Bits| Const Bits|
    +-----------------------------+----+----+-----+-----------+
    |activations3_1_8_fu_68       |  64|   0|   64|          0|
    |activations3_1_9_fu_72       |  64|   0|   64|          0|
    |activations3_1_fu_64         |  64|   0|   64|          0|
    |add_ln18_reg_392             |   2|   0|    2|          0|
    |ap_CS_fsm                    |  41|   0|   41|          0|
    |ap_done_reg                  |   1|   0|    1|          0|
    |ap_enable_reg_pp0_iter0_reg  |   1|   0|    1|          0|
    |ap_enable_reg_pp0_iter1      |   1|   0|    1|          0|
    |dactivations3_1_1_fu_80      |  64|   0|   64|          0|
    |dactivations3_1_2_fu_84      |  64|   0|   64|          0|
    |dactivations3_1_4_reg_413    |  64|   0|   64|          0|
    |dactivations3_1_fu_76        |  64|   0|   64|          0|
    |i_13_reg_385                 |   2|   0|    2|          0|
    |i_fu_60                      |   2|   0|    2|          0|
    |reg_186                      |  64|   0|   64|          0|
    |tmp_2_reg_420                |  64|   0|   64|          0|
    |tmp_6_reg_397                |  64|   0|   64|          0|
    |xor_ln20_reg_403             |  64|   0|   64|          0|
    +-----------------------------+----+----+-----+-----------+
    |Total                        | 754|   0|  754|          0|
    +-----------------------------+----+----+-----+-----------+



================================================================
== Interface
================================================================
* Summary: 
+------------------------------+-----+-----+------------+------------------------------------+--------------+
|           RTL Ports          | Dir | Bits|  Protocol  |            Source Object           |    C Type    |
+------------------------------+-----+-----+------------+------------------------------------+--------------+
|ap_clk                        |   in|    1|  ap_ctrl_hs|  backprop_Pipeline_VITIS_LOOP_18_14|  return value|
|ap_rst                        |   in|    1|  ap_ctrl_hs|  backprop_Pipeline_VITIS_LOOP_18_14|  return value|
|ap_start                      |   in|    1|  ap_ctrl_hs|  backprop_Pipeline_VITIS_LOOP_18_14|  return value|
|ap_done                       |  out|    1|  ap_ctrl_hs|  backprop_Pipeline_VITIS_LOOP_18_14|  return value|
|ap_idle                       |  out|    1|  ap_ctrl_hs|  backprop_Pipeline_VITIS_LOOP_18_14|  return value|
|ap_ready                      |  out|    1|  ap_ctrl_hs|  backprop_Pipeline_VITIS_LOOP_18_14|  return value|
|grp_fu_6768_p_din0            |  out|   64|  ap_ctrl_hs|  backprop_Pipeline_VITIS_LOOP_18_14|  return value|
|grp_fu_6768_p_din1            |  out|   64|  ap_ctrl_hs|  backprop_Pipeline_VITIS_LOOP_18_14|  return value|
|grp_fu_6768_p_opcode          |  out|    2|  ap_ctrl_hs|  backprop_Pipeline_VITIS_LOOP_18_14|  return value|
|grp_fu_6768_p_dout0           |   in|   64|  ap_ctrl_hs|  backprop_Pipeline_VITIS_LOOP_18_14|  return value|
|grp_fu_6768_p_ce              |  out|    1|  ap_ctrl_hs|  backprop_Pipeline_VITIS_LOOP_18_14|  return value|
|grp_fu_6776_p_din0            |  out|   64|  ap_ctrl_hs|  backprop_Pipeline_VITIS_LOOP_18_14|  return value|
|grp_fu_6776_p_din1            |  out|   64|  ap_ctrl_hs|  backprop_Pipeline_VITIS_LOOP_18_14|  return value|
|grp_fu_6776_p_dout0           |   in|   64|  ap_ctrl_hs|  backprop_Pipeline_VITIS_LOOP_18_14|  return value|
|grp_fu_6776_p_ce              |  out|    1|  ap_ctrl_hs|  backprop_Pipeline_VITIS_LOOP_18_14|  return value|
|grp_fu_6784_p_din0            |  out|   64|  ap_ctrl_hs|  backprop_Pipeline_VITIS_LOOP_18_14|  return value|
|grp_fu_6784_p_din1            |  out|   64|  ap_ctrl_hs|  backprop_Pipeline_VITIS_LOOP_18_14|  return value|
|grp_fu_6784_p_dout0           |   in|   64|  ap_ctrl_hs|  backprop_Pipeline_VITIS_LOOP_18_14|  return value|
|grp_fu_6784_p_ce              |  out|    1|  ap_ctrl_hs|  backprop_Pipeline_VITIS_LOOP_18_14|  return value|
|grp_fu_6788_p_din0            |  out|   64|  ap_ctrl_hs|  backprop_Pipeline_VITIS_LOOP_18_14|  return value|
|grp_fu_6788_p_din1            |  out|   64|  ap_ctrl_hs|  backprop_Pipeline_VITIS_LOOP_18_14|  return value|
|grp_fu_6788_p_dout0           |   in|   64|  ap_ctrl_hs|  backprop_Pipeline_VITIS_LOOP_18_14|  return value|
|grp_fu_6788_p_ce              |  out|    1|  ap_ctrl_hs|  backprop_Pipeline_VITIS_LOOP_18_14|  return value|
|dactivations3_2_06            |   in|   64|     ap_none|                  dactivations3_2_06|        scalar|
|dactivations3_1_05            |   in|   64|     ap_none|                  dactivations3_1_05|        scalar|
|dactivations3_0_04            |   in|   64|     ap_none|                  dactivations3_0_04|        scalar|
|activations3_2_6_reload       |   in|   64|     ap_none|             activations3_2_6_reload|        scalar|
|activations3_1_6_reload       |   in|   64|     ap_none|             activations3_1_6_reload|        scalar|
|activations3_0_63_reload      |   in|   64|     ap_none|            activations3_0_63_reload|        scalar|
|dactivations3_2_1_out         |  out|   64|      ap_vld|               dactivations3_2_1_out|       pointer|
|dactivations3_2_1_out_ap_vld  |  out|    1|      ap_vld|               dactivations3_2_1_out|       pointer|
|dactivations3_1_1_out         |  out|   64|      ap_vld|               dactivations3_1_1_out|       pointer|
|dactivations3_1_1_out_ap_vld  |  out|    1|      ap_vld|               dactivations3_1_1_out|       pointer|
|dactivations3_0_1_out         |  out|   64|      ap_vld|               dactivations3_0_1_out|       pointer|
|dactivations3_0_1_out_ap_vld  |  out|    1|      ap_vld|               dactivations3_0_1_out|       pointer|
|activations3_2_8_out          |  out|   64|      ap_vld|                activations3_2_8_out|       pointer|
|activations3_2_8_out_ap_vld   |  out|    1|      ap_vld|                activations3_2_8_out|       pointer|
|activations3_1_8_out          |  out|   64|      ap_vld|                activations3_1_8_out|       pointer|
|activations3_1_8_out_ap_vld   |  out|    1|      ap_vld|                activations3_1_8_out|       pointer|
|activations3_0_8_out          |  out|   64|      ap_vld|                activations3_0_8_out|       pointer|
|activations3_0_8_out_ap_vld   |  out|    1|      ap_vld|                activations3_0_8_out|       pointer|
+------------------------------+-----+-----+------------+------------------------------------+--------------+

