

================================================================
== Vitis HLS Report for 'backprop_Pipeline_VITIS_LOOP_66_1'
================================================================
* Date:           Wed Dec 20 21:42:49 2023

* Version:        2022.1 (Build 3526262 on Mon Apr 18 15:47:01 MDT 2022)
* Project:        backprop_syn
* Solution:       solution (Vivado IP Flow Target)
* Product family: virtex7
* Target device:  xc7v585t-ffg1761-2


================================================================
== Performance Estimates
================================================================
+ Timing: 
    * Summary: 
    +--------+----------+----------+------------+
    |  Clock |  Target  | Estimated| Uncertainty|
    +--------+----------+----------+------------+
    |ap_clk  |  10.00 ns|  7.671 ns|     2.70 ns|
    +--------+----------+----------+------------+

+ Latency: 
    * Summary: 
    +---------+---------+----------+----------+-----+-----+---------+
    |  Latency (cycles) |  Latency (absolute) |  Interval | Pipeline|
    |   min   |   max   |    min   |    max   | min | max |   Type  |
    +---------+---------+----------+----------+-----+-----+---------+
    |      392|      392|  3.920 us|  3.920 us|  392|  392|       no|
    +---------+---------+----------+----------+-----+-----+---------+

    + Detail: 
        * Instance: 
        N/A

        * Loop: 
        +-------------------+---------+---------+----------+-----------+-----------+------+----------+
        |                   |  Latency (cycles) | Iteration|  Initiation Interval  | Trip |          |
        |     Loop Name     |   min   |   max   |  Latency |  achieved |   target  | Count| Pipelined|
        +-------------------+---------+---------+----------+-----------+-----------+------+----------+
        |- VITIS_LOOP_66_1  |      390|      390|       327|         32|          1|     3|       yes|
        +-------------------+---------+---------+----------+-----------+-----------+------+----------+



================================================================
== Utilization Estimates
================================================================
* Summary: 
+-----------------+---------+------+--------+--------+-----+
|       Name      | BRAM_18K|  DSP |   FF   |   LUT  | URAM|
+-----------------+---------+------+--------+--------+-----+
|DSP              |        -|     -|       -|       -|    -|
|Expression       |        -|     -|       0|     524|    -|
|FIFO             |        -|     -|       -|       -|    -|
|Instance         |        -|     -|       -|       -|    -|
|Memory           |        -|     -|       -|       -|    -|
|Multiplexer      |        -|     -|       -|    1632|    -|
|Register         |        -|     -|    9020|    1664|    -|
+-----------------+---------+------+--------+--------+-----+
|Total            |        0|     0|    9020|    3820|    0|
+-----------------+---------+------+--------+--------+-----+
|Available        |     1590|  1260|  728400|  364200|    0|
+-----------------+---------+------+--------+--------+-----+
|Utilization (%)  |        0|     0|       1|       1|    0|
+-----------------+---------+------+--------+--------+-----+

+ Detail: 
    * Instance: 
    N/A

    * DSP: 
    N/A

    * Memory: 
    N/A

    * FIFO: 
    N/A

    * Expression: 
    +-----------------------+----------+----+---+----+------------+------------+
    |     Variable Name     | Operation| DSP| FF| LUT| Bitwidth P0| Bitwidth P1|
    +-----------------------+----------+----+---+----+------------+------------+
    |add_ln66_fu_1380_p2    |         +|   0|  0|  10|           2|           1|
    |icmp_ln66_fu_1374_p2   |      icmp|   0|  0|   8|           2|           2|
    |or_ln69_10_fu_1545_p2  |        or|   0|  0|   8|           8|           4|
    |or_ln69_11_fu_1565_p2  |        or|   0|  0|   8|           8|           4|
    |or_ln69_12_fu_1575_p2  |        or|   0|  0|   8|           8|           4|
    |or_ln69_13_fu_1595_p2  |        or|   0|  0|   8|           8|           4|
    |or_ln69_14_fu_1605_p2  |        or|   0|  0|   8|           8|           4|
    |or_ln69_15_fu_1625_p2  |        or|   0|  0|   8|           8|           5|
    |or_ln69_16_fu_1635_p2  |        or|   0|  0|   8|           8|           5|
    |or_ln69_17_fu_1655_p2  |        or|   0|  0|   8|           8|           5|
    |or_ln69_18_fu_1665_p2  |        or|   0|  0|   8|           8|           5|
    |or_ln69_19_fu_1685_p2  |        or|   0|  0|   8|           8|           5|
    |or_ln69_1_fu_1415_p2   |        or|   0|  0|   8|           8|           2|
    |or_ln69_20_fu_1695_p2  |        or|   0|  0|   8|           8|           5|
    |or_ln69_21_fu_1715_p2  |        or|   0|  0|   8|           8|           5|
    |or_ln69_22_fu_1725_p2  |        or|   0|  0|   8|           8|           5|
    |or_ln69_23_fu_1745_p2  |        or|   0|  0|   8|           8|           5|
    |or_ln69_24_fu_1755_p2  |        or|   0|  0|   8|           8|           5|
    |or_ln69_25_fu_1775_p2  |        or|   0|  0|   8|           8|           5|
    |or_ln69_26_fu_1785_p2  |        or|   0|  0|   8|           8|           5|
    |or_ln69_27_fu_1805_p2  |        or|   0|  0|   8|           8|           5|
    |or_ln69_28_fu_1815_p2  |        or|   0|  0|   8|           8|           5|
    |or_ln69_29_fu_1835_p2  |        or|   0|  0|   8|           8|           5|
    |or_ln69_2_fu_1425_p2   |        or|   0|  0|   8|           8|           2|
    |or_ln69_30_fu_1845_p2  |        or|   0|  0|   8|           8|           5|
    |or_ln69_31_fu_1865_p2  |        or|   0|  0|   8|           8|           6|
    |or_ln69_32_fu_1875_p2  |        or|   0|  0|   8|           8|           6|
    |or_ln69_33_fu_1895_p2  |        or|   0|  0|   8|           8|           6|
    |or_ln69_34_fu_1905_p2  |        or|   0|  0|   8|           8|           6|
    |or_ln69_35_fu_1925_p2  |        or|   0|  0|   8|           8|           6|
    |or_ln69_36_fu_1935_p2  |        or|   0|  0|   8|           8|           6|
    |or_ln69_37_fu_1955_p2  |        or|   0|  0|   8|           8|           6|
    |or_ln69_38_fu_1965_p2  |        or|   0|  0|   8|           8|           6|
    |or_ln69_39_fu_1985_p2  |        or|   0|  0|   8|           8|           6|
    |or_ln69_3_fu_1445_p2   |        or|   0|  0|   8|           8|           3|
    |or_ln69_40_fu_1995_p2  |        or|   0|  0|   8|           8|           6|
    |or_ln69_41_fu_2015_p2  |        or|   0|  0|   8|           8|           6|
    |or_ln69_42_fu_2025_p2  |        or|   0|  0|   8|           8|           6|
    |or_ln69_43_fu_2045_p2  |        or|   0|  0|   8|           8|           6|
    |or_ln69_44_fu_2055_p2  |        or|   0|  0|   8|           8|           6|
    |or_ln69_45_fu_2075_p2  |        or|   0|  0|   8|           8|           6|
    |or_ln69_46_fu_2085_p2  |        or|   0|  0|   8|           8|           6|
    |or_ln69_47_fu_2105_p2  |        or|   0|  0|   8|           8|           6|
    |or_ln69_48_fu_2115_p2  |        or|   0|  0|   8|           8|           6|
    |or_ln69_49_fu_2135_p2  |        or|   0|  0|   8|           8|           6|
    |or_ln69_4_fu_1455_p2   |        or|   0|  0|   8|           8|           3|
    |or_ln69_50_fu_2145_p2  |        or|   0|  0|   8|           8|           6|
    |or_ln69_51_fu_2165_p2  |        or|   0|  0|   8|           8|           6|
    |or_ln69_52_fu_2175_p2  |        or|   0|  0|   8|           8|           6|
    |or_ln69_53_fu_2195_p2  |        or|   0|  0|   8|           8|           6|
    |or_ln69_54_fu_2205_p2  |        or|   0|  0|   8|           8|           6|
    |or_ln69_55_fu_2225_p2  |        or|   0|  0|   8|           8|           6|
    |or_ln69_56_fu_2235_p2  |        or|   0|  0|   8|           8|           6|
    |or_ln69_57_fu_2255_p2  |        or|   0|  0|   8|           8|           6|
    |or_ln69_58_fu_2265_p2  |        or|   0|  0|   8|           8|           6|
    |or_ln69_59_fu_2285_p2  |        or|   0|  0|   8|           8|           6|
    |or_ln69_5_fu_1475_p2   |        or|   0|  0|   8|           8|           3|
    |or_ln69_60_fu_2295_p2  |        or|   0|  0|   8|           8|           6|
    |or_ln69_61_fu_2315_p2  |        or|   0|  0|   8|           8|           6|
    |or_ln69_62_fu_2325_p2  |        or|   0|  0|   8|           8|           6|
    |or_ln69_6_fu_1485_p2   |        or|   0|  0|   8|           8|           3|
    |or_ln69_7_fu_1505_p2   |        or|   0|  0|   8|           8|           4|
    |or_ln69_8_fu_1515_p2   |        or|   0|  0|   8|           8|           4|
    |or_ln69_9_fu_1535_p2   |        or|   0|  0|   8|           8|           4|
    |or_ln69_fu_1399_p2     |        or|   0|  0|   8|           8|           1|
    |ap_enable_pp0          |       xor|   0|  0|   2|           1|           2|
    +-----------------------+----------+----+---+----+------------+------------+
    |Total                  |          |   0|  0| 524|         509|         326|
    +-----------------------+----------+----+---+----+------------+------------+

    * Multiplexer: 
    +----------------------------------+-----+-----------+-----+-----------+
    |               Name               | LUT | Input Size| Bits| Total Bits|
    +----------------------------------+-----+-----------+-----+-----------+
    |activations3_1_1_fu_318           |    9|          2|   64|        128|
    |activations3_1_2_fu_322           |    9|          2|   64|        128|
    |activations3_1_fu_314             |    9|          2|   64|        128|
    |ap_NS_fsm                         |  156|         33|    1|         33|
    |ap_done_int                       |    9|          2|    1|          2|
    |ap_enable_reg_pp0_iter0           |    9|          2|    1|          2|
    |ap_enable_reg_pp0_iter1           |    9|          2|    1|          2|
    |ap_enable_reg_pp0_iter10          |    9|          2|    1|          2|
    |ap_loop_exit_ready_pp0_iter1_reg  |    9|          2|    1|          2|
    |ap_loop_exit_ready_pp0_iter2_reg  |    9|          2|    1|          2|
    |ap_loop_exit_ready_pp0_iter3_reg  |    9|          2|    1|          2|
    |ap_loop_exit_ready_pp0_iter4_reg  |    9|          2|    1|          2|
    |ap_loop_exit_ready_pp0_iter5_reg  |    9|          2|    1|          2|
    |ap_loop_exit_ready_pp0_iter6_reg  |    9|          2|    1|          2|
    |ap_loop_exit_ready_pp0_iter7_reg  |    9|          2|    1|          2|
    |ap_loop_exit_ready_pp0_iter8_reg  |    9|          2|    1|          2|
    |ap_loop_exit_ready_pp0_iter9_reg  |    9|          2|    1|          2|
    |ap_sig_allocacmp_j_1              |    9|          2|    2|          4|
    |grp_fu_1270_p0                    |   33|          8|   64|        512|
    |grp_fu_1270_p1                    |  156|         33|   64|       2112|
    |grp_fu_1275_p0                    |   33|          8|   64|        512|
    |grp_fu_1275_p1                    |  156|         33|   64|       2112|
    |grp_fu_1279_p0                    |  156|         33|   64|       2112|
    |grp_fu_1279_p1                    |  156|         33|   64|       2112|
    |grp_fu_1283_p0                    |  156|         33|   64|       2112|
    |grp_fu_1283_p1                    |  156|         33|   64|       2112|
    |j_fu_310                          |    9|          2|    2|          4|
    |weights3_address0                 |  156|         33|    8|        264|
    |weights3_address1                 |  156|         33|    8|        264|
    +----------------------------------+-----+-----------+-----+-----------+
    |Total                             | 1632|        349|  738|      14675|
    +----------------------------------+-----+-----------+-----+-----------+

    * Register: 
    +-----------------------------------+----+----+-----+-----------+
    |                Name               | FF | LUT| Bits| Const Bits|
    +-----------------------------------+----+----+-----+-----------+
    |activations3_1_1_fu_318            |  64|   0|   64|          0|
    |activations3_1_2_fu_322            |  64|   0|   64|          0|
    |activations3_1_fu_314              |  64|   0|   64|          0|
    |add11_i2_61_reg_3764               |  64|   0|   64|          0|
    |ap_CS_fsm                          |  32|   0|   32|          0|
    |ap_done_reg                        |   1|   0|    1|          0|
    |ap_enable_reg_pp0_iter0_reg        |   1|   0|    1|          0|
    |ap_enable_reg_pp0_iter1            |   1|   0|    1|          0|
    |ap_enable_reg_pp0_iter10           |   1|   0|    1|          0|
    |ap_enable_reg_pp0_iter2            |   1|   0|    1|          0|
    |ap_enable_reg_pp0_iter3            |   1|   0|    1|          0|
    |ap_enable_reg_pp0_iter4            |   1|   0|    1|          0|
    |ap_enable_reg_pp0_iter5            |   1|   0|    1|          0|
    |ap_enable_reg_pp0_iter6            |   1|   0|    1|          0|
    |ap_enable_reg_pp0_iter7            |   1|   0|    1|          0|
    |ap_enable_reg_pp0_iter8            |   1|   0|    1|          0|
    |ap_enable_reg_pp0_iter9            |   1|   0|    1|          0|
    |ap_loop_exit_ready_pp0_iter1_reg   |   1|   0|    1|          0|
    |ap_loop_exit_ready_pp0_iter2_reg   |   1|   0|    1|          0|
    |ap_loop_exit_ready_pp0_iter3_reg   |   1|   0|    1|          0|
    |ap_loop_exit_ready_pp0_iter4_reg   |   1|   0|    1|          0|
    |ap_loop_exit_ready_pp0_iter5_reg   |   1|   0|    1|          0|
    |ap_loop_exit_ready_pp0_iter6_reg   |   1|   0|    1|          0|
    |ap_loop_exit_ready_pp0_iter7_reg   |   1|   0|    1|          0|
    |ap_loop_exit_ready_pp0_iter8_reg   |   1|   0|    1|          0|
    |ap_loop_exit_ready_pp0_iter9_reg   |   1|   0|    1|          0|
    |icmp_ln66_reg_2734                 |   1|   0|    1|          0|
    |j_1_reg_2730                       |   2|   0|    2|          0|
    |j_fu_310                           |   2|   0|    2|          0|
    |mul8_i2_10_reg_3059                |  64|   0|   64|          0|
    |mul8_i2_10_reg_3059_pp0_iter1_reg  |  64|   0|   64|          0|
    |mul8_i2_11_reg_3084                |  64|   0|   64|          0|
    |mul8_i2_11_reg_3084_pp0_iter1_reg  |  64|   0|   64|          0|
    |mul8_i2_12_reg_3089                |  64|   0|   64|          0|
    |mul8_i2_12_reg_3089_pp0_iter1_reg  |  64|   0|   64|          0|
    |mul8_i2_13_reg_3114                |  64|   0|   64|          0|
    |mul8_i2_14_reg_3119                |  64|   0|   64|          0|
    |mul8_i2_15_reg_3144                |  64|   0|   64|          0|
    |mul8_i2_16_reg_3149                |  64|   0|   64|          0|
    |mul8_i2_17_reg_3174                |  64|   0|   64|          0|
    |mul8_i2_18_reg_3179                |  64|   0|   64|          0|
    |mul8_i2_19_reg_3204                |  64|   0|   64|          0|
    |mul8_i2_1_reg_2909                 |  64|   0|   64|          0|
    |mul8_i2_20_reg_3209                |  64|   0|   64|          0|
    |mul8_i2_21_reg_3234                |  64|   0|   64|          0|
    |mul8_i2_22_reg_3239                |  64|   0|   64|          0|
    |mul8_i2_23_reg_3264                |  64|   0|   64|          0|
    |mul8_i2_24_reg_3269                |  64|   0|   64|          0|
    |mul8_i2_25_reg_3294                |  64|   0|   64|          0|
    |mul8_i2_26_reg_3299                |  64|   0|   64|          0|
    |mul8_i2_27_reg_3324                |  64|   0|   64|          0|
    |mul8_i2_28_reg_3329                |  64|   0|   64|          0|
    |mul8_i2_29_reg_3354                |  64|   0|   64|          0|
    |mul8_i2_2_reg_2934                 |  64|   0|   64|          0|
    |mul8_i2_30_reg_3359                |  64|   0|   64|          0|
    |mul8_i2_31_reg_3384                |  64|   0|   64|          0|
    |mul8_i2_32_reg_3389                |  64|   0|   64|          0|
    |mul8_i2_33_reg_3414                |  64|   0|   64|          0|
    |mul8_i2_34_reg_3419                |  64|   0|   64|          0|
    |mul8_i2_35_reg_3444                |  64|   0|   64|          0|
    |mul8_i2_36_reg_3449                |  64|   0|   64|          0|
    |mul8_i2_37_reg_3474                |  64|   0|   64|          0|
    |mul8_i2_38_reg_3479                |  64|   0|   64|          0|
    |mul8_i2_39_reg_3504                |  64|   0|   64|          0|
    |mul8_i2_3_reg_2939                 |  64|   0|   64|          0|
    |mul8_i2_40_reg_3509                |  64|   0|   64|          0|
    |mul8_i2_41_reg_3534                |  64|   0|   64|          0|
    |mul8_i2_42_reg_3539                |  64|   0|   64|          0|
    |mul8_i2_43_reg_3564                |  64|   0|   64|          0|
    |mul8_i2_44_reg_3569                |  64|   0|   64|          0|
    |mul8_i2_45_reg_3594                |  64|   0|   64|          0|
    |mul8_i2_46_reg_3599                |  64|   0|   64|          0|
    |mul8_i2_47_reg_3624                |  64|   0|   64|          0|
    |mul8_i2_48_reg_3629                |  64|   0|   64|          0|
    |mul8_i2_49_reg_3654                |  64|   0|   64|          0|
    |mul8_i2_4_reg_2964                 |  64|   0|   64|          0|
    |mul8_i2_50_reg_3659                |  64|   0|   64|          0|
    |mul8_i2_51_reg_3684                |  64|   0|   64|          0|
    |mul8_i2_52_reg_3689                |  64|   0|   64|          0|
    |mul8_i2_53_reg_3704                |  64|   0|   64|          0|
    |mul8_i2_54_reg_3709                |  64|   0|   64|          0|
    |mul8_i2_55_reg_3724                |  64|   0|   64|          0|
    |mul8_i2_56_reg_3729                |  64|   0|   64|          0|
    |mul8_i2_57_reg_3734                |  64|   0|   64|          0|
    |mul8_i2_58_reg_3739                |  64|   0|   64|          0|
    |mul8_i2_59_reg_3744                |  64|   0|   64|          0|
    |mul8_i2_5_reg_2969                 |  64|   0|   64|          0|
    |mul8_i2_60_reg_3749                |  64|   0|   64|          0|
    |mul8_i2_61_reg_3754                |  64|   0|   64|          0|
    |mul8_i2_62_reg_3759                |  64|   0|   64|          0|
    |mul8_i2_6_reg_2994                 |  64|   0|   64|          0|
    |mul8_i2_7_reg_2999                 |  64|   0|   64|          0|
    |mul8_i2_7_reg_2999_pp0_iter1_reg   |  64|   0|   64|          0|
    |mul8_i2_8_reg_3024                 |  64|   0|   64|          0|
    |mul8_i2_8_reg_3024_pp0_iter1_reg   |  64|   0|   64|          0|
    |mul8_i2_9_reg_3029                 |  64|   0|   64|          0|
    |mul8_i2_9_reg_3029_pp0_iter1_reg   |  64|   0|   64|          0|
    |mul8_i2_reg_2904                   |  64|   0|   64|          0|
    |mul8_i2_s_reg_3054                 |  64|   0|   64|          0|
    |mul8_i2_s_reg_3054_pp0_iter1_reg   |  64|   0|   64|          0|
    |reg_1287                           |  64|   0|   64|          0|
    |reg_1291                           |  64|   0|   64|          0|
    |reg_1295                           |  64|   0|   64|          0|
    |reg_1300                           |  64|   0|   64|          0|
    |reg_1305                           |  64|   0|   64|          0|
    |reg_1310                           |  64|   0|   64|          0|
    |reg_1315                           |  64|   0|   64|          0|
    |reg_1320                           |  64|   0|   64|          0|
    |reg_1326                           |  64|   0|   64|          0|
    |reg_1331                           |  64|   0|   64|          0|
    |reg_1336                           |  64|   0|   64|          0|
    |reg_1341                           |  64|   0|   64|          0|
    |reg_1346                           |  64|   0|   64|          0|
    |shl_ln1_reg_2738                   |   2|   0|    8|          6|
    |icmp_ln66_reg_2734                 |  64|  32|    1|          0|
    |j_1_reg_2730                       |  64|  32|    2|          0|
    |mul8_i2_13_reg_3114                |  64|  32|   64|          0|
    |mul8_i2_14_reg_3119                |  64|  32|   64|          0|
    |mul8_i2_15_reg_3144                |  64|  32|   64|          0|
    |mul8_i2_16_reg_3149                |  64|  32|   64|          0|
    |mul8_i2_17_reg_3174                |  64|  32|   64|          0|
    |mul8_i2_18_reg_3179                |  64|  32|   64|          0|
    |mul8_i2_19_reg_3204                |  64|  32|   64|          0|
    |mul8_i2_20_reg_3209                |  64|  32|   64|          0|
    |mul8_i2_21_reg_3234                |  64|  32|   64|          0|
    |mul8_i2_22_reg_3239                |  64|  32|   64|          0|
    |mul8_i2_23_reg_3264                |  64|  32|   64|          0|
    |mul8_i2_24_reg_3269                |  64|  32|   64|          0|
    |mul8_i2_25_reg_3294                |  64|  32|   64|          0|
    |mul8_i2_26_reg_3299                |  64|  32|   64|          0|
    |mul8_i2_27_reg_3324                |  64|  32|   64|          0|
    |mul8_i2_28_reg_3329                |  64|  32|   64|          0|
    |mul8_i2_29_reg_3354                |  64|  32|   64|          0|
    |mul8_i2_30_reg_3359                |  64|  32|   64|          0|
    |mul8_i2_31_reg_3384                |  64|  32|   64|          0|
    |mul8_i2_32_reg_3389                |  64|  32|   64|          0|
    |mul8_i2_33_reg_3414                |  64|  32|   64|          0|
    |mul8_i2_34_reg_3419                |  64|  32|   64|          0|
    |mul8_i2_35_reg_3444                |  64|  32|   64|          0|
    |mul8_i2_36_reg_3449                |  64|  32|   64|          0|
    |mul8_i2_37_reg_3474                |  64|  32|   64|          0|
    |mul8_i2_38_reg_3479                |  64|  32|   64|          0|
    |mul8_i2_39_reg_3504                |  64|  32|   64|          0|
    |mul8_i2_40_reg_3509                |  64|  32|   64|          0|
    |mul8_i2_41_reg_3534                |  64|  32|   64|          0|
    |mul8_i2_42_reg_3539                |  64|  32|   64|          0|
    |mul8_i2_43_reg_3564                |  64|  32|   64|          0|
    |mul8_i2_44_reg_3569                |  64|  32|   64|          0|
    |mul8_i2_45_reg_3594                |  64|  32|   64|          0|
    |mul8_i2_46_reg_3599                |  64|  32|   64|          0|
    |mul8_i2_47_reg_3624                |  64|  32|   64|          0|
    |mul8_i2_48_reg_3629                |  64|  32|   64|          0|
    |mul8_i2_49_reg_3654                |  64|  32|   64|          0|
    |mul8_i2_50_reg_3659                |  64|  32|   64|          0|
    |mul8_i2_51_reg_3684                |  64|  32|   64|          0|
    |mul8_i2_52_reg_3689                |  64|  32|   64|          0|
    |mul8_i2_53_reg_3704                |  64|  32|   64|          0|
    |mul8_i2_54_reg_3709                |  64|  32|   64|          0|
    |mul8_i2_55_reg_3724                |  64|  32|   64|          0|
    |mul8_i2_56_reg_3729                |  64|  32|   64|          0|
    |mul8_i2_57_reg_3734                |  64|  32|   64|          0|
    |mul8_i2_58_reg_3739                |  64|  32|   64|          0|
    |mul8_i2_59_reg_3744                |  64|  32|   64|          0|
    |mul8_i2_60_reg_3749                |  64|  32|   64|          0|
    |mul8_i2_61_reg_3754                |  64|  32|   64|          0|
    |mul8_i2_62_reg_3759                |  64|  32|   64|          0|
    +-----------------------------------+----+----+-----+-----------+
    |Total                              |9020|1664| 8901|          6|
    +-----------------------------------+----+----+-----+-----------+



================================================================
== Interface
================================================================
* Summary: 
+------------------------------+-----+-----+------------+-----------------------------------+--------------+
|           RTL Ports          | Dir | Bits|  Protocol  |           Source Object           |    C Type    |
+------------------------------+-----+-----+------------+-----------------------------------+--------------+
|ap_clk                        |   in|    1|  ap_ctrl_hs|  backprop_Pipeline_VITIS_LOOP_66_1|  return value|
|ap_rst                        |   in|    1|  ap_ctrl_hs|  backprop_Pipeline_VITIS_LOOP_66_1|  return value|
|ap_start                      |   in|    1|  ap_ctrl_hs|  backprop_Pipeline_VITIS_LOOP_66_1|  return value|
|ap_done                       |  out|    1|  ap_ctrl_hs|  backprop_Pipeline_VITIS_LOOP_66_1|  return value|
|ap_idle                       |  out|    1|  ap_ctrl_hs|  backprop_Pipeline_VITIS_LOOP_66_1|  return value|
|ap_ready                      |  out|    1|  ap_ctrl_hs|  backprop_Pipeline_VITIS_LOOP_66_1|  return value|
|grp_fu_6768_p_din0            |  out|   64|  ap_ctrl_hs|  backprop_Pipeline_VITIS_LOOP_66_1|  return value|
|grp_fu_6768_p_din1            |  out|   64|  ap_ctrl_hs|  backprop_Pipeline_VITIS_LOOP_66_1|  return value|
|grp_fu_6768_p_opcode          |  out|    1|  ap_ctrl_hs|  backprop_Pipeline_VITIS_LOOP_66_1|  return value|
|grp_fu_6768_p_dout0           |   in|   64|  ap_ctrl_hs|  backprop_Pipeline_VITIS_LOOP_66_1|  return value|
|grp_fu_6768_p_ce              |  out|    1|  ap_ctrl_hs|  backprop_Pipeline_VITIS_LOOP_66_1|  return value|
|grp_fu_6772_p_din0            |  out|   64|  ap_ctrl_hs|  backprop_Pipeline_VITIS_LOOP_66_1|  return value|
|grp_fu_6772_p_din1            |  out|   64|  ap_ctrl_hs|  backprop_Pipeline_VITIS_LOOP_66_1|  return value|
|grp_fu_6772_p_opcode          |  out|    1|  ap_ctrl_hs|  backprop_Pipeline_VITIS_LOOP_66_1|  return value|
|grp_fu_6772_p_dout0           |   in|   64|  ap_ctrl_hs|  backprop_Pipeline_VITIS_LOOP_66_1|  return value|
|grp_fu_6772_p_ce              |  out|    1|  ap_ctrl_hs|  backprop_Pipeline_VITIS_LOOP_66_1|  return value|
|grp_fu_6776_p_din0            |  out|   64|  ap_ctrl_hs|  backprop_Pipeline_VITIS_LOOP_66_1|  return value|
|grp_fu_6776_p_din1            |  out|   64|  ap_ctrl_hs|  backprop_Pipeline_VITIS_LOOP_66_1|  return value|
|grp_fu_6776_p_dout0           |   in|   64|  ap_ctrl_hs|  backprop_Pipeline_VITIS_LOOP_66_1|  return value|
|grp_fu_6776_p_ce              |  out|    1|  ap_ctrl_hs|  backprop_Pipeline_VITIS_LOOP_66_1|  return value|
|grp_fu_6780_p_din0            |  out|   64|  ap_ctrl_hs|  backprop_Pipeline_VITIS_LOOP_66_1|  return value|
|grp_fu_6780_p_din1            |  out|   64|  ap_ctrl_hs|  backprop_Pipeline_VITIS_LOOP_66_1|  return value|
|grp_fu_6780_p_dout0           |   in|   64|  ap_ctrl_hs|  backprop_Pipeline_VITIS_LOOP_66_1|  return value|
|grp_fu_6780_p_ce              |  out|    1|  ap_ctrl_hs|  backprop_Pipeline_VITIS_LOOP_66_1|  return value|
|activations3_2_1_reload       |   in|   64|     ap_none|            activations3_2_1_reload|        scalar|
|activations3_1_1_reload       |   in|   64|     ap_none|            activations3_1_1_reload|        scalar|
|activations3_0_1_reload       |   in|   64|     ap_none|            activations3_0_1_reload|        scalar|
|weights3_address0             |  out|    8|   ap_memory|                           weights3|         array|
|weights3_ce0                  |  out|    1|   ap_memory|                           weights3|         array|
|weights3_q0                   |   in|   64|   ap_memory|                           weights3|         array|
|weights3_address1             |  out|    8|   ap_memory|                           weights3|         array|
|weights3_ce1                  |  out|    1|   ap_memory|                           weights3|         array|
|weights3_q1                   |   in|   64|   ap_memory|                           weights3|         array|
|activations2_load_2           |   in|   64|     ap_none|                activations2_load_2|        scalar|
|activations2_load_4           |   in|   64|     ap_none|                activations2_load_4|        scalar|
|activations2_load_5           |   in|   64|     ap_none|                activations2_load_5|        scalar|
|activations2_load_6           |   in|   64|     ap_none|                activations2_load_6|        scalar|
|activations2_load_7           |   in|   64|     ap_none|                activations2_load_7|        scalar|
|activations2_load_8           |   in|   64|     ap_none|                activations2_load_8|        scalar|
|activations2_load_9           |   in|   64|     ap_none|                activations2_load_9|        scalar|
|activations2_load_10          |   in|   64|     ap_none|               activations2_load_10|        scalar|
|activations2_load_11          |   in|   64|     ap_none|               activations2_load_11|        scalar|
|activations2_load_12          |   in|   64|     ap_none|               activations2_load_12|        scalar|
|activations2_load_13          |   in|   64|     ap_none|               activations2_load_13|        scalar|
|activations2_load_14          |   in|   64|     ap_none|               activations2_load_14|        scalar|
|activations2_load_15          |   in|   64|     ap_none|               activations2_load_15|        scalar|
|activations2_load_16          |   in|   64|     ap_none|               activations2_load_16|        scalar|
|activations2_load_17          |   in|   64|     ap_none|               activations2_load_17|        scalar|
|activations2_load_18          |   in|   64|     ap_none|               activations2_load_18|        scalar|
|activations2_load_19          |   in|   64|     ap_none|               activations2_load_19|        scalar|
|activations2_load_20          |   in|   64|     ap_none|               activations2_load_20|        scalar|
|activations2_load_21          |   in|   64|     ap_none|               activations2_load_21|        scalar|
|activations2_load_22          |   in|   64|     ap_none|               activations2_load_22|        scalar|
|activations2_load_23          |   in|   64|     ap_none|               activations2_load_23|        scalar|
|activations2_load_24          |   in|   64|     ap_none|               activations2_load_24|        scalar|
|activations2_load_25          |   in|   64|     ap_none|               activations2_load_25|        scalar|
|activations2_load_26          |   in|   64|     ap_none|               activations2_load_26|        scalar|
|activations2_load_27          |   in|   64|     ap_none|               activations2_load_27|        scalar|
|activations2_load_28          |   in|   64|     ap_none|               activations2_load_28|        scalar|
|activations2_load_29          |   in|   64|     ap_none|               activations2_load_29|        scalar|
|activations2_load_30          |   in|   64|     ap_none|               activations2_load_30|        scalar|
|activations2_load_31          |   in|   64|     ap_none|               activations2_load_31|        scalar|
|activations2_load_32          |   in|   64|     ap_none|               activations2_load_32|        scalar|
|activations2_load_33          |   in|   64|     ap_none|               activations2_load_33|        scalar|
|activations2_load_34          |   in|   64|     ap_none|               activations2_load_34|        scalar|
|activations2_load_35          |   in|   64|     ap_none|               activations2_load_35|        scalar|
|activations2_load_36          |   in|   64|     ap_none|               activations2_load_36|        scalar|
|activations2_load_37          |   in|   64|     ap_none|               activations2_load_37|        scalar|
|activations2_load_38          |   in|   64|     ap_none|               activations2_load_38|        scalar|
|activations2_load_39          |   in|   64|     ap_none|               activations2_load_39|        scalar|
|activations2_load_40          |   in|   64|     ap_none|               activations2_load_40|        scalar|
|activations2_load_41          |   in|   64|     ap_none|               activations2_load_41|        scalar|
|activations2_load_42          |   in|   64|     ap_none|               activations2_load_42|        scalar|
|activations2_load_43          |   in|   64|     ap_none|               activations2_load_43|        scalar|
|activations2_load_44          |   in|   64|     ap_none|               activations2_load_44|        scalar|
|activations2_load_45          |   in|   64|     ap_none|               activations2_load_45|        scalar|
|activations2_load_46          |   in|   64|     ap_none|               activations2_load_46|        scalar|
|activations2_load_47          |   in|   64|     ap_none|               activations2_load_47|        scalar|
|activations2_load_48          |   in|   64|     ap_none|               activations2_load_48|        scalar|
|activations2_load_49          |   in|   64|     ap_none|               activations2_load_49|        scalar|
|activations2_load_50          |   in|   64|     ap_none|               activations2_load_50|        scalar|
|activations2_load_51          |   in|   64|     ap_none|               activations2_load_51|        scalar|
|activations2_load_52          |   in|   64|     ap_none|               activations2_load_52|        scalar|
|activations2_load_53          |   in|   64|     ap_none|               activations2_load_53|        scalar|
|activations2_load_54          |   in|   64|     ap_none|               activations2_load_54|        scalar|
|activations2_load_55          |   in|   64|     ap_none|               activations2_load_55|        scalar|
|activations2_load_56          |   in|   64|     ap_none|               activations2_load_56|        scalar|
|activations2_load_57          |   in|   64|     ap_none|               activations2_load_57|        scalar|
|activations2_load_58          |   in|   64|     ap_none|               activations2_load_58|        scalar|
|activations2_load_59          |   in|   64|     ap_none|               activations2_load_59|        scalar|
|activations2_load_60          |   in|   64|     ap_none|               activations2_load_60|        scalar|
|activations2_load_61          |   in|   64|     ap_none|               activations2_load_61|        scalar|
|activations2_load_62          |   in|   64|     ap_none|               activations2_load_62|        scalar|
|activations2_load_63          |   in|   64|     ap_none|               activations2_load_63|        scalar|
|activations2_load_64          |   in|   64|     ap_none|               activations2_load_64|        scalar|
|activations2_load_65          |   in|   64|     ap_none|               activations2_load_65|        scalar|
|activations2_load_66          |   in|   64|     ap_none|               activations2_load_66|        scalar|
|activations3_2_4_out          |  out|   64|      ap_vld|               activations3_2_4_out|       pointer|
|activations3_2_4_out_ap_vld   |  out|    1|      ap_vld|               activations3_2_4_out|       pointer|
|activations3_1_4_out          |  out|   64|      ap_vld|               activations3_1_4_out|       pointer|
|activations3_1_4_out_ap_vld   |  out|    1|      ap_vld|               activations3_1_4_out|       pointer|
|activations3_0_41_out         |  out|   64|      ap_vld|              activations3_0_41_out|       pointer|
|activations3_0_41_out_ap_vld  |  out|    1|      ap_vld|              activations3_0_41_out|       pointer|
+------------------------------+-----+-----+------------+-----------------------------------+--------------+

