

================================================================
== Vitis HLS Report for 'backprop_Pipeline_VITIS_LOOP_126_1'
================================================================
* Date:           Wed Dec 20 21:42:52 2023

* Version:        2022.1 (Build 3526262 on Mon Apr 18 15:47:01 MDT 2022)
* Project:        backprop_syn
* Solution:       solution (Vivado IP Flow Target)
* Product family: virtex7
* Target device:  xc7v585t-ffg1761-2


================================================================
== Performance Estimates
================================================================
+ Timing: 
    * Summary: 
    +--------+----------+----------+------------+
    |  Clock |  Target  | Estimated| Uncertainty|
    +--------+----------+----------+------------+
    |ap_clk  |  10.00 ns|  7.671 ns|     2.70 ns|
    +--------+----------+----------+------------+

+ Latency: 
    * Summary: 
    +---------+---------+-----------+-----------+------+------+---------+
    |  Latency (cycles) |   Latency (absolute)  |   Interval  | Pipeline|
    |   min   |   max   |    min    |    max    |  min |  max |   Type  |
    +---------+---------+-----------+-----------+------+------+---------+
    |     2350|     2350|  23.500 us|  23.500 us|  2350|  2350|       no|
    +---------+---------+-----------+-----------+------+------+---------+

    + Detail: 
        * Instance: 
        N/A

        * Loop: 
        +--------------------+---------+---------+----------+-----------+-----------+------+----------+
        |                    |  Latency (cycles) | Iteration|  Initiation Interval  | Trip |          |
        |      Loop Name     |   min   |   max   |  Latency |  achieved |   target  | Count| Pipelined|
        +--------------------+---------+---------+----------+-----------+-----------+------+----------+
        |- VITIS_LOOP_126_1  |     2348|     2348|       333|         32|          1|    64|       yes|
        +--------------------+---------+---------+----------+-----------+-----------+------+----------+



================================================================
== Utilization Estimates
================================================================
* Summary: 
+-----------------+---------+------+--------+--------+-----+
|       Name      | BRAM_18K|  DSP |   FF   |   LUT  | URAM|
+-----------------+---------+------+--------+--------+-----+
|DSP              |        -|     -|       -|       -|    -|
|Expression       |        -|     -|       0|     783|    -|
|FIFO             |        -|     -|       -|       -|    -|
|Instance         |        -|     -|       -|       -|    -|
|Memory           |        -|     -|       -|       -|    -|
|Multiplexer      |        -|     -|       -|    1605|    -|
|Register         |        -|     -|    8977|    1664|    -|
+-----------------+---------+------+--------+--------+-----+
|Total            |        0|     0|    8977|    4052|    0|
+-----------------+---------+------+--------+--------+-----+
|Available        |     1590|  1260|  728400|  364200|    0|
+-----------------+---------+------+--------+--------+-----+
|Utilization (%)  |        0|     0|       1|       1|    0|
+-----------------+---------+------+--------+--------+-----+

+ Detail: 
    * Instance: 
    N/A

    * DSP: 
    N/A

    * Memory: 
    N/A

    * FIFO: 
    N/A

    * Expression: 
    +------------------------+----------+----+---+----+------------+------------+
    |      Variable Name     | Operation| DSP| FF| LUT| Bitwidth P0| Bitwidth P1|
    +------------------------+----------+----+---+----+------------+------------+
    |add_ln126_fu_1340_p2    |         +|   0|  0|  14|           7|           1|
    |icmp_ln126_fu_1334_p2   |      icmp|   0|  0|  11|           7|           8|
    |or_ln129_10_fu_1509_p2  |        or|   0|  0|  12|          12|           4|
    |or_ln129_11_fu_1529_p2  |        or|   0|  0|  12|          12|           4|
    |or_ln129_12_fu_1539_p2  |        or|   0|  0|  12|          12|           4|
    |or_ln129_13_fu_1559_p2  |        or|   0|  0|  12|          12|           4|
    |or_ln129_14_fu_1569_p2  |        or|   0|  0|  12|          12|           4|
    |or_ln129_15_fu_1589_p2  |        or|   0|  0|  12|          12|           5|
    |or_ln129_16_fu_1599_p2  |        or|   0|  0|  12|          12|           5|
    |or_ln129_17_fu_1619_p2  |        or|   0|  0|  12|          12|           5|
    |or_ln129_18_fu_1629_p2  |        or|   0|  0|  12|          12|           5|
    |or_ln129_19_fu_1649_p2  |        or|   0|  0|  12|          12|           5|
    |or_ln129_1_fu_1379_p2   |        or|   0|  0|  12|          12|           2|
    |or_ln129_20_fu_1659_p2  |        or|   0|  0|  12|          12|           5|
    |or_ln129_21_fu_1679_p2  |        or|   0|  0|  12|          12|           5|
    |or_ln129_22_fu_1689_p2  |        or|   0|  0|  12|          12|           5|
    |or_ln129_23_fu_1709_p2  |        or|   0|  0|  12|          12|           5|
    |or_ln129_24_fu_1719_p2  |        or|   0|  0|  12|          12|           5|
    |or_ln129_25_fu_1739_p2  |        or|   0|  0|  12|          12|           5|
    |or_ln129_26_fu_1749_p2  |        or|   0|  0|  12|          12|           5|
    |or_ln129_27_fu_1769_p2  |        or|   0|  0|  12|          12|           5|
    |or_ln129_28_fu_1779_p2  |        or|   0|  0|  12|          12|           5|
    |or_ln129_29_fu_1799_p2  |        or|   0|  0|  12|          12|           5|
    |or_ln129_2_fu_1389_p2   |        or|   0|  0|  12|          12|           2|
    |or_ln129_30_fu_1809_p2  |        or|   0|  0|  12|          12|           5|
    |or_ln129_31_fu_1829_p2  |        or|   0|  0|  12|          12|           6|
    |or_ln129_32_fu_1839_p2  |        or|   0|  0|  12|          12|           6|
    |or_ln129_33_fu_1859_p2  |        or|   0|  0|  12|          12|           6|
    |or_ln129_34_fu_1869_p2  |        or|   0|  0|  12|          12|           6|
    |or_ln129_35_fu_1889_p2  |        or|   0|  0|  12|          12|           6|
    |or_ln129_36_fu_1899_p2  |        or|   0|  0|  12|          12|           6|
    |or_ln129_37_fu_1919_p2  |        or|   0|  0|  12|          12|           6|
    |or_ln129_38_fu_1929_p2  |        or|   0|  0|  12|          12|           6|
    |or_ln129_39_fu_1949_p2  |        or|   0|  0|  12|          12|           6|
    |or_ln129_3_fu_1409_p2   |        or|   0|  0|  12|          12|           3|
    |or_ln129_40_fu_1959_p2  |        or|   0|  0|  12|          12|           6|
    |or_ln129_41_fu_1979_p2  |        or|   0|  0|  12|          12|           6|
    |or_ln129_42_fu_1989_p2  |        or|   0|  0|  12|          12|           6|
    |or_ln129_43_fu_2009_p2  |        or|   0|  0|  12|          12|           6|
    |or_ln129_44_fu_2019_p2  |        or|   0|  0|  12|          12|           6|
    |or_ln129_45_fu_2039_p2  |        or|   0|  0|  12|          12|           6|
    |or_ln129_46_fu_2049_p2  |        or|   0|  0|  12|          12|           6|
    |or_ln129_47_fu_2069_p2  |        or|   0|  0|  12|          12|           6|
    |or_ln129_48_fu_2079_p2  |        or|   0|  0|  12|          12|           6|
    |or_ln129_49_fu_2099_p2  |        or|   0|  0|  12|          12|           6|
    |or_ln129_4_fu_1419_p2   |        or|   0|  0|  12|          12|           3|
    |or_ln129_50_fu_2109_p2  |        or|   0|  0|  12|          12|           6|
    |or_ln129_51_fu_2129_p2  |        or|   0|  0|  12|          12|           6|
    |or_ln129_52_fu_2139_p2  |        or|   0|  0|  12|          12|           6|
    |or_ln129_53_fu_2159_p2  |        or|   0|  0|  12|          12|           6|
    |or_ln129_54_fu_2169_p2  |        or|   0|  0|  12|          12|           6|
    |or_ln129_55_fu_2189_p2  |        or|   0|  0|  12|          12|           6|
    |or_ln129_56_fu_2199_p2  |        or|   0|  0|  12|          12|           6|
    |or_ln129_57_fu_2219_p2  |        or|   0|  0|  12|          12|           6|
    |or_ln129_58_fu_2229_p2  |        or|   0|  0|  12|          12|           6|
    |or_ln129_59_fu_2249_p2  |        or|   0|  0|  12|          12|           6|
    |or_ln129_5_fu_1439_p2   |        or|   0|  0|  12|          12|           3|
    |or_ln129_60_fu_2259_p2  |        or|   0|  0|  12|          12|           6|
    |or_ln129_61_fu_2279_p2  |        or|   0|  0|  12|          12|           6|
    |or_ln129_62_fu_2289_p2  |        or|   0|  0|  12|          12|           6|
    |or_ln129_6_fu_1449_p2   |        or|   0|  0|  12|          12|           3|
    |or_ln129_7_fu_1469_p2   |        or|   0|  0|  12|          12|           4|
    |or_ln129_8_fu_1479_p2   |        or|   0|  0|  12|          12|           4|
    |or_ln129_9_fu_1499_p2   |        or|   0|  0|  12|          12|           4|
    |or_ln129_fu_1363_p2     |        or|   0|  0|  12|          12|           1|
    |ap_enable_pp0           |       xor|   0|  0|   2|           1|           2|
    +------------------------+----------+----+---+----+------------+------------+
    |Total                   |          |   0|  0| 783|         771|         332|
    +------------------------+----------+----+---+----+------------+------------+

    * Multiplexer: 
    +----------------------------------+-----+-----------+-----+-----------+
    |               Name               | LUT | Input Size| Bits| Total Bits|
    +----------------------------------+-----+-----------+-----+-----------+
    |ap_NS_fsm                         |  156|         33|    1|         33|
    |ap_done_int                       |    9|          2|    1|          2|
    |ap_enable_reg_pp0_iter0           |    9|          2|    1|          2|
    |ap_enable_reg_pp0_iter1           |    9|          2|    1|          2|
    |ap_enable_reg_pp0_iter10          |    9|          2|    1|          2|
    |ap_loop_exit_ready_pp0_iter1_reg  |    9|          2|    1|          2|
    |ap_loop_exit_ready_pp0_iter2_reg  |    9|          2|    1|          2|
    |ap_loop_exit_ready_pp0_iter3_reg  |    9|          2|    1|          2|
    |ap_loop_exit_ready_pp0_iter4_reg  |    9|          2|    1|          2|
    |ap_loop_exit_ready_pp0_iter5_reg  |    9|          2|    1|          2|
    |ap_loop_exit_ready_pp0_iter6_reg  |    9|          2|    1|          2|
    |ap_loop_exit_ready_pp0_iter7_reg  |    9|          2|    1|          2|
    |ap_loop_exit_ready_pp0_iter8_reg  |    9|          2|    1|          2|
    |ap_loop_exit_ready_pp0_iter9_reg  |    9|          2|    1|          2|
    |ap_sig_allocacmp_i_16             |    9|          2|    7|         14|
    |grp_fu_1235_p0                    |   33|          8|   64|        512|
    |grp_fu_1235_p1                    |  156|         33|   64|       2112|
    |grp_fu_1240_p0                    |   33|          8|   64|        512|
    |grp_fu_1240_p1                    |  156|         33|   64|       2112|
    |grp_fu_1244_p0                    |  156|         33|   64|       2112|
    |grp_fu_1244_p1                    |  156|         33|   64|       2112|
    |grp_fu_1248_p0                    |  156|         33|   64|       2112|
    |grp_fu_1248_p1                    |  156|         33|   64|       2112|
    |i_fu_300                          |    9|          2|    7|         14|
    |weights2_address0                 |  156|         33|   12|        396|
    |weights2_address1                 |  156|         33|   12|        396|
    +----------------------------------+-----+-----------+-----+-----------+
    |Total                             | 1605|        343|  564|      14575|
    +----------------------------------+-----+-----------+-----+-----------+

    * Register: 
    +-----------------------------------+----+----+-----+-----------+
    |                Name               | FF | LUT| Bits| Const Bits|
    +-----------------------------------+----+----+-----+-----------+
    |ap_CS_fsm                          |  32|   0|   32|          0|
    |ap_done_reg                        |   1|   0|    1|          0|
    |ap_enable_reg_pp0_iter0_reg        |   1|   0|    1|          0|
    |ap_enable_reg_pp0_iter1            |   1|   0|    1|          0|
    |ap_enable_reg_pp0_iter10           |   1|   0|    1|          0|
    |ap_enable_reg_pp0_iter2            |   1|   0|    1|          0|
    |ap_enable_reg_pp0_iter3            |   1|   0|    1|          0|
    |ap_enable_reg_pp0_iter4            |   1|   0|    1|          0|
    |ap_enable_reg_pp0_iter5            |   1|   0|    1|          0|
    |ap_enable_reg_pp0_iter6            |   1|   0|    1|          0|
    |ap_enable_reg_pp0_iter7            |   1|   0|    1|          0|
    |ap_enable_reg_pp0_iter8            |   1|   0|    1|          0|
    |ap_enable_reg_pp0_iter9            |   1|   0|    1|          0|
    |ap_loop_exit_ready_pp0_iter1_reg   |   1|   0|    1|          0|
    |ap_loop_exit_ready_pp0_iter2_reg   |   1|   0|    1|          0|
    |ap_loop_exit_ready_pp0_iter3_reg   |   1|   0|    1|          0|
    |ap_loop_exit_ready_pp0_iter4_reg   |   1|   0|    1|          0|
    |ap_loop_exit_ready_pp0_iter5_reg   |   1|   0|    1|          0|
    |ap_loop_exit_ready_pp0_iter6_reg   |   1|   0|    1|          0|
    |ap_loop_exit_ready_pp0_iter7_reg   |   1|   0|    1|          0|
    |ap_loop_exit_ready_pp0_iter8_reg   |   1|   0|    1|          0|
    |ap_loop_exit_ready_pp0_iter9_reg   |   1|   0|    1|          0|
    |dactivations1_load_reg_3695        |  64|   0|   64|          0|
    |i_16_reg_2650                      |   7|   0|    7|          0|
    |i_25_cast35_reg_3685               |   7|   0|   64|         57|
    |i_fu_300                           |   7|   0|    7|          0|
    |icmp_ln126_reg_2655                |   1|   0|    1|          0|
    |mul16_i1_reg_3700                  |  64|   0|   64|          0|
    |mul8_i4_10_reg_2980                |  64|   0|   64|          0|
    |mul8_i4_10_reg_2980_pp0_iter1_reg  |  64|   0|   64|          0|
    |mul8_i4_11_reg_3005                |  64|   0|   64|          0|
    |mul8_i4_11_reg_3005_pp0_iter1_reg  |  64|   0|   64|          0|
    |mul8_i4_12_reg_3010                |  64|   0|   64|          0|
    |mul8_i4_12_reg_3010_pp0_iter1_reg  |  64|   0|   64|          0|
    |mul8_i4_13_reg_3035                |  64|   0|   64|          0|
    |mul8_i4_14_reg_3040                |  64|   0|   64|          0|
    |mul8_i4_15_reg_3065                |  64|   0|   64|          0|
    |mul8_i4_16_reg_3070                |  64|   0|   64|          0|
    |mul8_i4_17_reg_3095                |  64|   0|   64|          0|
    |mul8_i4_18_reg_3100                |  64|   0|   64|          0|
    |mul8_i4_19_reg_3125                |  64|   0|   64|          0|
    |mul8_i4_1_reg_2830                 |  64|   0|   64|          0|
    |mul8_i4_20_reg_3130                |  64|   0|   64|          0|
    |mul8_i4_21_reg_3155                |  64|   0|   64|          0|
    |mul8_i4_22_reg_3160                |  64|   0|   64|          0|
    |mul8_i4_23_reg_3185                |  64|   0|   64|          0|
    |mul8_i4_24_reg_3190                |  64|   0|   64|          0|
    |mul8_i4_25_reg_3215                |  64|   0|   64|          0|
    |mul8_i4_26_reg_3220                |  64|   0|   64|          0|
    |mul8_i4_27_reg_3245                |  64|   0|   64|          0|
    |mul8_i4_28_reg_3250                |  64|   0|   64|          0|
    |mul8_i4_29_reg_3275                |  64|   0|   64|          0|
    |mul8_i4_2_reg_2855                 |  64|   0|   64|          0|
    |mul8_i4_30_reg_3280                |  64|   0|   64|          0|
    |mul8_i4_31_reg_3305                |  64|   0|   64|          0|
    |mul8_i4_32_reg_3310                |  64|   0|   64|          0|
    |mul8_i4_33_reg_3335                |  64|   0|   64|          0|
    |mul8_i4_34_reg_3340                |  64|   0|   64|          0|
    |mul8_i4_35_reg_3365                |  64|   0|   64|          0|
    |mul8_i4_36_reg_3370                |  64|   0|   64|          0|
    |mul8_i4_37_reg_3395                |  64|   0|   64|          0|
    |mul8_i4_38_reg_3400                |  64|   0|   64|          0|
    |mul8_i4_39_reg_3425                |  64|   0|   64|          0|
    |mul8_i4_3_reg_2860                 |  64|   0|   64|          0|
    |mul8_i4_40_reg_3430                |  64|   0|   64|          0|
    |mul8_i4_41_reg_3455                |  64|   0|   64|          0|
    |mul8_i4_42_reg_3460                |  64|   0|   64|          0|
    |mul8_i4_43_reg_3485                |  64|   0|   64|          0|
    |mul8_i4_44_reg_3490                |  64|   0|   64|          0|
    |mul8_i4_45_reg_3515                |  64|   0|   64|          0|
    |mul8_i4_46_reg_3520                |  64|   0|   64|          0|
    |mul8_i4_47_reg_3545                |  64|   0|   64|          0|
    |mul8_i4_48_reg_3550                |  64|   0|   64|          0|
    |mul8_i4_49_reg_3575                |  64|   0|   64|          0|
    |mul8_i4_4_reg_2885                 |  64|   0|   64|          0|
    |mul8_i4_50_reg_3580                |  64|   0|   64|          0|
    |mul8_i4_51_reg_3605                |  64|   0|   64|          0|
    |mul8_i4_52_reg_3610                |  64|   0|   64|          0|
    |mul8_i4_53_reg_3625                |  64|   0|   64|          0|
    |mul8_i4_54_reg_3630                |  64|   0|   64|          0|
    |mul8_i4_55_reg_3645                |  64|   0|   64|          0|
    |mul8_i4_56_reg_3650                |  64|   0|   64|          0|
    |mul8_i4_57_reg_3655                |  64|   0|   64|          0|
    |mul8_i4_58_reg_3660                |  64|   0|   64|          0|
    |mul8_i4_59_reg_3665                |  64|   0|   64|          0|
    |mul8_i4_5_reg_2890                 |  64|   0|   64|          0|
    |mul8_i4_60_reg_3670                |  64|   0|   64|          0|
    |mul8_i4_61_reg_3675                |  64|   0|   64|          0|
    |mul8_i4_62_reg_3680                |  64|   0|   64|          0|
    |mul8_i4_6_reg_2915                 |  64|   0|   64|          0|
    |mul8_i4_7_reg_2920                 |  64|   0|   64|          0|
    |mul8_i4_7_reg_2920_pp0_iter1_reg   |  64|   0|   64|          0|
    |mul8_i4_8_reg_2945                 |  64|   0|   64|          0|
    |mul8_i4_8_reg_2945_pp0_iter1_reg   |  64|   0|   64|          0|
    |mul8_i4_9_reg_2950                 |  64|   0|   64|          0|
    |mul8_i4_9_reg_2950_pp0_iter1_reg   |  64|   0|   64|          0|
    |mul8_i4_reg_2825                   |  64|   0|   64|          0|
    |mul8_i4_s_reg_2975                 |  64|   0|   64|          0|
    |mul8_i4_s_reg_2975_pp0_iter1_reg   |  64|   0|   64|          0|
    |reg_1256                           |  64|   0|   64|          0|
    |reg_1260                           |  64|   0|   64|          0|
    |reg_1264                           |  64|   0|   64|          0|
    |reg_1269                           |  64|   0|   64|          0|
    |reg_1274                           |  64|   0|   64|          0|
    |reg_1279                           |  64|   0|   64|          0|
    |reg_1284                           |  64|   0|   64|          0|
    |reg_1289                           |  64|   0|   64|          0|
    |reg_1295                           |  64|   0|   64|          0|
    |reg_1300                           |  64|   0|   64|          0|
    |reg_1305                           |  64|   0|   64|          0|
    |reg_1310                           |  64|   0|   64|          0|
    |reg_1315                           |  64|   0|   64|          0|
    |reg_1320                           |  64|   0|   64|          0|
    |shl_ln3_reg_2659                   |   6|   0|   12|          6|
    |i_16_reg_2650                      |  64|  32|    7|          0|
    |icmp_ln126_reg_2655                |  64|  32|    1|          0|
    |mul8_i4_13_reg_3035                |  64|  32|   64|          0|
    |mul8_i4_14_reg_3040                |  64|  32|   64|          0|
    |mul8_i4_15_reg_3065                |  64|  32|   64|          0|
    |mul8_i4_16_reg_3070                |  64|  32|   64|          0|
    |mul8_i4_17_reg_3095                |  64|  32|   64|          0|
    |mul8_i4_18_reg_3100                |  64|  32|   64|          0|
    |mul8_i4_19_reg_3125                |  64|  32|   64|          0|
    |mul8_i4_20_reg_3130                |  64|  32|   64|          0|
    |mul8_i4_21_reg_3155                |  64|  32|   64|          0|
    |mul8_i4_22_reg_3160                |  64|  32|   64|          0|
    |mul8_i4_23_reg_3185                |  64|  32|   64|          0|
    |mul8_i4_24_reg_3190                |  64|  32|   64|          0|
    |mul8_i4_25_reg_3215                |  64|  32|   64|          0|
    |mul8_i4_26_reg_3220                |  64|  32|   64|          0|
    |mul8_i4_27_reg_3245                |  64|  32|   64|          0|
    |mul8_i4_28_reg_3250                |  64|  32|   64|          0|
    |mul8_i4_29_reg_3275                |  64|  32|   64|          0|
    |mul8_i4_30_reg_3280                |  64|  32|   64|          0|
    |mul8_i4_31_reg_3305                |  64|  32|   64|          0|
    |mul8_i4_32_reg_3310                |  64|  32|   64|          0|
    |mul8_i4_33_reg_3335                |  64|  32|   64|          0|
    |mul8_i4_34_reg_3340                |  64|  32|   64|          0|
    |mul8_i4_35_reg_3365                |  64|  32|   64|          0|
    |mul8_i4_36_reg_3370                |  64|  32|   64|          0|
    |mul8_i4_37_reg_3395                |  64|  32|   64|          0|
    |mul8_i4_38_reg_3400                |  64|  32|   64|          0|
    |mul8_i4_39_reg_3425                |  64|  32|   64|          0|
    |mul8_i4_40_reg_3430                |  64|  32|   64|          0|
    |mul8_i4_41_reg_3455                |  64|  32|   64|          0|
    |mul8_i4_42_reg_3460                |  64|  32|   64|          0|
    |mul8_i4_43_reg_3485                |  64|  32|   64|          0|
    |mul8_i4_44_reg_3490                |  64|  32|   64|          0|
    |mul8_i4_45_reg_3515                |  64|  32|   64|          0|
    |mul8_i4_46_reg_3520                |  64|  32|   64|          0|
    |mul8_i4_47_reg_3545                |  64|  32|   64|          0|
    |mul8_i4_48_reg_3550                |  64|  32|   64|          0|
    |mul8_i4_49_reg_3575                |  64|  32|   64|          0|
    |mul8_i4_50_reg_3580                |  64|  32|   64|          0|
    |mul8_i4_51_reg_3605                |  64|  32|   64|          0|
    |mul8_i4_52_reg_3610                |  64|  32|   64|          0|
    |mul8_i4_53_reg_3625                |  64|  32|   64|          0|
    |mul8_i4_54_reg_3630                |  64|  32|   64|          0|
    |mul8_i4_55_reg_3645                |  64|  32|   64|          0|
    |mul8_i4_56_reg_3650                |  64|  32|   64|          0|
    |mul8_i4_57_reg_3655                |  64|  32|   64|          0|
    |mul8_i4_58_reg_3660                |  64|  32|   64|          0|
    |mul8_i4_59_reg_3665                |  64|  32|   64|          0|
    |mul8_i4_60_reg_3670                |  64|  32|   64|          0|
    |mul8_i4_61_reg_3675                |  64|  32|   64|          0|
    |mul8_i4_62_reg_3680                |  64|  32|   64|          0|
    +-----------------------------------+----+----+-----+-----------+
    |Total                              |8977|1664| 8920|         63|
    +-----------------------------------+----+----+-----+-----------+



================================================================
== Interface
================================================================
* Summary: 
+------------------------------+-----+-----+------------+------------------------------------+--------------+
|           RTL Ports          | Dir | Bits|  Protocol  |            Source Object           |    C Type    |
+------------------------------+-----+-----+------------+------------------------------------+--------------+
|ap_clk                        |   in|    1|  ap_ctrl_hs|  backprop_Pipeline_VITIS_LOOP_126_1|  return value|
|ap_rst                        |   in|    1|  ap_ctrl_hs|  backprop_Pipeline_VITIS_LOOP_126_1|  return value|
|ap_start                      |   in|    1|  ap_ctrl_hs|  backprop_Pipeline_VITIS_LOOP_126_1|  return value|
|ap_done                       |  out|    1|  ap_ctrl_hs|  backprop_Pipeline_VITIS_LOOP_126_1|  return value|
|ap_idle                       |  out|    1|  ap_ctrl_hs|  backprop_Pipeline_VITIS_LOOP_126_1|  return value|
|ap_ready                      |  out|    1|  ap_ctrl_hs|  backprop_Pipeline_VITIS_LOOP_126_1|  return value|
|grp_fu_6768_p_din0            |  out|   64|  ap_ctrl_hs|  backprop_Pipeline_VITIS_LOOP_126_1|  return value|
|grp_fu_6768_p_din1            |  out|   64|  ap_ctrl_hs|  backprop_Pipeline_VITIS_LOOP_126_1|  return value|
|grp_fu_6768_p_opcode          |  out|    1|  ap_ctrl_hs|  backprop_Pipeline_VITIS_LOOP_126_1|  return value|
|grp_fu_6768_p_dout0           |   in|   64|  ap_ctrl_hs|  backprop_Pipeline_VITIS_LOOP_126_1|  return value|
|grp_fu_6768_p_ce              |  out|    1|  ap_ctrl_hs|  backprop_Pipeline_VITIS_LOOP_126_1|  return value|
|grp_fu_6772_p_din0            |  out|   64|  ap_ctrl_hs|  backprop_Pipeline_VITIS_LOOP_126_1|  return value|
|grp_fu_6772_p_din1            |  out|   64|  ap_ctrl_hs|  backprop_Pipeline_VITIS_LOOP_126_1|  return value|
|grp_fu_6772_p_opcode          |  out|    1|  ap_ctrl_hs|  backprop_Pipeline_VITIS_LOOP_126_1|  return value|
|grp_fu_6772_p_dout0           |   in|   64|  ap_ctrl_hs|  backprop_Pipeline_VITIS_LOOP_126_1|  return value|
|grp_fu_6772_p_ce              |  out|    1|  ap_ctrl_hs|  backprop_Pipeline_VITIS_LOOP_126_1|  return value|
|grp_fu_6792_p_din0            |  out|   64|  ap_ctrl_hs|  backprop_Pipeline_VITIS_LOOP_126_1|  return value|
|grp_fu_6792_p_din1            |  out|   64|  ap_ctrl_hs|  backprop_Pipeline_VITIS_LOOP_126_1|  return value|
|grp_fu_6792_p_dout0           |   in|   64|  ap_ctrl_hs|  backprop_Pipeline_VITIS_LOOP_126_1|  return value|
|grp_fu_6792_p_ce              |  out|    1|  ap_ctrl_hs|  backprop_Pipeline_VITIS_LOOP_126_1|  return value|
|grp_fu_6796_p_din0            |  out|   64|  ap_ctrl_hs|  backprop_Pipeline_VITIS_LOOP_126_1|  return value|
|grp_fu_6796_p_din1            |  out|   64|  ap_ctrl_hs|  backprop_Pipeline_VITIS_LOOP_126_1|  return value|
|grp_fu_6796_p_dout0           |   in|   64|  ap_ctrl_hs|  backprop_Pipeline_VITIS_LOOP_126_1|  return value|
|grp_fu_6796_p_ce              |  out|    1|  ap_ctrl_hs|  backprop_Pipeline_VITIS_LOOP_126_1|  return value|
|grp_fu_6800_p_din0            |  out|   64|  ap_ctrl_hs|  backprop_Pipeline_VITIS_LOOP_126_1|  return value|
|grp_fu_6800_p_din1            |  out|   64|  ap_ctrl_hs|  backprop_Pipeline_VITIS_LOOP_126_1|  return value|
|grp_fu_6800_p_dout0           |   in|   64|  ap_ctrl_hs|  backprop_Pipeline_VITIS_LOOP_126_1|  return value|
|grp_fu_6800_p_ce              |  out|    1|  ap_ctrl_hs|  backprop_Pipeline_VITIS_LOOP_126_1|  return value|
|oracle_activations1_address0  |  out|    6|   ap_memory|                 oracle_activations1|         array|
|oracle_activations1_ce0       |  out|    1|   ap_memory|                 oracle_activations1|         array|
|oracle_activations1_we0       |  out|    1|   ap_memory|                 oracle_activations1|         array|
|oracle_activations1_d0        |  out|   64|   ap_memory|                 oracle_activations1|         array|
|weights2_address0             |  out|   12|   ap_memory|                            weights2|         array|
|weights2_ce0                  |  out|    1|   ap_memory|                            weights2|         array|
|weights2_q0                   |   in|   64|   ap_memory|                            weights2|         array|
|weights2_address1             |  out|   12|   ap_memory|                            weights2|         array|
|weights2_ce1                  |  out|    1|   ap_memory|                            weights2|         array|
|weights2_q1                   |   in|   64|   ap_memory|                            weights2|         array|
|oracle_activations2_load      |   in|   64|     ap_none|            oracle_activations2_load|        scalar|
|oracle_activations2_load_1    |   in|   64|     ap_none|          oracle_activations2_load_1|        scalar|
|oracle_activations2_load_2    |   in|   64|     ap_none|          oracle_activations2_load_2|        scalar|
|oracle_activations2_load_3    |   in|   64|     ap_none|          oracle_activations2_load_3|        scalar|
|oracle_activations2_load_4    |   in|   64|     ap_none|          oracle_activations2_load_4|        scalar|
|oracle_activations2_load_5    |   in|   64|     ap_none|          oracle_activations2_load_5|        scalar|
|oracle_activations2_load_6    |   in|   64|     ap_none|          oracle_activations2_load_6|        scalar|
|oracle_activations2_load_7    |   in|   64|     ap_none|          oracle_activations2_load_7|        scalar|
|oracle_activations2_load_8    |   in|   64|     ap_none|          oracle_activations2_load_8|        scalar|
|oracle_activations2_load_9    |   in|   64|     ap_none|          oracle_activations2_load_9|        scalar|
|oracle_activations2_load_10   |   in|   64|     ap_none|         oracle_activations2_load_10|        scalar|
|oracle_activations2_load_11   |   in|   64|     ap_none|         oracle_activations2_load_11|        scalar|
|oracle_activations2_load_12   |   in|   64|     ap_none|         oracle_activations2_load_12|        scalar|
|oracle_activations2_load_13   |   in|   64|     ap_none|         oracle_activations2_load_13|        scalar|
|oracle_activations2_load_14   |   in|   64|     ap_none|         oracle_activations2_load_14|        scalar|
|oracle_activations2_load_15   |   in|   64|     ap_none|         oracle_activations2_load_15|        scalar|
|oracle_activations2_load_16   |   in|   64|     ap_none|         oracle_activations2_load_16|        scalar|
|oracle_activations2_load_17   |   in|   64|     ap_none|         oracle_activations2_load_17|        scalar|
|oracle_activations2_load_18   |   in|   64|     ap_none|         oracle_activations2_load_18|        scalar|
|oracle_activations2_load_19   |   in|   64|     ap_none|         oracle_activations2_load_19|        scalar|
|oracle_activations2_load_20   |   in|   64|     ap_none|         oracle_activations2_load_20|        scalar|
|oracle_activations2_load_21   |   in|   64|     ap_none|         oracle_activations2_load_21|        scalar|
|oracle_activations2_load_22   |   in|   64|     ap_none|         oracle_activations2_load_22|        scalar|
|oracle_activations2_load_23   |   in|   64|     ap_none|         oracle_activations2_load_23|        scalar|
|oracle_activations2_load_24   |   in|   64|     ap_none|         oracle_activations2_load_24|        scalar|
|oracle_activations2_load_25   |   in|   64|     ap_none|         oracle_activations2_load_25|        scalar|
|oracle_activations2_load_26   |   in|   64|     ap_none|         oracle_activations2_load_26|        scalar|
|oracle_activations2_load_27   |   in|   64|     ap_none|         oracle_activations2_load_27|        scalar|
|oracle_activations2_load_28   |   in|   64|     ap_none|         oracle_activations2_load_28|        scalar|
|oracle_activations2_load_29   |   in|   64|     ap_none|         oracle_activations2_load_29|        scalar|
|oracle_activations2_load_30   |   in|   64|     ap_none|         oracle_activations2_load_30|        scalar|
|oracle_activations2_load_31   |   in|   64|     ap_none|         oracle_activations2_load_31|        scalar|
|oracle_activations2_load_32   |   in|   64|     ap_none|         oracle_activations2_load_32|        scalar|
|oracle_activations2_load_33   |   in|   64|     ap_none|         oracle_activations2_load_33|        scalar|
|oracle_activations2_load_34   |   in|   64|     ap_none|         oracle_activations2_load_34|        scalar|
|oracle_activations2_load_35   |   in|   64|     ap_none|         oracle_activations2_load_35|        scalar|
|oracle_activations2_load_36   |   in|   64|     ap_none|         oracle_activations2_load_36|        scalar|
|oracle_activations2_load_37   |   in|   64|     ap_none|         oracle_activations2_load_37|        scalar|
|oracle_activations2_load_38   |   in|   64|     ap_none|         oracle_activations2_load_38|        scalar|
|oracle_activations2_load_39   |   in|   64|     ap_none|         oracle_activations2_load_39|        scalar|
|oracle_activations2_load_40   |   in|   64|     ap_none|         oracle_activations2_load_40|        scalar|
|oracle_activations2_load_41   |   in|   64|     ap_none|         oracle_activations2_load_41|        scalar|
|oracle_activations2_load_42   |   in|   64|     ap_none|         oracle_activations2_load_42|        scalar|
|oracle_activations2_load_43   |   in|   64|     ap_none|         oracle_activations2_load_43|        scalar|
|oracle_activations2_load_44   |   in|   64|     ap_none|         oracle_activations2_load_44|        scalar|
|oracle_activations2_load_45   |   in|   64|     ap_none|         oracle_activations2_load_45|        scalar|
|oracle_activations2_load_46   |   in|   64|     ap_none|         oracle_activations2_load_46|        scalar|
|oracle_activations2_load_47   |   in|   64|     ap_none|         oracle_activations2_load_47|        scalar|
|oracle_activations2_load_48   |   in|   64|     ap_none|         oracle_activations2_load_48|        scalar|
|oracle_activations2_load_49   |   in|   64|     ap_none|         oracle_activations2_load_49|        scalar|
|oracle_activations2_load_50   |   in|   64|     ap_none|         oracle_activations2_load_50|        scalar|
|oracle_activations2_load_51   |   in|   64|     ap_none|         oracle_activations2_load_51|        scalar|
|oracle_activations2_load_52   |   in|   64|     ap_none|         oracle_activations2_load_52|        scalar|
|oracle_activations2_load_53   |   in|   64|     ap_none|         oracle_activations2_load_53|        scalar|
|oracle_activations2_load_54   |   in|   64|     ap_none|         oracle_activations2_load_54|        scalar|
|oracle_activations2_load_55   |   in|   64|     ap_none|         oracle_activations2_load_55|        scalar|
|oracle_activations2_load_56   |   in|   64|     ap_none|         oracle_activations2_load_56|        scalar|
|oracle_activations2_load_57   |   in|   64|     ap_none|         oracle_activations2_load_57|        scalar|
|oracle_activations2_load_58   |   in|   64|     ap_none|         oracle_activations2_load_58|        scalar|
|oracle_activations2_load_59   |   in|   64|     ap_none|         oracle_activations2_load_59|        scalar|
|oracle_activations2_load_60   |   in|   64|     ap_none|         oracle_activations2_load_60|        scalar|
|oracle_activations2_load_61   |   in|   64|     ap_none|         oracle_activations2_load_61|        scalar|
|oracle_activations2_load_62   |   in|   64|     ap_none|         oracle_activations2_load_62|        scalar|
|oracle_activations2_load_63   |   in|   64|     ap_none|         oracle_activations2_load_63|        scalar|
|dactivations1_address0        |  out|    6|   ap_memory|                       dactivations1|         array|
|dactivations1_ce0             |  out|    1|   ap_memory|                       dactivations1|         array|
|dactivations1_q0              |   in|   64|   ap_memory|                       dactivations1|         array|
+------------------------------+-----+-----+------------+------------------------------------+--------------+

