

================================================================
== Synthesis Summary Report of 'backprop'
================================================================
+ General Information: 
    * Date:           Wed Dec 20 21:43:00 2023
    * Version:        2022.1 (Build 3526262 on Mon Apr 18 15:47:01 MDT 2022)
    * Project:        backprop_syn
    * Solution:       solution (Vivado IP Flow Target)
    * Product family: virtex7
    * Target device:  xc7v585t-ffg1761-2
    

+ Performance & Resource Estimates: 
    
    PS: '+' for module; 'o' for loop; '*' for dataflow
    +--------------------------------------------------------------------+--------+-------+---------+-----------+----------+---------+------+----------+---------+----------+------------+------------+-----+
    |                               Modules                              |  Issue |       | Latency |  Latency  | Iteration|         | Trip |          |         |          |            |            |     |
    |                               & Loops                              |  Type  | Slack | (cycles)|    (ns)   |  Latency | Interval| Count| Pipelined|  BRAM   |    DSP   |     FF     |     LUT    | URAM|
    +--------------------------------------------------------------------+--------+-------+---------+-----------+----------+---------+------+----------+---------+----------+------------+------------+-----+
    |+ backprop                                                          |  Timing|  -0.40|  4489999|  4.490e+07|         -|  4490000|     -|        no|  44 (2%)|  110 (8%)|  65748 (9%)|  35889 (9%)|    -|
    | o VITIS_LOOP_264_1                                                 |       -|   7.30|  4489998|  4.490e+07|     27546|        -|   163|        no|        -|         -|           -|           -|    -|
    |  + backprop_Pipeline_VITIS_LOOP_265_2                              |       -|   4.17|       66|    660.000|         -|       66|     -|        no|        -|         -|   202 (~0%)|   493 (~0%)|    -|
    |   o VITIS_LOOP_265_2                                               |       -|   7.30|       64|    640.000|         1|        1|    64|       yes|        -|         -|           -|           -|    -|
    |  + backprop_Pipeline_VITIS_LOOP_38_1                               |  Timing|  -0.40|      515|  5.150e+03|         -|      515|     -|        no|        -|         -|  2613 (~0%)|  1128 (~0%)|    -|
    |   o VITIS_LOOP_38_1                                                |      II|   7.30|      513|  5.130e+03|        73|        7|    64|       yes|        -|         -|           -|           -|    -|
    |  + backprop_Pipeline_VITIS_LOOP_28_1                               |       -|   1.43|       72|    720.000|         -|       72|     -|        no|        -|         -|   284 (~0%)|    95 (~0%)|    -|
    |   o VITIS_LOOP_28_1                                                |       -|   7.30|       70|    700.000|         8|        1|    64|       yes|        -|         -|           -|           -|    -|
    |  + backprop_Pipeline_VITIS_LOOP_18_1                               |       -|   0.15|      107|  1.070e+03|         -|      107|     -|        no|        -|         -|   745 (~0%)|   224 (~0%)|    -|
    |   o VITIS_LOOP_18_1                                                |       -|   7.30|      105|  1.050e+03|        43|        1|    64|       yes|        -|         -|           -|           -|    -|
    |  + backprop_Pipeline_VITIS_LOOP_52_1                               |  Timing|  -0.37|     2345|  2.345e+04|         -|     2345|     -|        no|        -|         -|   8842 (1%)|   4052 (1%)|    -|
    |   o VITIS_LOOP_52_1                                                |      II|   7.30|     2343|  2.343e+04|       328|       32|    64|       yes|        -|         -|           -|           -|    -|
    |  + backprop_Pipeline_VITIS_LOOP_28_11                              |       -|   1.43|       72|    720.000|         -|       72|     -|        no|        -|         -|   284 (~0%)|    95 (~0%)|    -|
    |   o VITIS_LOOP_28_1                                                |       -|   7.30|       70|    700.000|         8|        1|    64|       yes|        -|         -|           -|           -|    -|
    |  + backprop_Pipeline_VITIS_LOOP_18_12                              |       -|   0.15|      107|  1.070e+03|         -|      107|     -|        no|        -|         -|   745 (~0%)|   224 (~0%)|    -|
    |   o VITIS_LOOP_18_1                                                |       -|   7.30|      105|  1.050e+03|        43|        1|    64|       yes|        -|         -|           -|           -|    -|
    |  + backprop_Pipeline_VITIS_LOOP_66_1                               |  Timing|  -0.37|      392|  3.920e+03|         -|      392|     -|        no|        -|         -|   9020 (1%)|   3820 (1%)|    -|
    |   o VITIS_LOOP_66_1                                                |      II|   7.30|      390|  3.900e+03|       327|       32|     3|       yes|        -|         -|           -|           -|    -|
    |  + backprop_Pipeline_VITIS_LOOP_28_13                              |       -|   0.29|       18|    180.000|         -|       18|     -|        no|        -|         -|   205 (~0%)|   141 (~0%)|    -|
    |   o VITIS_LOOP_28_1                                                |      II|   7.30|       16|    160.000|         6|        5|     3|       yes|        -|         -|           -|           -|    -|
    |  + backprop_Pipeline_VITIS_LOOP_18_14                              |       -|   0.15|      125|  1.250e+03|         -|      125|     -|        no|        -|         -|   754 (~0%)|   425 (~0%)|    -|
    |   o VITIS_LOOP_18_1                                                |      II|   7.30|      123|  1.230e+03|        41|       41|     3|       yes|        -|         -|           -|           -|    -|
    |  + backprop_Pipeline_VITIS_LOOP_8_1                                |       -|   0.29|       28|    280.000|         -|       28|     -|        no|        -|         -|   272 (~0%)|   250 (~0%)|    -|
    |   o VITIS_LOOP_8_1                                                 |      II|   7.30|       26|    260.000|        19|        4|     3|       yes|        -|         -|           -|           -|    -|
    |  + backprop_Pipeline_VITIS_LOOP_11_2                               |       -|   0.17|       39|    390.000|         -|       39|     -|        no|        -|         -|   524 (~0%)|   227 (~0%)|    -|
    |   o VITIS_LOOP_11_2                                                |       -|   7.30|       37|    370.000|        36|        1|     3|       yes|        -|         -|           -|           -|    -|
    |  + backprop_Pipeline_VITIS_LOOP_80_1                               |       -|   0.15|       16|    160.000|         -|       16|     -|        no|        -|         -|   606 (~0%)|   256 (~0%)|    -|
    |   o VITIS_LOOP_80_1                                                |       -|   7.30|       14|    140.000|        13|        1|     3|       yes|        -|         -|           -|           -|    -|
    |  + backprop_Pipeline_VITIS_LOOP_89_1                               |       -|   0.15|      136|  1.360e+03|         -|      136|     -|        no|        -|         -|   354 (~0%)|   269 (~0%)|    -|
    |   o VITIS_LOOP_89_1                                                |      II|   7.30|      134|  1.340e+03|         9|        2|    64|       yes|        -|         -|           -|           -|    -|
    |  + backprop_Pipeline_VITIS_LOOP_101_1                              |       -|   0.15|      156|  1.560e+03|         -|      156|     -|        no|        -|         -|  1021 (~0%)|   516 (~0%)|    -|
    |   o VITIS_LOOP_101_1                                               |      II|   7.30|      154|  1.540e+03|        29|        2|    64|       yes|        -|         -|           -|           -|    -|
    |  + backprop_Pipeline_VITIS_LOOP_114_1                              |  Timing|  -0.37|     2056|  2.056e+04|         -|     2056|     -|        no|        -|         -|   247 (~0%)|  1617 (~0%)|    -|
    |   o VITIS_LOOP_114_1                                               |      II|   7.30|     2054|  2.054e+04|        39|       32|    64|       yes|        -|         -|           -|           -|    -|
    |  + backprop_Pipeline_VITIS_LOOP_126_1                              |  Timing|  -0.37|     2350|  2.350e+04|         -|     2350|     -|        no|        -|         -|   8977 (1%)|   4052 (1%)|    -|
    |   o VITIS_LOOP_126_1                                               |      II|   7.30|     2348|  2.348e+04|       333|       32|    64|       yes|        -|         -|           -|           -|    -|
    |  + backprop_Pipeline_VITIS_LOOP_139_1                              |  Timing|  -0.37|      424|  4.240e+03|         -|      424|     -|        no|        -|         -|   304 (~0%)|  1533 (~0%)|    -|
    |   o VITIS_LOOP_139_1                                               |      II|   7.30|      422|  4.220e+03|        39|       32|    13|       yes|        -|         -|           -|           -|    -|
    |  + update_weights_1                                                |       -|   0.15|    20547|  2.055e+05|         -|    20547|     -|        no|        -|   23 (1%)|   7318 (1%)|   6907 (1%)|    -|
    |   + update_weights_1_Pipeline_VITIS_LOOP_163_1_VITIS_LOOP_164_2    |       -|   0.15|     3347|  3.347e+04|         -|     3347|     -|        no|        -|         -|   559 (~0%)|   390 (~0%)|    -|
    |    o VITIS_LOOP_163_1_VITIS_LOOP_164_2                             |      II|   7.30|     3345|  3.345e+04|        22|        4|   832|       yes|        -|         -|           -|           -|    -|
    |   + update_weights_1_Pipeline_VITIS_LOOP_169_3                     |       -|   0.15|      275|  2.750e+03|         -|      275|     -|        no|        -|         -|   541 (~0%)|   285 (~0%)|    -|
    |    o VITIS_LOOP_169_3                                              |      II|   7.30|      273|  2.730e+03|        22|        4|    64|       yes|        -|         -|           -|           -|    -|
    |   + update_weights_1_Pipeline_VITIS_LOOP_189_7_VITIS_LOOP_190_8    |       -|   0.15|    16403|  1.640e+05|         -|    16403|     -|        no|        -|   3 (~0%)|  1012 (~0%)|  1182 (~0%)|    -|
    |    o VITIS_LOOP_189_7_VITIS_LOOP_190_8                             |      II|   7.30|    16401|  1.640e+05|        22|        4|  4096|       yes|        -|         -|           -|           -|    -|
    |   + update_weights_1_Pipeline_VITIS_LOOP_195_9                     |       -|   0.15|      275|  2.750e+03|         -|      275|     -|        no|        -|   3 (~0%)|   986 (~0%)|  1067 (~0%)|    -|
    |    o VITIS_LOOP_195_9                                              |      II|   7.30|      273|  2.730e+03|        22|        4|    64|       yes|        -|         -|           -|           -|    -|
    |   + update_weights_1_Pipeline_VITIS_LOOP_215_13_VITIS_LOOP_216_14  |       -|   0.15|      787|  7.870e+03|         -|      787|     -|        no|        -|   3 (~0%)|  1013 (~0%)|  1198 (~0%)|    -|
    |    o VITIS_LOOP_215_13_VITIS_LOOP_216_14                           |      II|   7.30|      785|  7.850e+03|        22|        4|   192|       yes|        -|         -|           -|           -|    -|
    |   + update_weights_1_Pipeline_VITIS_LOOP_221_15                    |       -|   0.15|       30|    300.000|         -|       30|     -|        no|        -|   14 (1%)|  1216 (~0%)|  1257 (~0%)|    -|
    |    o VITIS_LOOP_221_15                                             |      II|   7.30|       28|    280.000|        21|        4|     3|       yes|        -|         -|           -|           -|    -|
    |   + update_weights_1_Pipeline_VITIS_LOOP_177_4_VITIS_LOOP_178_5    |       -|   1.01|      857|  8.570e+03|         -|      857|     -|        no|        -|         -|   272 (~0%)|   183 (~0%)|    -|
    |    o VITIS_LOOP_177_4_VITIS_LOOP_178_5                             |       -|   7.30|      855|  8.550e+03|        25|        1|   832|       yes|        -|         -|           -|           -|    -|
    |   + update_weights_1_Pipeline_VITIS_LOOP_182_6                     |       -|   1.01|       89|    890.000|         -|       89|     -|        no|        -|         -|   254 (~0%)|    95 (~0%)|    -|
    |    o VITIS_LOOP_182_6                                              |       -|   7.30|       87|    870.000|        25|        1|    64|       yes|        -|         -|           -|           -|    -|
    |   + update_weights_1_Pipeline_VITIS_LOOP_203_10_VITIS_LOOP_204_11  |       -|   1.01|     4121|  4.121e+04|         -|     4121|     -|        no|        -|         -|   280 (~0%)|   191 (~0%)|    -|
    |    o VITIS_LOOP_203_10_VITIS_LOOP_204_11                           |       -|   7.30|     4119|  4.119e+04|        25|        1|  4096|       yes|        -|         -|           -|           -|    -|
    |   + update_weights_1_Pipeline_VITIS_LOOP_208_12                    |       -|   1.01|       89|    890.000|         -|       89|     -|        no|        -|         -|   254 (~0%)|    95 (~0%)|    -|
    |    o VITIS_LOOP_208_12                                             |       -|   7.30|       87|    870.000|        25|        1|    64|       yes|        -|         -|           -|           -|    -|
    |   + update_weights_1_Pipeline_VITIS_LOOP_229_16_VITIS_LOOP_230_17  |       -|   1.01|      217|  2.170e+03|         -|      217|     -|        no|        -|         -|   266 (~0%)|   226 (~0%)|    -|
    |    o VITIS_LOOP_229_16_VITIS_LOOP_230_17                           |       -|   7.30|      215|  2.150e+03|        25|        1|   192|       yes|        -|         -|           -|           -|    -|
    |   + update_weights_1_Pipeline_VITIS_LOOP_234_18                    |       -|   1.01|       28|    280.000|         -|       28|     -|        no|        -|         -|   245 (~0%)|    88 (~0%)|    -|
    |    o VITIS_LOOP_234_18                                             |       -|   7.30|       26|    260.000|        25|        1|     3|       yes|        -|         -|           -|           -|    -|
    +--------------------------------------------------------------------+--------+-------+---------+-----------+----------+---------+------+----------+---------+----------+------------+------------+-----+


================================================================
== HW Interfaces
================================================================
* AP_MEMORY
+---------------------------+----------+
| Interface                 | Bitwidth |
+---------------------------+----------+
| biases1_address0          | 6        |
| biases1_address1          | 6        |
| biases1_d0                | 64       |
| biases1_q0                | 64       |
| biases1_q1                | 64       |
| biases2_address0          | 6        |
| biases2_address1          | 6        |
| biases2_d0                | 64       |
| biases2_q0                | 64       |
| biases2_q1                | 64       |
| biases3_address0          | 2        |
| biases3_address1          | 2        |
| biases3_d0                | 64       |
| biases3_q0                | 64       |
| biases3_q1                | 64       |
| training_data_address0    | 12       |
| training_data_address1    | 12       |
| training_data_q0          | 64       |
| training_data_q1          | 64       |
| training_targets_address0 | 9        |
| training_targets_q0       | 64       |
| weights1_address0         | 10       |
| weights1_address1         | 10       |
| weights1_d0               | 64       |
| weights1_q0               | 64       |
| weights1_q1               | 64       |
| weights2_address0         | 12       |
| weights2_address1         | 12       |
| weights2_d0               | 64       |
| weights2_q0               | 64       |
| weights2_q1               | 64       |
| weights3_address0         | 8        |
| weights3_address1         | 8        |
| weights3_d0               | 64       |
| weights3_q0               | 64       |
| weights3_q1               | 64       |
+---------------------------+----------+

* TOP LEVEL CONTROL
+-----------+------------+-----------------------------------+
| Interface | Type       | Ports                             |
+-----------+------------+-----------------------------------+
| ap_clk    | clock      | ap_clk                            |
| ap_rst    | reset      | ap_rst                            |
| ap_ctrl   | ap_ctrl_hs | ap_done ap_idle ap_ready ap_start |
+-----------+------------+-----------------------------------+


================================================================
== SW I/O Information
================================================================
* Top Function Arguments
+------------------+-----------+----------+
| Argument         | Direction | Datatype |
+------------------+-----------+----------+
| weights1         | inout     | double*  |
| weights2         | inout     | double*  |
| weights3         | inout     | double*  |
| biases1          | inout     | double*  |
| biases2          | inout     | double*  |
| biases3          | inout     | double*  |
| training_data    | in        | double*  |
| training_targets | in        | double*  |
+------------------+-----------+----------+

* SW-to-HW Mapping
+------------------+---------------------------+---------+----------+
| Argument         | HW Interface              | HW Type | HW Usage |
+------------------+---------------------------+---------+----------+
| weights1         | weights1_address0         | port    | offset   |
| weights1         | weights1_ce0              | port    |          |
| weights1         | weights1_we0              | port    |          |
| weights1         | weights1_d0               | port    |          |
| weights1         | weights1_q0               | port    |          |
| weights1         | weights1_address1         | port    | offset   |
| weights1         | weights1_ce1              | port    |          |
| weights1         | weights1_q1               | port    |          |
| weights2         | weights2_address0         | port    | offset   |
| weights2         | weights2_ce0              | port    |          |
| weights2         | weights2_we0              | port    |          |
| weights2         | weights2_d0               | port    |          |
| weights2         | weights2_q0               | port    |          |
| weights2         | weights2_address1         | port    | offset   |
| weights2         | weights2_ce1              | port    |          |
| weights2         | weights2_q1               | port    |          |
| weights3         | weights3_address0         | port    | offset   |
| weights3         | weights3_ce0              | port    |          |
| weights3         | weights3_we0              | port    |          |
| weights3         | weights3_d0               | port    |          |
| weights3         | weights3_q0               | port    |          |
| weights3         | weights3_address1         | port    | offset   |
| weights3         | weights3_ce1              | port    |          |
| weights3         | weights3_q1               | port    |          |
| biases1          | biases1_address0          | port    | offset   |
| biases1          | biases1_ce0               | port    |          |
| biases1          | biases1_we0               | port    |          |
| biases1          | biases1_d0                | port    |          |
| biases1          | biases1_q0                | port    |          |
| biases1          | biases1_address1          | port    | offset   |
| biases1          | biases1_ce1               | port    |          |
| biases1          | biases1_q1                | port    |          |
| biases2          | biases2_address0          | port    | offset   |
| biases2          | biases2_ce0               | port    |          |
| biases2          | biases2_we0               | port    |          |
| biases2          | biases2_d0                | port    |          |
| biases2          | biases2_q0                | port    |          |
| biases2          | biases2_address1          | port    | offset   |
| biases2          | biases2_ce1               | port    |          |
| biases2          | biases2_q1                | port    |          |
| biases3          | biases3_address0          | port    | offset   |
| biases3          | biases3_ce0               | port    |          |
| biases3          | biases3_we0               | port    |          |
| biases3          | biases3_d0                | port    |          |
| biases3          | biases3_q0                | port    |          |
| biases3          | biases3_address1          | port    | offset   |
| biases3          | biases3_ce1               | port    |          |
| biases3          | biases3_q1                | port    |          |
| training_data    | training_data_address0    | port    | offset   |
| training_data    | training_data_ce0         | port    |          |
| training_data    | training_data_q0          | port    |          |
| training_data    | training_data_address1    | port    | offset   |
| training_data    | training_data_ce1         | port    |          |
| training_data    | training_data_q1          | port    |          |
| training_targets | training_targets_address0 | port    | offset   |
| training_targets | training_targets_ce0      | port    |          |
| training_targets | training_targets_q0       | port    |          |
+------------------+---------------------------+---------+----------+


================================================================
== Bind Op Report
================================================================
+-------------------------------------------------------------------+-----+--------+-------------------+-------+---------+---------+
| Name                                                              | DSP | Pragma | Variable          | Op    | Impl    | Latency |
+-------------------------------------------------------------------+-----+--------+-------------------+-------+---------+---------+
| + backprop                                                        | 110 |        |                   |       |         |         |
|   add_ln264_1_fu_3181_p2                                          | -   |        | add_ln264_1       | add   | fabric  | 0       |
|   dadddsub_64ns_64ns_64_5_full_dsp_1_U566                         | -   |        | add_ln264         | add   | fabric  | 0       |
|   add_ln41_1_fu_3226_p2                                           | -   |        | add_ln41_1        | add   | fabric  | 0       |
|   dmul_64ns_64ns_64_5_max_dsp_1_U569                              | -   |        | add_ln41_3        | add   | fabric  | 0       |
|   dadddsub_64ns_64ns_64_5_full_dsp_1_U566                         | -   |        | add_ln41_5        | add   | fabric  | 0       |
|   dmul_64ns_64ns_64_5_max_dsp_1_U568                              | -   |        | add_ln41_7        | add   | fabric  | 0       |
|   dadddsub_64ns_64ns_64_5_full_dsp_1_U566                         | -   |        | add_ln41_9        | add   | fabric  | 0       |
|   add_ln41_11_fu_3276_p2                                          | -   |        | add_ln41_11       | add   | fabric  | 0       |
|   dmul_64ns_64ns_64_5_max_dsp_1_U572                              | -   |        | add_ln41          | add   | fabric  | 0       |
|   add_ln41_12_fu_3296_p2                                          | -   |        | add_ln41_12       | add   | fabric  | 0       |
|   dmul_64ns_64ns_64_5_max_dsp_1_U568                              | -   |        | add_ln41_13       | add   | fabric  | 0       |
|   dadddsub_64ns_64ns_64_5_full_dsp_1_U567                         | -   |        | add_ln41_14       | add   | fabric  | 0       |
|   dmul_64ns_64ns_64_5_max_dsp_1_U569                              | -   |        | add_ln41_15       | add   | fabric  | 0       |
|   dadddsub_64ns_64ns_64_5_full_dsp_1_U567                         | -   |        | add_ln41_16       | add   | fabric  | 0       |
|   sub_ln81_fu_3541_p2                                             | -   |        | sub_ln81          | sub   | fabric  | 0       |
|  + backprop_Pipeline_VITIS_LOOP_265_2                             | 0   |        |                   |       |         |         |
|    add_ln265_fu_166_p2                                            | -   |        | add_ln265         | add   | fabric  | 0       |
|  + backprop_Pipeline_VITIS_LOOP_38_1                              | 0   |        |                   |       |         |         |
|    add_ln38_fu_516_p2                                             | -   |        | add_ln38          | add   | fabric  | 0       |
|    mul_6ns_5ns_10_1_1_U13                                         | -   |        | mul_ln41          | mul   | auto    | 0       |
|    add_ln41_fu_365_p2                                             | -   |        | add_ln41          | add   | fabric  | 0       |
|    add_ln41_1_fu_376_p2                                           | -   |        | add_ln41_1        | add   | fabric  | 0       |
|    add_ln41_2_fu_386_p2                                           | -   |        | add_ln41_2        | add   | fabric  | 0       |
|    add_ln41_3_fu_406_p2                                           | -   |        | add_ln41_3        | add   | fabric  | 0       |
|    add_ln41_4_fu_416_p2                                           | -   |        | add_ln41_4        | add   | fabric  | 0       |
|    add_ln41_5_fu_436_p2                                           | -   |        | add_ln41_5        | add   | fabric  | 0       |
|    add_ln41_6_fu_446_p2                                           | -   |        | add_ln41_6        | add   | fabric  | 0       |
|    add_ln41_7_fu_466_p2                                           | -   |        | add_ln41_7        | add   | fabric  | 0       |
|    add_ln41_8_fu_476_p2                                           | -   |        | add_ln41_8        | add   | fabric  | 0       |
|    add_ln41_9_fu_496_p2                                           | -   |        | add_ln41_9        | add   | fabric  | 0       |
|    add_ln41_10_fu_506_p2                                          | -   |        | add_ln41_10       | add   | fabric  | 0       |
|    add_ln41_11_fu_531_p2                                          | -   |        | add_ln41_11       | add   | fabric  | 0       |
|  + backprop_Pipeline_VITIS_LOOP_28_1                              | 0   |        |                   |       |         |         |
|    add_ln28_fu_88_p2                                              | -   |        | add_ln28          | add   | fabric  | 0       |
|  + backprop_Pipeline_VITIS_LOOP_18_1                              | 0   |        |                   |       |         |         |
|    add_ln18_fu_108_p2                                             | -   |        | add_ln18          | add   | fabric  | 0       |
|  + backprop_Pipeline_VITIS_LOOP_52_1                              | 0   |        |                   |       |         |         |
|    add_ln52_fu_1316_p2                                            | -   |        | add_ln52          | add   | fabric  | 0       |
|  + backprop_Pipeline_VITIS_LOOP_28_11                             | 0   |        |                   |       |         |         |
|    add_ln28_fu_88_p2                                              | -   |        | add_ln28          | add   | fabric  | 0       |
|  + backprop_Pipeline_VITIS_LOOP_18_12                             | 0   |        |                   |       |         |         |
|    add_ln18_fu_108_p2                                             | -   |        | add_ln18          | add   | fabric  | 0       |
|  + backprop_Pipeline_VITIS_LOOP_66_1                              | 0   |        |                   |       |         |         |
|    add_ln66_fu_1380_p2                                            | -   |        | add_ln66          | add   | fabric  | 0       |
|  + backprop_Pipeline_VITIS_LOOP_28_13                             | 0   |        |                   |       |         |         |
|    add_ln28_fu_158_p2                                             | -   |        | add_ln28          | add   | fabric  | 0       |
|  + backprop_Pipeline_VITIS_LOOP_18_14                             | 0   |        |                   |       |         |         |
|    add_ln18_fu_236_p2                                             | -   |        | add_ln18          | add   | fabric  | 0       |
|  + backprop_Pipeline_VITIS_LOOP_8_1                               | 0   |        |                   |       |         |         |
|    add_ln8_fu_105_p2                                              | -   |        | add_ln8           | add   | fabric  | 0       |
|  + backprop_Pipeline_VITIS_LOOP_11_2                              | 0   |        |                   |       |         |         |
|    add_ln11_fu_171_p2                                             | -   |        | add_ln11          | add   | fabric  | 0       |
|  + backprop_Pipeline_VITIS_LOOP_80_1                              | 0   |        |                   |       |         |         |
|    add_ln80_fu_217_p2                                             | -   |        | add_ln80          | add   | fabric  | 0       |
|    add_ln81_fu_227_p2                                             | -   |        | add_ln81          | add   | fabric  | 0       |
|  + backprop_Pipeline_VITIS_LOOP_89_1                              | 0   |        |                   |       |         |         |
|    add_ln89_fu_142_p2                                             | -   |        | add_ln89          | add   | fabric  | 0       |
|    empty_38_fu_172_p2                                             | -   |        | empty_38          | sub   | fabric  | 0       |
|    add_ln91_fu_183_p2                                             | -   |        | add_ln91          | add   | fabric  | 0       |
|    add_ln91_1_fu_194_p2                                           | -   |        | add_ln91_1        | add   | fabric  | 0       |
|  + backprop_Pipeline_VITIS_LOOP_101_1                             | 0   |        |                   |       |         |         |
|    add_ln101_fu_173_p2                                            | -   |        | add_ln101         | add   | fabric  | 0       |
|    sub_ln104_fu_195_p2                                            | -   |        | sub_ln104         | sub   | fabric  | 0       |
|    add_ln104_fu_206_p2                                            | -   |        | add_ln104         | add   | fabric  | 0       |
|    add_ln104_1_fu_222_p2                                          | -   |        | add_ln104_1       | add   | fabric  | 0       |
|  + backprop_Pipeline_VITIS_LOOP_114_1                             | 0   |        |                   |       |         |         |
|    add_ln114_fu_1244_p2                                           | -   |        | add_ln114         | add   | fabric  | 0       |
|  + backprop_Pipeline_VITIS_LOOP_126_1                             | 0   |        |                   |       |         |         |
|    add_ln126_fu_1340_p2                                           | -   |        | add_ln126         | add   | fabric  | 0       |
|  + backprop_Pipeline_VITIS_LOOP_139_1                             | 0   |        |                   |       |         |         |
|    add_ln139_fu_1260_p2                                           | -   |        | add_ln139         | add   | fabric  | 0       |
|    arrayidx10_sum231_fu_1270_p2                                   | -   |        | arrayidx10_sum231 | add   | fabric  | 0       |
|  + update_weights_1                                               | 23  |        |                   |       |         |         |
|    dsqrt_64ns_64ns_64_21_no_dsp_1_U537                            | -   |        | norm_1            | dsqrt | fabric  | 20      |
|    dsqrt_64ns_64ns_64_21_no_dsp_1_U538                            | -   |        | bias_norm         | dsqrt | fabric  | 20      |
|    dsqrt_64ns_64ns_64_21_no_dsp_1_U539                            | -   |        | norm              | dsqrt | fabric  | 20      |
|    dsqrt_64ns_64ns_64_21_no_dsp_1_U540                            | -   |        | bias_norm_3       | dsqrt | fabric  | 20      |
|    dsqrt_64ns_64ns_64_21_no_dsp_1_U541                            | -   |        | norm_3            | dsqrt | fabric  | 20      |
|    dsqrt_64ns_64ns_64_21_no_dsp_1_U542                            | -   |        | bias_norm_4       | dsqrt | fabric  | 20      |
|   + update_weights_1_Pipeline_VITIS_LOOP_163_1_VITIS_LOOP_164_2   | 0   |        |                   |       |         |         |
|     add_ln163_fu_150_p2                                           | -   |        | add_ln163         | add   | fabric  | 0       |
|     add_ln163_1_fu_176_p2                                         | -   |        | add_ln163_1       | add   | fabric  | 0       |
|     add_ln165_fu_202_p2                                           | -   |        | add_ln165         | add   | fabric  | 0       |
|     add_ln164_fu_214_p2                                           | -   |        | add_ln164         | add   | fabric  | 0       |
|   + update_weights_1_Pipeline_VITIS_LOOP_169_3                    | 0   |        |                   |       |         |         |
|     add_ln169_fu_116_p2                                           | -   |        | add_ln169         | add   | fabric  | 0       |
|   + update_weights_1_Pipeline_VITIS_LOOP_189_7_VITIS_LOOP_190_8   | 3   |        |                   |       |         |         |
|     add_ln189_fu_146_p2                                           | -   |        | add_ln189         | add   | fabric  | 0       |
|     add_ln189_1_fu_172_p2                                         | -   |        | add_ln189_1       | add   | fabric  | 0       |
|     add_ln191_fu_202_p2                                           | -   |        | add_ln191         | add   | fabric  | 0       |
|     dadddsub_64ns_64ns_64_5_full_dsp_1_U502                       | 3   |        | sub3              | dsub  | fulldsp | 4       |
|     dadddsub_64ns_64ns_64_5_full_dsp_1_U502                       | 3   |        | norm_2            | dsub  | fulldsp | 4       |
|     add_ln190_fu_214_p2                                           | -   |        | add_ln190         | add   | fabric  | 0       |
|   + update_weights_1_Pipeline_VITIS_LOOP_195_9                    | 3   |        |                   |       |         |         |
|     add_ln195_fu_116_p2                                           | -   |        | add_ln195         | add   | fabric  | 0       |
|     dadddsub_64ns_64ns_64_5_full_dsp_1_U507                       | 3   |        | sub2              | dsub  | fulldsp | 4       |
|     dadddsub_64ns_64ns_64_5_full_dsp_1_U507                       | 3   |        | bias_norm_2       | dsub  | fulldsp | 4       |
|   + update_weights_1_Pipeline_VITIS_LOOP_215_13_VITIS_LOOP_216_14 | 3   |        |                   |       |         |         |
|     empty_34_fu_161_p2                                            | -   |        | empty_34          | sub   | fabric  | 0       |
|     add_ln215_fu_173_p2                                           | -   |        | add_ln215         | add   | fabric  | 0       |
|     add_ln215_1_fu_196_p2                                         | -   |        | add_ln215_1       | add   | fabric  | 0       |
|     p_mid131_fu_218_p2                                            | -   |        | p_mid131          | sub   | fabric  | 0       |
|     add_ln217_fu_236_p2                                           | -   |        | add_ln217         | add   | fabric  | 0       |
|     dadddsub_64ns_64ns_64_5_full_dsp_1_U518                       | 3   |        | sub5              | dsub  | fulldsp | 4       |
|     dadddsub_64ns_64ns_64_5_full_dsp_1_U518                       | 3   |        | norm_1            | dsub  | fulldsp | 4       |
|     add_ln216_fu_248_p2                                           | -   |        | add_ln216         | add   | fabric  | 0       |
|   + update_weights_1_Pipeline_VITIS_LOOP_221_15                   | 14  |        |                   |       |         |         |
|     add_ln221_fu_126_p2                                           | -   |        | add_ln221         | add   | fabric  | 0       |
|     dmul_64ns_64ns_64_5_max_dsp_1_U524                            | 11  |        | mul8              | dmul  | maxdsp  | 4       |
|     dadddsub_64ns_64ns_64_5_full_dsp_1_U523                       | 3   |        | sub4              | dsub  | fulldsp | 4       |
|     dmul_64ns_64ns_64_5_max_dsp_1_U524                            | 11  |        | mul9              | dmul  | maxdsp  | 4       |
|     dadddsub_64ns_64ns_64_5_full_dsp_1_U523                       | 3   |        | bias_norm_1       | dsub  | fulldsp | 4       |
|   + update_weights_1_Pipeline_VITIS_LOOP_177_4_VITIS_LOOP_178_5   | 0   |        |                   |       |         |         |
|     add_ln177_fu_115_p2                                           | -   |        | add_ln177         | add   | fabric  | 0       |
|     add_ln177_1_fu_141_p2                                         | -   |        | add_ln177_1       | add   | fabric  | 0       |
|     add_ln178_fu_172_p2                                           | -   |        | add_ln178         | add   | fabric  | 0       |
|   + update_weights_1_Pipeline_VITIS_LOOP_182_6                    | 0   |        |                   |       |         |         |
|     add_ln182_fu_83_p2                                            | -   |        | add_ln182         | add   | fabric  | 0       |
|     ddiv_64ns_64ns_64_22_no_dsp_1_U499                            | -   |        | div1              | ddiv  | fabric  | 21      |
|   + update_weights_1_Pipeline_VITIS_LOOP_203_10_VITIS_LOOP_204_11 | 0   |        |                   |       |         |         |
|     add_ln203_fu_111_p2                                           | -   |        | add_ln203         | add   | fabric  | 0       |
|     add_ln203_1_fu_137_p2                                         | -   |        | add_ln203_1       | add   | fabric  | 0       |
|     ddiv_64ns_64ns_64_22_no_dsp_1_U512                            | -   |        | div3              | ddiv  | fabric  | 21      |
|     add_ln204_fu_172_p2                                           | -   |        | add_ln204         | add   | fabric  | 0       |
|   + update_weights_1_Pipeline_VITIS_LOOP_208_12                   | 0   |        |                   |       |         |         |
|     add_ln208_fu_83_p2                                            | -   |        | add_ln208         | add   | fabric  | 0       |
|     ddiv_64ns_64ns_64_22_no_dsp_1_U515                            | -   |        | div2              | ddiv  | fabric  | 21      |
|   + update_weights_1_Pipeline_VITIS_LOOP_229_16_VITIS_LOOP_230_17 | 0   |        |                   |       |         |         |
|     sub_ln231_fu_128_p2                                           | -   |        | sub_ln231         | sub   | fabric  | 0       |
|     add_ln229_fu_140_p2                                           | -   |        | add_ln229         | add   | fabric  | 0       |
|     add_ln229_1_fu_163_p2                                         | -   |        | add_ln229_1       | add   | fabric  | 0       |
|     sub_ln231_1_fu_185_p2                                         | -   |        | sub_ln231_1       | sub   | fabric  | 0       |
|     add_ln231_fu_211_p2                                           | -   |        | add_ln231         | add   | fabric  | 0       |
|     ddiv_64ns_64ns_64_22_no_dsp_1_U531                            | -   |        | div5              | ddiv  | fabric  | 21      |
|     add_ln230_fu_222_p2                                           | -   |        | add_ln230         | add   | fabric  | 0       |
|   + update_weights_1_Pipeline_VITIS_LOOP_234_18                   | 0   |        |                   |       |         |         |
|     add_ln234_fu_83_p2                                            | -   |        | add_ln234         | add   | fabric  | 0       |
|     ddiv_64ns_64ns_64_22_no_dsp_1_U534                            | -   |        | div4              | ddiv  | fabric  | 21      |
+-------------------------------------------------------------------+-----+--------+-------------------+-------+---------+---------+


================================================================
== Bind Storage Report
================================================================
+-------------------------------------------+------+------+--------+---------------------+---------+------+---------+
| Name                                      | BRAM | URAM | Pragma | Variable            | Storage | Impl | Latency |
+-------------------------------------------+------+------+--------+---------------------+---------+------+---------+
| + backprop                                | 44   | 0    |        |                     |         |      |         |
|   activations1_U                          | 4    | -    |        | activations1        | ram_s2p | auto | 1       |
|   activations2_U                          | 4    | -    |        | activations2        | ram_s2p | auto | 1       |
|   dactivations1_U                         | 4    | -    |        | dactivations1       | ram_1p  | auto | 1       |
|   dmul_64ns_64ns_64_5_max_dsp_1_U568      | 4    | -    |        | dactivations2       | ram_1p  | auto | 1       |
|   dadddsub_64ns_64ns_64_5_full_dsp_1_U566 | 4    | -    |        | delta_weights1      | ram_t2p | auto | 1       |
|   delta_weights2_U                        | 16   | -    |        | delta_weights2      | ram_t2p | auto | 1       |
|   delta_weights3_U                        | 4    | -    |        | delta_weights3      | ram_t2p | auto | 1       |
|   oracle_activations1_U                   | 4    | -    |        | oracle_activations1 | ram_s2p | auto | 1       |
|   oracle_activations2_U                   | 4    | -    |        | oracle_activations2 | ram_s2p | auto | 1       |
+-------------------------------------------+------+------+--------+---------------------+---------+------+---------+


================================================================
== Pragma Report
================================================================
  No pragmas found

