

================================================================
== Vitis HLS Report for 'update_weights_1_Pipeline_VITIS_LOOP_189_7_VITIS_LOOP_190_8'
================================================================
* Date:           Wed Dec 20 21:42:55 2023

* Version:        2022.1 (Build 3526262 on Mon Apr 18 15:47:01 MDT 2022)
* Project:        backprop_syn
* Solution:       solution (Vivado IP Flow Target)
* Product family: virtex7
* Target device:  xc7v585t-ffg1761-2


================================================================
== Performance Estimates
================================================================
+ Timing: 
    * Summary: 
    +--------+----------+----------+------------+
    |  Clock |  Target  | Estimated| Uncertainty|
    +--------+----------+----------+------------+
    |ap_clk  |  10.00 ns|  7.148 ns|     2.70 ns|
    +--------+----------+----------+------------+

+ Latency: 
    * Summary: 
    +---------+---------+----------+----------+-------+-------+---------+
    |  Latency (cycles) |  Latency (absolute) |    Interval   | Pipeline|
    |   min   |   max   |    min   |    max   |  min  |  max  |   Type  |
    +---------+---------+----------+----------+-------+-------+---------+
    |    16403|    16403|  0.164 ms|  0.164 ms|  16403|  16403|       no|
    +---------+---------+----------+----------+-------+-------+---------+

    + Detail: 
        * Instance: 
        N/A

        * Loop: 
        +-------------------------------------+---------+---------+----------+-----------+-----------+------+----------+
        |                                     |  Latency (cycles) | Iteration|  Initiation Interval  | Trip |          |
        |              Loop Name              |   min   |   max   |  Latency |  achieved |   target  | Count| Pipelined|
        +-------------------------------------+---------+---------+----------+-----------+-----------+------+----------+
        |- VITIS_LOOP_189_7_VITIS_LOOP_190_8  |    16401|    16401|        22|          4|          1|  4096|       yes|
        +-------------------------------------+---------+---------+----------+-----------+-----------+------+----------+



================================================================
== Utilization Estimates
================================================================
* Summary: 
+-----------------+---------+------+--------+--------+-----+
|       Name      | BRAM_18K|  DSP |   FF   |   LUT  | URAM|
+-----------------+---------+------+--------+--------+-----+
|DSP              |        -|     -|       -|       -|    -|
|Expression       |        -|     -|       0|     106|    -|
|FIFO             |        -|     -|       -|       -|    -|
|Instance         |        -|     3|     445|     782|    -|
|Memory           |        -|     -|       -|       -|    -|
|Multiplexer      |        -|     -|       -|     230|    -|
|Register         |        -|     -|     567|      64|    -|
+-----------------+---------+------+--------+--------+-----+
|Total            |        0|     3|    1012|    1182|    0|
+-----------------+---------+------+--------+--------+-----+
|Available        |     1590|  1260|  728400|  364200|    0|
+-----------------+---------+------+--------+--------+-----+
|Utilization (%)  |        0|    ~0|      ~0|      ~0|    0|
+-----------------+---------+------+--------+--------+-----+

+ Detail: 
    * Instance: 
    +-----------------------------------------+------------------------------------+---------+----+-----+-----+-----+
    |                 Instance                |               Module               | BRAM_18K| DSP|  FF | LUT | URAM|
    +-----------------------------------------+------------------------------------+---------+----+-----+-----+-----+
    |dadddsub_64ns_64ns_64_5_full_dsp_1_U502  |dadddsub_64ns_64ns_64_5_full_dsp_1  |        0|   3|  445|  782|    0|
    +-----------------------------------------+------------------------------------+---------+----+-----+-----+-----+
    |Total                                    |                                    |        0|   3|  445|  782|    0|
    +-----------------------------------------+------------------------------------+---------+----+-----+-----+-----+

    * DSP: 
    N/A

    * Memory: 
    N/A

    * FIFO: 
    N/A

    * Expression: 
    +--------------------------+----------+----+---+----+------------+------------+
    |       Variable Name      | Operation| DSP| FF| LUT| Bitwidth P0| Bitwidth P1|
    +--------------------------+----------+----+---+----+------------+------------+
    |add_ln189_1_fu_172_p2     |         +|   0|  0|  14|           7|           1|
    |add_ln189_fu_146_p2       |         +|   0|  0|  20|          13|           1|
    |add_ln190_fu_214_p2       |         +|   0|  0|  14|           7|           1|
    |add_ln191_fu_202_p2       |         +|   0|  0|  19|          12|          12|
    |icmp_ln189_fu_140_p2      |      icmp|   0|  0|  12|          13|          14|
    |icmp_ln190_fu_158_p2      |      icmp|   0|  0|  11|           7|           8|
    |select_ln189_1_fu_178_p3  |    select|   0|  0|   7|           1|           7|
    |select_ln189_fu_164_p3    |    select|   0|  0|   7|           1|           1|
    |ap_enable_pp0             |       xor|   0|  0|   2|           1|           2|
    +--------------------------+----------+----+---+----+------------+------------+
    |Total                     |          |   0|  0| 106|          62|          47|
    +--------------------------+----------+----+---+----+------------+------------+

    * Multiplexer: 
    +----------------------------------------+----+-----------+-----+-----------+
    |                  Name                  | LUT| Input Size| Bits| Total Bits|
    +----------------------------------------+----+-----------+-----+-----------+
    |ap_NS_fsm                               |  21|          5|    1|          5|
    |ap_done_int                             |   9|          2|    1|          2|
    |ap_enable_reg_pp0_iter0                 |   9|          2|    1|          2|
    |ap_enable_reg_pp0_iter1                 |   9|          2|    1|          2|
    |ap_enable_reg_pp0_iter5                 |   9|          2|    1|          2|
    |ap_loop_exit_ready_pp0_iter1_reg        |   9|          2|    1|          2|
    |ap_loop_exit_ready_pp0_iter2_reg        |   9|          2|    1|          2|
    |ap_loop_exit_ready_pp0_iter3_reg        |   9|          2|    1|          2|
    |ap_loop_exit_ready_pp0_iter4_reg        |   9|          2|    1|          2|
    |ap_sig_allocacmp_i_4_load               |   9|          2|    7|         14|
    |ap_sig_allocacmp_indvar_flatten16_load  |   9|          2|   13|         26|
    |ap_sig_allocacmp_j_load                 |   9|          2|    7|         14|
    |ap_sig_allocacmp_norm_load_2            |   9|          2|   64|        128|
    |grp_fu_108_opcode                       |  13|          3|    2|          6|
    |grp_fu_108_p0                           |  13|          3|   64|        192|
    |grp_fu_108_p1                           |  13|          3|   64|        192|
    |grp_fu_112_p0                           |  13|          3|   64|        192|
    |grp_fu_112_p1                           |  13|          3|   64|        192|
    |i_4_fu_64                               |   9|          2|    7|         14|
    |indvar_flatten16_fu_68                  |   9|          2|   13|         26|
    |j_fu_60                                 |   9|          2|    7|         14|
    |norm_fu_56                              |   9|          2|   64|        128|
    +----------------------------------------+----+-----------+-----+-----------+
    |Total                                   | 230|         52|  449|       1159|
    +----------------------------------------+----+-----------+-----+-----------+

    * Register: 
    +----------------------------------+----+----+-----+-----------+
    |               Name               | FF | LUT| Bits| Const Bits|
    +----------------------------------+----+----+-----+-----------+
    |ap_CS_fsm                         |   4|   0|    4|          0|
    |ap_done_reg                       |   1|   0|    1|          0|
    |ap_enable_reg_pp0_iter0_reg       |   1|   0|    1|          0|
    |ap_enable_reg_pp0_iter1           |   1|   0|    1|          0|
    |ap_enable_reg_pp0_iter2           |   1|   0|    1|          0|
    |ap_enable_reg_pp0_iter3           |   1|   0|    1|          0|
    |ap_enable_reg_pp0_iter4           |   1|   0|    1|          0|
    |ap_enable_reg_pp0_iter5           |   1|   0|    1|          0|
    |ap_loop_exit_ready_pp0_iter1_reg  |   1|   0|    1|          0|
    |ap_loop_exit_ready_pp0_iter2_reg  |   1|   0|    1|          0|
    |ap_loop_exit_ready_pp0_iter3_reg  |   1|   0|    1|          0|
    |ap_loop_exit_ready_pp0_iter4_reg  |   1|   0|    1|          0|
    |d_weights2_load_reg_300           |  64|   0|   64|          0|
    |i_4_fu_64                         |   7|   0|    7|          0|
    |icmp_ln189_reg_285                |   1|   0|    1|          0|
    |indvar_flatten16_fu_68            |  13|   0|   13|          0|
    |j_fu_60                           |   7|   0|    7|          0|
    |mul6_reg_310                      |  64|   0|   64|          0|
    |mul7_reg_327                      |  64|   0|   64|          0|
    |norm_fu_56                        |  64|   0|   64|          0|
    |sub3_reg_320                      |  64|   0|   64|          0|
    |weights2_addr_reg_294             |  12|   0|   12|          0|
    |weights2_load_reg_305             |  64|   0|   64|          0|
    |icmp_ln189_reg_285                |  64|  32|    1|          0|
    |weights2_addr_reg_294             |  64|  32|   12|          0|
    +----------------------------------+----+----+-----+-----------+
    |Total                             | 567|  64|  452|          0|
    +----------------------------------+----+----+-----+-----------+



================================================================
== Interface
================================================================
* Summary: 
+---------------------+-----+-----+------------+-------------------------------------------------------------+--------------+
|      RTL Ports      | Dir | Bits|  Protocol  |                        Source Object                        |    C Type    |
+---------------------+-----+-----+------------+-------------------------------------------------------------+--------------+
|ap_clk               |   in|    1|  ap_ctrl_hs|  update_weights.1_Pipeline_VITIS_LOOP_189_7_VITIS_LOOP_190_8|  return value|
|ap_rst               |   in|    1|  ap_ctrl_hs|  update_weights.1_Pipeline_VITIS_LOOP_189_7_VITIS_LOOP_190_8|  return value|
|ap_start             |   in|    1|  ap_ctrl_hs|  update_weights.1_Pipeline_VITIS_LOOP_189_7_VITIS_LOOP_190_8|  return value|
|ap_done              |  out|    1|  ap_ctrl_hs|  update_weights.1_Pipeline_VITIS_LOOP_189_7_VITIS_LOOP_190_8|  return value|
|ap_idle              |  out|    1|  ap_ctrl_hs|  update_weights.1_Pipeline_VITIS_LOOP_189_7_VITIS_LOOP_190_8|  return value|
|ap_ready             |  out|    1|  ap_ctrl_hs|  update_weights.1_Pipeline_VITIS_LOOP_189_7_VITIS_LOOP_190_8|  return value|
|grp_fu_389_p_din0    |  out|   64|  ap_ctrl_hs|  update_weights.1_Pipeline_VITIS_LOOP_189_7_VITIS_LOOP_190_8|  return value|
|grp_fu_389_p_din1    |  out|   64|  ap_ctrl_hs|  update_weights.1_Pipeline_VITIS_LOOP_189_7_VITIS_LOOP_190_8|  return value|
|grp_fu_389_p_dout0   |   in|   64|  ap_ctrl_hs|  update_weights.1_Pipeline_VITIS_LOOP_189_7_VITIS_LOOP_190_8|  return value|
|grp_fu_389_p_ce      |  out|    1|  ap_ctrl_hs|  update_weights.1_Pipeline_VITIS_LOOP_189_7_VITIS_LOOP_190_8|  return value|
|d_weights2_address0  |  out|   12|   ap_memory|                                                   d_weights2|         array|
|d_weights2_ce0       |  out|    1|   ap_memory|                                                   d_weights2|         array|
|d_weights2_q0        |   in|   64|   ap_memory|                                                   d_weights2|         array|
|weights2_address0    |  out|   12|   ap_memory|                                                     weights2|         array|
|weights2_ce0         |  out|    1|   ap_memory|                                                     weights2|         array|
|weights2_we0         |  out|    1|   ap_memory|                                                     weights2|         array|
|weights2_d0          |  out|   64|   ap_memory|                                                     weights2|         array|
|weights2_address1    |  out|   12|   ap_memory|                                                     weights2|         array|
|weights2_ce1         |  out|    1|   ap_memory|                                                     weights2|         array|
|weights2_q1          |   in|   64|   ap_memory|                                                     weights2|         array|
|norm_4_out           |  out|   64|      ap_vld|                                                   norm_4_out|       pointer|
|norm_4_out_ap_vld    |  out|    1|      ap_vld|                                                   norm_4_out|       pointer|
+---------------------+-----+-----+------------+-------------------------------------------------------------+--------------+

