==============================================================
Vitis HLS - High-Level Synthesis from C, C++ and OpenCL v2020.2 (64-bit)
Copyright 1986-2020 Xilinx, Inc. All Rights Reserved.
==============================================================
INFO: [HLS 200-1505] Using default flow_target 'vivado'
INFO: [HLS 200-1510] Running: set_part xczu19eg-ffvc1760-2-i 
INFO: [HLS 200-10] Setting target device to 'xczu19eg-ffvc1760-2-i'
INFO: [HLS 200-1510] Running: create_clock -period 10 
INFO: [SYN 201-201] Setting up clock 'default' with a period of 10ns.
WARNING: [HLS 200-484] The 'set_directive_resource -core' command is deprecated and will be removed in a future release.
WARNING: [HLS 200-484] The 'set_directive_resource -location' command is deprecated and will be removed in a future release.
WARNING: [HLS 200-484] The 'set_directive_resource -variable' command is deprecated and will be removed in a future release.
WARNING: [HLS 200-484] The 'set_directive_resource -core' command is deprecated and will be removed in a future release.
WARNING: [HLS 200-484] The 'set_directive_resource -location' command is deprecated and will be removed in a future release.
WARNING: [HLS 200-484] The 'set_directive_resource -variable' command is deprecated and will be removed in a future release.
WARNING: [HLS 200-484] The 'set_directive_resource -core' command is deprecated and will be removed in a future release.
WARNING: [HLS 200-484] The 'set_directive_resource -location' command is deprecated and will be removed in a future release.
WARNING: [HLS 200-484] The 'set_directive_resource -variable' command is deprecated and will be removed in a future release.
WARNING: [HLS 200-484] The 'set_directive_resource -core' command is deprecated and will be removed in a future release.
WARNING: [HLS 200-484] The 'set_directive_resource -location' command is deprecated and will be removed in a future release.
WARNING: [HLS 200-484] The 'set_directive_resource -variable' command is deprecated and will be removed in a future release.
WARNING: [HLS 200-484] The 'set_directive_resource -core' command is deprecated and will be removed in a future release.
WARNING: [HLS 200-484] The 'set_directive_resource -location' command is deprecated and will be removed in a future release.
WARNING: [HLS 200-484] The 'set_directive_resource -variable' command is deprecated and will be removed in a future release.
WARNING: [HLS 200-484] The 'set_directive_resource -core' command is deprecated and will be removed in a future release.
WARNING: [HLS 200-484] The 'set_directive_resource -location' command is deprecated and will be removed in a future release.
WARNING: [HLS 200-484] The 'set_directive_resource -variable' command is deprecated and will be removed in a future release.
WARNING: [HLS 200-484] The 'set_directive_resource -core' command is deprecated and will be removed in a future release.
WARNING: [HLS 200-484] The 'set_directive_resource -location' command is deprecated and will be removed in a future release.
WARNING: [HLS 200-484] The 'set_directive_resource -variable' command is deprecated and will be removed in a future release.
WARNING: [HLS 200-484] The 'set_directive_resource -core' command is deprecated and will be removed in a future release.
WARNING: [HLS 200-484] The 'set_directive_resource -location' command is deprecated and will be removed in a future release.
WARNING: [HLS 200-484] The 'set_directive_resource -variable' command is deprecated and will be removed in a future release.
WARNING: [HLS 200-484] The 'set_directive_resource -core' command is deprecated and will be removed in a future release.
WARNING: [HLS 200-484] The 'set_directive_resource -location' command is deprecated and will be removed in a future release.
WARNING: [HLS 200-484] The 'set_directive_resource -variable' command is deprecated and will be removed in a future release.
WARNING: [HLS 200-484] The 'set_directive_resource -core' command is deprecated and will be removed in a future release.
WARNING: [HLS 200-484] The 'set_directive_resource -location' command is deprecated and will be removed in a future release.
WARNING: [HLS 200-484] The 'set_directive_resource -variable' command is deprecated and will be removed in a future release.
WARNING: [HLS 200-484] The 'set_directive_resource -core' command is deprecated and will be removed in a future release.
WARNING: [HLS 200-484] The 'set_directive_resource -location' command is deprecated and will be removed in a future release.
WARNING: [HLS 200-484] The 'set_directive_resource -variable' command is deprecated and will be removed in a future release.
WARNING: [HLS 200-484] The 'set_directive_resource -core' command is deprecated and will be removed in a future release.
WARNING: [HLS 200-484] The 'set_directive_resource -location' command is deprecated and will be removed in a future release.
WARNING: [HLS 200-484] The 'set_directive_resource -variable' command is deprecated and will be removed in a future release.
WARNING: [HLS 200-484] The 'set_directive_resource -core' command is deprecated and will be removed in a future release.
WARNING: [HLS 200-484] The 'set_directive_resource -location' command is deprecated and will be removed in a future release.
WARNING: [HLS 200-484] The 'set_directive_resource -variable' command is deprecated and will be removed in a future release.
WARNING: [HLS 200-484] The 'set_directive_resource -core' command is deprecated and will be removed in a future release.
WARNING: [HLS 200-484] The 'set_directive_resource -location' command is deprecated and will be removed in a future release.
WARNING: [HLS 200-484] The 'set_directive_resource -variable' command is deprecated and will be removed in a future release.
WARNING: [HLS 200-484] The 'set_directive_resource -core' command is deprecated and will be removed in a future release.
WARNING: [HLS 200-484] The 'set_directive_resource -location' command is deprecated and will be removed in a future release.
WARNING: [HLS 200-484] The 'set_directive_resource -variable' command is deprecated and will be removed in a future release.
INFO: [HLS 200-1510] Running: set_clock_uncertainty 0 
INFO: [SYN 201-201] Setting up clock 'default' with an uncertainty of 0ns.
INFO: [HLS 200-1510] Running: csynth_design 
WARNING: [HLS 200-40] Skipped source file 'check.data'. Source files must have extensions .c, .C, .cc, .cpp, .c++, .cp, or .cxx.
WARNING: [HLS 200-40] Skipped source file 'input.data'. Source files must have extensions .c, .C, .cc, .cpp, .c++, .cp, or .cxx.
INFO: [HLS 200-111] Finished File checks and directory preparation: CPU user time: 0.01 seconds. CPU system time: 0 seconds. Elapsed time: 0.02 seconds; current allocated memory: 222.926 MB.
INFO: [HLS 200-10] Analyzing design file '../../common/hercules.c' ... 
INFO: [HLS 200-10] Analyzing design file 'sort.c' ... 
WARNING: [HLS 207-5510] 'Resource pragma' is deprecated, and it will be removed in future release. It is suggested to replace it with 'bind_op/bind_storage pragma'.: sort.c:19:9
WARNING: [HLS 207-5301] unused parameter 'exp': sort.c:17:82
WARNING: [HLS 207-5510] 'Resource pragma' is deprecated, and it will be removed in future release. It is suggested to replace it with 'bind_op/bind_storage pragma'.: sort.c:36:9
WARNING: [HLS 207-5510] 'Resource pragma' is deprecated, and it will be removed in future release. It is suggested to replace it with 'bind_op/bind_storage pragma'.: sort.c:36:9
WARNING: [HLS 207-5510] 'Resource pragma' is deprecated, and it will be removed in future release. It is suggested to replace it with 'bind_op/bind_storage pragma'.: sort.c:52:9
WARNING: [HLS 207-5510] 'Resource pragma' is deprecated, and it will be removed in future release. It is suggested to replace it with 'bind_op/bind_storage pragma'.: sort.c:52:9
WARNING: [HLS 207-5510] 'Resource pragma' is deprecated, and it will be removed in future release. It is suggested to replace it with 'bind_op/bind_storage pragma'.: sort.c:69:9
WARNING: [HLS 207-5510] 'Resource pragma' is deprecated, and it will be removed in future release. It is suggested to replace it with 'bind_op/bind_storage pragma'.: sort.c:81:9
WARNING: [HLS 207-5510] 'Resource pragma' is deprecated, and it will be removed in future release. It is suggested to replace it with 'bind_op/bind_storage pragma'.: sort.c:81:9
WARNING: [HLS 207-5510] 'Resource pragma' is deprecated, and it will be removed in future release. It is suggested to replace it with 'bind_op/bind_storage pragma'.: sort.c:100:9
WARNING: [HLS 207-5510] 'Resource pragma' is deprecated, and it will be removed in future release. It is suggested to replace it with 'bind_op/bind_storage pragma'.: sort.c:100:9
WARNING: [HLS 207-5510] 'Resource pragma' is deprecated, and it will be removed in future release. It is suggested to replace it with 'bind_op/bind_storage pragma'.: sort.c:100:9
WARNING: [HLS 207-5510] 'Resource pragma' is deprecated, and it will be removed in future release. It is suggested to replace it with 'bind_op/bind_storage pragma'.: sort.c:133:9
WARNING: [HLS 207-5510] 'Resource pragma' is deprecated, and it will be removed in future release. It is suggested to replace it with 'bind_op/bind_storage pragma'.: sort.c:133:9
WARNING: [HLS 207-5510] 'Resource pragma' is deprecated, and it will be removed in future release. It is suggested to replace it with 'bind_op/bind_storage pragma'.: sort.c:133:9
WARNING: [HLS 207-5510] 'Resource pragma' is deprecated, and it will be removed in future release. It is suggested to replace it with 'bind_op/bind_storage pragma'.: sort.c:133:9
INFO: [HLS 200-111] Finished Source Code Analysis and Preprocessing: CPU user time: 0.36 seconds. CPU system time: 0.19 seconds. Elapsed time: 0.85 seconds; current allocated memory: 224.921 MB.
INFO: [HLS 200-777] Using interface defaults for 'Vivado' flow target.
WARNING: [HLS 214-185] The resource pragma (storage) on function argument, in 'call' is unsupported (sort.c:159:13)
WARNING: [HLS 214-185] The resource pragma (storage) on function argument, in 'call' is unsupported (sort.c:162:13)
WARNING: [HLS 214-185] The resource pragma (storage) on function argument, in 'call' is unsupported (sort.c:146:13)
WARNING: [HLS 214-185] The resource pragma (storage) on function argument, in 'call' is unsupported (sort.c:132:323)
WARNING: [HLS 214-185] The resource pragma (storage) on function argument, in 'call' is unsupported (sort.c:162:13)
WARNING: [HLS 214-185] The resource pragma (storage) on function argument, in 'call' is unsupported (sort.c:159:13)
WARNING: [HLS 214-185] The resource pragma (storage) on function argument, in 'call' is unsupported (sort.c:148:13)
WARNING: [HLS 214-185] The resource pragma (storage) on function argument, in 'call' is unsupported (sort.c:133:9)
WARNING: [HLS 214-185] The resource pragma (storage) on function argument, in 'call' is unsupported (sort.c:162:13)
WARNING: [HLS 214-185] The resource pragma (storage) on function argument, in 'call' is unsupported (sort.c:144:9)
WARNING: [HLS 214-185] The resource pragma (storage) on function argument, in 'call' is unsupported (sort.c:154:9)
WARNING: [HLS 214-185] The resource pragma (storage) on function argument, in 'call' is unsupported (sort.c:146:13)
WARNING: [HLS 214-185] The resource pragma (storage) on function argument, in 'call' is unsupported (sort.c:148:13)
WARNING: [HLS 214-185] The resource pragma (storage) on function argument, in 'call' is unsupported (sort.c:152:9)
WARNING: [HLS 214-185] The resource pragma (storage) on function argument, in 'call' is unsupported (sort.c:133:9)
WARNING: [HLS 214-185] The resource pragma (storage) on function argument, in 'call' is unsupported (sort.c:155:9)
WARNING: [HLS 214-185] The resource pragma (storage) on function argument, in 'call' is unsupported (sort.c:159:13)
WARNING: [HLS 214-185] The resource pragma (storage) on function argument, in 'call' is unsupported (sort.c:155:9)
WARNING: [HLS 214-185] The resource pragma (storage) on function argument, in 'call' is unsupported (sort.c:154:9)
WARNING: [HLS 214-185] The resource pragma (storage) on function argument, in 'call' is unsupported (sort.c:133:9)
INFO: [HLS 214-178] Inlining function 'hercules_check_function' into 'init' (sort.c:68:0)
INFO: [HLS 214-178] Inlining function 'hercules_check_function' into 'hist' (sort.c:80:0)
INFO: [HLS 214-178] Inlining function 'hercules_check_function' into 'local_scan' (sort.c:18:0)
INFO: [HLS 214-178] Inlining function 'hercules_check_function' into 'sum_scan' (sort.c:35:0)
INFO: [HLS 214-178] Inlining function 'hercules_check_function' into 'last_step_scan' (sort.c:51:0)
INFO: [HLS 214-178] Inlining function 'hercules_check_function' into 'update' (sort.c:99:0)
INFO: [HLS 214-178] Inlining function 'init' into 'ss_sort' (sort.c:132:0)
INFO: [HLS 214-178] Inlining function 'hist' into 'ss_sort' (sort.c:132:0)
INFO: [HLS 214-178] Inlining function 'local_scan' into 'ss_sort' (sort.c:132:0)
INFO: [HLS 214-178] Inlining function 'sum_scan' into 'ss_sort' (sort.c:132:0)
INFO: [HLS 214-178] Inlining function 'last_step_scan' into 'ss_sort' (sort.c:132:0)
INFO: [HLS 200-111] Finished Compiling Optimization and Transform: CPU user time: 2.36 seconds. CPU system time: 0.18 seconds. Elapsed time: 3.02 seconds; current allocated memory: 227.453 MB.
INFO: [HLS 200-111] Finished Checking Pragmas: CPU user time: 0 seconds. CPU system time: 0 seconds. Elapsed time: 0 seconds; current allocated memory: 227.454 MB.
INFO: [HLS 200-10] Starting code transformations ...
INFO: [HLS 200-111] Finished Standard Transforms: CPU user time: 0.02 seconds. CPU system time: 0 seconds. Elapsed time: 0.05 seconds; current allocated memory: 229.100 MB.
INFO: [HLS 200-10] Checking synthesizability ...
INFO: [HLS 200-111] Finished Checking Synthesizability: CPU user time: 0.05 seconds. CPU system time: 0 seconds. Elapsed time: 0.06 seconds; current allocated memory: 228.480 MB.
INFO: [XFORM 203-510] Pipelining loop 'update_1' (sort.c:101) in function 'update.1' automatically.
INFO: [XFORM 203-510] Pipelining loop 'init_1' (sort.c:70) in function 'ss_sort' automatically.
INFO: [XFORM 203-510] Pipelining loop 'hist_1' (sort.c:81) in function 'ss_sort' automatically.
INFO: [XFORM 203-510] Pipelining loop 'hist_1' (sort.c:81) in function 'ss_sort' automatically.
INFO: [XFORM 203-510] Pipelining loop 'local_1' (sort.c:19) in function 'ss_sort' automatically.
INFO: [XFORM 203-510] Pipelining loop 'sum_1' (sort.c:37) in function 'ss_sort' automatically.
INFO: [XFORM 203-510] Pipelining loop 'last_1' (sort.c:53) in function 'ss_sort' automatically.
INFO: [XFORM 203-502] Unrolling all sub-loops inside loop 'update_1' (sort.c:101) in function 'update.1' for pipelining.
INFO: [XFORM 203-502] Unrolling all sub-loops inside loop 'hist_1' (sort.c:81) in function 'ss_sort' for pipelining.
INFO: [XFORM 203-502] Unrolling all sub-loops inside loop 'hist_1' (sort.c:81) in function 'ss_sort' for pipelining.
INFO: [XFORM 203-502] Unrolling all sub-loops inside loop 'local_1' (sort.c:19) in function 'ss_sort' for pipelining.
INFO: [XFORM 203-502] Unrolling all sub-loops inside loop 'last_1' (sort.c:53) in function 'ss_sort' for pipelining.
INFO: [HLS 200-489] Unrolling loop 'update_2' (sort.c:101) in function 'update.1' completely with a factor of 4.
INFO: [HLS 200-489] Unrolling loop 'hist_2' (sort.c:81) in function 'ss_sort' completely with a factor of 4.
INFO: [HLS 200-489] Unrolling loop 'local_2' (sort.c:19) in function 'ss_sort' completely with a factor of 15.
INFO: [HLS 200-489] Unrolling loop 'last_2' (sort.c:53) in function 'ss_sort' completely with a factor of 16.
INFO: [XFORM 203-401] Performing if-conversion on hyperblock from (sort.c:101:12) in function 'update.1'... converting 13 basic blocks.
INFO: [XFORM 203-11] Balancing expressions in function 'update.1' (sort.c:9:56)...72 expression(s) balanced.
INFO: [XFORM 203-11] Balancing expressions in function 'ss_sort' (sort.c:132)...328 expression(s) balanced.
INFO: [HLS 200-111] Finished Loop, function and other optimizations: CPU user time: 0.82 seconds. CPU system time: 0.01 seconds. Elapsed time: 0.9 seconds; current allocated memory: 252.798 MB.
WARNING: [HLS 200-960] Cannot flatten loop 'sort_1' (sort.c:134:6) in function 'ss_sort' more than one sub loop.
INFO: [HLS 200-111] Finished Architecture Synthesis: CPU user time: 1 seconds. CPU system time: 0 seconds. Elapsed time: 1 seconds; current allocated memory: 261.043 MB.
INFO: [HLS 200-10] Starting hardware synthesis ...
INFO: [HLS 200-10] Synthesizing 'ss_sort' ...
WARNING: [SYN 201-103] Legalizing function name 'update.1' to 'update_1'.
INFO: [HLS 200-10] ----------------------------------------------------------------
INFO: [HLS 200-42] -- Implementing module 'update_1' 
INFO: [HLS 200-10] ----------------------------------------------------------------
INFO: [SCHED 204-11] Starting scheduling ...
INFO: [SCHED 204-61] Pipelining loop 'update_1'.
WARNING: [HLS 200-880] The II Violation in module 'update_1' (loop 'update_1'): Unable to enforce a carried dependence constraint (II = 1, distance = 1, offset = 1) between 'store' operation ('a_addr_1_write_ln111', sort.c:111) of variable 'b_load_1', sort.c:109 on array 'a' and 'store' operation ('a_addr_write_ln111', sort.c:111) of variable 'b_load', sort.c:109 on array 'a'.
WARNING: [HLS 200-880] The II Violation in module 'update_1' (loop 'update_1'): Unable to enforce a carried dependence constraint (II = 2, distance = 1, offset = 1) between 'store' operation ('a_addr_2_write_ln111', sort.c:111) of variable 'b_load_2', sort.c:109 on array 'a' and 'store' operation ('a_addr_write_ln111', sort.c:111) of variable 'b_load', sort.c:109 on array 'a'.
WARNING: [HLS 200-880] The II Violation in module 'update_1' (loop 'update_1'): Unable to enforce a carried dependence constraint (II = 3, distance = 1, offset = 1) between 'store' operation ('a_addr_3_write_ln111', sort.c:111) of variable 'b_load_3', sort.c:109 on array 'a' and 'store' operation ('a_addr_write_ln111', sort.c:111) of variable 'b_load', sort.c:109 on array 'a'.
WARNING: [HLS 200-880] The II Violation in module 'update_1' (loop 'update_1'): Unable to enforce a carried dependence constraint (II = 4, distance = 1, offset = 1) between 'store' operation ('bucket_addr_2_write_ln122', sort.c:122) of variable 'add_ln122_2', sort.c:122 on array 'bucket' and 'load' operation ('bucket_load', sort.c:111) on array 'bucket'.
WARNING: [HLS 200-880] The II Violation in module 'update_1' (loop 'update_1'): Unable to enforce a carried dependence constraint (II = 7, distance = 1, offset = 1) between 'store' operation ('bucket_addr_3_write_ln122', sort.c:122) of variable 'add_ln122_3', sort.c:122 on array 'bucket' and 'load' operation ('bucket_load', sort.c:111) on array 'bucket'.
INFO: [HLS 200-1470] Pipelining result : Target II = 1, Final II = 8, Depth = 9, loop 'update_1'
INFO: [SCHED 204-11] Finished scheduling.
INFO: [HLS 200-111] Finished Scheduling: CPU user time: 0.09 seconds. CPU system time: 0 seconds. Elapsed time: 0.13 seconds; current allocated memory: 261.893 MB.
INFO: [BIND 205-100] Starting micro-architecture generation ...
INFO: [BIND 205-101] Performing variable lifetime analysis.
INFO: [BIND 205-101] Exploring resource sharing.
INFO: [BIND 205-101] Binding ...
INFO: [BIND 205-100] Finished micro-architecture generation.
INFO: [HLS 200-111] Finished Binding: CPU user time: 0.06 seconds. CPU system time: 0 seconds. Elapsed time: 0.09 seconds; current allocated memory: 262.476 MB.
INFO: [HLS 200-10] ----------------------------------------------------------------
INFO: [HLS 200-42] -- Implementing module 'ss_sort' 
INFO: [HLS 200-10] ----------------------------------------------------------------
INFO: [SCHED 204-11] Starting scheduling ...
INFO: [SCHED 204-61] Pipelining loop 'init_1'.
WARNING: [HLS 200-880] The II Violation in module 'ss_sort' (loop 'init_1'): Unable to enforce a carried dependence constraint (II = 1, distance = 1, offset = 1) between 'store' operation ('checkdata_addr_3_write_ln12', ../../common/hercules.c:12) of constant <constant:_ssdm_op_Write.bram.p0L_a4i32packedL> on array 'checkdata' and 'store' operation ('checkdata_addr_write_ln9', ../../common/hercules.c:9) of constant <constant:_ssdm_op_Write.bram.p0L_a4i32packedL> on array 'checkdata'.
INFO: [HLS 200-1470] Pipelining result : Target II = 1, Final II = 2, Depth = 2, loop 'init_1'
INFO: [SCHED 204-61] Pipelining loop 'hist_1'.
WARNING: [HLS 200-880] The II Violation in module 'ss_sort' (loop 'hist_1'): Unable to enforce a carried dependence constraint (II = 1, distance = 1, offset = 1) between 'store' operation ('bucket_addr_6_write_ln87', sort.c:87) of variable 'add_ln87', sort.c:87 on array 'bucket' and 'load' operation ('bucket_load_6', sort.c:87) on array 'bucket'.
WARNING: [HLS 200-880] The II Violation in module 'ss_sort' (loop 'hist_1'): Unable to enforce a carried dependence constraint (II = 2, distance = 1, offset = 1) between 'store' operation ('bucket_addr_7_write_ln87', sort.c:87) of variable 'add_ln87_1', sort.c:87 on array 'bucket' and 'load' operation ('bucket_load_6', sort.c:87) on array 'bucket'.
WARNING: [HLS 200-880] The II Violation in module 'ss_sort' (loop 'hist_1'): Unable to enforce a carried dependence constraint (II = 3, distance = 1, offset = 1) between 'store' operation ('bucket_addr_7_write_ln87', sort.c:87) of variable 'add_ln87_1', sort.c:87 on array 'bucket' and 'load' operation ('bucket_load_6', sort.c:87) on array 'bucket'.
WARNING: [HLS 200-880] The II Violation in module 'ss_sort' (loop 'hist_1'): Unable to enforce a carried dependence constraint (II = 4, distance = 1, offset = 1) between 'store' operation ('bucket_addr_8_write_ln87', sort.c:87) of variable 'add_ln87_2', sort.c:87 on array 'bucket' and 'load' operation ('bucket_load_6', sort.c:87) on array 'bucket'.
WARNING: [HLS 200-880] The II Violation in module 'ss_sort' (loop 'hist_1'): Unable to enforce a carried dependence constraint (II = 7, distance = 1, offset = 1) between 'store' operation ('bucket_addr_9_write_ln87', sort.c:87) of variable 'add_ln87_3', sort.c:87 on array 'bucket' and 'load' operation ('bucket_load_6', sort.c:87) on array 'bucket'.
INFO: [HLS 200-1470] Pipelining result : Target II = 1, Final II = 8, Depth = 9, loop 'hist_1'
INFO: [SCHED 204-61] Pipelining loop 'hist_1'.
WARNING: [HLS 200-880] The II Violation in module 'ss_sort' (loop 'hist_1'): Unable to enforce a carried dependence constraint (II = 1, distance = 1, offset = 1) between 'store' operation ('bucket_addr_10_write_ln87', sort.c:87) of variable 'add_ln87_4', sort.c:87 on array 'bucket' and 'load' operation ('bucket_load_10', sort.c:87) on array 'bucket'.
WARNING: [HLS 200-880] The II Violation in module 'ss_sort' (loop 'hist_1'): Unable to enforce a carried dependence constraint (II = 2, distance = 1, offset = 1) between 'store' operation ('bucket_addr_11_write_ln87', sort.c:87) of variable 'add_ln87_5', sort.c:87 on array 'bucket' and 'load' operation ('bucket_load_10', sort.c:87) on array 'bucket'.
WARNING: [HLS 200-880] The II Violation in module 'ss_sort' (loop 'hist_1'): Unable to enforce a carried dependence constraint (II = 3, distance = 1, offset = 1) between 'store' operation ('bucket_addr_11_write_ln87', sort.c:87) of variable 'add_ln87_5', sort.c:87 on array 'bucket' and 'load' operation ('bucket_load_10', sort.c:87) on array 'bucket'.
WARNING: [HLS 200-880] The II Violation in module 'ss_sort' (loop 'hist_1'): Unable to enforce a carried dependence constraint (II = 4, distance = 1, offset = 1) between 'store' operation ('bucket_addr_12_write_ln87', sort.c:87) of variable 'add_ln87_6', sort.c:87 on array 'bucket' and 'load' operation ('bucket_load_10', sort.c:87) on array 'bucket'.
WARNING: [HLS 200-880] The II Violation in module 'ss_sort' (loop 'hist_1'): Unable to enforce a carried dependence constraint (II = 7, distance = 1, offset = 1) between 'store' operation ('bucket_addr_13_write_ln87', sort.c:87) of variable 'add_ln87_7', sort.c:87 on array 'bucket' and 'load' operation ('bucket_load_10', sort.c:87) on array 'bucket'.
INFO: [HLS 200-1470] Pipelining result : Target II = 1, Final II = 8, Depth = 9, loop 'hist_1'
INFO: [SCHED 204-61] Pipelining loop 'local_1'.
WARNING: [HLS 200-880] The II Violation in module 'ss_sort' (loop 'local_1'): Unable to enforce a carried dependence constraint (II = 1, distance = 1, offset = 1) between 'store' operation ('checkdata_addr_19_write_ln12', ../../common/hercules.c:12) of constant <constant:_ssdm_op_Write.bram.p0L_a4i32packedL> on array 'checkdata' and 'store' operation ('checkdata_addr_19_write_ln9', ../../common/hercules.c:9) of constant <constant:_ssdm_op_Write.bram.p0L_a4i32packedL> on array 'checkdata'.
WARNING: [HLS 200-885] Unable to schedule 'load' operation ('bucket_load_15', sort.c:24) on array 'bucket' due to limited memory ports. Please consider using a memory core with more ports or partitioning the array 'bucket'.
