#-----------------------------------------------------------
# Vivado v2022.1 (64-bit)
# SW Build 3526262 on Mon Apr 18 15:47:01 MDT 2022
# IP Build 3524634 on Mon Apr 18 20:55:01 MDT 2022
# Start of session at: Wed Dec 20 22:00:41 2023
# Process ID: 235128
# Current directory: /nfs/home/xushuoxiang/Machsuite_V0.1/backprop/backprop/backprop_syn/solution/impl/ip
# Command line: vivado -notrace -mode batch -source run_ippack.tcl
# Log file: /nfs/home/xushuoxiang/Machsuite_V0.1/backprop/backprop/backprop_syn/solution/impl/ip/vivado.log
# Journal file: /nfs/home/xushuoxiang/Machsuite_V0.1/backprop/backprop/backprop_syn/solution/impl/ip/vivado.jou
# Running On: open21, OS: Linux, CPU Frequency: 2200.000 MHz, CPU Physical cores: 32, Host memory: 134964 MB
#-----------------------------------------------------------
source run_ippack.tcl -notrace
INFO: [IP_Flow 19-234] Refreshing IP repositories
INFO: [IP_Flow 19-1704] No user IP repositories specified
INFO: [IP_Flow 19-2313] Loaded Vivado IP repository '/nfs/tools/xilinx/2022.1/Vivado/2022.1/data/ip'.
WARNING: [IP_Flow 19-4832] The IP name 'backprop_dadddsub_64ns_64ns_64_5_full_dsp_1_ip' you have specified is long. The Windows operating system has path length limitations. It is recommended you use shorter names to reduce the likelihood of issues.
INFO: [IP_Flow 19-1686] Generating 'Synthesis' target for IP 'backprop_dadddsub_64ns_64ns_64_5_full_dsp_1_ip'...
INFO: [IP_Flow 19-1686] Generating 'Simulation' target for IP 'backprop_dadddsub_64ns_64ns_64_5_full_dsp_1_ip'...
WARNING: [IP_Flow 19-4832] The IP name 'backprop_ddiv_64ns_64ns_64_22_no_dsp_1_ip' you have specified is long. The Windows operating system has path length limitations. It is recommended you use shorter names to reduce the likelihood of issues.
INFO: [IP_Flow 19-1686] Generating 'Synthesis' target for IP 'backprop_ddiv_64ns_64ns_64_22_no_dsp_1_ip'...
INFO: [IP_Flow 19-1686] Generating 'Simulation' target for IP 'backprop_ddiv_64ns_64ns_64_22_no_dsp_1_ip'...
WARNING: [IP_Flow 19-4832] The IP name 'backprop_dexp_64ns_64ns_64_13_full_dsp_1_ip' you have specified is long. The Windows operating system has path length limitations. It is recommended you use shorter names to reduce the likelihood of issues.
INFO: [IP_Flow 19-1686] Generating 'Synthesis' target for IP 'backprop_dexp_64ns_64ns_64_13_full_dsp_1_ip'...
INFO: [IP_Flow 19-1686] Generating 'Simulation' target for IP 'backprop_dexp_64ns_64ns_64_13_full_dsp_1_ip'...
WARNING: [IP_Flow 19-4832] The IP name 'backprop_dmul_64ns_64ns_64_5_max_dsp_1_ip' you have specified is long. The Windows operating system has path length limitations. It is recommended you use shorter names to reduce the likelihood of issues.
INFO: [IP_Flow 19-1686] Generating 'Synthesis' target for IP 'backprop_dmul_64ns_64ns_64_5_max_dsp_1_ip'...
INFO: [IP_Flow 19-1686] Generating 'Simulation' target for IP 'backprop_dmul_64ns_64ns_64_5_max_dsp_1_ip'...
WARNING: [IP_Flow 19-4832] The IP name 'backprop_dsqrt_64ns_64ns_64_21_no_dsp_1_ip' you have specified is long. The Windows operating system has path length limitations. It is recommended you use shorter names to reduce the likelihood of issues.
INFO: [IP_Flow 19-1686] Generating 'Synthesis' target for IP 'backprop_dsqrt_64ns_64ns_64_21_no_dsp_1_ip'...
INFO: [IP_Flow 19-1686] Generating 'Simulation' target for IP 'backprop_dsqrt_64ns_64ns_64_21_no_dsp_1_ip'...
INFO: [IP_Flow 19-234] Refreshing IP repositories
INFO: [IP_Flow 19-1704] No user IP repositories specified
INFO: [IP_Flow 19-2313] Loaded Vivado IP repository '/nfs/tools/xilinx/2022.1/Vivado/2022.1/data/ip'.
INFO: [Common 17-206] Exiting Vivado at Wed Dec 20 22:00:57 2023...
