

================================================================
== Vitis HLS Report for 'backprop_Pipeline_VITIS_LOOP_18_14'
================================================================
* Date:           Wed Dec 20 21:42:50 2023

* Version:        2022.1 (Build 3526262 on Mon Apr 18 15:47:01 MDT 2022)
* Project:        backprop_syn
* Solution:       solution (Vivado IP Flow Target)
* Product family: virtex7
* Target device:  xc7v585t-ffg1761-2


================================================================
== Performance Estimates
================================================================
+ Timing: 
    * Summary: 
    +--------+----------+----------+------------+
    |  Clock |  Target  | Estimated| Uncertainty|
    +--------+----------+----------+------------+
    |ap_clk  |  10.00 ns|  7.148 ns|     2.70 ns|
    +--------+----------+----------+------------+

+ Latency: 
    * Summary: 
    +---------+---------+----------+----------+-----+-----+---------+
    |  Latency (cycles) |  Latency (absolute) |  Interval | Pipeline|
    |   min   |   max   |    min   |    max   | min | max |   Type  |
    +---------+---------+----------+----------+-----+-----+---------+
    |      125|      125|  1.250 us|  1.250 us|  125|  125|       no|
    +---------+---------+----------+----------+-----+-----+---------+

    + Detail: 
        * Instance: 
        N/A

        * Loop: 
        +-------------------+---------+---------+----------+-----------+-----------+------+----------+
        |                   |  Latency (cycles) | Iteration|  Initiation Interval  | Trip |          |
        |     Loop Name     |   min   |   max   |  Latency |  achieved |   target  | Count| Pipelined|
        +-------------------+---------+---------+----------+-----------+-----------+------+----------+
        |- VITIS_LOOP_18_1  |      123|      123|        41|         41|          1|     3|       yes|
        +-------------------+---------+---------+----------+-----------+-----------+------+----------+



================================================================
== Utilization Estimates
================================================================
* Summary: 
+-----------------+---------+------+--------+--------+-----+
|       Name      | BRAM_18K|  DSP |   FF   |   LUT  | URAM|
+-----------------+---------+------+--------+--------+-----+
|DSP              |        -|     -|       -|       -|    -|
|Expression       |        -|     -|       0|      89|    -|
|FIFO             |        -|     -|       -|       -|    -|
|Instance         |        -|     -|       0|      13|    -|
|Memory           |        -|     -|       -|       -|    -|
|Multiplexer      |        -|     -|       -|     323|    -|
|Register         |        -|     -|     754|       -|    -|
+-----------------+---------+------+--------+--------+-----+
|Total            |        0|     0|     754|     425|    0|
+-----------------+---------+------+--------+--------+-----+
|Available        |     1590|  1260|  728400|  364200|    0|
+-----------------+---------+------+--------+--------+-----+
|Utilization (%)  |        0|     0|      ~0|      ~0|    0|
+-----------------+---------+------+--------+--------+-----+

+ Detail: 
    * Instance: 
    +--------------------+---------------+---------+----+---+----+-----+
    |      Instance      |     Module    | BRAM_18K| DSP| FF| LUT| URAM|
    +--------------------+---------------+---------+----+---+----+-----+
    |mux_32_64_1_1_U209  |mux_32_64_1_1  |        0|   0|  0|  13|    0|
    +--------------------+---------------+---------+----+---+----+-----+
    |Total               |               |        0|   0|  0|  13|    0|
    +--------------------+---------------+---------+----+---+----+-----+

    * DSP: 
    N/A

    * Memory: 
    N/A

    * FIFO: 
    N/A

    * Expression: 
    +---------------------+----------+----+---+----+------------+------------+
    |    Variable Name    | Operation| DSP| FF| LUT| Bitwidth P0| Bitwidth P1|
    +---------------------+----------+----+---+----+------------+------------+
    |add_ln18_fu_236_p2   |         +|   0|  0|  10|           2|           1|
    |ap_condition_612     |       and|   0|  0|   2|           1|           1|
    |ap_condition_618     |       and|   0|  0|   2|           1|           1|
    |icmp_ln18_fu_230_p2  |      icmp|   0|  0|   8|           2|           2|
    |ap_enable_pp0        |       xor|   0|  0|   2|           1|           2|
    |xor_ln20_fu_268_p2   |       xor|   0|  0|  65|          64|          65|
    +---------------------+----------+----+---+----+------------+------------+
    |Total                |          |   0|  0|  89|          71|          72|
    +---------------------+----------+----+---+----+------------+------------+

    * Multiplexer: 
    +-----------------------------+-----+-----------+-----+-----------+
    |             Name            | LUT | Input Size| Bits| Total Bits|
    +-----------------------------+-----+-----------+-----+-----------+
    |activations3_1_8_fu_68       |    9|          2|   64|        128|
    |activations3_1_9_fu_72       |    9|          2|   64|        128|
    |activations3_1_fu_64         |    9|          2|   64|        128|
    |ap_NS_fsm                    |  185|         42|    1|         42|
    |ap_done_int                  |    9|          2|    1|          2|
    |ap_enable_reg_pp0_iter0      |    9|          2|    1|          2|
    |ap_enable_reg_pp0_iter0_reg  |    9|          2|    1|          2|
    |ap_enable_reg_pp0_iter1      |    9|          2|    1|          2|
    |dactivations3_1_1_fu_80      |    9|          2|   64|        128|
    |dactivations3_1_2_fu_84      |    9|          2|   64|        128|
    |dactivations3_1_fu_76        |    9|          2|   64|        128|
    |grp_fu_166_opcode            |   13|          3|    2|          6|
    |grp_fu_166_p0                |   13|          3|   64|        192|
    |grp_fu_166_p1                |   13|          3|   64|        192|
    |i_fu_60                      |    9|          2|    2|          4|
    +-----------------------------+-----+-----------+-----+-----------+
    |Total                        |  323|         73|  521|       1212|
    +-----------------------------+-----+-----------+-----+-----------+

    * Register: 
    +-----------------------------+----+----+-----+-----------+
    |             Name            | FF | LUT| Bits| Const Bits|
    +-----------------------------+----+----+-----+-----------+
    |activations3_1_8_fu_68       |  64|   0|   64|          0|
    |activations3_1_9_fu_72       |  64|   0|   64|          0|
    |activations3_1_fu_64         |  64|   0|   64|          0|
    |add_ln18_reg_392             |   2|   0|    2|          0|
    |ap_CS_fsm                    |  41|   0|   41|          0|
    |ap_done_reg                  |   1|   0|    1|          0|
    |ap_enable_reg_pp0_iter0_reg  |   1|   0|    1|          0|
    |ap_enable_reg_pp0_iter1      |   1|   0|    1|          0|
    |dactivations3_1_1_fu_80      |  64|   0|   64|          0|
    |dactivations3_1_2_fu_84      |  64|   0|   64|          0|
    |dactivations3_1_4_reg_413    |  64|   0|   64|          0|
    |dactivations3_1_fu_76        |  64|   0|   64|          0|
    |i_13_reg_385                 |   2|   0|    2|          0|
    |i_fu_60                      |   2|   0|    2|          0|
    |reg_186                      |  64|   0|   64|          0|
    |tmp_2_reg_420                |  64|   0|   64|          0|
    |tmp_6_reg_397                |  64|   0|   64|          0|
    |xor_ln20_reg_403             |  64|   0|   64|          0|
    +-----------------------------+----+----+-----+-----------+
    |Total                        | 754|   0|  754|          0|
    +-----------------------------+----+----+-----+-----------+



================================================================
== Interface
================================================================
* Summary: 
+------------------------------+-----+-----+------------+------------------------------------+--------------+
|           RTL Ports          | Dir | Bits|  Protocol  |            Source Object           |    C Type    |
+------------------------------+-----+-----+------------+------------------------------------+--------------+
|ap_clk                        |   in|    1|  ap_ctrl_hs|  backprop_Pipeline_VITIS_LOOP_18_14|  return value|
|ap_rst                        |   in|    1|  ap_ctrl_hs|  backprop_Pipeline_VITIS_LOOP_18_14|  return value|
|ap_start                      |   in|    1|  ap_ctrl_hs|  backprop_Pipeline_VITIS_LOOP_18_14|  return value|
|ap_done                       |  out|    1|  ap_ctrl_hs|  backprop_Pipeline_VITIS_LOOP_18_14|  return value|
|ap_idle                       |  out|    1|  ap_ctrl_hs|  backprop_Pipeline_VITIS_LOOP_18_14|  return value|
|ap_ready                      |  out|    1|  ap_ctrl_hs|  backprop_Pipeline_VITIS_LOOP_18_14|  return value|
|grp_fu_6768_p_din0            |  out|   64|  ap_ctrl_hs|  backprop_Pipeline_VITIS_LOOP_18_14|  return value|
|grp_fu_6768_p_din1            |  out|   64|  ap_ctrl_hs|  backprop_Pipeline_VITIS_LOOP_18_14|  return value|
|grp_fu_6768_p_opcode          |  out|    2|  ap_ctrl_hs|  backprop_Pipeline_VITIS_LOOP_18_14|  return value|
|grp_fu_6768_p_dout0           |   in|   64|  ap_ctrl_hs|  backprop_Pipeline_VITIS_LOOP_18_14|  return value|
|grp_fu_6768_p_ce              |  out|    1|  ap_ctrl_hs|  backprop_Pipeline_VITIS_LOOP_18_14|  return value|
|grp_fu_6776_p_din0            |  out|   64|  ap_ctrl_hs|  backprop_Pipeline_VITIS_LOOP_18_14|  return value|
|grp_fu_6776_p_din1            |  out|   64|  ap_ctrl_hs|  backprop_Pipeline_VITIS_LOOP_18_14|  return value|
|grp_fu_6776_p_dout0           |   in|   64|  ap_ctrl_hs|  backprop_Pipeline_VITIS_LOOP_18_14|  return value|
|grp_fu_6776_p_ce              |  out|    1|  ap_ctrl_hs|  backprop_Pipeline_VITIS_LOOP_18_14|  return value|
|grp_fu_6784_p_din0            |  out|   64|  ap_ctrl_hs|  backprop_Pipeline_VITIS_LOOP_18_14|  return value|
|grp_fu_6784_p_din1            |  out|   64|  ap_ctrl_hs|  backprop_Pipeline_VITIS_LOOP_18_14|  return value|
|grp_fu_6784_p_dout0           |   in|   64|  ap_ctrl_hs|  backprop_Pipeline_VITIS_LOOP_18_14|  return value|
|grp_fu_6784_p_ce              |  out|    1|  ap_ctrl_hs|  backprop_Pipeline_VITIS_LOOP_18_14|  return value|
|grp_fu_6788_p_din0            |  out|   64|  ap_ctrl_hs|  backprop_Pipeline_VITIS_LOOP_18_14|  return value|
|grp_fu_6788_p_din1            |  out|   64|  ap_ctrl_hs|  backprop_Pipeline_VITIS_LOOP_18_14|  return value|
|grp_fu_6788_p_dout0           |   in|   64|  ap_ctrl_hs|  backprop_Pipeline_VITIS_LOOP_18_14|  return value|
|grp_fu_6788_p_ce              |  out|    1|  ap_ctrl_hs|  backprop_Pipeline_VITIS_LOOP_18_14|  return value|
|dactivations3_2_06            |   in|   64|     ap_none|                  dactivations3_2_06|        scalar|
|dactivations3_1_05            |   in|   64|     ap_none|                  dactivations3_1_05|        scalar|
|dactivations3_0_04            |   in|   64|     ap_none|                  dactivations3_0_04|        scalar|
|activations3_2_6_reload       |   in|   64|     ap_none|             activations3_2_6_reload|        scalar|
|activations3_1_6_reload       |   in|   64|     ap_none|             activations3_1_6_reload|        scalar|
|activations3_0_63_reload      |   in|   64|     ap_none|            activations3_0_63_reload|        scalar|
|dactivations3_2_1_out         |  out|   64|      ap_vld|               dactivations3_2_1_out|       pointer|
|dactivations3_2_1_out_ap_vld  |  out|    1|      ap_vld|               dactivations3_2_1_out|       pointer|
|dactivations3_1_1_out         |  out|   64|      ap_vld|               dactivations3_1_1_out|       pointer|
|dactivations3_1_1_out_ap_vld  |  out|    1|      ap_vld|               dactivations3_1_1_out|       pointer|
|dactivations3_0_1_out         |  out|   64|      ap_vld|               dactivations3_0_1_out|       pointer|
|dactivations3_0_1_out_ap_vld  |  out|    1|      ap_vld|               dactivations3_0_1_out|       pointer|
|activations3_2_8_out          |  out|   64|      ap_vld|                activations3_2_8_out|       pointer|
|activations3_2_8_out_ap_vld   |  out|    1|      ap_vld|                activations3_2_8_out|       pointer|
|activations3_1_8_out          |  out|   64|      ap_vld|                activations3_1_8_out|       pointer|
|activations3_1_8_out_ap_vld   |  out|    1|      ap_vld|                activations3_1_8_out|       pointer|
|activations3_0_8_out          |  out|   64|      ap_vld|                activations3_0_8_out|       pointer|
|activations3_0_8_out_ap_vld   |  out|    1|      ap_vld|                activations3_0_8_out|       pointer|
+------------------------------+-----+-----+------------+------------------------------------+--------------+

============================================================
+ Verbose Summary: Synthesis Manager
============================================================
InlineROM: 1
ExposeGlobal: 0
============================================================
+ Verbose Summary: CDFG Model
============================================================
IsTopModel: 0
ResetActiveHigh: 1
IsCombinational: 2
IsDatapathOnly: 2
HasWiredReturn: 1
HasMFsm: 2
HasVarLatency: 1
IsPipeline: 0
IsRtlPipelined: 0
IsInstanceOverlapped: 0
IsDontTouch: 0
HasImplIP: 0
IsGatedGlobalClock: 0

+ Individual pipeline summary: 
  * Pipeline-0: initiation interval (II) = 41, depth = 42


============================================================
+ Verbose Summary: Schedule
============================================================
* Number of FSM states : 42
* Pipeline : 1
  Pipeline-0 : II = 41, D = 42, States = { 1 2 3 4 5 6 7 8 9 10 11 12 13 14 15 16 17 18 19 20 21 22 23 24 25 26 27 28 29 30 31 32 33 34 35 36 37 38 39 40 41 42 }
* Dataflow Pipeline: 0

* FSM state transitions: 
1 --> 2 
2 --> 3 
3 --> 4 
4 --> 5 
5 --> 6 
6 --> 7 
7 --> 8 
8 --> 9 
9 --> 10 
10 --> 11 
11 --> 12 
12 --> 13 
13 --> 14 
14 --> 15 
15 --> 16 
16 --> 17 
17 --> 18 
18 --> 19 
19 --> 20 
20 --> 21 
21 --> 22 
22 --> 23 
23 --> 24 
24 --> 25 
25 --> 26 
26 --> 27 
27 --> 28 
28 --> 29 
29 --> 30 
30 --> 31 
31 --> 32 
32 --> 33 
33 --> 34 
34 --> 35 
35 --> 36 
36 --> 37 
37 --> 38 
38 --> 39 
39 --> 40 
40 --> 41 
41 --> 42 
42 --> 

* FSM state operations: 

State 1 <SV = 0> <Delay = 0.84>
ST_1 : Operation 44 [1/1] (0.00ns)   --->   "%i = alloca i32 1"   --->   Operation 44 'alloca' 'i' <Predicate = true> <Delay = 0.00>
ST_1 : Operation 45 [1/1] (0.00ns)   --->   "%activations3_1 = alloca i32 1"   --->   Operation 45 'alloca' 'activations3_1' <Predicate = true> <Delay = 0.00>
ST_1 : Operation 46 [1/1] (0.00ns)   --->   "%activations3_1_8 = alloca i32 1"   --->   Operation 46 'alloca' 'activations3_1_8' <Predicate = true> <Delay = 0.00>
ST_1 : Operation 47 [1/1] (0.00ns)   --->   "%activations3_1_9 = alloca i32 1"   --->   Operation 47 'alloca' 'activations3_1_9' <Predicate = true> <Delay = 0.00>
ST_1 : Operation 48 [1/1] (0.00ns)   --->   "%dactivations3_1 = alloca i32 1"   --->   Operation 48 'alloca' 'dactivations3_1' <Predicate = true> <Delay = 0.00>
ST_1 : Operation 49 [1/1] (0.00ns)   --->   "%dactivations3_1_1 = alloca i32 1"   --->   Operation 49 'alloca' 'dactivations3_1_1' <Predicate = true> <Delay = 0.00>
ST_1 : Operation 50 [1/1] (0.00ns)   --->   "%dactivations3_1_2 = alloca i32 1"   --->   Operation 50 'alloca' 'dactivations3_1_2' <Predicate = true> <Delay = 0.00>
ST_1 : Operation 51 [1/1] (0.00ns)   --->   "%activations3_0_63_reload_read = read i64 @_ssdm_op_Read.ap_auto.double, i64 %activations3_0_63_reload"   --->   Operation 51 'read' 'activations3_0_63_reload_read' <Predicate = true> <Delay = 0.00>
ST_1 : Operation 52 [1/1] (0.00ns)   --->   "%activations3_1_6_reload_read = read i64 @_ssdm_op_Read.ap_auto.double, i64 %activations3_1_6_reload"   --->   Operation 52 'read' 'activations3_1_6_reload_read' <Predicate = true> <Delay = 0.00>
ST_1 : Operation 53 [1/1] (0.00ns)   --->   "%activations3_2_6_reload_read = read i64 @_ssdm_op_Read.ap_auto.double, i64 %activations3_2_6_reload"   --->   Operation 53 'read' 'activations3_2_6_reload_read' <Predicate = true> <Delay = 0.00>
ST_1 : Operation 54 [1/1] (0.00ns)   --->   "%dactivations3_0_04_read = read i64 @_ssdm_op_Read.ap_auto.double, i64 %dactivations3_0_04"   --->   Operation 54 'read' 'dactivations3_0_04_read' <Predicate = true> <Delay = 0.00>
ST_1 : Operation 55 [1/1] (0.00ns)   --->   "%dactivations3_1_05_read = read i64 @_ssdm_op_Read.ap_auto.double, i64 %dactivations3_1_05"   --->   Operation 55 'read' 'dactivations3_1_05_read' <Predicate = true> <Delay = 0.00>
ST_1 : Operation 56 [1/1] (0.00ns)   --->   "%dactivations3_2_06_read = read i64 @_ssdm_op_Read.ap_auto.double, i64 %dactivations3_2_06"   --->   Operation 56 'read' 'dactivations3_2_06_read' <Predicate = true> <Delay = 0.00>
ST_1 : Operation 57 [1/1] (0.84ns)   --->   "%store_ln0 = store i64 %dactivations3_2_06_read, i64 %dactivations3_1_2"   --->   Operation 57 'store' 'store_ln0' <Predicate = true> <Delay = 0.84>
ST_1 : Operation 58 [1/1] (0.84ns)   --->   "%store_ln0 = store i64 %dactivations3_1_05_read, i64 %dactivations3_1_1"   --->   Operation 58 'store' 'store_ln0' <Predicate = true> <Delay = 0.84>
ST_1 : Operation 59 [1/1] (0.84ns)   --->   "%store_ln0 = store i64 %dactivations3_0_04_read, i64 %dactivations3_1"   --->   Operation 59 'store' 'store_ln0' <Predicate = true> <Delay = 0.84>
ST_1 : Operation 60 [1/1] (0.84ns)   --->   "%store_ln0 = store i64 %activations3_2_6_reload_read, i64 %activations3_1_9"   --->   Operation 60 'store' 'store_ln0' <Predicate = true> <Delay = 0.84>
ST_1 : Operation 61 [1/1] (0.84ns)   --->   "%store_ln0 = store i64 %activations3_1_6_reload_read, i64 %activations3_1_8"   --->   Operation 61 'store' 'store_ln0' <Predicate = true> <Delay = 0.84>
ST_1 : Operation 62 [1/1] (0.84ns)   --->   "%store_ln0 = store i64 %activations3_0_63_reload_read, i64 %activations3_1"   --->   Operation 62 'store' 'store_ln0' <Predicate = true> <Delay = 0.84>
ST_1 : Operation 63 [1/1] (0.84ns)   --->   "%store_ln0 = store i2 0, i2 %i"   --->   Operation 63 'store' 'store_ln0' <Predicate = true> <Delay = 0.84>
ST_1 : Operation 64 [1/1] (0.00ns)   --->   "%br_ln0 = br void %for.inc.i88"   --->   Operation 64 'br' 'br_ln0' <Predicate = true> <Delay = 0.00>

State 2 <SV = 1> <Delay = 6.72>
ST_2 : Operation 65 [1/1] (0.00ns)   --->   "%i_13 = load i2 %i" [backprop.c:18]   --->   Operation 65 'load' 'i_13' <Predicate = true> <Delay = 0.00>
ST_2 : Operation 66 [1/1] (0.00ns)   --->   "%specpipeline_ln0 = specpipeline void @_ssdm_op_SpecPipeline, i32 4294967295, i32 0, i32 1, i32 0, void @p_str"   --->   Operation 66 'specpipeline' 'specpipeline_ln0' <Predicate = true> <Delay = 0.00>
ST_2 : Operation 67 [1/1] (0.48ns)   --->   "%icmp_ln18 = icmp_eq  i2 %i_13, i2 3" [backprop.c:18]   --->   Operation 67 'icmp' 'icmp_ln18' <Predicate = true> <Delay = 0.48> <CoreInst = "Cmp">   --->   Core 9 'Cmp' <Latency = 0> <II = 1> <Delay = 0.48> <FuncUnit> <Opcode : 'icmp'> <InPorts = 2> <OutPorts = 1>
ST_2 : Operation 68 [1/1] (0.00ns)   --->   "%empty = speclooptripcount i32 @_ssdm_op_SpecLoopTripCount, i64 3, i64 3, i64 3"   --->   Operation 68 'speclooptripcount' 'empty' <Predicate = true> <Delay = 0.00>
ST_2 : Operation 69 [1/1] (0.85ns)   --->   "%add_ln18 = add i2 %i_13, i2 1" [backprop.c:18]   --->   Operation 69 'add' 'add_ln18' <Predicate = true> <Delay = 0.85> <CoreInst = "Adder">   --->   Core 1 'Adder' <Latency = 0> <II = 1> <Delay = 0.85> <FuncUnit> <Opcode : 'add' 'sub'> <InPorts = 2> <OutPorts = 1>
ST_2 : Operation 70 [1/1] (0.00ns)   --->   "%br_ln18 = br i1 %icmp_ln18, void %for.inc.i88.split, void %for.inc.i97.preheader.exitStub" [backprop.c:18]   --->   Operation 70 'br' 'br_ln18' <Predicate = true> <Delay = 0.00>
ST_2 : Operation 71 [1/1] (0.00ns)   --->   "%activations3_1_load_2 = load i64 %activations3_1" [backprop.c:19]   --->   Operation 71 'load' 'activations3_1_load_2' <Predicate = (!icmp_ln18)> <Delay = 0.00>
ST_2 : Operation 72 [1/1] (0.00ns)   --->   "%activations3_1_8_load_1 = load i64 %activations3_1_8" [backprop.c:19]   --->   Operation 72 'load' 'activations3_1_8_load_1' <Predicate = (!icmp_ln18)> <Delay = 0.00>
ST_2 : Operation 73 [1/1] (0.00ns)   --->   "%activations3_1_9_load_1 = load i64 %activations3_1_9" [backprop.c:19]   --->   Operation 73 'load' 'activations3_1_9_load_1' <Predicate = (!icmp_ln18)> <Delay = 0.00>
ST_2 : Operation 74 [1/1] (0.85ns)   --->   "%tmp_6 = mux i64 @_ssdm_op_Mux.ap_auto.3double.i2, i64 %activations3_1_load_2, i64 %activations3_1_8_load_1, i64 %activations3_1_9_load_1, i2 %i_13" [backprop.c:19]   --->   Operation 74 'mux' 'tmp_6' <Predicate = (!icmp_ln18)> <Delay = 0.85> <CoreInst = "Multiplexer">   --->   Core 76 'Multiplexer' <Latency = 0> <II = 1> <Delay = 0.85> <FuncUnit> <Opcode : 'mux'> <InPorts = 2> <OutPorts = 1>
ST_2 : Operation 75 [5/5] (5.86ns)   --->   "%sub_i2 = dsub i64 1, i64 %tmp_6" [backprop.c:19]   --->   Operation 75 'dsub' 'sub_i2' <Predicate = (!icmp_ln18)> <Delay = 5.86> <CoreInst = "DAddSub_fulldsp">   --->   Core 37 'DAddSub_fulldsp' <Latency = 4> <II = 1> <Delay = 5.86> <FuncUnit> <Opcode : 'dadd' 'dsub'> <InPorts = 2> <OutPorts = 1>
ST_2 : Operation 76 [1/1] (0.00ns)   --->   "%bitcast_ln20 = bitcast i64 %tmp_6" [backprop.c:20]   --->   Operation 76 'bitcast' 'bitcast_ln20' <Predicate = (!icmp_ln18)> <Delay = 0.00>
ST_2 : Operation 77 [1/1] (0.54ns)   --->   "%xor_ln20 = xor i64 %bitcast_ln20, i64 9223372036854775808" [backprop.c:20]   --->   Operation 77 'xor' 'xor_ln20' <Predicate = (!icmp_ln18)> <Delay = 0.54> <CoreInst = "LogicGate">   --->   Core 74 'LogicGate' <Latency = 0> <II = 1> <Delay = 0.54> <FuncUnit> <Opcode : 'and' 'or' 'xor'> <InPorts = 2> <OutPorts = 1>
ST_2 : Operation 141 [1/1] (0.00ns)   --->   "%activations3_1_load = load i64 %activations3_1"   --->   Operation 141 'load' 'activations3_1_load' <Predicate = (icmp_ln18)> <Delay = 0.00>
ST_2 : Operation 142 [1/1] (0.00ns)   --->   "%activations3_1_8_load = load i64 %activations3_1_8"   --->   Operation 142 'load' 'activations3_1_8_load' <Predicate = (icmp_ln18)> <Delay = 0.00>
ST_2 : Operation 143 [1/1] (0.00ns)   --->   "%activations3_1_9_load = load i64 %activations3_1_9"   --->   Operation 143 'load' 'activations3_1_9_load' <Predicate = (icmp_ln18)> <Delay = 0.00>
ST_2 : Operation 144 [1/1] (0.00ns)   --->   "%dactivations3_1_load = load i64 %dactivations3_1"   --->   Operation 144 'load' 'dactivations3_1_load' <Predicate = (icmp_ln18)> <Delay = 0.00>
ST_2 : Operation 145 [1/1] (0.00ns)   --->   "%dactivations3_1_1_load = load i64 %dactivations3_1_1"   --->   Operation 145 'load' 'dactivations3_1_1_load' <Predicate = (icmp_ln18)> <Delay = 0.00>
ST_2 : Operation 146 [1/1] (0.00ns)   --->   "%dactivations3_1_2_load = load i64 %dactivations3_1_2"   --->   Operation 146 'load' 'dactivations3_1_2_load' <Predicate = (icmp_ln18)> <Delay = 0.00>
ST_2 : Operation 147 [1/1] (0.00ns)   --->   "%write_ln0 = write void @_ssdm_op_Write.ap_auto.doubleP0A, i64 %dactivations3_2_1_out, i64 %dactivations3_1_2_load"   --->   Operation 147 'write' 'write_ln0' <Predicate = (icmp_ln18)> <Delay = 0.00>
ST_2 : Operation 148 [1/1] (0.00ns)   --->   "%write_ln0 = write void @_ssdm_op_Write.ap_auto.doubleP0A, i64 %dactivations3_1_1_out, i64 %dactivations3_1_1_load"   --->   Operation 148 'write' 'write_ln0' <Predicate = (icmp_ln18)> <Delay = 0.00>
ST_2 : Operation 149 [1/1] (0.00ns)   --->   "%write_ln0 = write void @_ssdm_op_Write.ap_auto.doubleP0A, i64 %dactivations3_0_1_out, i64 %dactivations3_1_load"   --->   Operation 149 'write' 'write_ln0' <Predicate = (icmp_ln18)> <Delay = 0.00>
ST_2 : Operation 150 [1/1] (0.00ns)   --->   "%write_ln0 = write void @_ssdm_op_Write.ap_auto.doubleP0A, i64 %activations3_2_8_out, i64 %activations3_1_9_load"   --->   Operation 150 'write' 'write_ln0' <Predicate = (icmp_ln18)> <Delay = 0.00>
ST_2 : Operation 151 [1/1] (0.00ns)   --->   "%write_ln0 = write void @_ssdm_op_Write.ap_auto.doubleP0A, i64 %activations3_1_8_out, i64 %activations3_1_8_load"   --->   Operation 151 'write' 'write_ln0' <Predicate = (icmp_ln18)> <Delay = 0.00>
ST_2 : Operation 152 [1/1] (0.00ns)   --->   "%write_ln0 = write void @_ssdm_op_Write.ap_auto.doubleP0A, i64 %activations3_0_8_out, i64 %activations3_1_load"   --->   Operation 152 'write' 'write_ln0' <Predicate = (icmp_ln18)> <Delay = 0.00>
ST_2 : Operation 153 [1/1] (0.00ns)   --->   "%ret_ln0 = ret"   --->   Operation 153 'ret' 'ret_ln0' <Predicate = (icmp_ln18)> <Delay = 0.00>

State 3 <SV = 2> <Delay = 7.01>
ST_3 : Operation 78 [4/5] (5.86ns)   --->   "%sub_i2 = dsub i64 1, i64 %tmp_6" [backprop.c:19]   --->   Operation 78 'dsub' 'sub_i2' <Predicate = true> <Delay = 5.86> <CoreInst = "DAddSub_fulldsp">   --->   Core 37 'DAddSub_fulldsp' <Latency = 4> <II = 1> <Delay = 5.86> <FuncUnit> <Opcode : 'dadd' 'dsub'> <InPorts = 2> <OutPorts = 1>
ST_3 : Operation 79 [1/1] (0.00ns)   --->   "%bitcast_ln20_1 = bitcast i64 %xor_ln20" [backprop.c:20]   --->   Operation 79 'bitcast' 'bitcast_ln20_1' <Predicate = true> <Delay = 0.00>
ST_3 : Operation 80 [13/13] (7.01ns)   --->   "%tmp_2 = dexp i64 @llvm.exp.f64, i64 %bitcast_ln20_1" [backprop.c:20]   --->   Operation 80 'dexp' 'tmp_2' <Predicate = true> <Delay = 7.01> <CoreInst = "DExp_fulldsp">   --->   Core 42 'DExp_fulldsp' <Latency = 12> <II = 1> <Delay = 7.01> <FuncUnit> <Opcode : 'dexp'> <InPorts = 1> <OutPorts = 1>

State 4 <SV = 3> <Delay = 7.01>
ST_4 : Operation 81 [3/5] (5.86ns)   --->   "%sub_i2 = dsub i64 1, i64 %tmp_6" [backprop.c:19]   --->   Operation 81 'dsub' 'sub_i2' <Predicate = true> <Delay = 5.86> <CoreInst = "DAddSub_fulldsp">   --->   Core 37 'DAddSub_fulldsp' <Latency = 4> <II = 1> <Delay = 5.86> <FuncUnit> <Opcode : 'dadd' 'dsub'> <InPorts = 2> <OutPorts = 1>
ST_4 : Operation 82 [12/13] (7.01ns)   --->   "%tmp_2 = dexp i64 @llvm.exp.f64, i64 %bitcast_ln20_1" [backprop.c:20]   --->   Operation 82 'dexp' 'tmp_2' <Predicate = true> <Delay = 7.01> <CoreInst = "DExp_fulldsp">   --->   Core 42 'DExp_fulldsp' <Latency = 12> <II = 1> <Delay = 7.01> <FuncUnit> <Opcode : 'dexp'> <InPorts = 1> <OutPorts = 1>

State 5 <SV = 4> <Delay = 7.01>
ST_5 : Operation 83 [2/5] (5.86ns)   --->   "%sub_i2 = dsub i64 1, i64 %tmp_6" [backprop.c:19]   --->   Operation 83 'dsub' 'sub_i2' <Predicate = true> <Delay = 5.86> <CoreInst = "DAddSub_fulldsp">   --->   Core 37 'DAddSub_fulldsp' <Latency = 4> <II = 1> <Delay = 5.86> <FuncUnit> <Opcode : 'dadd' 'dsub'> <InPorts = 2> <OutPorts = 1>
ST_5 : Operation 84 [11/13] (7.01ns)   --->   "%tmp_2 = dexp i64 @llvm.exp.f64, i64 %bitcast_ln20_1" [backprop.c:20]   --->   Operation 84 'dexp' 'tmp_2' <Predicate = true> <Delay = 7.01> <CoreInst = "DExp_fulldsp">   --->   Core 42 'DExp_fulldsp' <Latency = 12> <II = 1> <Delay = 7.01> <FuncUnit> <Opcode : 'dexp'> <InPorts = 1> <OutPorts = 1>

State 6 <SV = 5> <Delay = 7.01>
ST_6 : Operation 85 [1/5] (5.86ns)   --->   "%sub_i2 = dsub i64 1, i64 %tmp_6" [backprop.c:19]   --->   Operation 85 'dsub' 'sub_i2' <Predicate = true> <Delay = 5.86> <CoreInst = "DAddSub_fulldsp">   --->   Core 37 'DAddSub_fulldsp' <Latency = 4> <II = 1> <Delay = 5.86> <FuncUnit> <Opcode : 'dadd' 'dsub'> <InPorts = 2> <OutPorts = 1>
ST_6 : Operation 86 [10/13] (7.01ns)   --->   "%tmp_2 = dexp i64 @llvm.exp.f64, i64 %bitcast_ln20_1" [backprop.c:20]   --->   Operation 86 'dexp' 'tmp_2' <Predicate = true> <Delay = 7.01> <CoreInst = "DExp_fulldsp">   --->   Core 42 'DExp_fulldsp' <Latency = 12> <II = 1> <Delay = 7.01> <FuncUnit> <Opcode : 'dexp'> <InPorts = 1> <OutPorts = 1>

State 7 <SV = 6> <Delay = 7.14>
ST_7 : Operation 87 [5/5] (7.14ns)   --->   "%dactivations3_1_4 = dmul i64 %tmp_6, i64 %sub_i2" [backprop.c:19]   --->   Operation 87 'dmul' 'dactivations3_1_4' <Predicate = true> <Delay = 7.14> <CoreInst = "DMul_maxdsp">   --->   Core 49 'DMul_maxdsp' <Latency = 4> <II = 1> <Delay = 7.14> <FuncUnit> <Opcode : 'dmul'> <InPorts = 2> <OutPorts = 1>
ST_7 : Operation 88 [9/13] (7.01ns)   --->   "%tmp_2 = dexp i64 @llvm.exp.f64, i64 %bitcast_ln20_1" [backprop.c:20]   --->   Operation 88 'dexp' 'tmp_2' <Predicate = true> <Delay = 7.01> <CoreInst = "DExp_fulldsp">   --->   Core 42 'DExp_fulldsp' <Latency = 12> <II = 1> <Delay = 7.01> <FuncUnit> <Opcode : 'dexp'> <InPorts = 1> <OutPorts = 1>

State 8 <SV = 7> <Delay = 7.14>
ST_8 : Operation 89 [4/5] (7.14ns)   --->   "%dactivations3_1_4 = dmul i64 %tmp_6, i64 %sub_i2" [backprop.c:19]   --->   Operation 89 'dmul' 'dactivations3_1_4' <Predicate = true> <Delay = 7.14> <CoreInst = "DMul_maxdsp">   --->   Core 49 'DMul_maxdsp' <Latency = 4> <II = 1> <Delay = 7.14> <FuncUnit> <Opcode : 'dmul'> <InPorts = 2> <OutPorts = 1>
ST_8 : Operation 90 [8/13] (7.01ns)   --->   "%tmp_2 = dexp i64 @llvm.exp.f64, i64 %bitcast_ln20_1" [backprop.c:20]   --->   Operation 90 'dexp' 'tmp_2' <Predicate = true> <Delay = 7.01> <CoreInst = "DExp_fulldsp">   --->   Core 42 'DExp_fulldsp' <Latency = 12> <II = 1> <Delay = 7.01> <FuncUnit> <Opcode : 'dexp'> <InPorts = 1> <OutPorts = 1>

State 9 <SV = 8> <Delay = 7.14>
ST_9 : Operation 91 [3/5] (7.14ns)   --->   "%dactivations3_1_4 = dmul i64 %tmp_6, i64 %sub_i2" [backprop.c:19]   --->   Operation 91 'dmul' 'dactivations3_1_4' <Predicate = true> <Delay = 7.14> <CoreInst = "DMul_maxdsp">   --->   Core 49 'DMul_maxdsp' <Latency = 4> <II = 1> <Delay = 7.14> <FuncUnit> <Opcode : 'dmul'> <InPorts = 2> <OutPorts = 1>
ST_9 : Operation 92 [7/13] (7.01ns)   --->   "%tmp_2 = dexp i64 @llvm.exp.f64, i64 %bitcast_ln20_1" [backprop.c:20]   --->   Operation 92 'dexp' 'tmp_2' <Predicate = true> <Delay = 7.01> <CoreInst = "DExp_fulldsp">   --->   Core 42 'DExp_fulldsp' <Latency = 12> <II = 1> <Delay = 7.01> <FuncUnit> <Opcode : 'dexp'> <InPorts = 1> <OutPorts = 1>

State 10 <SV = 9> <Delay = 7.14>
ST_10 : Operation 93 [2/5] (7.14ns)   --->   "%dactivations3_1_4 = dmul i64 %tmp_6, i64 %sub_i2" [backprop.c:19]   --->   Operation 93 'dmul' 'dactivations3_1_4' <Predicate = true> <Delay = 7.14> <CoreInst = "DMul_maxdsp">   --->   Core 49 'DMul_maxdsp' <Latency = 4> <II = 1> <Delay = 7.14> <FuncUnit> <Opcode : 'dmul'> <InPorts = 2> <OutPorts = 1>
ST_10 : Operation 94 [6/13] (7.01ns)   --->   "%tmp_2 = dexp i64 @llvm.exp.f64, i64 %bitcast_ln20_1" [backprop.c:20]   --->   Operation 94 'dexp' 'tmp_2' <Predicate = true> <Delay = 7.01> <CoreInst = "DExp_fulldsp">   --->   Core 42 'DExp_fulldsp' <Latency = 12> <II = 1> <Delay = 7.01> <FuncUnit> <Opcode : 'dexp'> <InPorts = 1> <OutPorts = 1>

State 11 <SV = 10> <Delay = 7.14>
ST_11 : Operation 95 [1/5] (7.14ns)   --->   "%dactivations3_1_4 = dmul i64 %tmp_6, i64 %sub_i2" [backprop.c:19]   --->   Operation 95 'dmul' 'dactivations3_1_4' <Predicate = true> <Delay = 7.14> <CoreInst = "DMul_maxdsp">   --->   Core 49 'DMul_maxdsp' <Latency = 4> <II = 1> <Delay = 7.14> <FuncUnit> <Opcode : 'dmul'> <InPorts = 2> <OutPorts = 1>
ST_11 : Operation 96 [5/13] (7.01ns)   --->   "%tmp_2 = dexp i64 @llvm.exp.f64, i64 %bitcast_ln20_1" [backprop.c:20]   --->   Operation 96 'dexp' 'tmp_2' <Predicate = true> <Delay = 7.01> <CoreInst = "DExp_fulldsp">   --->   Core 42 'DExp_fulldsp' <Latency = 12> <II = 1> <Delay = 7.01> <FuncUnit> <Opcode : 'dexp'> <InPorts = 1> <OutPorts = 1>

State 12 <SV = 11> <Delay = 7.01>
ST_12 : Operation 97 [4/13] (7.01ns)   --->   "%tmp_2 = dexp i64 @llvm.exp.f64, i64 %bitcast_ln20_1" [backprop.c:20]   --->   Operation 97 'dexp' 'tmp_2' <Predicate = true> <Delay = 7.01> <CoreInst = "DExp_fulldsp">   --->   Core 42 'DExp_fulldsp' <Latency = 12> <II = 1> <Delay = 7.01> <FuncUnit> <Opcode : 'dexp'> <InPorts = 1> <OutPorts = 1>

State 13 <SV = 12> <Delay = 7.01>
ST_13 : Operation 98 [3/13] (7.01ns)   --->   "%tmp_2 = dexp i64 @llvm.exp.f64, i64 %bitcast_ln20_1" [backprop.c:20]   --->   Operation 98 'dexp' 'tmp_2' <Predicate = true> <Delay = 7.01> <CoreInst = "DExp_fulldsp">   --->   Core 42 'DExp_fulldsp' <Latency = 12> <II = 1> <Delay = 7.01> <FuncUnit> <Opcode : 'dexp'> <InPorts = 1> <OutPorts = 1>

State 14 <SV = 13> <Delay = 7.01>
ST_14 : Operation 99 [2/13] (7.01ns)   --->   "%tmp_2 = dexp i64 @llvm.exp.f64, i64 %bitcast_ln20_1" [backprop.c:20]   --->   Operation 99 'dexp' 'tmp_2' <Predicate = true> <Delay = 7.01> <CoreInst = "DExp_fulldsp">   --->   Core 42 'DExp_fulldsp' <Latency = 12> <II = 1> <Delay = 7.01> <FuncUnit> <Opcode : 'dexp'> <InPorts = 1> <OutPorts = 1>

State 15 <SV = 14> <Delay = 7.01>
ST_15 : Operation 100 [1/13] (7.01ns)   --->   "%tmp_2 = dexp i64 @llvm.exp.f64, i64 %bitcast_ln20_1" [backprop.c:20]   --->   Operation 100 'dexp' 'tmp_2' <Predicate = true> <Delay = 7.01> <CoreInst = "DExp_fulldsp">   --->   Core 42 'DExp_fulldsp' <Latency = 12> <II = 1> <Delay = 7.01> <FuncUnit> <Opcode : 'dexp'> <InPorts = 1> <OutPorts = 1>

State 16 <SV = 15> <Delay = 5.86>
ST_16 : Operation 101 [5/5] (5.86ns)   --->   "%add_i1 = dadd i64 %tmp_2, i64 1" [backprop.c:20]   --->   Operation 101 'dadd' 'add_i1' <Predicate = true> <Delay = 5.86> <CoreInst = "DAddSub_fulldsp">   --->   Core 37 'DAddSub_fulldsp' <Latency = 4> <II = 1> <Delay = 5.86> <FuncUnit> <Opcode : 'dadd' 'dsub'> <InPorts = 2> <OutPorts = 1>

State 17 <SV = 16> <Delay = 5.86>
ST_17 : Operation 102 [4/5] (5.86ns)   --->   "%add_i1 = dadd i64 %tmp_2, i64 1" [backprop.c:20]   --->   Operation 102 'dadd' 'add_i1' <Predicate = true> <Delay = 5.86> <CoreInst = "DAddSub_fulldsp">   --->   Core 37 'DAddSub_fulldsp' <Latency = 4> <II = 1> <Delay = 5.86> <FuncUnit> <Opcode : 'dadd' 'dsub'> <InPorts = 2> <OutPorts = 1>

State 18 <SV = 17> <Delay = 5.86>
ST_18 : Operation 103 [3/5] (5.86ns)   --->   "%add_i1 = dadd i64 %tmp_2, i64 1" [backprop.c:20]   --->   Operation 103 'dadd' 'add_i1' <Predicate = true> <Delay = 5.86> <CoreInst = "DAddSub_fulldsp">   --->   Core 37 'DAddSub_fulldsp' <Latency = 4> <II = 1> <Delay = 5.86> <FuncUnit> <Opcode : 'dadd' 'dsub'> <InPorts = 2> <OutPorts = 1>

State 19 <SV = 18> <Delay = 5.86>
ST_19 : Operation 104 [2/5] (5.86ns)   --->   "%add_i1 = dadd i64 %tmp_2, i64 1" [backprop.c:20]   --->   Operation 104 'dadd' 'add_i1' <Predicate = true> <Delay = 5.86> <CoreInst = "DAddSub_fulldsp">   --->   Core 37 'DAddSub_fulldsp' <Latency = 4> <II = 1> <Delay = 5.86> <FuncUnit> <Opcode : 'dadd' 'dsub'> <InPorts = 2> <OutPorts = 1>

State 20 <SV = 19> <Delay = 5.86>
ST_20 : Operation 105 [1/5] (5.86ns)   --->   "%add_i1 = dadd i64 %tmp_2, i64 1" [backprop.c:20]   --->   Operation 105 'dadd' 'add_i1' <Predicate = true> <Delay = 5.86> <CoreInst = "DAddSub_fulldsp">   --->   Core 37 'DAddSub_fulldsp' <Latency = 4> <II = 1> <Delay = 5.86> <FuncUnit> <Opcode : 'dadd' 'dsub'> <InPorts = 2> <OutPorts = 1>

State 21 <SV = 20> <Delay = 6.28>
ST_21 : Operation 106 [22/22] (6.28ns)   --->   "%activations3_1_11 = ddiv i64 1, i64 %add_i1" [backprop.c:20]   --->   Operation 106 'ddiv' 'activations3_1_11' <Predicate = true> <Delay = 6.28> <CoreInst = "DDiv">   --->   Core 39 'DDiv' <Latency = 21> <II = 1> <Delay = 6.28> <FuncUnit> <Opcode : 'ddiv' 'drem'> <InPorts = 2> <OutPorts = 1>

State 22 <SV = 21> <Delay = 6.28>
ST_22 : Operation 107 [21/22] (6.28ns)   --->   "%activations3_1_11 = ddiv i64 1, i64 %add_i1" [backprop.c:20]   --->   Operation 107 'ddiv' 'activations3_1_11' <Predicate = true> <Delay = 6.28> <CoreInst = "DDiv">   --->   Core 39 'DDiv' <Latency = 21> <II = 1> <Delay = 6.28> <FuncUnit> <Opcode : 'ddiv' 'drem'> <InPorts = 2> <OutPorts = 1>

State 23 <SV = 22> <Delay = 6.28>
ST_23 : Operation 108 [20/22] (6.28ns)   --->   "%activations3_1_11 = ddiv i64 1, i64 %add_i1" [backprop.c:20]   --->   Operation 108 'ddiv' 'activations3_1_11' <Predicate = true> <Delay = 6.28> <CoreInst = "DDiv">   --->   Core 39 'DDiv' <Latency = 21> <II = 1> <Delay = 6.28> <FuncUnit> <Opcode : 'ddiv' 'drem'> <InPorts = 2> <OutPorts = 1>

State 24 <SV = 23> <Delay = 6.28>
ST_24 : Operation 109 [19/22] (6.28ns)   --->   "%activations3_1_11 = ddiv i64 1, i64 %add_i1" [backprop.c:20]   --->   Operation 109 'ddiv' 'activations3_1_11' <Predicate = true> <Delay = 6.28> <CoreInst = "DDiv">   --->   Core 39 'DDiv' <Latency = 21> <II = 1> <Delay = 6.28> <FuncUnit> <Opcode : 'ddiv' 'drem'> <InPorts = 2> <OutPorts = 1>

State 25 <SV = 24> <Delay = 6.28>
ST_25 : Operation 110 [18/22] (6.28ns)   --->   "%activations3_1_11 = ddiv i64 1, i64 %add_i1" [backprop.c:20]   --->   Operation 110 'ddiv' 'activations3_1_11' <Predicate = true> <Delay = 6.28> <CoreInst = "DDiv">   --->   Core 39 'DDiv' <Latency = 21> <II = 1> <Delay = 6.28> <FuncUnit> <Opcode : 'ddiv' 'drem'> <InPorts = 2> <OutPorts = 1>

State 26 <SV = 25> <Delay = 6.28>
ST_26 : Operation 111 [17/22] (6.28ns)   --->   "%activations3_1_11 = ddiv i64 1, i64 %add_i1" [backprop.c:20]   --->   Operation 111 'ddiv' 'activations3_1_11' <Predicate = true> <Delay = 6.28> <CoreInst = "DDiv">   --->   Core 39 'DDiv' <Latency = 21> <II = 1> <Delay = 6.28> <FuncUnit> <Opcode : 'ddiv' 'drem'> <InPorts = 2> <OutPorts = 1>

State 27 <SV = 26> <Delay = 6.28>
ST_27 : Operation 112 [16/22] (6.28ns)   --->   "%activations3_1_11 = ddiv i64 1, i64 %add_i1" [backprop.c:20]   --->   Operation 112 'ddiv' 'activations3_1_11' <Predicate = true> <Delay = 6.28> <CoreInst = "DDiv">   --->   Core 39 'DDiv' <Latency = 21> <II = 1> <Delay = 6.28> <FuncUnit> <Opcode : 'ddiv' 'drem'> <InPorts = 2> <OutPorts = 1>

State 28 <SV = 27> <Delay = 6.28>
ST_28 : Operation 113 [15/22] (6.28ns)   --->   "%activations3_1_11 = ddiv i64 1, i64 %add_i1" [backprop.c:20]   --->   Operation 113 'ddiv' 'activations3_1_11' <Predicate = true> <Delay = 6.28> <CoreInst = "DDiv">   --->   Core 39 'DDiv' <Latency = 21> <II = 1> <Delay = 6.28> <FuncUnit> <Opcode : 'ddiv' 'drem'> <InPorts = 2> <OutPorts = 1>

State 29 <SV = 28> <Delay = 6.28>
ST_29 : Operation 114 [14/22] (6.28ns)   --->   "%activations3_1_11 = ddiv i64 1, i64 %add_i1" [backprop.c:20]   --->   Operation 114 'ddiv' 'activations3_1_11' <Predicate = true> <Delay = 6.28> <CoreInst = "DDiv">   --->   Core 39 'DDiv' <Latency = 21> <II = 1> <Delay = 6.28> <FuncUnit> <Opcode : 'ddiv' 'drem'> <InPorts = 2> <OutPorts = 1>

State 30 <SV = 29> <Delay = 6.28>
ST_30 : Operation 115 [13/22] (6.28ns)   --->   "%activations3_1_11 = ddiv i64 1, i64 %add_i1" [backprop.c:20]   --->   Operation 115 'ddiv' 'activations3_1_11' <Predicate = true> <Delay = 6.28> <CoreInst = "DDiv">   --->   Core 39 'DDiv' <Latency = 21> <II = 1> <Delay = 6.28> <FuncUnit> <Opcode : 'ddiv' 'drem'> <InPorts = 2> <OutPorts = 1>

State 31 <SV = 30> <Delay = 6.28>
ST_31 : Operation 116 [12/22] (6.28ns)   --->   "%activations3_1_11 = ddiv i64 1, i64 %add_i1" [backprop.c:20]   --->   Operation 116 'ddiv' 'activations3_1_11' <Predicate = true> <Delay = 6.28> <CoreInst = "DDiv">   --->   Core 39 'DDiv' <Latency = 21> <II = 1> <Delay = 6.28> <FuncUnit> <Opcode : 'ddiv' 'drem'> <InPorts = 2> <OutPorts = 1>

State 32 <SV = 31> <Delay = 6.28>
ST_32 : Operation 117 [11/22] (6.28ns)   --->   "%activations3_1_11 = ddiv i64 1, i64 %add_i1" [backprop.c:20]   --->   Operation 117 'ddiv' 'activations3_1_11' <Predicate = true> <Delay = 6.28> <CoreInst = "DDiv">   --->   Core 39 'DDiv' <Latency = 21> <II = 1> <Delay = 6.28> <FuncUnit> <Opcode : 'ddiv' 'drem'> <InPorts = 2> <OutPorts = 1>

State 33 <SV = 32> <Delay = 6.28>
ST_33 : Operation 118 [10/22] (6.28ns)   --->   "%activations3_1_11 = ddiv i64 1, i64 %add_i1" [backprop.c:20]   --->   Operation 118 'ddiv' 'activations3_1_11' <Predicate = true> <Delay = 6.28> <CoreInst = "DDiv">   --->   Core 39 'DDiv' <Latency = 21> <II = 1> <Delay = 6.28> <FuncUnit> <Opcode : 'ddiv' 'drem'> <InPorts = 2> <OutPorts = 1>

State 34 <SV = 33> <Delay = 6.28>
ST_34 : Operation 119 [9/22] (6.28ns)   --->   "%activations3_1_11 = ddiv i64 1, i64 %add_i1" [backprop.c:20]   --->   Operation 119 'ddiv' 'activations3_1_11' <Predicate = true> <Delay = 6.28> <CoreInst = "DDiv">   --->   Core 39 'DDiv' <Latency = 21> <II = 1> <Delay = 6.28> <FuncUnit> <Opcode : 'ddiv' 'drem'> <InPorts = 2> <OutPorts = 1>

State 35 <SV = 34> <Delay = 6.28>
ST_35 : Operation 120 [8/22] (6.28ns)   --->   "%activations3_1_11 = ddiv i64 1, i64 %add_i1" [backprop.c:20]   --->   Operation 120 'ddiv' 'activations3_1_11' <Predicate = true> <Delay = 6.28> <CoreInst = "DDiv">   --->   Core 39 'DDiv' <Latency = 21> <II = 1> <Delay = 6.28> <FuncUnit> <Opcode : 'ddiv' 'drem'> <InPorts = 2> <OutPorts = 1>

State 36 <SV = 35> <Delay = 6.28>
ST_36 : Operation 121 [7/22] (6.28ns)   --->   "%activations3_1_11 = ddiv i64 1, i64 %add_i1" [backprop.c:20]   --->   Operation 121 'ddiv' 'activations3_1_11' <Predicate = true> <Delay = 6.28> <CoreInst = "DDiv">   --->   Core 39 'DDiv' <Latency = 21> <II = 1> <Delay = 6.28> <FuncUnit> <Opcode : 'ddiv' 'drem'> <InPorts = 2> <OutPorts = 1>

State 37 <SV = 36> <Delay = 6.28>
ST_37 : Operation 122 [6/22] (6.28ns)   --->   "%activations3_1_11 = ddiv i64 1, i64 %add_i1" [backprop.c:20]   --->   Operation 122 'ddiv' 'activations3_1_11' <Predicate = true> <Delay = 6.28> <CoreInst = "DDiv">   --->   Core 39 'DDiv' <Latency = 21> <II = 1> <Delay = 6.28> <FuncUnit> <Opcode : 'ddiv' 'drem'> <InPorts = 2> <OutPorts = 1>

State 38 <SV = 37> <Delay = 6.28>
ST_38 : Operation 123 [5/22] (6.28ns)   --->   "%activations3_1_11 = ddiv i64 1, i64 %add_i1" [backprop.c:20]   --->   Operation 123 'ddiv' 'activations3_1_11' <Predicate = true> <Delay = 6.28> <CoreInst = "DDiv">   --->   Core 39 'DDiv' <Latency = 21> <II = 1> <Delay = 6.28> <FuncUnit> <Opcode : 'ddiv' 'drem'> <InPorts = 2> <OutPorts = 1>

State 39 <SV = 38> <Delay = 6.28>
ST_39 : Operation 124 [4/22] (6.28ns)   --->   "%activations3_1_11 = ddiv i64 1, i64 %add_i1" [backprop.c:20]   --->   Operation 124 'ddiv' 'activations3_1_11' <Predicate = true> <Delay = 6.28> <CoreInst = "DDiv">   --->   Core 39 'DDiv' <Latency = 21> <II = 1> <Delay = 6.28> <FuncUnit> <Opcode : 'ddiv' 'drem'> <InPorts = 2> <OutPorts = 1>

State 40 <SV = 39> <Delay = 6.28>
ST_40 : Operation 125 [3/22] (6.28ns)   --->   "%activations3_1_11 = ddiv i64 1, i64 %add_i1" [backprop.c:20]   --->   Operation 125 'ddiv' 'activations3_1_11' <Predicate = true> <Delay = 6.28> <CoreInst = "DDiv">   --->   Core 39 'DDiv' <Latency = 21> <II = 1> <Delay = 6.28> <FuncUnit> <Opcode : 'ddiv' 'drem'> <InPorts = 2> <OutPorts = 1>

State 41 <SV = 40> <Delay = 6.28>
ST_41 : Operation 126 [2/22] (6.28ns)   --->   "%activations3_1_11 = ddiv i64 1, i64 %add_i1" [backprop.c:20]   --->   Operation 126 'ddiv' 'activations3_1_11' <Predicate = true> <Delay = 6.28> <CoreInst = "DDiv">   --->   Core 39 'DDiv' <Latency = 21> <II = 1> <Delay = 6.28> <FuncUnit> <Opcode : 'ddiv' 'drem'> <InPorts = 2> <OutPorts = 1>

State 42 <SV = 41> <Delay = 7.13>
ST_42 : Operation 127 [1/1] (0.00ns)   --->   "%specloopname_ln17 = specloopname void @_ssdm_op_SpecLoopName, void @empty" [backprop.c:17]   --->   Operation 127 'specloopname' 'specloopname_ln17' <Predicate = true> <Delay = 0.00>
ST_42 : Operation 128 [1/22] (6.28ns)   --->   "%activations3_1_11 = ddiv i64 1, i64 %add_i1" [backprop.c:20]   --->   Operation 128 'ddiv' 'activations3_1_11' <Predicate = true> <Delay = 6.28> <CoreInst = "DDiv">   --->   Core 39 'DDiv' <Latency = 21> <II = 1> <Delay = 6.28> <FuncUnit> <Opcode : 'ddiv' 'drem'> <InPorts = 2> <OutPorts = 1>
ST_42 : Operation 129 [1/1] (0.48ns)   --->   "%switch_ln19 = switch i2 %i_13, void %branch14, i2 0, void %for.inc.i88.split.for.inc.i88.split354_crit_edge, i2 1, void %for.inc.i88.split.for.inc.i88.split354_crit_edge7" [backprop.c:19]   --->   Operation 129 'switch' 'switch_ln19' <Predicate = true> <Delay = 0.48>
ST_42 : Operation 130 [1/1] (0.84ns)   --->   "%store_ln19 = store i64 %dactivations3_1_4, i64 %dactivations3_1_1" [backprop.c:19]   --->   Operation 130 'store' 'store_ln19' <Predicate = (i_13 == 1)> <Delay = 0.84>
ST_42 : Operation 131 [1/1] (0.84ns)   --->   "%store_ln19 = store i64 %activations3_1_11, i64 %activations3_1_8" [backprop.c:19]   --->   Operation 131 'store' 'store_ln19' <Predicate = (i_13 == 1)> <Delay = 0.84>
ST_42 : Operation 132 [1/1] (0.00ns)   --->   "%br_ln19 = br void %for.inc.i88.split354" [backprop.c:19]   --->   Operation 132 'br' 'br_ln19' <Predicate = (i_13 == 1)> <Delay = 0.00>
ST_42 : Operation 133 [1/1] (0.84ns)   --->   "%store_ln19 = store i64 %dactivations3_1_4, i64 %dactivations3_1" [backprop.c:19]   --->   Operation 133 'store' 'store_ln19' <Predicate = (i_13 == 0)> <Delay = 0.84>
ST_42 : Operation 134 [1/1] (0.84ns)   --->   "%store_ln19 = store i64 %activations3_1_11, i64 %activations3_1" [backprop.c:19]   --->   Operation 134 'store' 'store_ln19' <Predicate = (i_13 == 0)> <Delay = 0.84>
ST_42 : Operation 135 [1/1] (0.00ns)   --->   "%br_ln19 = br void %for.inc.i88.split354" [backprop.c:19]   --->   Operation 135 'br' 'br_ln19' <Predicate = (i_13 == 0)> <Delay = 0.00>
ST_42 : Operation 136 [1/1] (0.84ns)   --->   "%store_ln19 = store i64 %dactivations3_1_4, i64 %dactivations3_1_2" [backprop.c:19]   --->   Operation 136 'store' 'store_ln19' <Predicate = (i_13 != 0 & i_13 != 1)> <Delay = 0.84>
ST_42 : Operation 137 [1/1] (0.84ns)   --->   "%store_ln20 = store i64 %activations3_1_11, i64 %activations3_1_9" [backprop.c:20]   --->   Operation 137 'store' 'store_ln20' <Predicate = (i_13 != 0 & i_13 != 1)> <Delay = 0.84>
ST_42 : Operation 138 [1/1] (0.00ns)   --->   "%br_ln0 = br void %for.inc.i88.split354"   --->   Operation 138 'br' 'br_ln0' <Predicate = (i_13 != 0 & i_13 != 1)> <Delay = 0.00>
ST_42 : Operation 139 [1/1] (0.84ns)   --->   "%store_ln18 = store i2 %add_ln18, i2 %i" [backprop.c:18]   --->   Operation 139 'store' 'store_ln18' <Predicate = true> <Delay = 0.84>
ST_42 : Operation 140 [1/1] (0.00ns)   --->   "%br_ln18 = br void %for.inc.i88" [backprop.c:18]   --->   Operation 140 'br' 'br_ln18' <Predicate = true> <Delay = 0.00>


============================================================
+ Verbose Summary: Binding
============================================================
STG Binding: 
---------------- STG Properties BEGIN ----------------
- Is combinational: 0
- Is one-state seq: 0
- Is datapath-only: 0
- Is pipelined: 0
- Is top level: 0
Port [ Return ] is wired: 1; IO mode=ap_ctrl_hs:ce=0
Port [ dactivations3_2_06]:  wired=1; compound=0; hidden=0; nouse=0; global=0; static=0; extern=0; dir=0; type=0; pingpong=0; private_global=0; IO mode=ap_none:ce=0
Port [ dactivations3_1_05]:  wired=1; compound=0; hidden=0; nouse=0; global=0; static=0; extern=0; dir=0; type=0; pingpong=0; private_global=0; IO mode=ap_none:ce=0
Port [ dactivations3_0_04]:  wired=1; compound=0; hidden=0; nouse=0; global=0; static=0; extern=0; dir=0; type=0; pingpong=0; private_global=0; IO mode=ap_none:ce=0
Port [ activations3_2_6_reload]:  wired=1; compound=0; hidden=0; nouse=0; global=0; static=0; extern=0; dir=0; type=0; pingpong=0; private_global=0; IO mode=ap_none:ce=0
Port [ activations3_1_6_reload]:  wired=1; compound=0; hidden=0; nouse=0; global=0; static=0; extern=0; dir=0; type=0; pingpong=0; private_global=0; IO mode=ap_none:ce=0
Port [ activations3_0_63_reload]:  wired=1; compound=0; hidden=0; nouse=0; global=0; static=0; extern=0; dir=0; type=0; pingpong=0; private_global=0; IO mode=ap_none:ce=0
Port [ dactivations3_2_1_out]:  wired=1; compound=0; hidden=0; nouse=0; global=0; static=0; extern=0; dir=1; type=0; pingpong=0; private_global=0; IO mode=ap_vld:ce=0
Port [ dactivations3_1_1_out]:  wired=1; compound=0; hidden=0; nouse=0; global=0; static=0; extern=0; dir=1; type=0; pingpong=0; private_global=0; IO mode=ap_vld:ce=0
Port [ dactivations3_0_1_out]:  wired=1; compound=0; hidden=0; nouse=0; global=0; static=0; extern=0; dir=1; type=0; pingpong=0; private_global=0; IO mode=ap_vld:ce=0
Port [ activations3_2_8_out]:  wired=1; compound=0; hidden=0; nouse=0; global=0; static=0; extern=0; dir=1; type=0; pingpong=0; private_global=0; IO mode=ap_vld:ce=0
Port [ activations3_1_8_out]:  wired=1; compound=0; hidden=0; nouse=0; global=0; static=0; extern=0; dir=1; type=0; pingpong=0; private_global=0; IO mode=ap_vld:ce=0
Port [ activations3_0_8_out]:  wired=1; compound=0; hidden=0; nouse=0; global=0; static=0; extern=0; dir=1; type=0; pingpong=0; private_global=0; IO mode=ap_vld:ce=0
---------------- STG Properties END ------------------

---------------- Datapath Model BEGIN ----------------

<LifeTime>
<method=bitvector/>
i                             (alloca           ) [ 0111111111111111111111111111111111111111111]
activations3_1                (alloca           ) [ 0111111111111111111111111111111111111111111]
activations3_1_8              (alloca           ) [ 0111111111111111111111111111111111111111111]
activations3_1_9              (alloca           ) [ 0111111111111111111111111111111111111111111]
dactivations3_1               (alloca           ) [ 0111111111111111111111111111111111111111111]
dactivations3_1_1             (alloca           ) [ 0111111111111111111111111111111111111111111]
dactivations3_1_2             (alloca           ) [ 0111111111111111111111111111111111111111111]
activations3_0_63_reload_read (read             ) [ 0000000000000000000000000000000000000000000]
activations3_1_6_reload_read  (read             ) [ 0000000000000000000000000000000000000000000]
activations3_2_6_reload_read  (read             ) [ 0000000000000000000000000000000000000000000]
dactivations3_0_04_read       (read             ) [ 0000000000000000000000000000000000000000000]
dactivations3_1_05_read       (read             ) [ 0000000000000000000000000000000000000000000]
dactivations3_2_06_read       (read             ) [ 0000000000000000000000000000000000000000000]
store_ln0                     (store            ) [ 0000000000000000000000000000000000000000000]
store_ln0                     (store            ) [ 0000000000000000000000000000000000000000000]
store_ln0                     (store            ) [ 0000000000000000000000000000000000000000000]
store_ln0                     (store            ) [ 0000000000000000000000000000000000000000000]
store_ln0                     (store            ) [ 0000000000000000000000000000000000000000000]
store_ln0                     (store            ) [ 0000000000000000000000000000000000000000000]
store_ln0                     (store            ) [ 0000000000000000000000000000000000000000000]
br_ln0                        (br               ) [ 0000000000000000000000000000000000000000000]
i_13                          (load             ) [ 0101111111111111111111111111111111111111111]
specpipeline_ln0              (specpipeline     ) [ 0000000000000000000000000000000000000000000]
icmp_ln18                     (icmp             ) [ 0010000000000000000000000000000000000000000]
empty                         (speclooptripcount) [ 0000000000000000000000000000000000000000000]
add_ln18                      (add              ) [ 0101111111111111111111111111111111111111111]
br_ln18                       (br               ) [ 0000000000000000000000000000000000000000000]
activations3_1_load_2         (load             ) [ 0000000000000000000000000000000000000000000]
activations3_1_8_load_1       (load             ) [ 0000000000000000000000000000000000000000000]
activations3_1_9_load_1       (load             ) [ 0000000000000000000000000000000000000000000]
tmp_6                         (mux              ) [ 0001111111110000000000000000000000000000000]
bitcast_ln20                  (bitcast          ) [ 0000000000000000000000000000000000000000000]
xor_ln20                      (xor              ) [ 0001000000000000000000000000000000000000000]
bitcast_ln20_1                (bitcast          ) [ 0000111111111111000000000000000000000000000]
sub_i2                        (dsub             ) [ 0000000111110000000000000000000000000000000]
dactivations3_1_4             (dmul             ) [ 0100000000001111111111111111111111111111111]
tmp_2                         (dexp             ) [ 0000000000000000111110000000000000000000000]
add_i1                        (dadd             ) [ 0100000000000000000001111111111111111111111]
specloopname_ln17             (specloopname     ) [ 0000000000000000000000000000000000000000000]
activations3_1_11             (ddiv             ) [ 0000000000000000000000000000000000000000000]
switch_ln19                   (switch           ) [ 0000000000000000000000000000000000000000000]
store_ln19                    (store            ) [ 0000000000000000000000000000000000000000000]
store_ln19                    (store            ) [ 0000000000000000000000000000000000000000000]
br_ln19                       (br               ) [ 0000000000000000000000000000000000000000000]
store_ln19                    (store            ) [ 0000000000000000000000000000000000000000000]
store_ln19                    (store            ) [ 0000000000000000000000000000000000000000000]
br_ln19                       (br               ) [ 0000000000000000000000000000000000000000000]
store_ln19                    (store            ) [ 0000000000000000000000000000000000000000000]
store_ln20                    (store            ) [ 0000000000000000000000000000000000000000000]
br_ln0                        (br               ) [ 0000000000000000000000000000000000000000000]
store_ln18                    (store            ) [ 0000000000000000000000000000000000000000000]
br_ln18                       (br               ) [ 0000000000000000000000000000000000000000000]
activations3_1_load           (load             ) [ 0000000000000000000000000000000000000000000]
activations3_1_8_load         (load             ) [ 0000000000000000000000000000000000000000000]
activations3_1_9_load         (load             ) [ 0000000000000000000000000000000000000000000]
dactivations3_1_load          (load             ) [ 0000000000000000000000000000000000000000000]
dactivations3_1_1_load        (load             ) [ 0000000000000000000000000000000000000000000]
dactivations3_1_2_load        (load             ) [ 0000000000000000000000000000000000000000000]
write_ln0                     (write            ) [ 0000000000000000000000000000000000000000000]
write_ln0                     (write            ) [ 0000000000000000000000000000000000000000000]
write_ln0                     (write            ) [ 0000000000000000000000000000000000000000000]
write_ln0                     (write            ) [ 0000000000000000000000000000000000000000000]
write_ln0                     (write            ) [ 0000000000000000000000000000000000000000000]
write_ln0                     (write            ) [ 0000000000000000000000000000000000000000000]
ret_ln0                       (ret              ) [ 0000000000000000000000000000000000000000000]
</LifeTime>

<model>

<comp_list>
<comp id="0" class="1000" name="dactivations3_2_06">
<pin_list>
<pin id="1" dir="1" index="0" bw="1" slack="0"/>
</pin_list>
<bind>
<StgValue><ssdm name="dactivations3_2_06"/></StgValue>
</bind>
</comp>

<comp id="2" class="1000" name="dactivations3_1_05">
<pin_list>
<pin id="3" dir="1" index="0" bw="1" slack="0"/>
</pin_list>
<bind>
<StgValue><ssdm name="dactivations3_1_05"/></StgValue>
</bind>
</comp>

<comp id="4" class="1000" name="dactivations3_0_04">
<pin_list>
<pin id="5" dir="1" index="0" bw="1" slack="0"/>
</pin_list>
<bind>
<StgValue><ssdm name="dactivations3_0_04"/></StgValue>
</bind>
</comp>

<comp id="6" class="1000" name="activations3_2_6_reload">
<pin_list>
<pin id="7" dir="1" index="0" bw="1" slack="0"/>
</pin_list>
<bind>
<StgValue><ssdm name="activations3_2_6_reload"/></StgValue>
</bind>
</comp>

<comp id="8" class="1000" name="activations3_1_6_reload">
<pin_list>
<pin id="9" dir="1" index="0" bw="1" slack="0"/>
</pin_list>
<bind>
<StgValue><ssdm name="activations3_1_6_reload"/></StgValue>
</bind>
</comp>

<comp id="10" class="1000" name="activations3_0_63_reload">
<pin_list>
<pin id="11" dir="1" index="0" bw="1" slack="0"/>
</pin_list>
<bind>
<StgValue><ssdm name="activations3_0_63_reload"/></StgValue>
</bind>
</comp>

<comp id="12" class="1000" name="dactivations3_2_1_out">
<pin_list>
<pin id="13" dir="1" index="0" bw="1" slack="0"/>
</pin_list>
<bind>
<StgValue><ssdm name="dactivations3_2_1_out"/></StgValue>
</bind>
</comp>

<comp id="14" class="1000" name="dactivations3_1_1_out">
<pin_list>
<pin id="15" dir="1" index="0" bw="1" slack="0"/>
</pin_list>
<bind>
<StgValue><ssdm name="dactivations3_1_1_out"/></StgValue>
</bind>
</comp>

<comp id="16" class="1000" name="dactivations3_0_1_out">
<pin_list>
<pin id="17" dir="1" index="0" bw="1" slack="0"/>
</pin_list>
<bind>
<StgValue><ssdm name="dactivations3_0_1_out"/></StgValue>
</bind>
</comp>

<comp id="18" class="1000" name="activations3_2_8_out">
<pin_list>
<pin id="19" dir="1" index="0" bw="1" slack="0"/>
</pin_list>
<bind>
<StgValue><ssdm name="activations3_2_8_out"/></StgValue>
</bind>
</comp>

<comp id="20" class="1000" name="activations3_1_8_out">
<pin_list>
<pin id="21" dir="1" index="0" bw="1" slack="0"/>
</pin_list>
<bind>
<StgValue><ssdm name="activations3_1_8_out"/></StgValue>
</bind>
</comp>

<comp id="22" class="1000" name="activations3_0_8_out">
<pin_list>
<pin id="23" dir="1" index="0" bw="1" slack="0"/>
</pin_list>
<bind>
<StgValue><ssdm name="activations3_0_8_out"/></StgValue>
</bind>
</comp>

<comp id="24" class="1001" name="const_24">
<pin_list>
<pin id="25" dir="1" index="0" bw="1" slack="0"/>
</pin_list>
<bind>
<StgValue><ssdm name=""/></StgValue>
</bind>
</comp>

<comp id="26" class="1001" name="const_26">
<pin_list>
<pin id="27" dir="1" index="0" bw="1" slack="0"/>
</pin_list>
<bind>
<StgValue><ssdm name="_ssdm_op_Read.ap_auto.double"/></StgValue>
</bind>
</comp>

<comp id="28" class="1001" name="const_28">
<pin_list>
<pin id="29" dir="1" index="0" bw="1" slack="0"/>
</pin_list>
<bind>
<StgValue><ssdm name=""/></StgValue>
</bind>
</comp>

<comp id="30" class="1001" name="const_30">
<pin_list>
<pin id="31" dir="1" index="0" bw="1" slack="2147483647"/>
</pin_list>
<bind>
<StgValue><ssdm name="_ssdm_op_SpecPipeline"/></StgValue>
</bind>
</comp>

<comp id="32" class="1001" name="const_32">
<pin_list>
<pin id="33" dir="1" index="0" bw="1" slack="2147483647"/>
</pin_list>
<bind>
<StgValue><ssdm name=""/></StgValue>
</bind>
</comp>

<comp id="34" class="1001" name="const_34">
<pin_list>
<pin id="35" dir="1" index="0" bw="1" slack="2147483647"/>
</pin_list>
<bind>
<StgValue><ssdm name=""/></StgValue>
</bind>
</comp>

<comp id="36" class="1001" name="const_36">
<pin_list>
<pin id="37" dir="1" index="0" bw="1" slack="2147483647"/>
</pin_list>
<bind>
<StgValue><ssdm name="p_str"/></StgValue>
</bind>
</comp>

<comp id="38" class="1001" name="const_38">
<pin_list>
<pin id="39" dir="1" index="0" bw="1" slack="0"/>
</pin_list>
<bind>
<StgValue><ssdm name=""/></StgValue>
</bind>
</comp>

<comp id="40" class="1001" name="const_40">
<pin_list>
<pin id="41" dir="1" index="0" bw="1" slack="2147483647"/>
</pin_list>
<bind>
<StgValue><ssdm name="_ssdm_op_SpecLoopTripCount"/></StgValue>
</bind>
</comp>

<comp id="42" class="1001" name="const_42">
<pin_list>
<pin id="43" dir="1" index="0" bw="1" slack="2147483647"/>
</pin_list>
<bind>
<StgValue><ssdm name=""/></StgValue>
</bind>
</comp>

<comp id="44" class="1001" name="const_44">
<pin_list>
<pin id="45" dir="1" index="0" bw="1" slack="0"/>
</pin_list>
<bind>
<StgValue><ssdm name=""/></StgValue>
</bind>
</comp>

<comp id="46" class="1001" name="const_46">
<pin_list>
<pin id="47" dir="1" index="0" bw="1" slack="0"/>
</pin_list>
<bind>
<StgValue><ssdm name="_ssdm_op_Mux.ap_auto.3double.i2"/></StgValue>
</bind>
</comp>

<comp id="48" class="1001" name="const_48">
<pin_list>
<pin id="49" dir="1" index="0" bw="1" slack="0"/>
</pin_list>
<bind>
<StgValue><ssdm name=""/></StgValue>
</bind>
</comp>

<comp id="50" class="1001" name="const_50">
<pin_list>
<pin id="51" dir="1" index="0" bw="1" slack="0"/>
</pin_list>
<bind>
<StgValue><ssdm name=""/></StgValue>
</bind>
</comp>

<comp id="52" class="1001" name="const_52">
<pin_list>
<pin id="53" dir="1" index="0" bw="1" slack="0"/>
</pin_list>
<bind>
<StgValue><ssdm name="llvm.exp.f64"/></StgValue>
</bind>
</comp>

<comp id="54" class="1001" name="const_54">
<pin_list>
<pin id="55" dir="1" index="0" bw="1" slack="2147483647"/>
</pin_list>
<bind>
<StgValue><ssdm name="_ssdm_op_SpecLoopName"/></StgValue>
</bind>
</comp>

<comp id="56" class="1001" name="const_56">
<pin_list>
<pin id="57" dir="1" index="0" bw="1" slack="2147483647"/>
</pin_list>
<bind>
<StgValue><ssdm name="empty"/></StgValue>
</bind>
</comp>

<comp id="58" class="1001" name="const_58">
<pin_list>
<pin id="59" dir="1" index="0" bw="1" slack="0"/>
</pin_list>
<bind>
<StgValue><ssdm name="_ssdm_op_Write.ap_auto.doubleP0A"/></StgValue>
</bind>
</comp>

<comp id="60" class="1004" name="i_fu_60">
<pin_list>
<pin id="61" dir="0" index="0" bw="1" slack="0"/>
<pin id="62" dir="1" index="1" bw="2" slack="0"/>
</pin_list>
<bind>
<opcode="alloca(26) " fcode="alloca"/>
<opset="i/1 "/>
</bind>
</comp>

<comp id="64" class="1004" name="activations3_1_fu_64">
<pin_list>
<pin id="65" dir="0" index="0" bw="1" slack="0"/>
<pin id="66" dir="1" index="1" bw="64" slack="0"/>
</pin_list>
<bind>
<opcode="alloca(26) " fcode="alloca"/>
<opset="activations3_1/1 "/>
</bind>
</comp>

<comp id="68" class="1004" name="activations3_1_8_fu_68">
<pin_list>
<pin id="69" dir="0" index="0" bw="1" slack="0"/>
<pin id="70" dir="1" index="1" bw="64" slack="0"/>
</pin_list>
<bind>
<opcode="alloca(26) " fcode="alloca"/>
<opset="activations3_1_8/1 "/>
</bind>
</comp>

<comp id="72" class="1004" name="activations3_1_9_fu_72">
<pin_list>
<pin id="73" dir="0" index="0" bw="1" slack="0"/>
<pin id="74" dir="1" index="1" bw="64" slack="0"/>
</pin_list>
<bind>
<opcode="alloca(26) " fcode="alloca"/>
<opset="activations3_1_9/1 "/>
</bind>
</comp>

<comp id="76" class="1004" name="dactivations3_1_fu_76">
<pin_list>
<pin id="77" dir="0" index="0" bw="1" slack="0"/>
<pin id="78" dir="1" index="1" bw="64" slack="0"/>
</pin_list>
<bind>
<opcode="alloca(26) " fcode="alloca"/>
<opset="dactivations3_1/1 "/>
</bind>
</comp>

<comp id="80" class="1004" name="dactivations3_1_1_fu_80">
<pin_list>
<pin id="81" dir="0" index="0" bw="1" slack="0"/>
<pin id="82" dir="1" index="1" bw="64" slack="0"/>
</pin_list>
<bind>
<opcode="alloca(26) " fcode="alloca"/>
<opset="dactivations3_1_1/1 "/>
</bind>
</comp>

<comp id="84" class="1004" name="dactivations3_1_2_fu_84">
<pin_list>
<pin id="85" dir="0" index="0" bw="1" slack="0"/>
<pin id="86" dir="1" index="1" bw="64" slack="0"/>
</pin_list>
<bind>
<opcode="alloca(26) " fcode="alloca"/>
<opset="dactivations3_1_2/1 "/>
</bind>
</comp>

<comp id="88" class="1004" name="activations3_0_63_reload_read_read_fu_88">
<pin_list>
<pin id="89" dir="0" index="0" bw="64" slack="0"/>
<pin id="90" dir="0" index="1" bw="64" slack="0"/>
<pin id="91" dir="1" index="2" bw="64" slack="0"/>
</pin_list>
<bind>
<opcode="read(1150) " fcode="read"/>
<opset="activations3_0_63_reload_read/1 "/>
</bind>
</comp>

<comp id="94" class="1004" name="activations3_1_6_reload_read_read_fu_94">
<pin_list>
<pin id="95" dir="0" index="0" bw="64" slack="0"/>
<pin id="96" dir="0" index="1" bw="64" slack="0"/>
<pin id="97" dir="1" index="2" bw="64" slack="0"/>
</pin_list>
<bind>
<opcode="read(1150) " fcode="read"/>
<opset="activations3_1_6_reload_read/1 "/>
</bind>
</comp>

<comp id="100" class="1004" name="activations3_2_6_reload_read_read_fu_100">
<pin_list>
<pin id="101" dir="0" index="0" bw="64" slack="0"/>
<pin id="102" dir="0" index="1" bw="64" slack="0"/>
<pin id="103" dir="1" index="2" bw="64" slack="0"/>
</pin_list>
<bind>
<opcode="read(1150) " fcode="read"/>
<opset="activations3_2_6_reload_read/1 "/>
</bind>
</comp>

<comp id="106" class="1004" name="dactivations3_0_04_read_read_fu_106">
<pin_list>
<pin id="107" dir="0" index="0" bw="64" slack="0"/>
<pin id="108" dir="0" index="1" bw="64" slack="0"/>
<pin id="109" dir="1" index="2" bw="64" slack="0"/>
</pin_list>
<bind>
<opcode="read(1150) " fcode="read"/>
<opset="dactivations3_0_04_read/1 "/>
</bind>
</comp>

<comp id="112" class="1004" name="dactivations3_1_05_read_read_fu_112">
<pin_list>
<pin id="113" dir="0" index="0" bw="64" slack="0"/>
<pin id="114" dir="0" index="1" bw="64" slack="0"/>
<pin id="115" dir="1" index="2" bw="64" slack="0"/>
</pin_list>
<bind>
<opcode="read(1150) " fcode="read"/>
<opset="dactivations3_1_05_read/1 "/>
</bind>
</comp>

<comp id="118" class="1004" name="dactivations3_2_06_read_read_fu_118">
<pin_list>
<pin id="119" dir="0" index="0" bw="64" slack="0"/>
<pin id="120" dir="0" index="1" bw="64" slack="0"/>
<pin id="121" dir="1" index="2" bw="64" slack="0"/>
</pin_list>
<bind>
<opcode="read(1150) " fcode="read"/>
<opset="dactivations3_2_06_read/1 "/>
</bind>
</comp>

<comp id="124" class="1004" name="write_ln0_write_fu_124">
<pin_list>
<pin id="125" dir="0" index="0" bw="0" slack="0"/>
<pin id="126" dir="0" index="1" bw="64" slack="0"/>
<pin id="127" dir="0" index="2" bw="64" slack="0"/>
<pin id="128" dir="1" index="3" bw="0" slack="2147483647"/>
</pin_list>
<bind>
<opcode="write(1151) " fcode="write"/>
<opset="write_ln0/2 "/>
</bind>
</comp>

<comp id="131" class="1004" name="write_ln0_write_fu_131">
<pin_list>
<pin id="132" dir="0" index="0" bw="0" slack="0"/>
<pin id="133" dir="0" index="1" bw="64" slack="0"/>
<pin id="134" dir="0" index="2" bw="64" slack="0"/>
<pin id="135" dir="1" index="3" bw="0" slack="2147483647"/>
</pin_list>
<bind>
<opcode="write(1151) " fcode="write"/>
<opset="write_ln0/2 "/>
</bind>
</comp>

<comp id="138" class="1004" name="write_ln0_write_fu_138">
<pin_list>
<pin id="139" dir="0" index="0" bw="0" slack="0"/>
<pin id="140" dir="0" index="1" bw="64" slack="0"/>
<pin id="141" dir="0" index="2" bw="64" slack="0"/>
<pin id="142" dir="1" index="3" bw="0" slack="2147483647"/>
</pin_list>
<bind>
<opcode="write(1151) " fcode="write"/>
<opset="write_ln0/2 "/>
</bind>
</comp>

<comp id="145" class="1004" name="write_ln0_write_fu_145">
<pin_list>
<pin id="146" dir="0" index="0" bw="0" slack="0"/>
<pin id="147" dir="0" index="1" bw="64" slack="0"/>
<pin id="148" dir="0" index="2" bw="64" slack="0"/>
<pin id="149" dir="1" index="3" bw="0" slack="2147483647"/>
</pin_list>
<bind>
<opcode="write(1151) " fcode="write"/>
<opset="write_ln0/2 "/>
</bind>
</comp>

<comp id="152" class="1004" name="write_ln0_write_fu_152">
<pin_list>
<pin id="153" dir="0" index="0" bw="0" slack="0"/>
<pin id="154" dir="0" index="1" bw="64" slack="0"/>
<pin id="155" dir="0" index="2" bw="64" slack="0"/>
<pin id="156" dir="1" index="3" bw="0" slack="2147483647"/>
</pin_list>
<bind>
<opcode="write(1151) " fcode="write"/>
<opset="write_ln0/2 "/>
</bind>
</comp>

<comp id="159" class="1004" name="write_ln0_write_fu_159">
<pin_list>
<pin id="160" dir="0" index="0" bw="0" slack="0"/>
<pin id="161" dir="0" index="1" bw="64" slack="0"/>
<pin id="162" dir="0" index="2" bw="64" slack="0"/>
<pin id="163" dir="1" index="3" bw="0" slack="2147483647"/>
</pin_list>
<bind>
<opcode="write(1151) " fcode="write"/>
<opset="write_ln0/2 "/>
</bind>
</comp>

<comp id="166" class="1004" name="grp_fu_166">
<pin_list>
<pin id="167" dir="0" index="0" bw="64" slack="0"/>
<pin id="168" dir="0" index="1" bw="64" slack="0"/>
<pin id="169" dir="1" index="2" bw="64" slack="1"/>
</pin_list>
<bind>
<opcode="dadd(508) dsub(509) " fcode="dadd"/>
<opset="sub_i2/2 add_i1/16 "/>
</bind>
</comp>

<comp id="172" class="1004" name="grp_fu_172">
<pin_list>
<pin id="173" dir="0" index="0" bw="64" slack="5"/>
<pin id="174" dir="0" index="1" bw="64" slack="1"/>
<pin id="175" dir="1" index="2" bw="64" slack="31"/>
</pin_list>
<bind>
<opcode="dmul(510) " fcode="dmul"/>
<opset="dactivations3_1_4/7 "/>
</bind>
</comp>

<comp id="176" class="1004" name="grp_fu_176">
<pin_list>
<pin id="177" dir="0" index="0" bw="64" slack="0"/>
<pin id="178" dir="0" index="1" bw="64" slack="1"/>
<pin id="179" dir="1" index="2" bw="64" slack="0"/>
</pin_list>
<bind>
<opcode="ddiv(511) " fcode="ddiv"/>
<opset="activations3_1_11/21 "/>
</bind>
</comp>

<comp id="181" class="1004" name="grp_fu_181">
<pin_list>
<pin id="182" dir="0" index="0" bw="64" slack="0"/>
<pin id="183" dir="0" index="1" bw="64" slack="0"/>
<pin id="184" dir="1" index="2" bw="64" slack="1"/>
</pin_list>
<bind>
<opcode="dexp(522) " fcode="dexp"/>
<opset="tmp_2/3 "/>
</bind>
</comp>

<comp id="186" class="1005" name="reg_186">
<pin_list>
<pin id="187" dir="0" index="0" bw="64" slack="1"/>
<pin id="188" dir="1" index="1" bw="64" slack="1"/>
</pin_list>
<bind>
<opset="sub_i2 add_i1 "/>
</bind>
</comp>

<comp id="192" class="1004" name="store_ln0_store_fu_192">
<pin_list>
<pin id="193" dir="0" index="0" bw="64" slack="0"/>
<pin id="194" dir="0" index="1" bw="64" slack="0"/>
<pin id="195" dir="1" index="2" bw="0" slack="2147483647"/>
</pin_list>
<bind>
<opcode="store(28) " fcode="store"/>
<opset="store_ln0/1 "/>
</bind>
</comp>

<comp id="197" class="1004" name="store_ln0_store_fu_197">
<pin_list>
<pin id="198" dir="0" index="0" bw="64" slack="0"/>
<pin id="199" dir="0" index="1" bw="64" slack="0"/>
<pin id="200" dir="1" index="2" bw="0" slack="2147483647"/>
</pin_list>
<bind>
<opcode="store(28) " fcode="store"/>
<opset="store_ln0/1 "/>
</bind>
</comp>

<comp id="202" class="1004" name="store_ln0_store_fu_202">
<pin_list>
<pin id="203" dir="0" index="0" bw="64" slack="0"/>
<pin id="204" dir="0" index="1" bw="64" slack="0"/>
<pin id="205" dir="1" index="2" bw="0" slack="2147483647"/>
</pin_list>
<bind>
<opcode="store(28) " fcode="store"/>
<opset="store_ln0/1 "/>
</bind>
</comp>

<comp id="207" class="1004" name="store_ln0_store_fu_207">
<pin_list>
<pin id="208" dir="0" index="0" bw="64" slack="0"/>
<pin id="209" dir="0" index="1" bw="64" slack="0"/>
<pin id="210" dir="1" index="2" bw="0" slack="2147483647"/>
</pin_list>
<bind>
<opcode="store(28) " fcode="store"/>
<opset="store_ln0/1 "/>
</bind>
</comp>

<comp id="212" class="1004" name="store_ln0_store_fu_212">
<pin_list>
<pin id="213" dir="0" index="0" bw="64" slack="0"/>
<pin id="214" dir="0" index="1" bw="64" slack="0"/>
<pin id="215" dir="1" index="2" bw="0" slack="2147483647"/>
</pin_list>
<bind>
<opcode="store(28) " fcode="store"/>
<opset="store_ln0/1 "/>
</bind>
</comp>

<comp id="217" class="1004" name="store_ln0_store_fu_217">
<pin_list>
<pin id="218" dir="0" index="0" bw="64" slack="0"/>
<pin id="219" dir="0" index="1" bw="64" slack="0"/>
<pin id="220" dir="1" index="2" bw="0" slack="2147483647"/>
</pin_list>
<bind>
<opcode="store(28) " fcode="store"/>
<opset="store_ln0/1 "/>
</bind>
</comp>

<comp id="222" class="1004" name="store_ln0_store_fu_222">
<pin_list>
<pin id="223" dir="0" index="0" bw="1" slack="0"/>
<pin id="224" dir="0" index="1" bw="2" slack="0"/>
<pin id="225" dir="1" index="2" bw="0" slack="2147483647"/>
</pin_list>
<bind>
<opcode="store(28) " fcode="store"/>
<opset="store_ln0/1 "/>
</bind>
</comp>

<comp id="227" class="1004" name="i_13_load_fu_227">
<pin_list>
<pin id="228" dir="0" index="0" bw="2" slack="1"/>
<pin id="229" dir="1" index="1" bw="2" slack="0"/>
</pin_list>
<bind>
<opcode="load(27) " fcode="load"/>
<opset="i_13/2 "/>
</bind>
</comp>

<comp id="230" class="1004" name="icmp_ln18_fu_230">
<pin_list>
<pin id="231" dir="0" index="0" bw="2" slack="0"/>
<pin id="232" dir="0" index="1" bw="2" slack="0"/>
<pin id="233" dir="1" index="2" bw="1" slack="2147483647"/>
</pin_list>
<bind>
<opcode="icmp(45) " fcode="icmp"/>
<opset="icmp_ln18/2 "/>
</bind>
</comp>

<comp id="236" class="1004" name="add_ln18_fu_236">
<pin_list>
<pin id="237" dir="0" index="0" bw="2" slack="0"/>
<pin id="238" dir="0" index="1" bw="1" slack="0"/>
<pin id="239" dir="1" index="2" bw="2" slack="40"/>
</pin_list>
<bind>
<opcode="add(8) " fcode="add"/>
<opset="add_ln18/2 "/>
</bind>
</comp>

<comp id="242" class="1004" name="activations3_1_load_2_load_fu_242">
<pin_list>
<pin id="243" dir="0" index="0" bw="64" slack="1"/>
<pin id="244" dir="1" index="1" bw="64" slack="0"/>
</pin_list>
<bind>
<opcode="load(27) " fcode="load"/>
<opset="activations3_1_load_2/2 "/>
</bind>
</comp>

<comp id="245" class="1004" name="activations3_1_8_load_1_load_fu_245">
<pin_list>
<pin id="246" dir="0" index="0" bw="64" slack="1"/>
<pin id="247" dir="1" index="1" bw="64" slack="0"/>
</pin_list>
<bind>
<opcode="load(27) " fcode="load"/>
<opset="activations3_1_8_load_1/2 "/>
</bind>
</comp>

<comp id="248" class="1004" name="activations3_1_9_load_1_load_fu_248">
<pin_list>
<pin id="249" dir="0" index="0" bw="64" slack="1"/>
<pin id="250" dir="1" index="1" bw="64" slack="0"/>
</pin_list>
<bind>
<opcode="load(27) " fcode="load"/>
<opset="activations3_1_9_load_1/2 "/>
</bind>
</comp>

<comp id="251" class="1004" name="tmp_6_fu_251">
<pin_list>
<pin id="252" dir="0" index="0" bw="64" slack="0"/>
<pin id="253" dir="0" index="1" bw="64" slack="0"/>
<pin id="254" dir="0" index="2" bw="64" slack="0"/>
<pin id="255" dir="0" index="3" bw="64" slack="0"/>
<pin id="256" dir="0" index="4" bw="2" slack="0"/>
<pin id="257" dir="1" index="5" bw="64" slack="0"/>
</pin_list>
<bind>
<opcode="mux(1196) " fcode="mux"/>
<opset="tmp_6/2 "/>
</bind>
</comp>

<comp id="264" class="1004" name="bitcast_ln20_fu_264">
<pin_list>
<pin id="265" dir="0" index="0" bw="64" slack="0"/>
<pin id="266" dir="1" index="1" bw="64" slack="0"/>
</pin_list>
<bind>
<opcode="bitcast(44) " fcode="bitcast"/>
<opset="bitcast_ln20/2 "/>
</bind>
</comp>

<comp id="268" class="1004" name="xor_ln20_fu_268">
<pin_list>
<pin id="269" dir="0" index="0" bw="64" slack="0"/>
<pin id="270" dir="0" index="1" bw="64" slack="0"/>
<pin id="271" dir="1" index="2" bw="64" slack="1"/>
</pin_list>
<bind>
<opcode="xor(25) " fcode="xor"/>
<opset="xor_ln20/2 "/>
</bind>
</comp>

<comp id="274" class="1004" name="bitcast_ln20_1_fu_274">
<pin_list>
<pin id="275" dir="0" index="0" bw="64" slack="1"/>
<pin id="276" dir="1" index="1" bw="64" slack="0"/>
</pin_list>
<bind>
<opcode="bitcast(44) " fcode="bitcast"/>
<opset="bitcast_ln20_1/3 "/>
</bind>
</comp>

<comp id="278" class="1004" name="store_ln19_store_fu_278">
<pin_list>
<pin id="279" dir="0" index="0" bw="64" slack="31"/>
<pin id="280" dir="0" index="1" bw="64" slack="41"/>
<pin id="281" dir="1" index="2" bw="0" slack="2147483647"/>
</pin_list>
<bind>
<opcode="store(28) " fcode="store"/>
<opset="store_ln19/42 "/>
</bind>
</comp>

<comp id="282" class="1004" name="store_ln19_store_fu_282">
<pin_list>
<pin id="283" dir="0" index="0" bw="64" slack="0"/>
<pin id="284" dir="0" index="1" bw="64" slack="41"/>
<pin id="285" dir="1" index="2" bw="0" slack="2147483647"/>
</pin_list>
<bind>
<opcode="store(28) " fcode="store"/>
<opset="store_ln19/42 "/>
</bind>
</comp>

<comp id="287" class="1004" name="store_ln19_store_fu_287">
<pin_list>
<pin id="288" dir="0" index="0" bw="64" slack="31"/>
<pin id="289" dir="0" index="1" bw="64" slack="41"/>
<pin id="290" dir="1" index="2" bw="0" slack="2147483647"/>
</pin_list>
<bind>
<opcode="store(28) " fcode="store"/>
<opset="store_ln19/42 "/>
</bind>
</comp>

<comp id="291" class="1004" name="store_ln19_store_fu_291">
<pin_list>
<pin id="292" dir="0" index="0" bw="64" slack="0"/>
<pin id="293" dir="0" index="1" bw="64" slack="41"/>
<pin id="294" dir="1" index="2" bw="0" slack="2147483647"/>
</pin_list>
<bind>
<opcode="store(28) " fcode="store"/>
<opset="store_ln19/42 "/>
</bind>
</comp>

<comp id="296" class="1004" name="store_ln19_store_fu_296">
<pin_list>
<pin id="297" dir="0" index="0" bw="64" slack="31"/>
<pin id="298" dir="0" index="1" bw="64" slack="41"/>
<pin id="299" dir="1" index="2" bw="0" slack="2147483647"/>
</pin_list>
<bind>
<opcode="store(28) " fcode="store"/>
<opset="store_ln19/42 "/>
</bind>
</comp>

<comp id="300" class="1004" name="store_ln20_store_fu_300">
<pin_list>
<pin id="301" dir="0" index="0" bw="64" slack="0"/>
<pin id="302" dir="0" index="1" bw="64" slack="41"/>
<pin id="303" dir="1" index="2" bw="0" slack="2147483647"/>
</pin_list>
<bind>
<opcode="store(28) " fcode="store"/>
<opset="store_ln20/42 "/>
</bind>
</comp>

<comp id="305" class="1004" name="store_ln18_store_fu_305">
<pin_list>
<pin id="306" dir="0" index="0" bw="2" slack="40"/>
<pin id="307" dir="0" index="1" bw="2" slack="41"/>
<pin id="308" dir="1" index="2" bw="0" slack="2147483647"/>
</pin_list>
<bind>
<opcode="store(28) " fcode="store"/>
<opset="store_ln18/42 "/>
</bind>
</comp>

<comp id="309" class="1004" name="activations3_1_load_load_fu_309">
<pin_list>
<pin id="310" dir="0" index="0" bw="64" slack="1"/>
<pin id="311" dir="1" index="1" bw="64" slack="0"/>
</pin_list>
<bind>
<opcode="load(27) " fcode="load"/>
<opset="activations3_1_load/2 "/>
</bind>
</comp>

<comp id="313" class="1004" name="activations3_1_8_load_load_fu_313">
<pin_list>
<pin id="314" dir="0" index="0" bw="64" slack="1"/>
<pin id="315" dir="1" index="1" bw="64" slack="0"/>
</pin_list>
<bind>
<opcode="load(27) " fcode="load"/>
<opset="activations3_1_8_load/2 "/>
</bind>
</comp>

<comp id="317" class="1004" name="activations3_1_9_load_load_fu_317">
<pin_list>
<pin id="318" dir="0" index="0" bw="64" slack="1"/>
<pin id="319" dir="1" index="1" bw="64" slack="0"/>
</pin_list>
<bind>
<opcode="load(27) " fcode="load"/>
<opset="activations3_1_9_load/2 "/>
</bind>
</comp>

<comp id="321" class="1004" name="dactivations3_1_load_load_fu_321">
<pin_list>
<pin id="322" dir="0" index="0" bw="64" slack="1"/>
<pin id="323" dir="1" index="1" bw="64" slack="0"/>
</pin_list>
<bind>
<opcode="load(27) " fcode="load"/>
<opset="dactivations3_1_load/2 "/>
</bind>
</comp>

<comp id="325" class="1004" name="dactivations3_1_1_load_load_fu_325">
<pin_list>
<pin id="326" dir="0" index="0" bw="64" slack="1"/>
<pin id="327" dir="1" index="1" bw="64" slack="0"/>
</pin_list>
<bind>
<opcode="load(27) " fcode="load"/>
<opset="dactivations3_1_1_load/2 "/>
</bind>
</comp>

<comp id="329" class="1004" name="dactivations3_1_2_load_load_fu_329">
<pin_list>
<pin id="330" dir="0" index="0" bw="64" slack="1"/>
<pin id="331" dir="1" index="1" bw="64" slack="0"/>
</pin_list>
<bind>
<opcode="load(27) " fcode="load"/>
<opset="dactivations3_1_2_load/2 "/>
</bind>
</comp>

<comp id="333" class="1005" name="i_reg_333">
<pin_list>
<pin id="334" dir="0" index="0" bw="2" slack="0"/>
<pin id="335" dir="1" index="1" bw="2" slack="0"/>
</pin_list>
<bind>
<opset="i "/>
</bind>
</comp>

<comp id="340" class="1005" name="activations3_1_reg_340">
<pin_list>
<pin id="341" dir="0" index="0" bw="64" slack="0"/>
<pin id="342" dir="1" index="1" bw="64" slack="0"/>
</pin_list>
<bind>
<opset="activations3_1 "/>
</bind>
</comp>

<comp id="348" class="1005" name="activations3_1_8_reg_348">
<pin_list>
<pin id="349" dir="0" index="0" bw="64" slack="0"/>
<pin id="350" dir="1" index="1" bw="64" slack="0"/>
</pin_list>
<bind>
<opset="activations3_1_8 "/>
</bind>
</comp>

<comp id="356" class="1005" name="activations3_1_9_reg_356">
<pin_list>
<pin id="357" dir="0" index="0" bw="64" slack="0"/>
<pin id="358" dir="1" index="1" bw="64" slack="0"/>
</pin_list>
<bind>
<opset="activations3_1_9 "/>
</bind>
</comp>

<comp id="364" class="1005" name="dactivations3_1_reg_364">
<pin_list>
<pin id="365" dir="0" index="0" bw="64" slack="0"/>
<pin id="366" dir="1" index="1" bw="64" slack="0"/>
</pin_list>
<bind>
<opset="dactivations3_1 "/>
</bind>
</comp>

<comp id="371" class="1005" name="dactivations3_1_1_reg_371">
<pin_list>
<pin id="372" dir="0" index="0" bw="64" slack="0"/>
<pin id="373" dir="1" index="1" bw="64" slack="0"/>
</pin_list>
<bind>
<opset="dactivations3_1_1 "/>
</bind>
</comp>

<comp id="378" class="1005" name="dactivations3_1_2_reg_378">
<pin_list>
<pin id="379" dir="0" index="0" bw="64" slack="0"/>
<pin id="380" dir="1" index="1" bw="64" slack="0"/>
</pin_list>
<bind>
<opset="dactivations3_1_2 "/>
</bind>
</comp>

<comp id="385" class="1005" name="i_13_reg_385">
<pin_list>
<pin id="386" dir="0" index="0" bw="2" slack="40"/>
<pin id="387" dir="1" index="1" bw="2" slack="2147483647"/>
</pin_list>
<bind>
<opset="i_13 "/>
</bind>
</comp>

<comp id="392" class="1005" name="add_ln18_reg_392">
<pin_list>
<pin id="393" dir="0" index="0" bw="2" slack="40"/>
<pin id="394" dir="1" index="1" bw="2" slack="40"/>
</pin_list>
<bind>
<opset="add_ln18 "/>
</bind>
</comp>

<comp id="397" class="1005" name="tmp_6_reg_397">
<pin_list>
<pin id="398" dir="0" index="0" bw="64" slack="1"/>
<pin id="399" dir="1" index="1" bw="64" slack="1"/>
</pin_list>
<bind>
<opset="tmp_6 "/>
</bind>
</comp>

<comp id="403" class="1005" name="xor_ln20_reg_403">
<pin_list>
<pin id="404" dir="0" index="0" bw="64" slack="1"/>
<pin id="405" dir="1" index="1" bw="64" slack="1"/>
</pin_list>
<bind>
<opset="xor_ln20 "/>
</bind>
</comp>

<comp id="408" class="1005" name="bitcast_ln20_1_reg_408">
<pin_list>
<pin id="409" dir="0" index="0" bw="64" slack="1"/>
<pin id="410" dir="1" index="1" bw="64" slack="1"/>
</pin_list>
<bind>
<opset="bitcast_ln20_1 "/>
</bind>
</comp>

<comp id="413" class="1005" name="dactivations3_1_4_reg_413">
<pin_list>
<pin id="414" dir="0" index="0" bw="64" slack="31"/>
<pin id="415" dir="1" index="1" bw="64" slack="31"/>
</pin_list>
<bind>
<opset="dactivations3_1_4 "/>
</bind>
</comp>

<comp id="420" class="1005" name="tmp_2_reg_420">
<pin_list>
<pin id="421" dir="0" index="0" bw="64" slack="1"/>
<pin id="422" dir="1" index="1" bw="64" slack="1"/>
</pin_list>
<bind>
<opset="tmp_2 "/>
</bind>
</comp>

</comp_list>

<net_list>
<net id="63"><net_src comp="24" pin="0"/><net_sink comp="60" pin=0"/></net>

<net id="67"><net_src comp="24" pin="0"/><net_sink comp="64" pin=0"/></net>

<net id="71"><net_src comp="24" pin="0"/><net_sink comp="68" pin=0"/></net>

<net id="75"><net_src comp="24" pin="0"/><net_sink comp="72" pin=0"/></net>

<net id="79"><net_src comp="24" pin="0"/><net_sink comp="76" pin=0"/></net>

<net id="83"><net_src comp="24" pin="0"/><net_sink comp="80" pin=0"/></net>

<net id="87"><net_src comp="24" pin="0"/><net_sink comp="84" pin=0"/></net>

<net id="92"><net_src comp="26" pin="0"/><net_sink comp="88" pin=0"/></net>

<net id="93"><net_src comp="10" pin="0"/><net_sink comp="88" pin=1"/></net>

<net id="98"><net_src comp="26" pin="0"/><net_sink comp="94" pin=0"/></net>

<net id="99"><net_src comp="8" pin="0"/><net_sink comp="94" pin=1"/></net>

<net id="104"><net_src comp="26" pin="0"/><net_sink comp="100" pin=0"/></net>

<net id="105"><net_src comp="6" pin="0"/><net_sink comp="100" pin=1"/></net>

<net id="110"><net_src comp="26" pin="0"/><net_sink comp="106" pin=0"/></net>

<net id="111"><net_src comp="4" pin="0"/><net_sink comp="106" pin=1"/></net>

<net id="116"><net_src comp="26" pin="0"/><net_sink comp="112" pin=0"/></net>

<net id="117"><net_src comp="2" pin="0"/><net_sink comp="112" pin=1"/></net>

<net id="122"><net_src comp="26" pin="0"/><net_sink comp="118" pin=0"/></net>

<net id="123"><net_src comp="0" pin="0"/><net_sink comp="118" pin=1"/></net>

<net id="129"><net_src comp="58" pin="0"/><net_sink comp="124" pin=0"/></net>

<net id="130"><net_src comp="12" pin="0"/><net_sink comp="124" pin=1"/></net>

<net id="136"><net_src comp="58" pin="0"/><net_sink comp="131" pin=0"/></net>

<net id="137"><net_src comp="14" pin="0"/><net_sink comp="131" pin=1"/></net>

<net id="143"><net_src comp="58" pin="0"/><net_sink comp="138" pin=0"/></net>

<net id="144"><net_src comp="16" pin="0"/><net_sink comp="138" pin=1"/></net>

<net id="150"><net_src comp="58" pin="0"/><net_sink comp="145" pin=0"/></net>

<net id="151"><net_src comp="18" pin="0"/><net_sink comp="145" pin=1"/></net>

<net id="157"><net_src comp="58" pin="0"/><net_sink comp="152" pin=0"/></net>

<net id="158"><net_src comp="20" pin="0"/><net_sink comp="152" pin=1"/></net>

<net id="164"><net_src comp="58" pin="0"/><net_sink comp="159" pin=0"/></net>

<net id="165"><net_src comp="22" pin="0"/><net_sink comp="159" pin=1"/></net>

<net id="170"><net_src comp="48" pin="0"/><net_sink comp="166" pin=0"/></net>

<net id="171"><net_src comp="48" pin="0"/><net_sink comp="166" pin=1"/></net>

<net id="180"><net_src comp="48" pin="0"/><net_sink comp="176" pin=0"/></net>

<net id="185"><net_src comp="52" pin="0"/><net_sink comp="181" pin=0"/></net>

<net id="189"><net_src comp="166" pin="2"/><net_sink comp="186" pin=0"/></net>

<net id="190"><net_src comp="186" pin="1"/><net_sink comp="172" pin=1"/></net>

<net id="191"><net_src comp="186" pin="1"/><net_sink comp="176" pin=1"/></net>

<net id="196"><net_src comp="118" pin="2"/><net_sink comp="192" pin=0"/></net>

<net id="201"><net_src comp="112" pin="2"/><net_sink comp="197" pin=0"/></net>

<net id="206"><net_src comp="106" pin="2"/><net_sink comp="202" pin=0"/></net>

<net id="211"><net_src comp="100" pin="2"/><net_sink comp="207" pin=0"/></net>

<net id="216"><net_src comp="94" pin="2"/><net_sink comp="212" pin=0"/></net>

<net id="221"><net_src comp="88" pin="2"/><net_sink comp="217" pin=0"/></net>

<net id="226"><net_src comp="28" pin="0"/><net_sink comp="222" pin=0"/></net>

<net id="234"><net_src comp="227" pin="1"/><net_sink comp="230" pin=0"/></net>

<net id="235"><net_src comp="38" pin="0"/><net_sink comp="230" pin=1"/></net>

<net id="240"><net_src comp="227" pin="1"/><net_sink comp="236" pin=0"/></net>

<net id="241"><net_src comp="44" pin="0"/><net_sink comp="236" pin=1"/></net>

<net id="258"><net_src comp="46" pin="0"/><net_sink comp="251" pin=0"/></net>

<net id="259"><net_src comp="242" pin="1"/><net_sink comp="251" pin=1"/></net>

<net id="260"><net_src comp="245" pin="1"/><net_sink comp="251" pin=2"/></net>

<net id="261"><net_src comp="248" pin="1"/><net_sink comp="251" pin=3"/></net>

<net id="262"><net_src comp="227" pin="1"/><net_sink comp="251" pin=4"/></net>

<net id="263"><net_src comp="251" pin="5"/><net_sink comp="166" pin=1"/></net>

<net id="267"><net_src comp="251" pin="5"/><net_sink comp="264" pin=0"/></net>

<net id="272"><net_src comp="264" pin="1"/><net_sink comp="268" pin=0"/></net>

<net id="273"><net_src comp="50" pin="0"/><net_sink comp="268" pin=1"/></net>

<net id="277"><net_src comp="274" pin="1"/><net_sink comp="181" pin=1"/></net>

<net id="286"><net_src comp="176" pin="2"/><net_sink comp="282" pin=0"/></net>

<net id="295"><net_src comp="176" pin="2"/><net_sink comp="291" pin=0"/></net>

<net id="304"><net_src comp="176" pin="2"/><net_sink comp="300" pin=0"/></net>

<net id="312"><net_src comp="309" pin="1"/><net_sink comp="159" pin=2"/></net>

<net id="316"><net_src comp="313" pin="1"/><net_sink comp="152" pin=2"/></net>

<net id="320"><net_src comp="317" pin="1"/><net_sink comp="145" pin=2"/></net>

<net id="324"><net_src comp="321" pin="1"/><net_sink comp="138" pin=2"/></net>

<net id="328"><net_src comp="325" pin="1"/><net_sink comp="131" pin=2"/></net>

<net id="332"><net_src comp="329" pin="1"/><net_sink comp="124" pin=2"/></net>

<net id="336"><net_src comp="60" pin="1"/><net_sink comp="333" pin=0"/></net>

<net id="337"><net_src comp="333" pin="1"/><net_sink comp="222" pin=1"/></net>

<net id="338"><net_src comp="333" pin="1"/><net_sink comp="227" pin=0"/></net>

<net id="339"><net_src comp="333" pin="1"/><net_sink comp="305" pin=1"/></net>

<net id="343"><net_src comp="64" pin="1"/><net_sink comp="340" pin=0"/></net>

<net id="344"><net_src comp="340" pin="1"/><net_sink comp="217" pin=1"/></net>

<net id="345"><net_src comp="340" pin="1"/><net_sink comp="242" pin=0"/></net>

<net id="346"><net_src comp="340" pin="1"/><net_sink comp="291" pin=1"/></net>

<net id="347"><net_src comp="340" pin="1"/><net_sink comp="309" pin=0"/></net>

<net id="351"><net_src comp="68" pin="1"/><net_sink comp="348" pin=0"/></net>

<net id="352"><net_src comp="348" pin="1"/><net_sink comp="212" pin=1"/></net>

<net id="353"><net_src comp="348" pin="1"/><net_sink comp="245" pin=0"/></net>

<net id="354"><net_src comp="348" pin="1"/><net_sink comp="282" pin=1"/></net>

<net id="355"><net_src comp="348" pin="1"/><net_sink comp="313" pin=0"/></net>

<net id="359"><net_src comp="72" pin="1"/><net_sink comp="356" pin=0"/></net>

<net id="360"><net_src comp="356" pin="1"/><net_sink comp="207" pin=1"/></net>

<net id="361"><net_src comp="356" pin="1"/><net_sink comp="248" pin=0"/></net>

<net id="362"><net_src comp="356" pin="1"/><net_sink comp="300" pin=1"/></net>

<net id="363"><net_src comp="356" pin="1"/><net_sink comp="317" pin=0"/></net>

<net id="367"><net_src comp="76" pin="1"/><net_sink comp="364" pin=0"/></net>

<net id="368"><net_src comp="364" pin="1"/><net_sink comp="202" pin=1"/></net>

<net id="369"><net_src comp="364" pin="1"/><net_sink comp="287" pin=1"/></net>

<net id="370"><net_src comp="364" pin="1"/><net_sink comp="321" pin=0"/></net>

<net id="374"><net_src comp="80" pin="1"/><net_sink comp="371" pin=0"/></net>

<net id="375"><net_src comp="371" pin="1"/><net_sink comp="197" pin=1"/></net>

<net id="376"><net_src comp="371" pin="1"/><net_sink comp="278" pin=1"/></net>

<net id="377"><net_src comp="371" pin="1"/><net_sink comp="325" pin=0"/></net>

<net id="381"><net_src comp="84" pin="1"/><net_sink comp="378" pin=0"/></net>

<net id="382"><net_src comp="378" pin="1"/><net_sink comp="192" pin=1"/></net>

<net id="383"><net_src comp="378" pin="1"/><net_sink comp="296" pin=1"/></net>

<net id="384"><net_src comp="378" pin="1"/><net_sink comp="329" pin=0"/></net>

<net id="388"><net_src comp="227" pin="1"/><net_sink comp="385" pin=0"/></net>

<net id="395"><net_src comp="236" pin="2"/><net_sink comp="392" pin=0"/></net>

<net id="396"><net_src comp="392" pin="1"/><net_sink comp="305" pin=0"/></net>

<net id="400"><net_src comp="251" pin="5"/><net_sink comp="397" pin=0"/></net>

<net id="401"><net_src comp="397" pin="1"/><net_sink comp="166" pin=1"/></net>

<net id="402"><net_src comp="397" pin="1"/><net_sink comp="172" pin=0"/></net>

<net id="406"><net_src comp="268" pin="2"/><net_sink comp="403" pin=0"/></net>

<net id="407"><net_src comp="403" pin="1"/><net_sink comp="274" pin=0"/></net>

<net id="411"><net_src comp="274" pin="1"/><net_sink comp="408" pin=0"/></net>

<net id="412"><net_src comp="408" pin="1"/><net_sink comp="181" pin=1"/></net>

<net id="416"><net_src comp="172" pin="2"/><net_sink comp="413" pin=0"/></net>

<net id="417"><net_src comp="413" pin="1"/><net_sink comp="278" pin=0"/></net>

<net id="418"><net_src comp="413" pin="1"/><net_sink comp="287" pin=0"/></net>

<net id="419"><net_src comp="413" pin="1"/><net_sink comp="296" pin=0"/></net>

<net id="423"><net_src comp="181" pin="2"/><net_sink comp="420" pin=0"/></net>

<net id="424"><net_src comp="420" pin="1"/><net_sink comp="166" pin=0"/></net>

</net_list>

</model> 
---------------- Datapath Model END ------------------

* FSMD analyzer results:
  - Output states:
	Port: dactivations3_2_1_out | {2 }
	Port: dactivations3_1_1_out | {2 }
	Port: dactivations3_0_1_out | {2 }
	Port: activations3_2_8_out | {2 }
	Port: activations3_1_8_out | {2 }
	Port: activations3_0_8_out | {2 }
 - Input state : 
	Port: backprop_Pipeline_VITIS_LOOP_18_14 : dactivations3_2_06 | {1 }
	Port: backprop_Pipeline_VITIS_LOOP_18_14 : dactivations3_1_05 | {1 }
	Port: backprop_Pipeline_VITIS_LOOP_18_14 : dactivations3_0_04 | {1 }
	Port: backprop_Pipeline_VITIS_LOOP_18_14 : activations3_2_6_reload | {1 }
	Port: backprop_Pipeline_VITIS_LOOP_18_14 : activations3_1_6_reload | {1 }
	Port: backprop_Pipeline_VITIS_LOOP_18_14 : activations3_0_63_reload | {1 }
  - Chain level:
	State 1
		store_ln0 : 1
	State 2
		icmp_ln18 : 1
		add_ln18 : 1
		br_ln18 : 2
		tmp_6 : 1
		sub_i2 : 2
		bitcast_ln20 : 2
		xor_ln20 : 3
		write_ln0 : 1
		write_ln0 : 1
		write_ln0 : 1
		write_ln0 : 1
		write_ln0 : 1
		write_ln0 : 1
	State 3
		tmp_2 : 1
	State 4
	State 5
	State 6
	State 7
	State 8
	State 9
	State 10
	State 11
	State 12
	State 13
	State 14
	State 15
	State 16
	State 17
	State 18
	State 19
	State 20
	State 21
	State 22
	State 23
	State 24
	State 25
	State 26
	State 27
	State 28
	State 29
	State 30
	State 31
	State 32
	State 33
	State 34
	State 35
	State 36
	State 37
	State 38
	State 39
	State 40
	State 41
	State 42
		store_ln19 : 1
		store_ln19 : 1
		store_ln20 : 1


============================================================
+ Verbose Summary: Datapath Resource usage 
============================================================

* Functional unit list:
|----------|------------------------------------------|---------|---------|---------|
| Operation|              Functional Unit             |   DSP   |    FF   |   LUT   |
|----------|------------------------------------------|---------|---------|---------|
|   dexp   |                grp_fu_181                |    26   |   1122  |   2668  |
|----------|------------------------------------------|---------|---------|---------|
|   dadd   |                grp_fu_166                |    3    |   445   |   782   |
|----------|------------------------------------------|---------|---------|---------|
|   dmul   |                grp_fu_172                |    11   |   299   |   203   |
|----------|------------------------------------------|---------|---------|---------|
|    xor   |              xor_ln20_fu_268             |    0    |    0    |    64   |
|----------|------------------------------------------|---------|---------|---------|
|    mux   |               tmp_6_fu_251               |    0    |    0    |    13   |
|----------|------------------------------------------|---------|---------|---------|
|    add   |              add_ln18_fu_236             |    0    |    0    |    10   |
|----------|------------------------------------------|---------|---------|---------|
|   icmp   |             icmp_ln18_fu_230             |    0    |    0    |    8    |
|----------|------------------------------------------|---------|---------|---------|
|          | activations3_0_63_reload_read_read_fu_88 |    0    |    0    |    0    |
|          |  activations3_1_6_reload_read_read_fu_94 |    0    |    0    |    0    |
|   read   | activations3_2_6_reload_read_read_fu_100 |    0    |    0    |    0    |
|          |    dactivations3_0_04_read_read_fu_106   |    0    |    0    |    0    |
|          |    dactivations3_1_05_read_read_fu_112   |    0    |    0    |    0    |
|          |    dactivations3_2_06_read_read_fu_118   |    0    |    0    |    0    |
|----------|------------------------------------------|---------|---------|---------|
|          |          write_ln0_write_fu_124          |    0    |    0    |    0    |
|          |          write_ln0_write_fu_131          |    0    |    0    |    0    |
|   write  |          write_ln0_write_fu_138          |    0    |    0    |    0    |
|          |          write_ln0_write_fu_145          |    0    |    0    |    0    |
|          |          write_ln0_write_fu_152          |    0    |    0    |    0    |
|          |          write_ln0_write_fu_159          |    0    |    0    |    0    |
|----------|------------------------------------------|---------|---------|---------|
|   ddiv   |                grp_fu_176                |    0    |    0    |    0    |
|----------|------------------------------------------|---------|---------|---------|
|   Total  |                                          |    40   |   1866  |   3748  |
|----------|------------------------------------------|---------|---------|---------|

Memories:
N/A

* Register list:
+-------------------------+--------+
|                         |   FF   |
+-------------------------+--------+
| activations3_1_8_reg_348|   64   |
| activations3_1_9_reg_356|   64   |
|  activations3_1_reg_340 |   64   |
|     add_ln18_reg_392    |    2   |
|  bitcast_ln20_1_reg_408 |   64   |
|dactivations3_1_1_reg_371|   64   |
|dactivations3_1_2_reg_378|   64   |
|dactivations3_1_4_reg_413|   64   |
| dactivations3_1_reg_364 |   64   |
|       i_13_reg_385      |    2   |
|        i_reg_333        |    2   |
|         reg_186         |   64   |
|      tmp_2_reg_420      |   64   |
|      tmp_6_reg_397      |   64   |
|     xor_ln20_reg_403    |   64   |
+-------------------------+--------+
|          Total          |   774  |
+-------------------------+--------+

* Multiplexer (MUX) list: 
|------------|------|------|------|--------||---------||---------|
|    Comp    |  Pin | Size |  BW  | S x BW ||  Delay  ||   LUT   |
|------------|------|------|------|--------||---------||---------|
| grp_fu_166 |  p0  |   2  |  64  |   128  ||    9    |
| grp_fu_166 |  p1  |   3  |  64  |   192  ||    13   |
| grp_fu_181 |  p1  |   2  |  64  |   128  ||    9    |
|------------|------|------|------|--------||---------||---------|
|    Total   |      |      |      |   448  || 2.54614 ||    31   |
|------------|------|------|------|--------||---------||---------|



* Summary:
+-----------+--------+--------+--------+--------+
|           |   DSP  |  Delay |   FF   |   LUT  |
+-----------+--------+--------+--------+--------+
|  Function |   40   |    -   |  1866  |  3748  |
|   Memory  |    -   |    -   |    -   |    -   |
|Multiplexer|    -   |    2   |    -   |   31   |
|  Register |    -   |    -   |   774  |    -   |
+-----------+--------+--------+--------+--------+
|   Total   |   40   |    2   |  2640  |  3779  |
+-----------+--------+--------+--------+--------+
