

================================================================
== Vitis HLS Report for 'backprop_Pipeline_VITIS_LOOP_265_2'
================================================================
* Date:           Wed Dec 20 21:42:19 2023

* Version:        2022.1 (Build 3526262 on Mon Apr 18 15:47:01 MDT 2022)
* Project:        backprop_syn
* Solution:       solution (Vivado IP Flow Target)
* Product family: virtex7
* Target device:  xc7v585t-ffg1761-2


================================================================
== Performance Estimates
================================================================
+ Timing: 
    * Summary: 
    +--------+----------+----------+------------+
    |  Clock |  Target  | Estimated| Uncertainty|
    +--------+----------+----------+------------+
    |ap_clk  |  10.00 ns|  3.130 ns|     2.70 ns|
    +--------+----------+----------+------------+

+ Latency: 
    * Summary: 
    +---------+---------+----------+----------+-----+-----+---------+
    |  Latency (cycles) |  Latency (absolute) |  Interval | Pipeline|
    |   min   |   max   |    min   |    max   | min | max |   Type  |
    +---------+---------+----------+----------+-----+-----+---------+
    |       66|       66|  0.660 us|  0.660 us|   66|   66|       no|
    +---------+---------+----------+----------+-----+-----+---------+

    + Detail: 
        * Instance: 
        N/A

        * Loop: 
        +--------------------+---------+---------+----------+-----------+-----------+------+----------+
        |                    |  Latency (cycles) | Iteration|  Initiation Interval  | Trip |          |
        |      Loop Name     |   min   |   max   |  Latency |  achieved |   target  | Count| Pipelined|
        +--------------------+---------+---------+----------+-----------+-----------+------+----------+
        |- VITIS_LOOP_265_2  |       64|       64|         1|          1|          1|    64|       yes|
        +--------------------+---------+---------+----------+-----------+-----------+------+----------+

============================================================
+ Verbose Summary: Synthesis Manager
============================================================
InlineROM: 1
ExposeGlobal: 0
============================================================
+ Verbose Summary: CDFG Model
============================================================
IsTopModel: 0
ResetActiveHigh: 1
IsCombinational: 0
IsDatapathOnly: 0
HasWiredReturn: 1
HasMFsm: 2
HasVarLatency: 1
IsPipeline: 0
IsRtlPipelined: 0
IsInstanceOverlapped: 0
IsDontTouch: 0
HasImplIP: 0
IsGatedGlobalClock: 0

+ Individual pipeline summary: 
  * Pipeline-0: initiation interval (II) = 1, depth = 2


============================================================
+ Verbose Summary: Schedule
============================================================
* Number of FSM states : 2
* Pipeline : 1
  Pipeline-0 : II = 1, D = 2, States = { 1 2 }
* Dataflow Pipeline: 0

* FSM state transitions: 
1 --> 2 
2 --> 

* FSM state operations: 

State 1 <SV = 0> <Delay = 0.84>
ST_1 : Operation 4 [1/1] (0.00ns)   --->   "%j = alloca i32 1"   --->   Operation 4 'alloca' 'j' <Predicate = true> <Delay = 0.00>
ST_1 : Operation 5 [1/1] (0.00ns)   --->   "%activations3_0_1 = alloca i32 1"   --->   Operation 5 'alloca' 'activations3_0_1' <Predicate = true> <Delay = 0.00>
ST_1 : Operation 6 [1/1] (0.00ns)   --->   "%activations3_1_1 = alloca i32 1"   --->   Operation 6 'alloca' 'activations3_1_1' <Predicate = true> <Delay = 0.00>
ST_1 : Operation 7 [1/1] (0.00ns)   --->   "%activations3_2_1 = alloca i32 1"   --->   Operation 7 'alloca' 'activations3_2_1' <Predicate = true> <Delay = 0.00>
ST_1 : Operation 8 [1/1] (0.00ns)   --->   "%activations3_0_0_read = read i64 @_ssdm_op_Read.ap_auto.double, i64 %activations3_0_0"   --->   Operation 8 'read' 'activations3_0_0_read' <Predicate = true> <Delay = 0.00>
ST_1 : Operation 9 [1/1] (0.00ns)   --->   "%activations3_1_0_read = read i64 @_ssdm_op_Read.ap_auto.double, i64 %activations3_1_0"   --->   Operation 9 'read' 'activations3_1_0_read' <Predicate = true> <Delay = 0.00>
ST_1 : Operation 10 [1/1] (0.00ns)   --->   "%activations3_2_0_read = read i64 @_ssdm_op_Read.ap_auto.double, i64 %activations3_2_0"   --->   Operation 10 'read' 'activations3_2_0_read' <Predicate = true> <Delay = 0.00>
ST_1 : Operation 11 [1/1] (0.84ns)   --->   "%store_ln0 = store i64 %activations3_2_0_read, i64 %activations3_2_1"   --->   Operation 11 'store' 'store_ln0' <Predicate = true> <Delay = 0.84>
ST_1 : Operation 12 [1/1] (0.84ns)   --->   "%store_ln0 = store i64 %activations3_1_0_read, i64 %activations3_1_1"   --->   Operation 12 'store' 'store_ln0' <Predicate = true> <Delay = 0.84>
ST_1 : Operation 13 [1/1] (0.84ns)   --->   "%store_ln0 = store i64 %activations3_0_0_read, i64 %activations3_0_1"   --->   Operation 13 'store' 'store_ln0' <Predicate = true> <Delay = 0.84>
ST_1 : Operation 14 [1/1] (0.84ns)   --->   "%store_ln0 = store i7 0, i7 %j"   --->   Operation 14 'store' 'store_ln0' <Predicate = true> <Delay = 0.84>
ST_1 : Operation 15 [1/1] (0.00ns)   --->   "%br_ln0 = br void %for.body3"   --->   Operation 15 'br' 'br_ln0' <Predicate = true> <Delay = 0.00>

State 2 <SV = 1> <Delay = 3.13>
ST_2 : Operation 16 [1/1] (0.00ns)   --->   "%j_3 = load i7 %j" [backprop.c:269]   --->   Operation 16 'load' 'j_3' <Predicate = true> <Delay = 0.00>
ST_2 : Operation 17 [1/1] (0.00ns)   --->   "%specpipeline_ln0 = specpipeline void @_ssdm_op_SpecPipeline, i32 4294967295, i32 0, i32 1, i32 0, void @p_str"   --->   Operation 17 'specpipeline' 'specpipeline_ln0' <Predicate = true> <Delay = 0.00>
ST_2 : Operation 18 [1/1] (0.86ns)   --->   "%icmp_ln265 = icmp_eq  i7 %j_3, i7 64" [backprop.c:265]   --->   Operation 18 'icmp' 'icmp_ln265' <Predicate = true> <Delay = 0.86> <CoreInst = "Cmp">   --->   Core 9 'Cmp' <Latency = 0> <II = 1> <Delay = 0.86> <FuncUnit> <Opcode : 'icmp'> <InPorts = 2> <OutPorts = 1>
ST_2 : Operation 19 [1/1] (0.00ns)   --->   "%empty = speclooptripcount i32 @_ssdm_op_SpecLoopTripCount, i64 64, i64 64, i64 64"   --->   Operation 19 'speclooptripcount' 'empty' <Predicate = true> <Delay = 0.00>
ST_2 : Operation 20 [1/1] (1.27ns)   --->   "%add_ln265 = add i7 %j_3, i7 1" [backprop.c:265]   --->   Operation 20 'add' 'add_ln265' <Predicate = true> <Delay = 1.27> <CoreInst = "Adder">   --->   Core 1 'Adder' <Latency = 0> <II = 1> <Delay = 1.27> <FuncUnit> <Opcode : 'add' 'sub'> <InPorts = 2> <OutPorts = 1>
ST_2 : Operation 21 [1/1] (0.00ns)   --->   "%br_ln265 = br i1 %icmp_ln265, void %for.body3.split_ifconv, void %for.inc52.exitStub" [backprop.c:265]   --->   Operation 21 'br' 'br_ln265' <Predicate = true> <Delay = 0.00>
ST_2 : Operation 22 [1/1] (0.00ns)   --->   "%activations3_0_1_load_1 = load i64 %activations3_0_1" [backprop.c:268]   --->   Operation 22 'load' 'activations3_0_1_load_1' <Predicate = (!icmp_ln265)> <Delay = 0.00>
ST_2 : Operation 23 [1/1] (0.00ns)   --->   "%activations3_1_1_load_1 = load i64 %activations3_1_1" [backprop.c:268]   --->   Operation 23 'load' 'activations3_1_1_load_1' <Predicate = (!icmp_ln265)> <Delay = 0.00>
ST_2 : Operation 24 [1/1] (0.00ns)   --->   "%activations3_2_1_load_1 = load i64 %activations3_2_1" [backprop.c:268]   --->   Operation 24 'load' 'activations3_2_1_load_1' <Predicate = (!icmp_ln265)> <Delay = 0.00>
ST_2 : Operation 25 [1/1] (0.00ns)   --->   "%j_cast29 = zext i7 %j_3" [backprop.c:269]   --->   Operation 25 'zext' 'j_cast29' <Predicate = (!icmp_ln265)> <Delay = 0.00>
ST_2 : Operation 26 [1/1] (0.00ns)   --->   "%specloopname_ln247 = specloopname void @_ssdm_op_SpecLoopName, void @empty_27" [backprop.c:247]   --->   Operation 26 'specloopname' 'specloopname_ln247' <Predicate = (!icmp_ln265)> <Delay = 0.00>
ST_2 : Operation 27 [1/1] (0.00ns)   --->   "%activations1_addr = getelementptr i64 %activations1, i64 0, i64 %j_cast29" [backprop.c:266]   --->   Operation 27 'getelementptr' 'activations1_addr' <Predicate = (!icmp_ln265)> <Delay = 0.00>
ST_2 : Operation 28 [1/1] (2.26ns)   --->   "%store_ln266 = store i64 0, i6 %activations1_addr" [backprop.c:266]   --->   Operation 28 'store' 'store_ln266' <Predicate = (!icmp_ln265)> <Delay = 2.26> <CoreInst = "RAM">   --->   Core 82 'RAM' <Latency = 1> <II = 1> <Delay = 2.26> <Storage> <Opcode : 'load' 'store'> <Ports = 2> <Width = 64> <Depth = 64> <RAM>
ST_2 : Operation 29 [1/1] (0.00ns)   --->   "%activations2_addr = getelementptr i64 %activations2, i64 0, i64 %j_cast29" [backprop.c:267]   --->   Operation 29 'getelementptr' 'activations2_addr' <Predicate = (!icmp_ln265)> <Delay = 0.00>
ST_2 : Operation 30 [1/1] (2.26ns)   --->   "%store_ln267 = store i64 0, i6 %activations2_addr" [backprop.c:267]   --->   Operation 30 'store' 'store_ln267' <Predicate = (!icmp_ln265)> <Delay = 2.26> <CoreInst = "RAM">   --->   Core 82 'RAM' <Latency = 1> <II = 1> <Delay = 2.26> <Storage> <Opcode : 'load' 'store'> <Ports = 2> <Width = 64> <Depth = 64> <RAM>
ST_2 : Operation 31 [1/1] (0.86ns)   --->   "%icmp_ln268 = icmp_ult  i7 %j_3, i7 3" [backprop.c:268]   --->   Operation 31 'icmp' 'icmp_ln268' <Predicate = (!icmp_ln265)> <Delay = 0.86> <CoreInst = "Cmp">   --->   Core 9 'Cmp' <Latency = 0> <II = 1> <Delay = 0.86> <FuncUnit> <Opcode : 'icmp'> <InPorts = 2> <OutPorts = 1>
ST_2 : Operation 32 [1/1] (0.00ns)   --->   "%trunc_ln269 = trunc i7 %j_3" [backprop.c:269]   --->   Operation 32 'trunc' 'trunc_ln269' <Predicate = (!icmp_ln265)> <Delay = 0.00>
ST_2 : Operation 33 [1/1] (0.48ns)   --->   "%icmp_ln269 = icmp_eq  i2 %trunc_ln269, i2 0" [backprop.c:269]   --->   Operation 33 'icmp' 'icmp_ln269' <Predicate = (!icmp_ln265)> <Delay = 0.48> <CoreInst = "Cmp">   --->   Core 9 'Cmp' <Latency = 0> <II = 1> <Delay = 0.48> <FuncUnit> <Opcode : 'icmp'> <InPorts = 2> <OutPorts = 1>
ST_2 : Operation 34 [1/1] (0.48ns)   --->   "%icmp_ln269_1 = icmp_eq  i2 %trunc_ln269, i2 1" [backprop.c:269]   --->   Operation 34 'icmp' 'icmp_ln269_1' <Predicate = (!icmp_ln265)> <Delay = 0.48> <CoreInst = "Cmp">   --->   Core 9 'Cmp' <Latency = 0> <II = 1> <Delay = 0.48> <FuncUnit> <Opcode : 'icmp'> <InPorts = 2> <OutPorts = 1>
ST_2 : Operation 35 [1/1] (0.00ns) (grouped into LUT with out node select_ln268)   --->   "%or_ln269 = or i1 %icmp_ln269, i1 %icmp_ln269_1" [backprop.c:269]   --->   Operation 35 'or' 'or_ln269' <Predicate = (!icmp_ln265)> <Delay = 0.00> <CoreInst = "LogicGate">   --->   Core 74 'LogicGate' <Latency = 0> <II = 1> <Delay = 0.48> <FuncUnit> <Opcode : 'and' 'or' 'xor'> <InPorts = 2> <OutPorts = 1>
ST_2 : Operation 36 [1/1] (0.00ns) (grouped into LUT with out node select_ln268)   --->   "%select_ln269 = select i1 %or_ln269, i64 %activations3_2_1_load_1, i64 0" [backprop.c:269]   --->   Operation 36 'select' 'select_ln269' <Predicate = (!icmp_ln265)> <Delay = 0.00> <CoreInst = "Sel">   --->   Core 73 'Sel' <Latency = 0> <II = 1> <Delay = 0.62> <FuncUnit> <Opcode : 'select'> <InPorts = 3> <OutPorts = 1>
ST_2 : Operation 37 [1/1] (0.00ns) (grouped into LUT with out node select_ln268_1)   --->   "%select_ln269_1 = select i1 %icmp_ln269_1, i64 0, i64 %activations3_1_1_load_1" [backprop.c:269]   --->   Operation 37 'select' 'select_ln269_1' <Predicate = (!icmp_ln265)> <Delay = 0.00> <CoreInst = "Sel">   --->   Core 73 'Sel' <Latency = 0> <II = 1> <Delay = 0.62> <FuncUnit> <Opcode : 'select'> <InPorts = 3> <OutPorts = 1>
ST_2 : Operation 38 [1/1] (0.00ns) (grouped into LUT with out node select_ln268_2)   --->   "%select_ln269_2 = select i1 %icmp_ln269, i64 0, i64 %activations3_0_1_load_1" [backprop.c:269]   --->   Operation 38 'select' 'select_ln269_2' <Predicate = (!icmp_ln265)> <Delay = 0.00> <CoreInst = "Sel">   --->   Core 73 'Sel' <Latency = 0> <II = 1> <Delay = 0.62> <FuncUnit> <Opcode : 'select'> <InPorts = 3> <OutPorts = 1>
ST_2 : Operation 39 [1/1] (0.62ns) (out node of the LUT)   --->   "%select_ln268 = select i1 %icmp_ln268, i64 %select_ln269, i64 %activations3_2_1_load_1" [backprop.c:268]   --->   Operation 39 'select' 'select_ln268' <Predicate = (!icmp_ln265)> <Delay = 0.62> <CoreInst = "Sel">   --->   Core 73 'Sel' <Latency = 0> <II = 1> <Delay = 0.62> <FuncUnit> <Opcode : 'select'> <InPorts = 3> <OutPorts = 1>
ST_2 : Operation 40 [1/1] (0.62ns) (out node of the LUT)   --->   "%select_ln268_1 = select i1 %icmp_ln268, i64 %select_ln269_1, i64 %activations3_1_1_load_1" [backprop.c:268]   --->   Operation 40 'select' 'select_ln268_1' <Predicate = (!icmp_ln265)> <Delay = 0.62> <CoreInst = "Sel">   --->   Core 73 'Sel' <Latency = 0> <II = 1> <Delay = 0.62> <FuncUnit> <Opcode : 'select'> <InPorts = 3> <OutPorts = 1>
ST_2 : Operation 41 [1/1] (0.62ns) (out node of the LUT)   --->   "%select_ln268_2 = select i1 %icmp_ln268, i64 %select_ln269_2, i64 %activations3_0_1_load_1" [backprop.c:268]   --->   Operation 41 'select' 'select_ln268_2' <Predicate = (!icmp_ln265)> <Delay = 0.62> <CoreInst = "Sel">   --->   Core 73 'Sel' <Latency = 0> <II = 1> <Delay = 0.62> <FuncUnit> <Opcode : 'select'> <InPorts = 3> <OutPorts = 1>
ST_2 : Operation 42 [1/1] (0.84ns)   --->   "%store_ln265 = store i64 %select_ln268, i64 %activations3_2_1" [backprop.c:265]   --->   Operation 42 'store' 'store_ln265' <Predicate = (!icmp_ln265)> <Delay = 0.84>
ST_2 : Operation 43 [1/1] (0.84ns)   --->   "%store_ln265 = store i64 %select_ln268_1, i64 %activations3_1_1" [backprop.c:265]   --->   Operation 43 'store' 'store_ln265' <Predicate = (!icmp_ln265)> <Delay = 0.84>
ST_2 : Operation 44 [1/1] (0.84ns)   --->   "%store_ln265 = store i64 %select_ln268_2, i64 %activations3_0_1" [backprop.c:265]   --->   Operation 44 'store' 'store_ln265' <Predicate = (!icmp_ln265)> <Delay = 0.84>
ST_2 : Operation 45 [1/1] (0.84ns)   --->   "%store_ln265 = store i7 %add_ln265, i7 %j" [backprop.c:265]   --->   Operation 45 'store' 'store_ln265' <Predicate = (!icmp_ln265)> <Delay = 0.84>
ST_2 : Operation 46 [1/1] (0.00ns)   --->   "%br_ln265 = br void %for.body3" [backprop.c:265]   --->   Operation 46 'br' 'br_ln265' <Predicate = (!icmp_ln265)> <Delay = 0.00>
ST_2 : Operation 47 [1/1] (0.00ns)   --->   "%activations3_0_1_load = load i64 %activations3_0_1"   --->   Operation 47 'load' 'activations3_0_1_load' <Predicate = (icmp_ln265)> <Delay = 0.00>
ST_2 : Operation 48 [1/1] (0.00ns)   --->   "%activations3_1_1_load = load i64 %activations3_1_1"   --->   Operation 48 'load' 'activations3_1_1_load' <Predicate = (icmp_ln265)> <Delay = 0.00>
ST_2 : Operation 49 [1/1] (0.00ns)   --->   "%activations3_2_1_load = load i64 %activations3_2_1"   --->   Operation 49 'load' 'activations3_2_1_load' <Predicate = (icmp_ln265)> <Delay = 0.00>
ST_2 : Operation 50 [1/1] (0.00ns)   --->   "%write_ln0 = write void @_ssdm_op_Write.ap_auto.doubleP0A, i64 %activations3_2_1_out, i64 %activations3_2_1_load"   --->   Operation 50 'write' 'write_ln0' <Predicate = (icmp_ln265)> <Delay = 0.00>
ST_2 : Operation 51 [1/1] (0.00ns)   --->   "%write_ln0 = write void @_ssdm_op_Write.ap_auto.doubleP0A, i64 %activations3_1_1_out, i64 %activations3_1_1_load"   --->   Operation 51 'write' 'write_ln0' <Predicate = (icmp_ln265)> <Delay = 0.00>
ST_2 : Operation 52 [1/1] (0.00ns)   --->   "%write_ln0 = write void @_ssdm_op_Write.ap_auto.doubleP0A, i64 %activations3_0_1_out, i64 %activations3_0_1_load"   --->   Operation 52 'write' 'write_ln0' <Predicate = (icmp_ln265)> <Delay = 0.00>
ST_2 : Operation 53 [1/1] (0.00ns)   --->   "%ret_ln0 = ret"   --->   Operation 53 'ret' 'ret_ln0' <Predicate = (icmp_ln265)> <Delay = 0.00>


============================================================
+ Verbose Summary: Binding
============================================================
STG Binding: 
---------------- STG Properties BEGIN ----------------
- Is combinational: 0
- Is one-state seq: 0
- Is datapath-only: 0
- Is pipelined: 0
- Is top level: 0
Port [ Return ] is wired: 1; IO mode=ap_ctrl_hs:ce=0
Port [ activations3_2_0]:  wired=1; compound=0; hidden=0; nouse=0; global=0; static=0; extern=0; dir=0; type=0; pingpong=0; private_global=0; IO mode=ap_none:ce=0
Port [ activations3_1_0]:  wired=1; compound=0; hidden=0; nouse=0; global=0; static=0; extern=0; dir=0; type=0; pingpong=0; private_global=0; IO mode=ap_none:ce=0
Port [ activations3_0_0]:  wired=1; compound=0; hidden=0; nouse=0; global=0; static=0; extern=0; dir=0; type=0; pingpong=0; private_global=0; IO mode=ap_none:ce=0
Port [ activations1]:  wired=1; compound=1; hidden=0; nouse=0; global=0; static=0; extern=0; dir=1; type=1; pingpong=0; private_global=0; MemPort=[03]; IO mode=ap_memory:ce=0
Port [ activations2]:  wired=1; compound=1; hidden=0; nouse=0; global=0; static=0; extern=0; dir=1; type=1; pingpong=0; private_global=0; MemPort=[03]; IO mode=ap_memory:ce=0
Port [ activations3_2_1_out]:  wired=1; compound=0; hidden=0; nouse=0; global=0; static=0; extern=0; dir=1; type=0; pingpong=0; private_global=0; IO mode=ap_vld:ce=0
Port [ activations3_1_1_out]:  wired=1; compound=0; hidden=0; nouse=0; global=0; static=0; extern=0; dir=1; type=0; pingpong=0; private_global=0; IO mode=ap_vld:ce=0
Port [ activations3_0_1_out]:  wired=1; compound=0; hidden=0; nouse=0; global=0; static=0; extern=0; dir=1; type=0; pingpong=0; private_global=0; IO mode=ap_vld:ce=0
---------------- STG Properties END ------------------

---------------- Datapath Model BEGIN ----------------

<LifeTime>
<method=bitvector/>
j                       (alloca           ) [ 011]
activations3_0_1        (alloca           ) [ 011]
activations3_1_1        (alloca           ) [ 011]
activations3_2_1        (alloca           ) [ 011]
activations3_0_0_read   (read             ) [ 000]
activations3_1_0_read   (read             ) [ 000]
activations3_2_0_read   (read             ) [ 000]
store_ln0               (store            ) [ 000]
store_ln0               (store            ) [ 000]
store_ln0               (store            ) [ 000]
store_ln0               (store            ) [ 000]
br_ln0                  (br               ) [ 000]
j_3                     (load             ) [ 000]
specpipeline_ln0        (specpipeline     ) [ 000]
icmp_ln265              (icmp             ) [ 011]
empty                   (speclooptripcount) [ 000]
add_ln265               (add              ) [ 000]
br_ln265                (br               ) [ 000]
activations3_0_1_load_1 (load             ) [ 000]
activations3_1_1_load_1 (load             ) [ 000]
activations3_2_1_load_1 (load             ) [ 000]
j_cast29                (zext             ) [ 000]
specloopname_ln247      (specloopname     ) [ 000]
activations1_addr       (getelementptr    ) [ 000]
store_ln266             (store            ) [ 000]
activations2_addr       (getelementptr    ) [ 000]
store_ln267             (store            ) [ 000]
icmp_ln268              (icmp             ) [ 000]
trunc_ln269             (trunc            ) [ 000]
icmp_ln269              (icmp             ) [ 000]
icmp_ln269_1            (icmp             ) [ 000]
or_ln269                (or               ) [ 000]
select_ln269            (select           ) [ 000]
select_ln269_1          (select           ) [ 000]
select_ln269_2          (select           ) [ 000]
select_ln268            (select           ) [ 000]
select_ln268_1          (select           ) [ 000]
select_ln268_2          (select           ) [ 000]
store_ln265             (store            ) [ 000]
store_ln265             (store            ) [ 000]
store_ln265             (store            ) [ 000]
store_ln265             (store            ) [ 000]
br_ln265                (br               ) [ 000]
activations3_0_1_load   (load             ) [ 000]
activations3_1_1_load   (load             ) [ 000]
activations3_2_1_load   (load             ) [ 000]
write_ln0               (write            ) [ 000]
write_ln0               (write            ) [ 000]
write_ln0               (write            ) [ 000]
ret_ln0                 (ret              ) [ 000]
</LifeTime>

<model>

<comp_list>
<comp id="0" class="1000" name="activations3_2_0">
<pin_list>
<pin id="1" dir="1" index="0" bw="1" slack="0"/>
</pin_list>
<bind>
<StgValue><ssdm name="activations3_2_0"/></StgValue>
</bind>
</comp>

<comp id="2" class="1000" name="activations3_1_0">
<pin_list>
<pin id="3" dir="1" index="0" bw="1" slack="0"/>
</pin_list>
<bind>
<StgValue><ssdm name="activations3_1_0"/></StgValue>
</bind>
</comp>

<comp id="4" class="1000" name="activations3_0_0">
<pin_list>
<pin id="5" dir="1" index="0" bw="1" slack="0"/>
</pin_list>
<bind>
<StgValue><ssdm name="activations3_0_0"/></StgValue>
</bind>
</comp>

<comp id="6" class="1000" name="activations1">
<pin_list>
<pin id="7" dir="1" index="0" bw="1" slack="0"/>
</pin_list>
<bind>
<StgValue><ssdm name="activations1"/><MemPortTyVec>0 3 </MemPortTyVec>
</StgValue>
</bind>
</comp>

<comp id="8" class="1000" name="activations2">
<pin_list>
<pin id="9" dir="1" index="0" bw="1" slack="0"/>
</pin_list>
<bind>
<StgValue><ssdm name="activations2"/><MemPortTyVec>0 3 </MemPortTyVec>
</StgValue>
</bind>
</comp>

<comp id="10" class="1000" name="activations3_2_1_out">
<pin_list>
<pin id="11" dir="1" index="0" bw="1" slack="0"/>
</pin_list>
<bind>
<StgValue><ssdm name="activations3_2_1_out"/></StgValue>
</bind>
</comp>

<comp id="12" class="1000" name="activations3_1_1_out">
<pin_list>
<pin id="13" dir="1" index="0" bw="1" slack="0"/>
</pin_list>
<bind>
<StgValue><ssdm name="activations3_1_1_out"/></StgValue>
</bind>
</comp>

<comp id="14" class="1000" name="activations3_0_1_out">
<pin_list>
<pin id="15" dir="1" index="0" bw="1" slack="0"/>
</pin_list>
<bind>
<StgValue><ssdm name="activations3_0_1_out"/></StgValue>
</bind>
</comp>

<comp id="16" class="1001" name="const_16">
<pin_list>
<pin id="17" dir="1" index="0" bw="1" slack="0"/>
</pin_list>
<bind>
<StgValue><ssdm name=""/></StgValue>
</bind>
</comp>

<comp id="18" class="1001" name="const_18">
<pin_list>
<pin id="19" dir="1" index="0" bw="1" slack="0"/>
</pin_list>
<bind>
<StgValue><ssdm name="_ssdm_op_Read.ap_auto.double"/></StgValue>
</bind>
</comp>

<comp id="20" class="1001" name="const_20">
<pin_list>
<pin id="21" dir="1" index="0" bw="1" slack="0"/>
</pin_list>
<bind>
<StgValue><ssdm name=""/></StgValue>
</bind>
</comp>

<comp id="22" class="1001" name="const_22">
<pin_list>
<pin id="23" dir="1" index="0" bw="1" slack="2147483647"/>
</pin_list>
<bind>
<StgValue><ssdm name="_ssdm_op_SpecPipeline"/></StgValue>
</bind>
</comp>

<comp id="24" class="1001" name="const_24">
<pin_list>
<pin id="25" dir="1" index="0" bw="1" slack="2147483647"/>
</pin_list>
<bind>
<StgValue><ssdm name=""/></StgValue>
</bind>
</comp>

<comp id="26" class="1001" name="const_26">
<pin_list>
<pin id="27" dir="1" index="0" bw="1" slack="2147483647"/>
</pin_list>
<bind>
<StgValue><ssdm name=""/></StgValue>
</bind>
</comp>

<comp id="28" class="1001" name="const_28">
<pin_list>
<pin id="29" dir="1" index="0" bw="1" slack="2147483647"/>
</pin_list>
<bind>
<StgValue><ssdm name="p_str"/></StgValue>
</bind>
</comp>

<comp id="30" class="1001" name="const_30">
<pin_list>
<pin id="31" dir="1" index="0" bw="1" slack="0"/>
</pin_list>
<bind>
<StgValue><ssdm name=""/></StgValue>
</bind>
</comp>

<comp id="32" class="1001" name="const_32">
<pin_list>
<pin id="33" dir="1" index="0" bw="1" slack="2147483647"/>
</pin_list>
<bind>
<StgValue><ssdm name="_ssdm_op_SpecLoopTripCount"/></StgValue>
</bind>
</comp>

<comp id="34" class="1001" name="const_34">
<pin_list>
<pin id="35" dir="1" index="0" bw="1" slack="2147483647"/>
</pin_list>
<bind>
<StgValue><ssdm name=""/></StgValue>
</bind>
</comp>

<comp id="36" class="1001" name="const_36">
<pin_list>
<pin id="37" dir="1" index="0" bw="1" slack="0"/>
</pin_list>
<bind>
<StgValue><ssdm name=""/></StgValue>
</bind>
</comp>

<comp id="38" class="1001" name="const_38">
<pin_list>
<pin id="39" dir="1" index="0" bw="1" slack="2147483647"/>
</pin_list>
<bind>
<StgValue><ssdm name="_ssdm_op_SpecLoopName"/></StgValue>
</bind>
</comp>

<comp id="40" class="1001" name="const_40">
<pin_list>
<pin id="41" dir="1" index="0" bw="1" slack="2147483647"/>
</pin_list>
<bind>
<StgValue><ssdm name="empty_27"/></StgValue>
</bind>
</comp>

<comp id="42" class="1001" name="const_42">
<pin_list>
<pin id="43" dir="1" index="0" bw="1" slack="0"/>
</pin_list>
<bind>
<StgValue><ssdm name=""/></StgValue>
</bind>
</comp>

<comp id="44" class="1001" name="const_44">
<pin_list>
<pin id="45" dir="1" index="0" bw="1" slack="0"/>
</pin_list>
<bind>
<StgValue><ssdm name=""/></StgValue>
</bind>
</comp>

<comp id="46" class="1001" name="const_46">
<pin_list>
<pin id="47" dir="1" index="0" bw="1" slack="0"/>
</pin_list>
<bind>
<StgValue><ssdm name=""/></StgValue>
</bind>
</comp>

<comp id="48" class="1001" name="const_48">
<pin_list>
<pin id="49" dir="1" index="0" bw="1" slack="0"/>
</pin_list>
<bind>
<StgValue><ssdm name=""/></StgValue>
</bind>
</comp>

<comp id="50" class="1001" name="const_50">
<pin_list>
<pin id="51" dir="1" index="0" bw="1" slack="0"/>
</pin_list>
<bind>
<StgValue><ssdm name=""/></StgValue>
</bind>
</comp>

<comp id="52" class="1001" name="const_52">
<pin_list>
<pin id="53" dir="1" index="0" bw="1" slack="0"/>
</pin_list>
<bind>
<StgValue><ssdm name="_ssdm_op_Write.ap_auto.doubleP0A"/></StgValue>
</bind>
</comp>

<comp id="54" class="1004" name="j_fu_54">
<pin_list>
<pin id="55" dir="0" index="0" bw="1" slack="0"/>
<pin id="56" dir="1" index="1" bw="7" slack="0"/>
</pin_list>
<bind>
<opcode="alloca(26) " fcode="alloca"/>
<opset="j/1 "/>
</bind>
</comp>

<comp id="58" class="1004" name="activations3_0_1_fu_58">
<pin_list>
<pin id="59" dir="0" index="0" bw="1" slack="0"/>
<pin id="60" dir="1" index="1" bw="64" slack="0"/>
</pin_list>
<bind>
<opcode="alloca(26) " fcode="alloca"/>
<opset="activations3_0_1/1 "/>
</bind>
</comp>

<comp id="62" class="1004" name="activations3_1_1_fu_62">
<pin_list>
<pin id="63" dir="0" index="0" bw="1" slack="0"/>
<pin id="64" dir="1" index="1" bw="64" slack="0"/>
</pin_list>
<bind>
<opcode="alloca(26) " fcode="alloca"/>
<opset="activations3_1_1/1 "/>
</bind>
</comp>

<comp id="66" class="1004" name="activations3_2_1_fu_66">
<pin_list>
<pin id="67" dir="0" index="0" bw="1" slack="0"/>
<pin id="68" dir="1" index="1" bw="64" slack="0"/>
</pin_list>
<bind>
<opcode="alloca(26) " fcode="alloca"/>
<opset="activations3_2_1/1 "/>
</bind>
</comp>

<comp id="70" class="1004" name="activations3_0_0_read_read_fu_70">
<pin_list>
<pin id="71" dir="0" index="0" bw="64" slack="0"/>
<pin id="72" dir="0" index="1" bw="64" slack="0"/>
<pin id="73" dir="1" index="2" bw="64" slack="0"/>
</pin_list>
<bind>
<opcode="read(1150) " fcode="read"/>
<opset="activations3_0_0_read/1 "/>
</bind>
</comp>

<comp id="76" class="1004" name="activations3_1_0_read_read_fu_76">
<pin_list>
<pin id="77" dir="0" index="0" bw="64" slack="0"/>
<pin id="78" dir="0" index="1" bw="64" slack="0"/>
<pin id="79" dir="1" index="2" bw="64" slack="0"/>
</pin_list>
<bind>
<opcode="read(1150) " fcode="read"/>
<opset="activations3_1_0_read/1 "/>
</bind>
</comp>

<comp id="82" class="1004" name="activations3_2_0_read_read_fu_82">
<pin_list>
<pin id="83" dir="0" index="0" bw="64" slack="0"/>
<pin id="84" dir="0" index="1" bw="64" slack="0"/>
<pin id="85" dir="1" index="2" bw="64" slack="0"/>
</pin_list>
<bind>
<opcode="read(1150) " fcode="read"/>
<opset="activations3_2_0_read/1 "/>
</bind>
</comp>

<comp id="88" class="1004" name="write_ln0_write_fu_88">
<pin_list>
<pin id="89" dir="0" index="0" bw="0" slack="0"/>
<pin id="90" dir="0" index="1" bw="64" slack="0"/>
<pin id="91" dir="0" index="2" bw="64" slack="0"/>
<pin id="92" dir="1" index="3" bw="0" slack="2147483647"/>
</pin_list>
<bind>
<opcode="write(1151) " fcode="write"/>
<opset="write_ln0/2 "/>
</bind>
</comp>

<comp id="95" class="1004" name="write_ln0_write_fu_95">
<pin_list>
<pin id="96" dir="0" index="0" bw="0" slack="0"/>
<pin id="97" dir="0" index="1" bw="64" slack="0"/>
<pin id="98" dir="0" index="2" bw="64" slack="0"/>
<pin id="99" dir="1" index="3" bw="0" slack="2147483647"/>
</pin_list>
<bind>
<opcode="write(1151) " fcode="write"/>
<opset="write_ln0/2 "/>
</bind>
</comp>

<comp id="102" class="1004" name="write_ln0_write_fu_102">
<pin_list>
<pin id="103" dir="0" index="0" bw="0" slack="0"/>
<pin id="104" dir="0" index="1" bw="64" slack="0"/>
<pin id="105" dir="0" index="2" bw="64" slack="0"/>
<pin id="106" dir="1" index="3" bw="0" slack="2147483647"/>
</pin_list>
<bind>
<opcode="write(1151) " fcode="write"/>
<opset="write_ln0/2 "/>
</bind>
</comp>

<comp id="109" class="1004" name="activations1_addr_gep_fu_109">
<pin_list>
<pin id="110" dir="0" index="0" bw="64" slack="0"/>
<pin id="111" dir="0" index="1" bw="1" slack="0"/>
<pin id="112" dir="0" index="2" bw="7" slack="0"/>
<pin id="113" dir="1" index="3" bw="6" slack="0"/>
</pin_list>
<bind>
<opcode="getelementptr(29) " fcode="getelementptr"/>
<opset="activations1_addr/2 "/>
</bind>
</comp>

<comp id="116" class="1004" name="store_ln266_access_fu_116">
<pin_list>
<pin id="117" dir="0" index="0" bw="6" slack="0"/>
<pin id="118" dir="0" index="1" bw="64" slack="0"/>
<pin id="119" dir="0" index="2" bw="0" slack="2147483647"/>
<pin id="120" dir="1" index="3" bw="64" slack="2147483647"/>
</pin_list>
<bind>
<opcode="store(28) " fcode="store"/>
<opset="store_ln266/2 "/>
</bind>
</comp>

<comp id="123" class="1004" name="activations2_addr_gep_fu_123">
<pin_list>
<pin id="124" dir="0" index="0" bw="64" slack="0"/>
<pin id="125" dir="0" index="1" bw="1" slack="0"/>
<pin id="126" dir="0" index="2" bw="7" slack="0"/>
<pin id="127" dir="1" index="3" bw="6" slack="0"/>
</pin_list>
<bind>
<opcode="getelementptr(29) " fcode="getelementptr"/>
<opset="activations2_addr/2 "/>
</bind>
</comp>

<comp id="130" class="1004" name="store_ln267_access_fu_130">
<pin_list>
<pin id="131" dir="0" index="0" bw="6" slack="0"/>
<pin id="132" dir="0" index="1" bw="64" slack="0"/>
<pin id="133" dir="0" index="2" bw="0" slack="2147483647"/>
<pin id="134" dir="1" index="3" bw="64" slack="2147483647"/>
</pin_list>
<bind>
<opcode="store(28) " fcode="store"/>
<opset="store_ln267/2 "/>
</bind>
</comp>

<comp id="137" class="1004" name="store_ln0_store_fu_137">
<pin_list>
<pin id="138" dir="0" index="0" bw="64" slack="0"/>
<pin id="139" dir="0" index="1" bw="64" slack="0"/>
<pin id="140" dir="1" index="2" bw="0" slack="2147483647"/>
</pin_list>
<bind>
<opcode="store(28) " fcode="store"/>
<opset="store_ln0/1 "/>
</bind>
</comp>

<comp id="142" class="1004" name="store_ln0_store_fu_142">
<pin_list>
<pin id="143" dir="0" index="0" bw="64" slack="0"/>
<pin id="144" dir="0" index="1" bw="64" slack="0"/>
<pin id="145" dir="1" index="2" bw="0" slack="2147483647"/>
</pin_list>
<bind>
<opcode="store(28) " fcode="store"/>
<opset="store_ln0/1 "/>
</bind>
</comp>

<comp id="147" class="1004" name="store_ln0_store_fu_147">
<pin_list>
<pin id="148" dir="0" index="0" bw="64" slack="0"/>
<pin id="149" dir="0" index="1" bw="64" slack="0"/>
<pin id="150" dir="1" index="2" bw="0" slack="2147483647"/>
</pin_list>
<bind>
<opcode="store(28) " fcode="store"/>
<opset="store_ln0/1 "/>
</bind>
</comp>

<comp id="152" class="1004" name="store_ln0_store_fu_152">
<pin_list>
<pin id="153" dir="0" index="0" bw="1" slack="0"/>
<pin id="154" dir="0" index="1" bw="7" slack="0"/>
<pin id="155" dir="1" index="2" bw="0" slack="2147483647"/>
</pin_list>
<bind>
<opcode="store(28) " fcode="store"/>
<opset="store_ln0/1 "/>
</bind>
</comp>

<comp id="157" class="1004" name="j_3_load_fu_157">
<pin_list>
<pin id="158" dir="0" index="0" bw="7" slack="1"/>
<pin id="159" dir="1" index="1" bw="7" slack="0"/>
</pin_list>
<bind>
<opcode="load(27) " fcode="load"/>
<opset="j_3/2 "/>
</bind>
</comp>

<comp id="160" class="1004" name="icmp_ln265_fu_160">
<pin_list>
<pin id="161" dir="0" index="0" bw="7" slack="0"/>
<pin id="162" dir="0" index="1" bw="7" slack="0"/>
<pin id="163" dir="1" index="2" bw="1" slack="2147483647"/>
</pin_list>
<bind>
<opcode="icmp(45) " fcode="icmp"/>
<opset="icmp_ln265/2 "/>
</bind>
</comp>

<comp id="166" class="1004" name="add_ln265_fu_166">
<pin_list>
<pin id="167" dir="0" index="0" bw="7" slack="0"/>
<pin id="168" dir="0" index="1" bw="1" slack="0"/>
<pin id="169" dir="1" index="2" bw="7" slack="0"/>
</pin_list>
<bind>
<opcode="add(8) " fcode="add"/>
<opset="add_ln265/2 "/>
</bind>
</comp>

<comp id="172" class="1004" name="activations3_0_1_load_1_load_fu_172">
<pin_list>
<pin id="173" dir="0" index="0" bw="64" slack="1"/>
<pin id="174" dir="1" index="1" bw="64" slack="0"/>
</pin_list>
<bind>
<opcode="load(27) " fcode="load"/>
<opset="activations3_0_1_load_1/2 "/>
</bind>
</comp>

<comp id="175" class="1004" name="activations3_1_1_load_1_load_fu_175">
<pin_list>
<pin id="176" dir="0" index="0" bw="64" slack="1"/>
<pin id="177" dir="1" index="1" bw="64" slack="0"/>
</pin_list>
<bind>
<opcode="load(27) " fcode="load"/>
<opset="activations3_1_1_load_1/2 "/>
</bind>
</comp>

<comp id="178" class="1004" name="activations3_2_1_load_1_load_fu_178">
<pin_list>
<pin id="179" dir="0" index="0" bw="64" slack="1"/>
<pin id="180" dir="1" index="1" bw="64" slack="0"/>
</pin_list>
<bind>
<opcode="load(27) " fcode="load"/>
<opset="activations3_2_1_load_1/2 "/>
</bind>
</comp>

<comp id="181" class="1004" name="j_cast29_fu_181">
<pin_list>
<pin id="182" dir="0" index="0" bw="7" slack="0"/>
<pin id="183" dir="1" index="1" bw="64" slack="0"/>
</pin_list>
<bind>
<opcode="zext(34) " fcode="zext"/>
<opset="j_cast29/2 "/>
</bind>
</comp>

<comp id="187" class="1004" name="icmp_ln268_fu_187">
<pin_list>
<pin id="188" dir="0" index="0" bw="7" slack="0"/>
<pin id="189" dir="0" index="1" bw="3" slack="0"/>
<pin id="190" dir="1" index="2" bw="1" slack="0"/>
</pin_list>
<bind>
<opcode="icmp(45) " fcode="icmp"/>
<opset="icmp_ln268/2 "/>
</bind>
</comp>

<comp id="193" class="1004" name="trunc_ln269_fu_193">
<pin_list>
<pin id="194" dir="0" index="0" bw="7" slack="0"/>
<pin id="195" dir="1" index="1" bw="2" slack="0"/>
</pin_list>
<bind>
<opcode="trunc(33) " fcode="trunc"/>
<opset="trunc_ln269/2 "/>
</bind>
</comp>

<comp id="197" class="1004" name="icmp_ln269_fu_197">
<pin_list>
<pin id="198" dir="0" index="0" bw="2" slack="0"/>
<pin id="199" dir="0" index="1" bw="1" slack="0"/>
<pin id="200" dir="1" index="2" bw="1" slack="0"/>
</pin_list>
<bind>
<opcode="icmp(45) " fcode="icmp"/>
<opset="icmp_ln269/2 "/>
</bind>
</comp>

<comp id="203" class="1004" name="icmp_ln269_1_fu_203">
<pin_list>
<pin id="204" dir="0" index="0" bw="2" slack="0"/>
<pin id="205" dir="0" index="1" bw="1" slack="0"/>
<pin id="206" dir="1" index="2" bw="1" slack="0"/>
</pin_list>
<bind>
<opcode="icmp(45) " fcode="icmp"/>
<opset="icmp_ln269_1/2 "/>
</bind>
</comp>

<comp id="209" class="1004" name="or_ln269_fu_209">
<pin_list>
<pin id="210" dir="0" index="0" bw="1" slack="0"/>
<pin id="211" dir="0" index="1" bw="1" slack="0"/>
<pin id="212" dir="1" index="2" bw="1" slack="0"/>
</pin_list>
<bind>
<opcode="or(24) " fcode="or"/>
<opset="or_ln269/2 "/>
</bind>
</comp>

<comp id="215" class="1004" name="select_ln269_fu_215">
<pin_list>
<pin id="216" dir="0" index="0" bw="1" slack="0"/>
<pin id="217" dir="0" index="1" bw="64" slack="0"/>
<pin id="218" dir="0" index="2" bw="64" slack="0"/>
<pin id="219" dir="1" index="3" bw="64" slack="0"/>
</pin_list>
<bind>
<opcode="select(49) " fcode="select"/>
<opset="select_ln269/2 "/>
</bind>
</comp>

<comp id="223" class="1004" name="select_ln269_1_fu_223">
<pin_list>
<pin id="224" dir="0" index="0" bw="1" slack="0"/>
<pin id="225" dir="0" index="1" bw="64" slack="0"/>
<pin id="226" dir="0" index="2" bw="64" slack="0"/>
<pin id="227" dir="1" index="3" bw="64" slack="0"/>
</pin_list>
<bind>
<opcode="select(49) " fcode="select"/>
<opset="select_ln269_1/2 "/>
</bind>
</comp>

<comp id="231" class="1004" name="select_ln269_2_fu_231">
<pin_list>
<pin id="232" dir="0" index="0" bw="1" slack="0"/>
<pin id="233" dir="0" index="1" bw="64" slack="0"/>
<pin id="234" dir="0" index="2" bw="64" slack="0"/>
<pin id="235" dir="1" index="3" bw="64" slack="0"/>
</pin_list>
<bind>
<opcode="select(49) " fcode="select"/>
<opset="select_ln269_2/2 "/>
</bind>
</comp>

<comp id="239" class="1004" name="select_ln268_fu_239">
<pin_list>
<pin id="240" dir="0" index="0" bw="1" slack="0"/>
<pin id="241" dir="0" index="1" bw="64" slack="0"/>
<pin id="242" dir="0" index="2" bw="64" slack="0"/>
<pin id="243" dir="1" index="3" bw="64" slack="0"/>
</pin_list>
<bind>
<opcode="select(49) " fcode="select"/>
<opset="select_ln268/2 "/>
</bind>
</comp>

<comp id="247" class="1004" name="select_ln268_1_fu_247">
<pin_list>
<pin id="248" dir="0" index="0" bw="1" slack="0"/>
<pin id="249" dir="0" index="1" bw="64" slack="0"/>
<pin id="250" dir="0" index="2" bw="64" slack="0"/>
<pin id="251" dir="1" index="3" bw="64" slack="0"/>
</pin_list>
<bind>
<opcode="select(49) " fcode="select"/>
<opset="select_ln268_1/2 "/>
</bind>
</comp>

<comp id="255" class="1004" name="select_ln268_2_fu_255">
<pin_list>
<pin id="256" dir="0" index="0" bw="1" slack="0"/>
<pin id="257" dir="0" index="1" bw="64" slack="0"/>
<pin id="258" dir="0" index="2" bw="64" slack="0"/>
<pin id="259" dir="1" index="3" bw="64" slack="0"/>
</pin_list>
<bind>
<opcode="select(49) " fcode="select"/>
<opset="select_ln268_2/2 "/>
</bind>
</comp>

<comp id="263" class="1004" name="store_ln265_store_fu_263">
<pin_list>
<pin id="264" dir="0" index="0" bw="64" slack="0"/>
<pin id="265" dir="0" index="1" bw="64" slack="1"/>
<pin id="266" dir="1" index="2" bw="0" slack="2147483647"/>
</pin_list>
<bind>
<opcode="store(28) " fcode="store"/>
<opset="store_ln265/2 "/>
</bind>
</comp>

<comp id="268" class="1004" name="store_ln265_store_fu_268">
<pin_list>
<pin id="269" dir="0" index="0" bw="64" slack="0"/>
<pin id="270" dir="0" index="1" bw="64" slack="1"/>
<pin id="271" dir="1" index="2" bw="0" slack="2147483647"/>
</pin_list>
<bind>
<opcode="store(28) " fcode="store"/>
<opset="store_ln265/2 "/>
</bind>
</comp>

<comp id="273" class="1004" name="store_ln265_store_fu_273">
<pin_list>
<pin id="274" dir="0" index="0" bw="64" slack="0"/>
<pin id="275" dir="0" index="1" bw="64" slack="1"/>
<pin id="276" dir="1" index="2" bw="0" slack="2147483647"/>
</pin_list>
<bind>
<opcode="store(28) " fcode="store"/>
<opset="store_ln265/2 "/>
</bind>
</comp>

<comp id="278" class="1004" name="store_ln265_store_fu_278">
<pin_list>
<pin id="279" dir="0" index="0" bw="7" slack="0"/>
<pin id="280" dir="0" index="1" bw="7" slack="1"/>
<pin id="281" dir="1" index="2" bw="0" slack="2147483647"/>
</pin_list>
<bind>
<opcode="store(28) " fcode="store"/>
<opset="store_ln265/2 "/>
</bind>
</comp>

<comp id="283" class="1004" name="activations3_0_1_load_load_fu_283">
<pin_list>
<pin id="284" dir="0" index="0" bw="64" slack="1"/>
<pin id="285" dir="1" index="1" bw="64" slack="0"/>
</pin_list>
<bind>
<opcode="load(27) " fcode="load"/>
<opset="activations3_0_1_load/2 "/>
</bind>
</comp>

<comp id="287" class="1004" name="activations3_1_1_load_load_fu_287">
<pin_list>
<pin id="288" dir="0" index="0" bw="64" slack="1"/>
<pin id="289" dir="1" index="1" bw="64" slack="0"/>
</pin_list>
<bind>
<opcode="load(27) " fcode="load"/>
<opset="activations3_1_1_load/2 "/>
</bind>
</comp>

<comp id="291" class="1004" name="activations3_2_1_load_load_fu_291">
<pin_list>
<pin id="292" dir="0" index="0" bw="64" slack="1"/>
<pin id="293" dir="1" index="1" bw="64" slack="0"/>
</pin_list>
<bind>
<opcode="load(27) " fcode="load"/>
<opset="activations3_2_1_load/2 "/>
</bind>
</comp>

<comp id="295" class="1005" name="j_reg_295">
<pin_list>
<pin id="296" dir="0" index="0" bw="7" slack="0"/>
<pin id="297" dir="1" index="1" bw="7" slack="0"/>
</pin_list>
<bind>
<opset="j "/>
</bind>
</comp>

<comp id="302" class="1005" name="activations3_0_1_reg_302">
<pin_list>
<pin id="303" dir="0" index="0" bw="64" slack="0"/>
<pin id="304" dir="1" index="1" bw="64" slack="0"/>
</pin_list>
<bind>
<opset="activations3_0_1 "/>
</bind>
</comp>

<comp id="310" class="1005" name="activations3_1_1_reg_310">
<pin_list>
<pin id="311" dir="0" index="0" bw="64" slack="0"/>
<pin id="312" dir="1" index="1" bw="64" slack="0"/>
</pin_list>
<bind>
<opset="activations3_1_1 "/>
</bind>
</comp>

<comp id="318" class="1005" name="activations3_2_1_reg_318">
<pin_list>
<pin id="319" dir="0" index="0" bw="64" slack="0"/>
<pin id="320" dir="1" index="1" bw="64" slack="0"/>
</pin_list>
<bind>
<opset="activations3_2_1 "/>
</bind>
</comp>

</comp_list>

<net_list>
<net id="57"><net_src comp="16" pin="0"/><net_sink comp="54" pin=0"/></net>

<net id="61"><net_src comp="16" pin="0"/><net_sink comp="58" pin=0"/></net>

<net id="65"><net_src comp="16" pin="0"/><net_sink comp="62" pin=0"/></net>

<net id="69"><net_src comp="16" pin="0"/><net_sink comp="66" pin=0"/></net>

<net id="74"><net_src comp="18" pin="0"/><net_sink comp="70" pin=0"/></net>

<net id="75"><net_src comp="4" pin="0"/><net_sink comp="70" pin=1"/></net>

<net id="80"><net_src comp="18" pin="0"/><net_sink comp="76" pin=0"/></net>

<net id="81"><net_src comp="2" pin="0"/><net_sink comp="76" pin=1"/></net>

<net id="86"><net_src comp="18" pin="0"/><net_sink comp="82" pin=0"/></net>

<net id="87"><net_src comp="0" pin="0"/><net_sink comp="82" pin=1"/></net>

<net id="93"><net_src comp="52" pin="0"/><net_sink comp="88" pin=0"/></net>

<net id="94"><net_src comp="10" pin="0"/><net_sink comp="88" pin=1"/></net>

<net id="100"><net_src comp="52" pin="0"/><net_sink comp="95" pin=0"/></net>

<net id="101"><net_src comp="12" pin="0"/><net_sink comp="95" pin=1"/></net>

<net id="107"><net_src comp="52" pin="0"/><net_sink comp="102" pin=0"/></net>

<net id="108"><net_src comp="14" pin="0"/><net_sink comp="102" pin=1"/></net>

<net id="114"><net_src comp="6" pin="0"/><net_sink comp="109" pin=0"/></net>

<net id="115"><net_src comp="42" pin="0"/><net_sink comp="109" pin=1"/></net>

<net id="121"><net_src comp="44" pin="0"/><net_sink comp="116" pin=1"/></net>

<net id="122"><net_src comp="109" pin="3"/><net_sink comp="116" pin=0"/></net>

<net id="128"><net_src comp="8" pin="0"/><net_sink comp="123" pin=0"/></net>

<net id="129"><net_src comp="42" pin="0"/><net_sink comp="123" pin=1"/></net>

<net id="135"><net_src comp="44" pin="0"/><net_sink comp="130" pin=1"/></net>

<net id="136"><net_src comp="123" pin="3"/><net_sink comp="130" pin=0"/></net>

<net id="141"><net_src comp="82" pin="2"/><net_sink comp="137" pin=0"/></net>

<net id="146"><net_src comp="76" pin="2"/><net_sink comp="142" pin=0"/></net>

<net id="151"><net_src comp="70" pin="2"/><net_sink comp="147" pin=0"/></net>

<net id="156"><net_src comp="20" pin="0"/><net_sink comp="152" pin=0"/></net>

<net id="164"><net_src comp="157" pin="1"/><net_sink comp="160" pin=0"/></net>

<net id="165"><net_src comp="30" pin="0"/><net_sink comp="160" pin=1"/></net>

<net id="170"><net_src comp="157" pin="1"/><net_sink comp="166" pin=0"/></net>

<net id="171"><net_src comp="36" pin="0"/><net_sink comp="166" pin=1"/></net>

<net id="184"><net_src comp="157" pin="1"/><net_sink comp="181" pin=0"/></net>

<net id="185"><net_src comp="181" pin="1"/><net_sink comp="109" pin=2"/></net>

<net id="186"><net_src comp="181" pin="1"/><net_sink comp="123" pin=2"/></net>

<net id="191"><net_src comp="157" pin="1"/><net_sink comp="187" pin=0"/></net>

<net id="192"><net_src comp="46" pin="0"/><net_sink comp="187" pin=1"/></net>

<net id="196"><net_src comp="157" pin="1"/><net_sink comp="193" pin=0"/></net>

<net id="201"><net_src comp="193" pin="1"/><net_sink comp="197" pin=0"/></net>

<net id="202"><net_src comp="48" pin="0"/><net_sink comp="197" pin=1"/></net>

<net id="207"><net_src comp="193" pin="1"/><net_sink comp="203" pin=0"/></net>

<net id="208"><net_src comp="50" pin="0"/><net_sink comp="203" pin=1"/></net>

<net id="213"><net_src comp="197" pin="2"/><net_sink comp="209" pin=0"/></net>

<net id="214"><net_src comp="203" pin="2"/><net_sink comp="209" pin=1"/></net>

<net id="220"><net_src comp="209" pin="2"/><net_sink comp="215" pin=0"/></net>

<net id="221"><net_src comp="178" pin="1"/><net_sink comp="215" pin=1"/></net>

<net id="222"><net_src comp="44" pin="0"/><net_sink comp="215" pin=2"/></net>

<net id="228"><net_src comp="203" pin="2"/><net_sink comp="223" pin=0"/></net>

<net id="229"><net_src comp="44" pin="0"/><net_sink comp="223" pin=1"/></net>

<net id="230"><net_src comp="175" pin="1"/><net_sink comp="223" pin=2"/></net>

<net id="236"><net_src comp="197" pin="2"/><net_sink comp="231" pin=0"/></net>

<net id="237"><net_src comp="44" pin="0"/><net_sink comp="231" pin=1"/></net>

<net id="238"><net_src comp="172" pin="1"/><net_sink comp="231" pin=2"/></net>

<net id="244"><net_src comp="187" pin="2"/><net_sink comp="239" pin=0"/></net>

<net id="245"><net_src comp="215" pin="3"/><net_sink comp="239" pin=1"/></net>

<net id="246"><net_src comp="178" pin="1"/><net_sink comp="239" pin=2"/></net>

<net id="252"><net_src comp="187" pin="2"/><net_sink comp="247" pin=0"/></net>

<net id="253"><net_src comp="223" pin="3"/><net_sink comp="247" pin=1"/></net>

<net id="254"><net_src comp="175" pin="1"/><net_sink comp="247" pin=2"/></net>

<net id="260"><net_src comp="187" pin="2"/><net_sink comp="255" pin=0"/></net>

<net id="261"><net_src comp="231" pin="3"/><net_sink comp="255" pin=1"/></net>

<net id="262"><net_src comp="172" pin="1"/><net_sink comp="255" pin=2"/></net>

<net id="267"><net_src comp="239" pin="3"/><net_sink comp="263" pin=0"/></net>

<net id="272"><net_src comp="247" pin="3"/><net_sink comp="268" pin=0"/></net>

<net id="277"><net_src comp="255" pin="3"/><net_sink comp="273" pin=0"/></net>

<net id="282"><net_src comp="166" pin="2"/><net_sink comp="278" pin=0"/></net>

<net id="286"><net_src comp="283" pin="1"/><net_sink comp="102" pin=2"/></net>

<net id="290"><net_src comp="287" pin="1"/><net_sink comp="95" pin=2"/></net>

<net id="294"><net_src comp="291" pin="1"/><net_sink comp="88" pin=2"/></net>

<net id="298"><net_src comp="54" pin="1"/><net_sink comp="295" pin=0"/></net>

<net id="299"><net_src comp="295" pin="1"/><net_sink comp="152" pin=1"/></net>

<net id="300"><net_src comp="295" pin="1"/><net_sink comp="157" pin=0"/></net>

<net id="301"><net_src comp="295" pin="1"/><net_sink comp="278" pin=1"/></net>

<net id="305"><net_src comp="58" pin="1"/><net_sink comp="302" pin=0"/></net>

<net id="306"><net_src comp="302" pin="1"/><net_sink comp="147" pin=1"/></net>

<net id="307"><net_src comp="302" pin="1"/><net_sink comp="172" pin=0"/></net>

<net id="308"><net_src comp="302" pin="1"/><net_sink comp="273" pin=1"/></net>

<net id="309"><net_src comp="302" pin="1"/><net_sink comp="283" pin=0"/></net>

<net id="313"><net_src comp="62" pin="1"/><net_sink comp="310" pin=0"/></net>

<net id="314"><net_src comp="310" pin="1"/><net_sink comp="142" pin=1"/></net>

<net id="315"><net_src comp="310" pin="1"/><net_sink comp="175" pin=0"/></net>

<net id="316"><net_src comp="310" pin="1"/><net_sink comp="268" pin=1"/></net>

<net id="317"><net_src comp="310" pin="1"/><net_sink comp="287" pin=0"/></net>

<net id="321"><net_src comp="66" pin="1"/><net_sink comp="318" pin=0"/></net>

<net id="322"><net_src comp="318" pin="1"/><net_sink comp="137" pin=1"/></net>

<net id="323"><net_src comp="318" pin="1"/><net_sink comp="178" pin=0"/></net>

<net id="324"><net_src comp="318" pin="1"/><net_sink comp="263" pin=1"/></net>

<net id="325"><net_src comp="318" pin="1"/><net_sink comp="291" pin=0"/></net>

</net_list>

</model> 
---------------- Datapath Model END ------------------

* FSMD analyzer results:
  - Output states:
	Port: activations1 | {2 }
	Port: activations2 | {2 }
	Port: activations3_2_1_out | {2 }
	Port: activations3_1_1_out | {2 }
	Port: activations3_0_1_out | {2 }
 - Input state : 
	Port: backprop_Pipeline_VITIS_LOOP_265_2 : activations3_2_0 | {1 }
	Port: backprop_Pipeline_VITIS_LOOP_265_2 : activations3_1_0 | {1 }
	Port: backprop_Pipeline_VITIS_LOOP_265_2 : activations3_0_0 | {1 }
  - Chain level:
	State 1
		store_ln0 : 1
	State 2
		icmp_ln265 : 1
		add_ln265 : 1
		br_ln265 : 2
		j_cast29 : 1
		activations1_addr : 2
		store_ln266 : 3
		activations2_addr : 2
		store_ln267 : 3
		icmp_ln268 : 1
		trunc_ln269 : 1
		icmp_ln269 : 2
		icmp_ln269_1 : 2
		or_ln269 : 3
		select_ln269 : 3
		select_ln269_1 : 3
		select_ln269_2 : 3
		select_ln268 : 4
		select_ln268_1 : 4
		select_ln268_2 : 4
		store_ln265 : 5
		store_ln265 : 5
		store_ln265 : 5
		store_ln265 : 2
		write_ln0 : 1
		write_ln0 : 1
		write_ln0 : 1


============================================================
+ Verbose Summary: Datapath Resource usage 
============================================================

* Functional unit list:
|----------|----------------------------------|---------|---------|
| Operation|          Functional Unit         |    FF   |   LUT   |
|----------|----------------------------------|---------|---------|
|          |        select_ln269_fu_215       |    0    |    64   |
|          |       select_ln269_1_fu_223      |    0    |    64   |
|  select  |       select_ln269_2_fu_231      |    0    |    64   |
|          |        select_ln268_fu_239       |    0    |    64   |
|          |       select_ln268_1_fu_247      |    0    |    64   |
|          |       select_ln268_2_fu_255      |    0    |    64   |
|----------|----------------------------------|---------|---------|
|          |         icmp_ln265_fu_160        |    0    |    10   |
|   icmp   |         icmp_ln268_fu_187        |    0    |    10   |
|          |         icmp_ln269_fu_197        |    0    |    8    |
|          |        icmp_ln269_1_fu_203       |    0    |    8    |
|----------|----------------------------------|---------|---------|
|    add   |         add_ln265_fu_166         |    0    |    14   |
|----------|----------------------------------|---------|---------|
|    or    |          or_ln269_fu_209         |    0    |    2    |
|----------|----------------------------------|---------|---------|
|          | activations3_0_0_read_read_fu_70 |    0    |    0    |
|   read   | activations3_1_0_read_read_fu_76 |    0    |    0    |
|          | activations3_2_0_read_read_fu_82 |    0    |    0    |
|----------|----------------------------------|---------|---------|
|          |       write_ln0_write_fu_88      |    0    |    0    |
|   write  |       write_ln0_write_fu_95      |    0    |    0    |
|          |      write_ln0_write_fu_102      |    0    |    0    |
|----------|----------------------------------|---------|---------|
|   zext   |          j_cast29_fu_181         |    0    |    0    |
|----------|----------------------------------|---------|---------|
|   trunc  |        trunc_ln269_fu_193        |    0    |    0    |
|----------|----------------------------------|---------|---------|
|   Total  |                                  |    0    |   436   |
|----------|----------------------------------|---------|---------|

Memories:
N/A

* Register list:
+------------------------+--------+
|                        |   FF   |
+------------------------+--------+
|activations3_0_1_reg_302|   64   |
|activations3_1_1_reg_310|   64   |
|activations3_2_1_reg_318|   64   |
|        j_reg_295       |    7   |
+------------------------+--------+
|          Total         |   199  |
+------------------------+--------+

* Multiplexer (MUX) list: 
|--------|------|------|------|--------|
|  Comp  |  Pin | Size |  BW  | S x BW |
|--------|------|------|------|--------|
|  Total |      |      |      |    0   |
|--------|------|------|------|--------|



* Summary:
+-----------+--------+--------+
|           |   FF   |   LUT  |
+-----------+--------+--------+
|  Function |    0   |   436  |
|   Memory  |    -   |    -   |
|Multiplexer|    -   |    -   |
|  Register |   199  |    -   |
+-----------+--------+--------+
|   Total   |   199  |   436  |
+-----------+--------+--------+
