

================================================================
== Vitis HLS Report for 'update_weights_1_Pipeline_VITIS_LOOP_203_10_VITIS_LOOP_204_11'
================================================================
* Date:           Wed Dec 20 21:42:41 2023

* Version:        2022.1 (Build 3526262 on Mon Apr 18 15:47:01 MDT 2022)
* Project:        backprop_syn
* Solution:       solution (Vivado IP Flow Target)
* Product family: virtex7
* Target device:  xc7v585t-ffg1761-2


================================================================
== Performance Estimates
================================================================
+ Timing: 
    * Summary: 
    +--------+----------+----------+------------+
    |  Clock |  Target  | Estimated| Uncertainty|
    +--------+----------+----------+------------+
    |ap_clk  |  10.00 ns|  6.288 ns|     2.70 ns|
    +--------+----------+----------+------------+

+ Latency: 
    * Summary: 
    +---------+---------+-----------+-----------+------+------+---------+
    |  Latency (cycles) |   Latency (absolute)  |   Interval  | Pipeline|
    |   min   |   max   |    min    |    max    |  min |  max |   Type  |
    +---------+---------+-----------+-----------+------+------+---------+
    |     4121|     4121|  41.210 us|  41.210 us|  4121|  4121|       no|
    +---------+---------+-----------+-----------+------+------+---------+

    + Detail: 
        * Instance: 
        N/A

        * Loop: 
        +---------------------------------------+---------+---------+----------+-----------+-----------+------+----------+
        |                                       |  Latency (cycles) | Iteration|  Initiation Interval  | Trip |          |
        |               Loop Name               |   min   |   max   |  Latency |  achieved |   target  | Count| Pipelined|
        +---------------------------------------+---------+---------+----------+-----------+-----------+------+----------+
        |- VITIS_LOOP_203_10_VITIS_LOOP_204_11  |     4119|     4119|        25|          1|          1|  4096|       yes|
        +---------------------------------------+---------+---------+----------+-----------+-----------+------+----------+

============================================================
+ Verbose Summary: Synthesis Manager
============================================================
InlineROM: 1
ExposeGlobal: 0
============================================================
+ Verbose Summary: CDFG Model
============================================================
IsTopModel: 0
ResetActiveHigh: 1
IsCombinational: 0
IsDatapathOnly: 0
HasWiredReturn: 1
HasMFsm: 2
HasVarLatency: 1
IsPipeline: 0
IsRtlPipelined: 0
IsInstanceOverlapped: 0
IsDontTouch: 0
HasImplIP: 0
IsGatedGlobalClock: 0

+ Individual pipeline summary: 
  * Pipeline-0: initiation interval (II) = 1, depth = 25


============================================================
+ Verbose Summary: Schedule
============================================================
* Number of FSM states : 25
* Pipeline : 1
  Pipeline-0 : II = 1, D = 25, States = { 1 2 3 4 5 6 7 8 9 10 11 12 13 14 15 16 17 18 19 20 21 22 23 24 25 }
* Dataflow Pipeline: 0

* FSM state transitions: 
1 --> 2 
2 --> 3 
3 --> 4 
4 --> 5 
5 --> 6 
6 --> 7 
7 --> 8 
8 --> 9 
9 --> 10 
10 --> 11 
11 --> 12 
12 --> 13 
13 --> 14 
14 --> 15 
15 --> 16 
16 --> 17 
17 --> 18 
18 --> 19 
19 --> 20 
20 --> 21 
21 --> 22 
22 --> 23 
23 --> 24 
24 --> 25 
25 --> 

* FSM state operations: 

State 1 <SV = 0> <Delay = 4.05>
ST_1 : Operation 28 [1/1] (0.00ns)   --->   "%j = alloca i32 1"   --->   Operation 28 'alloca' 'j' <Predicate = true> <Delay = 0.00>
ST_1 : Operation 29 [1/1] (0.00ns)   --->   "%i = alloca i32 1"   --->   Operation 29 'alloca' 'i' <Predicate = true> <Delay = 0.00>
ST_1 : Operation 30 [1/1] (0.00ns)   --->   "%indvar_flatten23 = alloca i32 1"   --->   Operation 30 'alloca' 'indvar_flatten23' <Predicate = true> <Delay = 0.00>
ST_1 : Operation 31 [1/1] (0.00ns)   --->   "%specinterface_ln0 = specinterface void @_ssdm_op_SpecInterface, i64 %weights2, void @empty_17, i32 0, i32 0, void @empty_18, i32 4294967295, i32 0, void @empty_18, void @empty_18, void @empty_18, i32 0, i32 0, i32 0, i32 0, void @empty_18, void @empty_18, i32 4294967295, i32 0"   --->   Operation 31 'specinterface' 'specinterface_ln0' <Predicate = true> <Delay = 0.00>
ST_1 : Operation 32 [1/1] (0.00ns)   --->   "%norm_5_read = read i64 @_ssdm_op_Read.ap_auto.double, i64 %norm_5"   --->   Operation 32 'read' 'norm_5_read' <Predicate = true> <Delay = 0.00>
ST_1 : Operation 33 [1/1] (0.84ns)   --->   "%store_ln0 = store i13 0, i13 %indvar_flatten23"   --->   Operation 33 'store' 'store_ln0' <Predicate = true> <Delay = 0.84>
ST_1 : Operation 34 [1/1] (0.84ns)   --->   "%store_ln0 = store i7 0, i7 %i"   --->   Operation 34 'store' 'store_ln0' <Predicate = true> <Delay = 0.84>
ST_1 : Operation 35 [1/1] (0.84ns)   --->   "%store_ln0 = store i7 0, i7 %j"   --->   Operation 35 'store' 'store_ln0' <Predicate = true> <Delay = 0.84>
ST_1 : Operation 36 [1/1] (0.00ns)   --->   "%br_ln0 = br void %for.inc136"   --->   Operation 36 'br' 'br_ln0' <Predicate = true> <Delay = 0.00>
ST_1 : Operation 37 [1/1] (0.00ns)   --->   "%indvar_flatten23_load = load i13 %indvar_flatten23" [backprop.c:203]   --->   Operation 37 'load' 'indvar_flatten23_load' <Predicate = true> <Delay = 0.00>
ST_1 : Operation 38 [1/1] (0.00ns)   --->   "%specpipeline_ln0 = specpipeline void @_ssdm_op_SpecPipeline, i32 4294967295, i32 0, i32 1, i32 0, void @p_str"   --->   Operation 38 'specpipeline' 'specpipeline_ln0' <Predicate = true> <Delay = 0.00>
ST_1 : Operation 39 [1/1] (1.06ns)   --->   "%icmp_ln203 = icmp_eq  i13 %indvar_flatten23_load, i13 4096" [backprop.c:203]   --->   Operation 39 'icmp' 'icmp_ln203' <Predicate = true> <Delay = 1.06> <CoreInst = "Cmp">   --->   Core 9 'Cmp' <Latency = 0> <II = 1> <Delay = 1.06> <FuncUnit> <Opcode : 'icmp'> <InPorts = 2> <OutPorts = 1>
ST_1 : Operation 40 [1/1] (1.32ns)   --->   "%add_ln203 = add i13 %indvar_flatten23_load, i13 1" [backprop.c:203]   --->   Operation 40 'add' 'add_ln203' <Predicate = true> <Delay = 1.32> <CoreInst = "Adder">   --->   Core 1 'Adder' <Latency = 0> <II = 1> <Delay = 1.32> <FuncUnit> <Opcode : 'add' 'sub'> <InPorts = 2> <OutPorts = 1>
ST_1 : Operation 41 [1/1] (0.00ns)   --->   "%br_ln203 = br i1 %icmp_ln203, void %for.inc139, void %VITIS_LOOP_208_12.exitStub" [backprop.c:203]   --->   Operation 41 'br' 'br_ln203' <Predicate = true> <Delay = 0.00>
ST_1 : Operation 42 [1/1] (0.00ns)   --->   "%j_load = load i7 %j" [backprop.c:204]   --->   Operation 42 'load' 'j_load' <Predicate = (!icmp_ln203)> <Delay = 0.00>
ST_1 : Operation 43 [1/1] (0.00ns)   --->   "%i_load = load i7 %i" [backprop.c:203]   --->   Operation 43 'load' 'i_load' <Predicate = (!icmp_ln203)> <Delay = 0.00>
ST_1 : Operation 44 [1/1] (0.86ns)   --->   "%icmp_ln204 = icmp_eq  i7 %j_load, i7 64" [backprop.c:204]   --->   Operation 44 'icmp' 'icmp_ln204' <Predicate = (!icmp_ln203)> <Delay = 0.86> <CoreInst = "Cmp">   --->   Core 9 'Cmp' <Latency = 0> <II = 1> <Delay = 0.86> <FuncUnit> <Opcode : 'icmp'> <InPorts = 2> <OutPorts = 1>
ST_1 : Operation 45 [1/1] (0.51ns)   --->   "%select_ln158 = select i1 %icmp_ln204, i7 0, i7 %j_load" [backprop.c:158]   --->   Operation 45 'select' 'select_ln158' <Predicate = (!icmp_ln203)> <Delay = 0.51> <CoreInst = "Sel">   --->   Core 73 'Sel' <Latency = 0> <II = 1> <Delay = 0.51> <FuncUnit> <Opcode : 'select'> <InPorts = 3> <OutPorts = 1>
ST_1 : Operation 46 [1/1] (1.27ns)   --->   "%add_ln203_1 = add i7 %i_load, i7 1" [backprop.c:203]   --->   Operation 46 'add' 'add_ln203_1' <Predicate = (!icmp_ln203)> <Delay = 1.27> <CoreInst = "Adder">   --->   Core 1 'Adder' <Latency = 0> <II = 1> <Delay = 1.27> <FuncUnit> <Opcode : 'add' 'sub'> <InPorts = 2> <OutPorts = 1>
ST_1 : Operation 47 [1/1] (0.51ns)   --->   "%select_ln158_1 = select i1 %icmp_ln204, i7 %add_ln203_1, i7 %i_load" [backprop.c:158]   --->   Operation 47 'select' 'select_ln158_1' <Predicate = (!icmp_ln203)> <Delay = 0.51> <CoreInst = "Sel">   --->   Core 73 'Sel' <Latency = 0> <II = 1> <Delay = 0.51> <FuncUnit> <Opcode : 'select'> <InPorts = 3> <OutPorts = 1>
ST_1 : Operation 48 [1/1] (0.00ns)   --->   "%trunc_ln158 = trunc i7 %select_ln158_1" [backprop.c:158]   --->   Operation 48 'trunc' 'trunc_ln158' <Predicate = (!icmp_ln203)> <Delay = 0.00>
ST_1 : Operation 49 [1/1] (0.00ns)   --->   "%trunc_ln205 = trunc i7 %select_ln158" [backprop.c:205]   --->   Operation 49 'trunc' 'trunc_ln205' <Predicate = (!icmp_ln203)> <Delay = 0.00>
ST_1 : Operation 50 [1/1] (0.00ns)   --->   "%add_ln1 = bitconcatenate i12 @_ssdm_op_BitConcatenate.i12.i6.i6, i6 %trunc_ln158, i6 %trunc_ln205" [backprop.c:205]   --->   Operation 50 'bitconcatenate' 'add_ln1' <Predicate = (!icmp_ln203)> <Delay = 0.00>
ST_1 : Operation 51 [1/1] (0.00ns)   --->   "%zext_ln205 = zext i12 %add_ln1" [backprop.c:205]   --->   Operation 51 'zext' 'zext_ln205' <Predicate = (!icmp_ln203)> <Delay = 0.00>
ST_1 : Operation 52 [1/1] (0.00ns)   --->   "%weights2_addr = getelementptr i64 %weights2, i64 0, i64 %zext_ln205" [backprop.c:205]   --->   Operation 52 'getelementptr' 'weights2_addr' <Predicate = (!icmp_ln203)> <Delay = 0.00>
ST_1 : Operation 53 [2/2] (2.26ns)   --->   "%weights2_load = load i12 %weights2_addr" [backprop.c:205]   --->   Operation 53 'load' 'weights2_load' <Predicate = (!icmp_ln203)> <Delay = 2.26> <CoreInst = "RAM">   --->   Core 82 'RAM' <Latency = 1> <II = 1> <Delay = 2.26> <Storage> <Opcode : 'load' 'store'> <Ports = 2> <Width = 64> <Depth = 4096> <RAM>
ST_1 : Operation 54 [1/1] (1.27ns)   --->   "%add_ln204 = add i7 %select_ln158, i7 1" [backprop.c:204]   --->   Operation 54 'add' 'add_ln204' <Predicate = (!icmp_ln203)> <Delay = 1.27> <CoreInst = "Adder">   --->   Core 1 'Adder' <Latency = 0> <II = 1> <Delay = 1.27> <FuncUnit> <Opcode : 'add' 'sub'> <InPorts = 2> <OutPorts = 1>
ST_1 : Operation 55 [1/1] (0.84ns)   --->   "%store_ln204 = store i13 %add_ln203, i13 %indvar_flatten23" [backprop.c:204]   --->   Operation 55 'store' 'store_ln204' <Predicate = (!icmp_ln203)> <Delay = 0.84>
ST_1 : Operation 56 [1/1] (0.84ns)   --->   "%store_ln204 = store i7 %select_ln158_1, i7 %i" [backprop.c:204]   --->   Operation 56 'store' 'store_ln204' <Predicate = (!icmp_ln203)> <Delay = 0.84>
ST_1 : Operation 57 [1/1] (0.84ns)   --->   "%store_ln204 = store i7 %add_ln204, i7 %j" [backprop.c:204]   --->   Operation 57 'store' 'store_ln204' <Predicate = (!icmp_ln203)> <Delay = 0.84>

State 2 <SV = 1> <Delay = 2.26>
ST_2 : Operation 58 [1/2] (2.26ns)   --->   "%weights2_load = load i12 %weights2_addr" [backprop.c:205]   --->   Operation 58 'load' 'weights2_load' <Predicate = true> <Delay = 2.26> <CoreInst = "RAM">   --->   Core 82 'RAM' <Latency = 1> <II = 1> <Delay = 2.26> <Storage> <Opcode : 'load' 'store'> <Ports = 2> <Width = 64> <Depth = 4096> <RAM>

State 3 <SV = 2> <Delay = 6.28>
ST_3 : Operation 59 [1/1] (0.00ns)   --->   "%bitcast_ln205 = bitcast i64 %weights2_load" [backprop.c:205]   --->   Operation 59 'bitcast' 'bitcast_ln205' <Predicate = true> <Delay = 0.00>
ST_3 : Operation 60 [22/22] (6.28ns)   --->   "%div3 = ddiv i64 %bitcast_ln205, i64 %norm_5_read" [backprop.c:205]   --->   Operation 60 'ddiv' 'div3' <Predicate = true> <Delay = 6.28> <CoreInst = "DDiv">   --->   Core 39 'DDiv' <Latency = 21> <II = 1> <Delay = 6.28> <FuncUnit> <Opcode : 'ddiv' 'drem'> <InPorts = 2> <OutPorts = 1>

State 4 <SV = 3> <Delay = 6.28>
ST_4 : Operation 61 [21/22] (6.28ns)   --->   "%div3 = ddiv i64 %bitcast_ln205, i64 %norm_5_read" [backprop.c:205]   --->   Operation 61 'ddiv' 'div3' <Predicate = true> <Delay = 6.28> <CoreInst = "DDiv">   --->   Core 39 'DDiv' <Latency = 21> <II = 1> <Delay = 6.28> <FuncUnit> <Opcode : 'ddiv' 'drem'> <InPorts = 2> <OutPorts = 1>

State 5 <SV = 4> <Delay = 6.28>
ST_5 : Operation 62 [20/22] (6.28ns)   --->   "%div3 = ddiv i64 %bitcast_ln205, i64 %norm_5_read" [backprop.c:205]   --->   Operation 62 'ddiv' 'div3' <Predicate = true> <Delay = 6.28> <CoreInst = "DDiv">   --->   Core 39 'DDiv' <Latency = 21> <II = 1> <Delay = 6.28> <FuncUnit> <Opcode : 'ddiv' 'drem'> <InPorts = 2> <OutPorts = 1>

State 6 <SV = 5> <Delay = 6.28>
ST_6 : Operation 63 [19/22] (6.28ns)   --->   "%div3 = ddiv i64 %bitcast_ln205, i64 %norm_5_read" [backprop.c:205]   --->   Operation 63 'ddiv' 'div3' <Predicate = true> <Delay = 6.28> <CoreInst = "DDiv">   --->   Core 39 'DDiv' <Latency = 21> <II = 1> <Delay = 6.28> <FuncUnit> <Opcode : 'ddiv' 'drem'> <InPorts = 2> <OutPorts = 1>

State 7 <SV = 6> <Delay = 6.28>
ST_7 : Operation 64 [18/22] (6.28ns)   --->   "%div3 = ddiv i64 %bitcast_ln205, i64 %norm_5_read" [backprop.c:205]   --->   Operation 64 'ddiv' 'div3' <Predicate = true> <Delay = 6.28> <CoreInst = "DDiv">   --->   Core 39 'DDiv' <Latency = 21> <II = 1> <Delay = 6.28> <FuncUnit> <Opcode : 'ddiv' 'drem'> <InPorts = 2> <OutPorts = 1>

State 8 <SV = 7> <Delay = 6.28>
ST_8 : Operation 65 [17/22] (6.28ns)   --->   "%div3 = ddiv i64 %bitcast_ln205, i64 %norm_5_read" [backprop.c:205]   --->   Operation 65 'ddiv' 'div3' <Predicate = true> <Delay = 6.28> <CoreInst = "DDiv">   --->   Core 39 'DDiv' <Latency = 21> <II = 1> <Delay = 6.28> <FuncUnit> <Opcode : 'ddiv' 'drem'> <InPorts = 2> <OutPorts = 1>

State 9 <SV = 8> <Delay = 6.28>
ST_9 : Operation 66 [16/22] (6.28ns)   --->   "%div3 = ddiv i64 %bitcast_ln205, i64 %norm_5_read" [backprop.c:205]   --->   Operation 66 'ddiv' 'div3' <Predicate = true> <Delay = 6.28> <CoreInst = "DDiv">   --->   Core 39 'DDiv' <Latency = 21> <II = 1> <Delay = 6.28> <FuncUnit> <Opcode : 'ddiv' 'drem'> <InPorts = 2> <OutPorts = 1>

State 10 <SV = 9> <Delay = 6.28>
ST_10 : Operation 67 [15/22] (6.28ns)   --->   "%div3 = ddiv i64 %bitcast_ln205, i64 %norm_5_read" [backprop.c:205]   --->   Operation 67 'ddiv' 'div3' <Predicate = true> <Delay = 6.28> <CoreInst = "DDiv">   --->   Core 39 'DDiv' <Latency = 21> <II = 1> <Delay = 6.28> <FuncUnit> <Opcode : 'ddiv' 'drem'> <InPorts = 2> <OutPorts = 1>

State 11 <SV = 10> <Delay = 6.28>
ST_11 : Operation 68 [14/22] (6.28ns)   --->   "%div3 = ddiv i64 %bitcast_ln205, i64 %norm_5_read" [backprop.c:205]   --->   Operation 68 'ddiv' 'div3' <Predicate = true> <Delay = 6.28> <CoreInst = "DDiv">   --->   Core 39 'DDiv' <Latency = 21> <II = 1> <Delay = 6.28> <FuncUnit> <Opcode : 'ddiv' 'drem'> <InPorts = 2> <OutPorts = 1>

State 12 <SV = 11> <Delay = 6.28>
ST_12 : Operation 69 [13/22] (6.28ns)   --->   "%div3 = ddiv i64 %bitcast_ln205, i64 %norm_5_read" [backprop.c:205]   --->   Operation 69 'ddiv' 'div3' <Predicate = true> <Delay = 6.28> <CoreInst = "DDiv">   --->   Core 39 'DDiv' <Latency = 21> <II = 1> <Delay = 6.28> <FuncUnit> <Opcode : 'ddiv' 'drem'> <InPorts = 2> <OutPorts = 1>

State 13 <SV = 12> <Delay = 6.28>
ST_13 : Operation 70 [12/22] (6.28ns)   --->   "%div3 = ddiv i64 %bitcast_ln205, i64 %norm_5_read" [backprop.c:205]   --->   Operation 70 'ddiv' 'div3' <Predicate = true> <Delay = 6.28> <CoreInst = "DDiv">   --->   Core 39 'DDiv' <Latency = 21> <II = 1> <Delay = 6.28> <FuncUnit> <Opcode : 'ddiv' 'drem'> <InPorts = 2> <OutPorts = 1>

State 14 <SV = 13> <Delay = 6.28>
ST_14 : Operation 71 [11/22] (6.28ns)   --->   "%div3 = ddiv i64 %bitcast_ln205, i64 %norm_5_read" [backprop.c:205]   --->   Operation 71 'ddiv' 'div3' <Predicate = true> <Delay = 6.28> <CoreInst = "DDiv">   --->   Core 39 'DDiv' <Latency = 21> <II = 1> <Delay = 6.28> <FuncUnit> <Opcode : 'ddiv' 'drem'> <InPorts = 2> <OutPorts = 1>

State 15 <SV = 14> <Delay = 6.28>
ST_15 : Operation 72 [10/22] (6.28ns)   --->   "%div3 = ddiv i64 %bitcast_ln205, i64 %norm_5_read" [backprop.c:205]   --->   Operation 72 'ddiv' 'div3' <Predicate = true> <Delay = 6.28> <CoreInst = "DDiv">   --->   Core 39 'DDiv' <Latency = 21> <II = 1> <Delay = 6.28> <FuncUnit> <Opcode : 'ddiv' 'drem'> <InPorts = 2> <OutPorts = 1>

State 16 <SV = 15> <Delay = 6.28>
ST_16 : Operation 73 [9/22] (6.28ns)   --->   "%div3 = ddiv i64 %bitcast_ln205, i64 %norm_5_read" [backprop.c:205]   --->   Operation 73 'ddiv' 'div3' <Predicate = true> <Delay = 6.28> <CoreInst = "DDiv">   --->   Core 39 'DDiv' <Latency = 21> <II = 1> <Delay = 6.28> <FuncUnit> <Opcode : 'ddiv' 'drem'> <InPorts = 2> <OutPorts = 1>

State 17 <SV = 16> <Delay = 6.28>
ST_17 : Operation 74 [8/22] (6.28ns)   --->   "%div3 = ddiv i64 %bitcast_ln205, i64 %norm_5_read" [backprop.c:205]   --->   Operation 74 'ddiv' 'div3' <Predicate = true> <Delay = 6.28> <CoreInst = "DDiv">   --->   Core 39 'DDiv' <Latency = 21> <II = 1> <Delay = 6.28> <FuncUnit> <Opcode : 'ddiv' 'drem'> <InPorts = 2> <OutPorts = 1>

State 18 <SV = 17> <Delay = 6.28>
ST_18 : Operation 75 [7/22] (6.28ns)   --->   "%div3 = ddiv i64 %bitcast_ln205, i64 %norm_5_read" [backprop.c:205]   --->   Operation 75 'ddiv' 'div3' <Predicate = true> <Delay = 6.28> <CoreInst = "DDiv">   --->   Core 39 'DDiv' <Latency = 21> <II = 1> <Delay = 6.28> <FuncUnit> <Opcode : 'ddiv' 'drem'> <InPorts = 2> <OutPorts = 1>

State 19 <SV = 18> <Delay = 6.28>
ST_19 : Operation 76 [6/22] (6.28ns)   --->   "%div3 = ddiv i64 %bitcast_ln205, i64 %norm_5_read" [backprop.c:205]   --->   Operation 76 'ddiv' 'div3' <Predicate = true> <Delay = 6.28> <CoreInst = "DDiv">   --->   Core 39 'DDiv' <Latency = 21> <II = 1> <Delay = 6.28> <FuncUnit> <Opcode : 'ddiv' 'drem'> <InPorts = 2> <OutPorts = 1>

State 20 <SV = 19> <Delay = 6.28>
ST_20 : Operation 77 [5/22] (6.28ns)   --->   "%div3 = ddiv i64 %bitcast_ln205, i64 %norm_5_read" [backprop.c:205]   --->   Operation 77 'ddiv' 'div3' <Predicate = true> <Delay = 6.28> <CoreInst = "DDiv">   --->   Core 39 'DDiv' <Latency = 21> <II = 1> <Delay = 6.28> <FuncUnit> <Opcode : 'ddiv' 'drem'> <InPorts = 2> <OutPorts = 1>

State 21 <SV = 20> <Delay = 6.28>
ST_21 : Operation 78 [4/22] (6.28ns)   --->   "%div3 = ddiv i64 %bitcast_ln205, i64 %norm_5_read" [backprop.c:205]   --->   Operation 78 'ddiv' 'div3' <Predicate = true> <Delay = 6.28> <CoreInst = "DDiv">   --->   Core 39 'DDiv' <Latency = 21> <II = 1> <Delay = 6.28> <FuncUnit> <Opcode : 'ddiv' 'drem'> <InPorts = 2> <OutPorts = 1>

State 22 <SV = 21> <Delay = 6.28>
ST_22 : Operation 79 [3/22] (6.28ns)   --->   "%div3 = ddiv i64 %bitcast_ln205, i64 %norm_5_read" [backprop.c:205]   --->   Operation 79 'ddiv' 'div3' <Predicate = true> <Delay = 6.28> <CoreInst = "DDiv">   --->   Core 39 'DDiv' <Latency = 21> <II = 1> <Delay = 6.28> <FuncUnit> <Opcode : 'ddiv' 'drem'> <InPorts = 2> <OutPorts = 1>

State 23 <SV = 22> <Delay = 6.28>
ST_23 : Operation 80 [2/22] (6.28ns)   --->   "%div3 = ddiv i64 %bitcast_ln205, i64 %norm_5_read" [backprop.c:205]   --->   Operation 80 'ddiv' 'div3' <Predicate = true> <Delay = 6.28> <CoreInst = "DDiv">   --->   Core 39 'DDiv' <Latency = 21> <II = 1> <Delay = 6.28> <FuncUnit> <Opcode : 'ddiv' 'drem'> <InPorts = 2> <OutPorts = 1>

State 24 <SV = 23> <Delay = 6.28>
ST_24 : Operation 81 [1/22] (6.28ns)   --->   "%div3 = ddiv i64 %bitcast_ln205, i64 %norm_5_read" [backprop.c:205]   --->   Operation 81 'ddiv' 'div3' <Predicate = true> <Delay = 6.28> <CoreInst = "DDiv">   --->   Core 39 'DDiv' <Latency = 21> <II = 1> <Delay = 6.28> <FuncUnit> <Opcode : 'ddiv' 'drem'> <InPorts = 2> <OutPorts = 1>
ST_24 : Operation 89 [1/1] (0.00ns)   --->   "%ret_ln0 = ret"   --->   Operation 89 'ret' 'ret_ln0' <Predicate = (icmp_ln203)> <Delay = 0.00>

State 25 <SV = 24> <Delay = 2.26>
ST_25 : Operation 82 [1/1] (0.00ns)   --->   "%specloopname_ln0 = specloopname void @_ssdm_op_SpecLoopName, void @VITIS_LOOP_203_10_VITIS_LOOP_204_11_str"   --->   Operation 82 'specloopname' 'specloopname_ln0' <Predicate = true> <Delay = 0.00>
ST_25 : Operation 83 [1/1] (0.00ns)   --->   "%empty = speclooptripcount i32 @_ssdm_op_SpecLoopTripCount, i64 4096, i64 4096, i64 4096"   --->   Operation 83 'speclooptripcount' 'empty' <Predicate = true> <Delay = 0.00>
ST_25 : Operation 84 [1/1] (0.00ns)   --->   "%specpipeline_ln0 = specpipeline void @_ssdm_op_SpecPipeline, i32 4294967295, i32 0, i32 1, i32 0, void @p_str"   --->   Operation 84 'specpipeline' 'specpipeline_ln0' <Predicate = true> <Delay = 0.00>
ST_25 : Operation 85 [1/1] (0.00ns)   --->   "%specloopname_ln158 = specloopname void @_ssdm_op_SpecLoopName, void @empty_10" [backprop.c:158]   --->   Operation 85 'specloopname' 'specloopname_ln158' <Predicate = true> <Delay = 0.00>
ST_25 : Operation 86 [1/1] (0.00ns)   --->   "%bitcast_ln205_1 = bitcast i64 %div3" [backprop.c:205]   --->   Operation 86 'bitcast' 'bitcast_ln205_1' <Predicate = true> <Delay = 0.00>
ST_25 : Operation 87 [1/1] (2.26ns)   --->   "%store_ln205 = store i64 %bitcast_ln205_1, i12 %weights2_addr" [backprop.c:205]   --->   Operation 87 'store' 'store_ln205' <Predicate = true> <Delay = 2.26> <CoreInst = "RAM">   --->   Core 82 'RAM' <Latency = 1> <II = 1> <Delay = 2.26> <Storage> <Opcode : 'load' 'store'> <Ports = 2> <Width = 64> <Depth = 4096> <RAM>
ST_25 : Operation 88 [1/1] (0.00ns)   --->   "%br_ln204 = br void %for.inc136" [backprop.c:204]   --->   Operation 88 'br' 'br_ln204' <Predicate = true> <Delay = 0.00>


============================================================
+ Verbose Summary: Binding
============================================================
STG Binding: 
---------------- STG Properties BEGIN ----------------
- Is combinational: 0
- Is one-state seq: 0
- Is datapath-only: 0
- Is pipelined: 0
- Is top level: 0
Port [ Return ] is wired: 1; IO mode=ap_ctrl_hs:ce=0
Port [ weights2]:  wired=1; compound=1; hidden=0; nouse=0; global=0; static=0; extern=0; dir=2; type=1; pingpong=0; private_global=0; MemPort=[01]; IO mode=ap_memory:ce=0
Port [ norm_5]:  wired=1; compound=0; hidden=0; nouse=0; global=0; static=0; extern=0; dir=0; type=0; pingpong=0; private_global=0; IO mode=ap_none:ce=0
---------------- STG Properties END ------------------

---------------- Datapath Model BEGIN ----------------

<LifeTime>
<method=bitvector/>
j                     (alloca           ) [ 01000000000000000000000000]
i                     (alloca           ) [ 01000000000000000000000000]
indvar_flatten23      (alloca           ) [ 01000000000000000000000000]
specinterface_ln0     (specinterface    ) [ 00000000000000000000000000]
norm_5_read           (read             ) [ 01111111111111111111111110]
store_ln0             (store            ) [ 00000000000000000000000000]
store_ln0             (store            ) [ 00000000000000000000000000]
store_ln0             (store            ) [ 00000000000000000000000000]
br_ln0                (br               ) [ 00000000000000000000000000]
indvar_flatten23_load (load             ) [ 00000000000000000000000000]
specpipeline_ln0      (specpipeline     ) [ 00000000000000000000000000]
icmp_ln203            (icmp             ) [ 01111111111111111111111110]
add_ln203             (add              ) [ 00000000000000000000000000]
br_ln203              (br               ) [ 00000000000000000000000000]
j_load                (load             ) [ 00000000000000000000000000]
i_load                (load             ) [ 00000000000000000000000000]
icmp_ln204            (icmp             ) [ 00000000000000000000000000]
select_ln158          (select           ) [ 00000000000000000000000000]
add_ln203_1           (add              ) [ 00000000000000000000000000]
select_ln158_1        (select           ) [ 00000000000000000000000000]
trunc_ln158           (trunc            ) [ 00000000000000000000000000]
trunc_ln205           (trunc            ) [ 00000000000000000000000000]
add_ln1               (bitconcatenate   ) [ 00000000000000000000000000]
zext_ln205            (zext             ) [ 00000000000000000000000000]
weights2_addr         (getelementptr    ) [ 01111111111111111111111111]
add_ln204             (add              ) [ 00000000000000000000000000]
store_ln204           (store            ) [ 00000000000000000000000000]
store_ln204           (store            ) [ 00000000000000000000000000]
store_ln204           (store            ) [ 00000000000000000000000000]
weights2_load         (load             ) [ 01010000000000000000000000]
bitcast_ln205         (bitcast          ) [ 01001111111111111111111110]
div3                  (ddiv             ) [ 01000000000000000000000001]
specloopname_ln0      (specloopname     ) [ 00000000000000000000000000]
empty                 (speclooptripcount) [ 00000000000000000000000000]
specpipeline_ln0      (specpipeline     ) [ 00000000000000000000000000]
specloopname_ln158    (specloopname     ) [ 00000000000000000000000000]
bitcast_ln205_1       (bitcast          ) [ 00000000000000000000000000]
store_ln205           (store            ) [ 00000000000000000000000000]
br_ln204              (br               ) [ 00000000000000000000000000]
ret_ln0               (ret              ) [ 00000000000000000000000000]
</LifeTime>

<model>

<comp_list>
<comp id="0" class="1000" name="weights2">
<pin_list>
<pin id="1" dir="1" index="0" bw="1" slack="0"/>
</pin_list>
<bind>
<StgValue><ssdm name="weights2"/><MemPortTyVec>0 1 </MemPortTyVec>
</StgValue>
</bind>
</comp>

<comp id="2" class="1000" name="norm_5">
<pin_list>
<pin id="3" dir="1" index="0" bw="1" slack="0"/>
</pin_list>
<bind>
<StgValue><ssdm name="norm_5"/></StgValue>
</bind>
</comp>

<comp id="4" class="1001" name="const_4">
<pin_list>
<pin id="5" dir="1" index="0" bw="1" slack="0"/>
</pin_list>
<bind>
<StgValue><ssdm name=""/></StgValue>
</bind>
</comp>

<comp id="6" class="1001" name="const_6">
<pin_list>
<pin id="7" dir="1" index="0" bw="1" slack="2147483647"/>
</pin_list>
<bind>
<StgValue><ssdm name="_ssdm_op_SpecInterface"/></StgValue>
</bind>
</comp>

<comp id="8" class="1001" name="const_8">
<pin_list>
<pin id="9" dir="1" index="0" bw="1" slack="2147483647"/>
</pin_list>
<bind>
<StgValue><ssdm name="empty_17"/></StgValue>
</bind>
</comp>

<comp id="10" class="1001" name="const_10">
<pin_list>
<pin id="11" dir="1" index="0" bw="1" slack="2147483647"/>
</pin_list>
<bind>
<StgValue><ssdm name=""/></StgValue>
</bind>
</comp>

<comp id="12" class="1001" name="const_12">
<pin_list>
<pin id="13" dir="1" index="0" bw="1" slack="2147483647"/>
</pin_list>
<bind>
<StgValue><ssdm name="empty_18"/></StgValue>
</bind>
</comp>

<comp id="14" class="1001" name="const_14">
<pin_list>
<pin id="15" dir="1" index="0" bw="1" slack="2147483647"/>
</pin_list>
<bind>
<StgValue><ssdm name=""/></StgValue>
</bind>
</comp>

<comp id="16" class="1001" name="const_16">
<pin_list>
<pin id="17" dir="1" index="0" bw="1" slack="0"/>
</pin_list>
<bind>
<StgValue><ssdm name="_ssdm_op_Read.ap_auto.double"/></StgValue>
</bind>
</comp>

<comp id="18" class="1001" name="const_18">
<pin_list>
<pin id="19" dir="1" index="0" bw="1" slack="0"/>
</pin_list>
<bind>
<StgValue><ssdm name=""/></StgValue>
</bind>
</comp>

<comp id="20" class="1001" name="const_20">
<pin_list>
<pin id="21" dir="1" index="0" bw="1" slack="0"/>
</pin_list>
<bind>
<StgValue><ssdm name=""/></StgValue>
</bind>
</comp>

<comp id="22" class="1001" name="const_22">
<pin_list>
<pin id="23" dir="1" index="0" bw="1" slack="2147483647"/>
</pin_list>
<bind>
<StgValue><ssdm name="_ssdm_op_SpecPipeline"/></StgValue>
</bind>
</comp>

<comp id="24" class="1001" name="const_24">
<pin_list>
<pin id="25" dir="1" index="0" bw="1" slack="2147483647"/>
</pin_list>
<bind>
<StgValue><ssdm name="p_str"/></StgValue>
</bind>
</comp>

<comp id="26" class="1001" name="const_26">
<pin_list>
<pin id="27" dir="1" index="0" bw="1" slack="0"/>
</pin_list>
<bind>
<StgValue><ssdm name=""/></StgValue>
</bind>
</comp>

<comp id="28" class="1001" name="const_28">
<pin_list>
<pin id="29" dir="1" index="0" bw="1" slack="0"/>
</pin_list>
<bind>
<StgValue><ssdm name=""/></StgValue>
</bind>
</comp>

<comp id="30" class="1001" name="const_30">
<pin_list>
<pin id="31" dir="1" index="0" bw="1" slack="0"/>
</pin_list>
<bind>
<StgValue><ssdm name=""/></StgValue>
</bind>
</comp>

<comp id="32" class="1001" name="const_32">
<pin_list>
<pin id="33" dir="1" index="0" bw="1" slack="0"/>
</pin_list>
<bind>
<StgValue><ssdm name=""/></StgValue>
</bind>
</comp>

<comp id="34" class="1001" name="const_34">
<pin_list>
<pin id="35" dir="1" index="0" bw="1" slack="0"/>
</pin_list>
<bind>
<StgValue><ssdm name="_ssdm_op_BitConcatenate.i12.i6.i6"/></StgValue>
</bind>
</comp>

<comp id="36" class="1001" name="const_36">
<pin_list>
<pin id="37" dir="1" index="0" bw="1" slack="0"/>
</pin_list>
<bind>
<StgValue><ssdm name=""/></StgValue>
</bind>
</comp>

<comp id="38" class="1001" name="const_38">
<pin_list>
<pin id="39" dir="1" index="0" bw="1" slack="2147483647"/>
</pin_list>
<bind>
<StgValue><ssdm name="_ssdm_op_SpecLoopName"/></StgValue>
</bind>
</comp>

<comp id="40" class="1001" name="const_40">
<pin_list>
<pin id="41" dir="1" index="0" bw="1" slack="2147483647"/>
</pin_list>
<bind>
<StgValue><ssdm name="VITIS_LOOP_203_10_VITIS_LOOP_204_11_str"/></StgValue>
</bind>
</comp>

<comp id="42" class="1001" name="const_42">
<pin_list>
<pin id="43" dir="1" index="0" bw="1" slack="2147483647"/>
</pin_list>
<bind>
<StgValue><ssdm name="_ssdm_op_SpecLoopTripCount"/></StgValue>
</bind>
</comp>

<comp id="44" class="1001" name="const_44">
<pin_list>
<pin id="45" dir="1" index="0" bw="1" slack="2147483647"/>
</pin_list>
<bind>
<StgValue><ssdm name=""/></StgValue>
</bind>
</comp>

<comp id="46" class="1001" name="const_46">
<pin_list>
<pin id="47" dir="1" index="0" bw="1" slack="2147483647"/>
</pin_list>
<bind>
<StgValue><ssdm name="empty_10"/></StgValue>
</bind>
</comp>

<comp id="48" class="1004" name="j_fu_48">
<pin_list>
<pin id="49" dir="0" index="0" bw="1" slack="0"/>
<pin id="50" dir="1" index="1" bw="7" slack="0"/>
</pin_list>
<bind>
<opcode="alloca(26) " fcode="alloca"/>
<opset="j/1 "/>
</bind>
</comp>

<comp id="52" class="1004" name="i_fu_52">
<pin_list>
<pin id="53" dir="0" index="0" bw="1" slack="0"/>
<pin id="54" dir="1" index="1" bw="7" slack="0"/>
</pin_list>
<bind>
<opcode="alloca(26) " fcode="alloca"/>
<opset="i/1 "/>
</bind>
</comp>

<comp id="56" class="1004" name="indvar_flatten23_fu_56">
<pin_list>
<pin id="57" dir="0" index="0" bw="1" slack="0"/>
<pin id="58" dir="1" index="1" bw="13" slack="0"/>
</pin_list>
<bind>
<opcode="alloca(26) " fcode="alloca"/>
<opset="indvar_flatten23/1 "/>
</bind>
</comp>

<comp id="60" class="1004" name="norm_5_read_read_fu_60">
<pin_list>
<pin id="61" dir="0" index="0" bw="64" slack="0"/>
<pin id="62" dir="0" index="1" bw="64" slack="0"/>
<pin id="63" dir="1" index="2" bw="64" slack="2"/>
</pin_list>
<bind>
<opcode="read(1150) " fcode="read"/>
<opset="norm_5_read/1 "/>
</bind>
</comp>

<comp id="66" class="1004" name="weights2_addr_gep_fu_66">
<pin_list>
<pin id="67" dir="0" index="0" bw="64" slack="0"/>
<pin id="68" dir="0" index="1" bw="1" slack="0"/>
<pin id="69" dir="0" index="2" bw="12" slack="0"/>
<pin id="70" dir="1" index="3" bw="12" slack="0"/>
</pin_list>
<bind>
<opcode="getelementptr(29) " fcode="getelementptr"/>
<opset="weights2_addr/1 "/>
</bind>
</comp>

<comp id="73" class="1004" name="grp_access_fu_73">
<pin_list>
<pin id="74" dir="0" index="0" bw="12" slack="24"/>
<pin id="75" dir="0" index="1" bw="64" slack="0"/>
<pin id="76" dir="0" index="2" bw="0" slack="0"/>
<pin id="78" dir="0" index="4" bw="12" slack="2147483647"/>
<pin id="79" dir="0" index="5" bw="64" slack="2147483647"/>
<pin id="80" dir="0" index="6" bw="0" slack="2147483647"/>
<pin id="77" dir="1" index="3" bw="64" slack="2147483647"/>
<pin id="81" dir="1" index="7" bw="64" slack="1"/>
</pin_list>
<bind>
<opcode="load(27) store(28) " fcode="store"/>
<opset="weights2_load/1 store_ln205/25 "/>
</bind>
</comp>

<comp id="83" class="1004" name="grp_fu_83">
<pin_list>
<pin id="84" dir="0" index="0" bw="64" slack="0"/>
<pin id="85" dir="0" index="1" bw="64" slack="2"/>
<pin id="86" dir="1" index="2" bw="64" slack="1"/>
</pin_list>
<bind>
<opcode="ddiv(511) " fcode="ddiv"/>
<opset="div3/3 "/>
</bind>
</comp>

<comp id="87" class="1004" name="store_ln0_store_fu_87">
<pin_list>
<pin id="88" dir="0" index="0" bw="1" slack="0"/>
<pin id="89" dir="0" index="1" bw="13" slack="0"/>
<pin id="90" dir="1" index="2" bw="0" slack="2147483647"/>
</pin_list>
<bind>
<opcode="store(28) " fcode="store"/>
<opset="store_ln0/1 "/>
</bind>
</comp>

<comp id="92" class="1004" name="store_ln0_store_fu_92">
<pin_list>
<pin id="93" dir="0" index="0" bw="1" slack="0"/>
<pin id="94" dir="0" index="1" bw="7" slack="0"/>
<pin id="95" dir="1" index="2" bw="0" slack="2147483647"/>
</pin_list>
<bind>
<opcode="store(28) " fcode="store"/>
<opset="store_ln0/1 "/>
</bind>
</comp>

<comp id="97" class="1004" name="store_ln0_store_fu_97">
<pin_list>
<pin id="98" dir="0" index="0" bw="1" slack="0"/>
<pin id="99" dir="0" index="1" bw="7" slack="0"/>
<pin id="100" dir="1" index="2" bw="0" slack="2147483647"/>
</pin_list>
<bind>
<opcode="store(28) " fcode="store"/>
<opset="store_ln0/1 "/>
</bind>
</comp>

<comp id="102" class="1004" name="indvar_flatten23_load_load_fu_102">
<pin_list>
<pin id="103" dir="0" index="0" bw="13" slack="0"/>
<pin id="104" dir="1" index="1" bw="13" slack="0"/>
</pin_list>
<bind>
<opcode="load(27) " fcode="load"/>
<opset="indvar_flatten23_load/1 "/>
</bind>
</comp>

<comp id="105" class="1004" name="icmp_ln203_fu_105">
<pin_list>
<pin id="106" dir="0" index="0" bw="13" slack="0"/>
<pin id="107" dir="0" index="1" bw="13" slack="0"/>
<pin id="108" dir="1" index="2" bw="1" slack="23"/>
</pin_list>
<bind>
<opcode="icmp(45) " fcode="icmp"/>
<opset="icmp_ln203/1 "/>
</bind>
</comp>

<comp id="111" class="1004" name="add_ln203_fu_111">
<pin_list>
<pin id="112" dir="0" index="0" bw="13" slack="0"/>
<pin id="113" dir="0" index="1" bw="1" slack="0"/>
<pin id="114" dir="1" index="2" bw="13" slack="0"/>
</pin_list>
<bind>
<opcode="add(8) " fcode="add"/>
<opset="add_ln203/1 "/>
</bind>
</comp>

<comp id="117" class="1004" name="j_load_load_fu_117">
<pin_list>
<pin id="118" dir="0" index="0" bw="7" slack="0"/>
<pin id="119" dir="1" index="1" bw="7" slack="0"/>
</pin_list>
<bind>
<opcode="load(27) " fcode="load"/>
<opset="j_load/1 "/>
</bind>
</comp>

<comp id="120" class="1004" name="i_load_load_fu_120">
<pin_list>
<pin id="121" dir="0" index="0" bw="7" slack="0"/>
<pin id="122" dir="1" index="1" bw="7" slack="0"/>
</pin_list>
<bind>
<opcode="load(27) " fcode="load"/>
<opset="i_load/1 "/>
</bind>
</comp>

<comp id="123" class="1004" name="icmp_ln204_fu_123">
<pin_list>
<pin id="124" dir="0" index="0" bw="7" slack="0"/>
<pin id="125" dir="0" index="1" bw="7" slack="0"/>
<pin id="126" dir="1" index="2" bw="1" slack="0"/>
</pin_list>
<bind>
<opcode="icmp(45) " fcode="icmp"/>
<opset="icmp_ln204/1 "/>
</bind>
</comp>

<comp id="129" class="1004" name="select_ln158_fu_129">
<pin_list>
<pin id="130" dir="0" index="0" bw="1" slack="0"/>
<pin id="131" dir="0" index="1" bw="1" slack="0"/>
<pin id="132" dir="0" index="2" bw="7" slack="0"/>
<pin id="133" dir="1" index="3" bw="7" slack="0"/>
</pin_list>
<bind>
<opcode="select(49) " fcode="select"/>
<opset="select_ln158/1 "/>
</bind>
</comp>

<comp id="137" class="1004" name="add_ln203_1_fu_137">
<pin_list>
<pin id="138" dir="0" index="0" bw="7" slack="0"/>
<pin id="139" dir="0" index="1" bw="1" slack="0"/>
<pin id="140" dir="1" index="2" bw="7" slack="0"/>
</pin_list>
<bind>
<opcode="add(8) " fcode="add"/>
<opset="add_ln203_1/1 "/>
</bind>
</comp>

<comp id="143" class="1004" name="select_ln158_1_fu_143">
<pin_list>
<pin id="144" dir="0" index="0" bw="1" slack="0"/>
<pin id="145" dir="0" index="1" bw="7" slack="0"/>
<pin id="146" dir="0" index="2" bw="7" slack="0"/>
<pin id="147" dir="1" index="3" bw="7" slack="0"/>
</pin_list>
<bind>
<opcode="select(49) " fcode="select"/>
<opset="select_ln158_1/1 "/>
</bind>
</comp>

<comp id="151" class="1004" name="trunc_ln158_fu_151">
<pin_list>
<pin id="152" dir="0" index="0" bw="7" slack="0"/>
<pin id="153" dir="1" index="1" bw="6" slack="0"/>
</pin_list>
<bind>
<opcode="trunc(33) " fcode="trunc"/>
<opset="trunc_ln158/1 "/>
</bind>
</comp>

<comp id="155" class="1004" name="trunc_ln205_fu_155">
<pin_list>
<pin id="156" dir="0" index="0" bw="7" slack="0"/>
<pin id="157" dir="1" index="1" bw="6" slack="0"/>
</pin_list>
<bind>
<opcode="trunc(33) " fcode="trunc"/>
<opset="trunc_ln205/1 "/>
</bind>
</comp>

<comp id="159" class="1004" name="add_ln1_fu_159">
<pin_list>
<pin id="160" dir="0" index="0" bw="12" slack="0"/>
<pin id="161" dir="0" index="1" bw="6" slack="0"/>
<pin id="162" dir="0" index="2" bw="6" slack="0"/>
<pin id="163" dir="1" index="3" bw="12" slack="0"/>
</pin_list>
<bind>
<opcode="bitconcatenate(1004) " fcode="bitconcatenate"/>
<opset="add_ln1/1 "/>
</bind>
</comp>

<comp id="167" class="1004" name="zext_ln205_fu_167">
<pin_list>
<pin id="168" dir="0" index="0" bw="12" slack="0"/>
<pin id="169" dir="1" index="1" bw="64" slack="0"/>
</pin_list>
<bind>
<opcode="zext(34) " fcode="zext"/>
<opset="zext_ln205/1 "/>
</bind>
</comp>

<comp id="172" class="1004" name="add_ln204_fu_172">
<pin_list>
<pin id="173" dir="0" index="0" bw="7" slack="0"/>
<pin id="174" dir="0" index="1" bw="1" slack="0"/>
<pin id="175" dir="1" index="2" bw="7" slack="0"/>
</pin_list>
<bind>
<opcode="add(8) " fcode="add"/>
<opset="add_ln204/1 "/>
</bind>
</comp>

<comp id="178" class="1004" name="store_ln204_store_fu_178">
<pin_list>
<pin id="179" dir="0" index="0" bw="13" slack="0"/>
<pin id="180" dir="0" index="1" bw="13" slack="0"/>
<pin id="181" dir="1" index="2" bw="0" slack="2147483647"/>
</pin_list>
<bind>
<opcode="store(28) " fcode="store"/>
<opset="store_ln204/1 "/>
</bind>
</comp>

<comp id="183" class="1004" name="store_ln204_store_fu_183">
<pin_list>
<pin id="184" dir="0" index="0" bw="7" slack="0"/>
<pin id="185" dir="0" index="1" bw="7" slack="0"/>
<pin id="186" dir="1" index="2" bw="0" slack="2147483647"/>
</pin_list>
<bind>
<opcode="store(28) " fcode="store"/>
<opset="store_ln204/1 "/>
</bind>
</comp>

<comp id="188" class="1004" name="store_ln204_store_fu_188">
<pin_list>
<pin id="189" dir="0" index="0" bw="7" slack="0"/>
<pin id="190" dir="0" index="1" bw="7" slack="0"/>
<pin id="191" dir="1" index="2" bw="0" slack="2147483647"/>
</pin_list>
<bind>
<opcode="store(28) " fcode="store"/>
<opset="store_ln204/1 "/>
</bind>
</comp>

<comp id="193" class="1004" name="bitcast_ln205_fu_193">
<pin_list>
<pin id="194" dir="0" index="0" bw="64" slack="1"/>
<pin id="195" dir="1" index="1" bw="64" slack="0"/>
</pin_list>
<bind>
<opcode="bitcast(44) " fcode="bitcast"/>
<opset="bitcast_ln205/3 "/>
</bind>
</comp>

<comp id="197" class="1004" name="bitcast_ln205_1_fu_197">
<pin_list>
<pin id="198" dir="0" index="0" bw="64" slack="1"/>
<pin id="199" dir="1" index="1" bw="64" slack="0"/>
</pin_list>
<bind>
<opcode="bitcast(44) " fcode="bitcast"/>
<opset="bitcast_ln205_1/25 "/>
</bind>
</comp>

<comp id="201" class="1005" name="j_reg_201">
<pin_list>
<pin id="202" dir="0" index="0" bw="7" slack="0"/>
<pin id="203" dir="1" index="1" bw="7" slack="0"/>
</pin_list>
<bind>
<opset="j "/>
</bind>
</comp>

<comp id="208" class="1005" name="i_reg_208">
<pin_list>
<pin id="209" dir="0" index="0" bw="7" slack="0"/>
<pin id="210" dir="1" index="1" bw="7" slack="0"/>
</pin_list>
<bind>
<opset="i "/>
</bind>
</comp>

<comp id="215" class="1005" name="indvar_flatten23_reg_215">
<pin_list>
<pin id="216" dir="0" index="0" bw="13" slack="0"/>
<pin id="217" dir="1" index="1" bw="13" slack="0"/>
</pin_list>
<bind>
<opset="indvar_flatten23 "/>
</bind>
</comp>

<comp id="222" class="1005" name="norm_5_read_reg_222">
<pin_list>
<pin id="223" dir="0" index="0" bw="64" slack="2"/>
<pin id="224" dir="1" index="1" bw="64" slack="2"/>
</pin_list>
<bind>
<opset="norm_5_read "/>
</bind>
</comp>

<comp id="227" class="1005" name="icmp_ln203_reg_227">
<pin_list>
<pin id="228" dir="0" index="0" bw="1" slack="23"/>
<pin id="229" dir="1" index="1" bw="1" slack="2147483647"/>
</pin_list>
<bind>
<opset="icmp_ln203 "/>
</bind>
</comp>

<comp id="231" class="1005" name="weights2_addr_reg_231">
<pin_list>
<pin id="232" dir="0" index="0" bw="12" slack="1"/>
<pin id="233" dir="1" index="1" bw="12" slack="1"/>
</pin_list>
<bind>
<opset="weights2_addr "/>
</bind>
</comp>

<comp id="237" class="1005" name="weights2_load_reg_237">
<pin_list>
<pin id="238" dir="0" index="0" bw="64" slack="1"/>
<pin id="239" dir="1" index="1" bw="64" slack="1"/>
</pin_list>
<bind>
<opset="weights2_load "/>
</bind>
</comp>

<comp id="242" class="1005" name="bitcast_ln205_reg_242">
<pin_list>
<pin id="243" dir="0" index="0" bw="64" slack="1"/>
<pin id="244" dir="1" index="1" bw="64" slack="1"/>
</pin_list>
<bind>
<opset="bitcast_ln205 "/>
</bind>
</comp>

<comp id="247" class="1005" name="div3_reg_247">
<pin_list>
<pin id="248" dir="0" index="0" bw="64" slack="1"/>
<pin id="249" dir="1" index="1" bw="64" slack="1"/>
</pin_list>
<bind>
<opset="div3 "/>
</bind>
</comp>

</comp_list>

<net_list>
<net id="51"><net_src comp="4" pin="0"/><net_sink comp="48" pin=0"/></net>

<net id="55"><net_src comp="4" pin="0"/><net_sink comp="52" pin=0"/></net>

<net id="59"><net_src comp="4" pin="0"/><net_sink comp="56" pin=0"/></net>

<net id="64"><net_src comp="16" pin="0"/><net_sink comp="60" pin=0"/></net>

<net id="65"><net_src comp="2" pin="0"/><net_sink comp="60" pin=1"/></net>

<net id="71"><net_src comp="0" pin="0"/><net_sink comp="66" pin=0"/></net>

<net id="72"><net_src comp="36" pin="0"/><net_sink comp="66" pin=1"/></net>

<net id="82"><net_src comp="66" pin="3"/><net_sink comp="73" pin=2"/></net>

<net id="91"><net_src comp="18" pin="0"/><net_sink comp="87" pin=0"/></net>

<net id="96"><net_src comp="20" pin="0"/><net_sink comp="92" pin=0"/></net>

<net id="101"><net_src comp="20" pin="0"/><net_sink comp="97" pin=0"/></net>

<net id="109"><net_src comp="102" pin="1"/><net_sink comp="105" pin=0"/></net>

<net id="110"><net_src comp="26" pin="0"/><net_sink comp="105" pin=1"/></net>

<net id="115"><net_src comp="102" pin="1"/><net_sink comp="111" pin=0"/></net>

<net id="116"><net_src comp="28" pin="0"/><net_sink comp="111" pin=1"/></net>

<net id="127"><net_src comp="117" pin="1"/><net_sink comp="123" pin=0"/></net>

<net id="128"><net_src comp="30" pin="0"/><net_sink comp="123" pin=1"/></net>

<net id="134"><net_src comp="123" pin="2"/><net_sink comp="129" pin=0"/></net>

<net id="135"><net_src comp="20" pin="0"/><net_sink comp="129" pin=1"/></net>

<net id="136"><net_src comp="117" pin="1"/><net_sink comp="129" pin=2"/></net>

<net id="141"><net_src comp="120" pin="1"/><net_sink comp="137" pin=0"/></net>

<net id="142"><net_src comp="32" pin="0"/><net_sink comp="137" pin=1"/></net>

<net id="148"><net_src comp="123" pin="2"/><net_sink comp="143" pin=0"/></net>

<net id="149"><net_src comp="137" pin="2"/><net_sink comp="143" pin=1"/></net>

<net id="150"><net_src comp="120" pin="1"/><net_sink comp="143" pin=2"/></net>

<net id="154"><net_src comp="143" pin="3"/><net_sink comp="151" pin=0"/></net>

<net id="158"><net_src comp="129" pin="3"/><net_sink comp="155" pin=0"/></net>

<net id="164"><net_src comp="34" pin="0"/><net_sink comp="159" pin=0"/></net>

<net id="165"><net_src comp="151" pin="1"/><net_sink comp="159" pin=1"/></net>

<net id="166"><net_src comp="155" pin="1"/><net_sink comp="159" pin=2"/></net>

<net id="170"><net_src comp="159" pin="3"/><net_sink comp="167" pin=0"/></net>

<net id="171"><net_src comp="167" pin="1"/><net_sink comp="66" pin=2"/></net>

<net id="176"><net_src comp="129" pin="3"/><net_sink comp="172" pin=0"/></net>

<net id="177"><net_src comp="32" pin="0"/><net_sink comp="172" pin=1"/></net>

<net id="182"><net_src comp="111" pin="2"/><net_sink comp="178" pin=0"/></net>

<net id="187"><net_src comp="143" pin="3"/><net_sink comp="183" pin=0"/></net>

<net id="192"><net_src comp="172" pin="2"/><net_sink comp="188" pin=0"/></net>

<net id="196"><net_src comp="193" pin="1"/><net_sink comp="83" pin=0"/></net>

<net id="200"><net_src comp="197" pin="1"/><net_sink comp="73" pin=1"/></net>

<net id="204"><net_src comp="48" pin="1"/><net_sink comp="201" pin=0"/></net>

<net id="205"><net_src comp="201" pin="1"/><net_sink comp="97" pin=1"/></net>

<net id="206"><net_src comp="201" pin="1"/><net_sink comp="117" pin=0"/></net>

<net id="207"><net_src comp="201" pin="1"/><net_sink comp="188" pin=1"/></net>

<net id="211"><net_src comp="52" pin="1"/><net_sink comp="208" pin=0"/></net>

<net id="212"><net_src comp="208" pin="1"/><net_sink comp="92" pin=1"/></net>

<net id="213"><net_src comp="208" pin="1"/><net_sink comp="120" pin=0"/></net>

<net id="214"><net_src comp="208" pin="1"/><net_sink comp="183" pin=1"/></net>

<net id="218"><net_src comp="56" pin="1"/><net_sink comp="215" pin=0"/></net>

<net id="219"><net_src comp="215" pin="1"/><net_sink comp="87" pin=1"/></net>

<net id="220"><net_src comp="215" pin="1"/><net_sink comp="102" pin=0"/></net>

<net id="221"><net_src comp="215" pin="1"/><net_sink comp="178" pin=1"/></net>

<net id="225"><net_src comp="60" pin="2"/><net_sink comp="222" pin=0"/></net>

<net id="226"><net_src comp="222" pin="1"/><net_sink comp="83" pin=1"/></net>

<net id="230"><net_src comp="105" pin="2"/><net_sink comp="227" pin=0"/></net>

<net id="234"><net_src comp="66" pin="3"/><net_sink comp="231" pin=0"/></net>

<net id="235"><net_src comp="231" pin="1"/><net_sink comp="73" pin=2"/></net>

<net id="236"><net_src comp="231" pin="1"/><net_sink comp="73" pin=0"/></net>

<net id="240"><net_src comp="73" pin="7"/><net_sink comp="237" pin=0"/></net>

<net id="241"><net_src comp="237" pin="1"/><net_sink comp="193" pin=0"/></net>

<net id="245"><net_src comp="193" pin="1"/><net_sink comp="242" pin=0"/></net>

<net id="246"><net_src comp="242" pin="1"/><net_sink comp="83" pin=0"/></net>

<net id="250"><net_src comp="83" pin="2"/><net_sink comp="247" pin=0"/></net>

<net id="251"><net_src comp="247" pin="1"/><net_sink comp="197" pin=0"/></net>

</net_list>

</model> 
---------------- Datapath Model END ------------------

* FSMD analyzer results:
  - Output states:
	Port: weights2 | {25 }
 - Input state : 
	Port: update_weights.1_Pipeline_VITIS_LOOP_203_10_VITIS_LOOP_204_11 : weights2 | {1 2 }
	Port: update_weights.1_Pipeline_VITIS_LOOP_203_10_VITIS_LOOP_204_11 : norm_5 | {1 }
  - Chain level:
	State 1
		store_ln0 : 1
		store_ln0 : 1
		store_ln0 : 1
		indvar_flatten23_load : 1
		icmp_ln203 : 2
		add_ln203 : 2
		br_ln203 : 3
		j_load : 1
		i_load : 1
		icmp_ln204 : 2
		select_ln158 : 3
		add_ln203_1 : 2
		select_ln158_1 : 3
		trunc_ln158 : 4
		trunc_ln205 : 4
		add_ln1 : 5
		zext_ln205 : 6
		weights2_addr : 7
		weights2_load : 8
		add_ln204 : 4
		store_ln204 : 3
		store_ln204 : 4
		store_ln204 : 5
	State 2
	State 3
		div3 : 1
	State 4
	State 5
	State 6
	State 7
	State 8
	State 9
	State 10
	State 11
	State 12
	State 13
	State 14
	State 15
	State 16
	State 17
	State 18
	State 19
	State 20
	State 21
	State 22
	State 23
	State 24
	State 25
		store_ln205 : 1


============================================================
+ Verbose Summary: Datapath Resource usage 
============================================================

* Functional unit list:
|----------|------------------------|---------|---------|
| Operation|     Functional Unit    |    FF   |   LUT   |
|----------|------------------------|---------|---------|
|          |    add_ln203_fu_111    |    0    |    20   |
|    add   |   add_ln203_1_fu_137   |    0    |    14   |
|          |    add_ln204_fu_172    |    0    |    14   |
|----------|------------------------|---------|---------|
|   icmp   |    icmp_ln203_fu_105   |    0    |    12   |
|          |    icmp_ln204_fu_123   |    0    |    10   |
|----------|------------------------|---------|---------|
|  select  |   select_ln158_fu_129  |    0    |    7    |
|          |  select_ln158_1_fu_143 |    0    |    7    |
|----------|------------------------|---------|---------|
|   read   | norm_5_read_read_fu_60 |    0    |    0    |
|----------|------------------------|---------|---------|
|   ddiv   |        grp_fu_83       |    0    |    0    |
|----------|------------------------|---------|---------|
|   trunc  |   trunc_ln158_fu_151   |    0    |    0    |
|          |   trunc_ln205_fu_155   |    0    |    0    |
|----------|------------------------|---------|---------|
|bitconcatenate|     add_ln1_fu_159     |    0    |    0    |
|----------|------------------------|---------|---------|
|   zext   |    zext_ln205_fu_167   |    0    |    0    |
|----------|------------------------|---------|---------|
|   Total  |                        |    0    |    84   |
|----------|------------------------|---------|---------|

Memories:
N/A

* Register list:
+------------------------+--------+
|                        |   FF   |
+------------------------+--------+
|  bitcast_ln205_reg_242 |   64   |
|      div3_reg_247      |   64   |
|        i_reg_208       |    7   |
|   icmp_ln203_reg_227   |    1   |
|indvar_flatten23_reg_215|   13   |
|        j_reg_201       |    7   |
|   norm_5_read_reg_222  |   64   |
|  weights2_addr_reg_231 |   12   |
|  weights2_load_reg_237 |   64   |
+------------------------+--------+
|          Total         |   296  |
+------------------------+--------+

* Multiplexer (MUX) list: 
|------------------|------|------|------|--------||---------||---------|
|       Comp       |  Pin | Size |  BW  | S x BW ||  Delay  ||   LUT   |
|------------------|------|------|------|--------||---------||---------|
| grp_access_fu_73 |  p2  |   2  |   0  |    0   ||    9    |
|     grp_fu_83    |  p0  |   2  |  64  |   128  ||    9    |
|------------------|------|------|------|--------||---------||---------|
|       Total      |      |      |      |   128  ||  1.688  ||    18   |
|------------------|------|------|------|--------||---------||---------|



* Summary:
+-----------+--------+--------+--------+
|           |  Delay |   FF   |   LUT  |
+-----------+--------+--------+--------+
|  Function |    -   |    0   |   84   |
|   Memory  |    -   |    -   |    -   |
|Multiplexer|    1   |    -   |   18   |
|  Register |    -   |   296  |    -   |
+-----------+--------+--------+--------+
|   Total   |    1   |   296  |   102  |
+-----------+--------+--------+--------+
