

================================================================
== Vitis HLS Report for 'update_weights_1_Pipeline_VITIS_LOOP_163_1_VITIS_LOOP_164_2'
================================================================
* Date:           Wed Dec 20 21:42:39 2023

* Version:        2022.1 (Build 3526262 on Mon Apr 18 15:47:01 MDT 2022)
* Project:        backprop_syn
* Solution:       solution (Vivado IP Flow Target)
* Product family: virtex7
* Target device:  xc7v585t-ffg1761-2


================================================================
== Performance Estimates
================================================================
+ Timing: 
    * Summary: 
    +--------+----------+----------+------------+
    |  Clock |  Target  | Estimated| Uncertainty|
    +--------+----------+----------+------------+
    |ap_clk  |  10.00 ns|  7.148 ns|     2.70 ns|
    +--------+----------+----------+------------+

+ Latency: 
    * Summary: 
    +---------+---------+-----------+-----------+------+------+---------+
    |  Latency (cycles) |   Latency (absolute)  |   Interval  | Pipeline|
    |   min   |   max   |    min    |    max    |  min |  max |   Type  |
    +---------+---------+-----------+-----------+------+------+---------+
    |     3347|     3347|  33.470 us|  33.470 us|  3347|  3347|       no|
    +---------+---------+-----------+-----------+------+------+---------+

    + Detail: 
        * Instance: 
        N/A

        * Loop: 
        +-------------------------------------+---------+---------+----------+-----------+-----------+------+----------+
        |                                     |  Latency (cycles) | Iteration|  Initiation Interval  | Trip |          |
        |              Loop Name              |   min   |   max   |  Latency |  achieved |   target  | Count| Pipelined|
        +-------------------------------------+---------+---------+----------+-----------+-----------+------+----------+
        |- VITIS_LOOP_163_1_VITIS_LOOP_164_2  |     3345|     3345|        22|          4|          1|   832|       yes|
        +-------------------------------------+---------+---------+----------+-----------+-----------+------+----------+

============================================================
+ Verbose Summary: Synthesis Manager
============================================================
InlineROM: 1
ExposeGlobal: 0
============================================================
+ Verbose Summary: CDFG Model
============================================================
IsTopModel: 0
ResetActiveHigh: 1
IsCombinational: 0
IsDatapathOnly: 0
HasWiredReturn: 1
HasMFsm: 2
HasVarLatency: 1
IsPipeline: 0
IsRtlPipelined: 0
IsInstanceOverlapped: 0
IsDontTouch: 0
HasImplIP: 0
IsGatedGlobalClock: 0

+ Individual pipeline summary: 
  * Pipeline-0: initiation interval (II) = 4, depth = 22


============================================================
+ Verbose Summary: Schedule
============================================================
* Number of FSM states : 22
* Pipeline : 1
  Pipeline-0 : II = 4, D = 22, States = { 1 2 3 4 5 6 7 8 9 10 11 12 13 14 15 16 17 18 19 20 21 22 }
* Dataflow Pipeline: 0

* FSM state transitions: 
1 --> 2 
2 --> 3 
3 --> 4 
4 --> 5 
5 --> 6 
6 --> 7 
7 --> 8 
8 --> 9 
9 --> 10 
10 --> 11 
11 --> 12 
12 --> 13 
13 --> 14 
14 --> 15 
15 --> 16 
16 --> 17 
17 --> 18 
18 --> 19 
19 --> 20 
20 --> 21 
21 --> 22 
22 --> 

* FSM state operations: 

State 1 <SV = 0> <Delay = 5.20>
ST_1 : Operation 25 [1/1] (0.00ns)   --->   "%norm_2 = alloca i32 1"   --->   Operation 25 'alloca' 'norm_2' <Predicate = true> <Delay = 0.00>
ST_1 : Operation 26 [1/1] (0.00ns)   --->   "%j = alloca i32 1"   --->   Operation 26 'alloca' 'j' <Predicate = true> <Delay = 0.00>
ST_1 : Operation 27 [1/1] (0.00ns)   --->   "%i = alloca i32 1"   --->   Operation 27 'alloca' 'i' <Predicate = true> <Delay = 0.00>
ST_1 : Operation 28 [1/1] (0.00ns)   --->   "%indvar_flatten = alloca i32 1"   --->   Operation 28 'alloca' 'indvar_flatten' <Predicate = true> <Delay = 0.00>
ST_1 : Operation 29 [1/1] (0.00ns)   --->   "%specinterface_ln0 = specinterface void @_ssdm_op_SpecInterface, i64 %weights1, void @empty_17, i32 0, i32 0, void @empty_18, i32 4294967295, i32 0, void @empty_18, void @empty_18, void @empty_18, i32 0, i32 0, i32 0, i32 0, void @empty_18, void @empty_18, i32 4294967295, i32 0"   --->   Operation 29 'specinterface' 'specinterface_ln0' <Predicate = true> <Delay = 0.00>
ST_1 : Operation 30 [1/1] (0.84ns)   --->   "%store_ln0 = store i10 0, i10 %indvar_flatten"   --->   Operation 30 'store' 'store_ln0' <Predicate = true> <Delay = 0.84>
ST_1 : Operation 31 [1/1] (0.84ns)   --->   "%store_ln0 = store i4 0, i4 %i"   --->   Operation 31 'store' 'store_ln0' <Predicate = true> <Delay = 0.84>
ST_1 : Operation 32 [1/1] (0.84ns)   --->   "%store_ln0 = store i7 0, i7 %j"   --->   Operation 32 'store' 'store_ln0' <Predicate = true> <Delay = 0.84>
ST_1 : Operation 33 [1/1] (0.84ns)   --->   "%store_ln0 = store i64 0, i64 %norm_2"   --->   Operation 33 'store' 'store_ln0' <Predicate = true> <Delay = 0.84>
ST_1 : Operation 34 [1/1] (0.00ns)   --->   "%br_ln0 = br void %for.inc"   --->   Operation 34 'br' 'br_ln0' <Predicate = true> <Delay = 0.00>
ST_1 : Operation 35 [1/1] (0.00ns)   --->   "%indvar_flatten_load = load i10 %indvar_flatten" [backprop.c:163]   --->   Operation 35 'load' 'indvar_flatten_load' <Predicate = true> <Delay = 0.00>
ST_1 : Operation 36 [1/1] (0.00ns)   --->   "%specpipeline_ln0 = specpipeline void @_ssdm_op_SpecPipeline, i32 4294967295, i32 0, i32 1, i32 0, void @p_str"   --->   Operation 36 'specpipeline' 'specpipeline_ln0' <Predicate = true> <Delay = 0.00>
ST_1 : Operation 37 [1/1] (0.94ns)   --->   "%icmp_ln163 = icmp_eq  i10 %indvar_flatten_load, i10 832" [backprop.c:163]   --->   Operation 37 'icmp' 'icmp_ln163' <Predicate = true> <Delay = 0.94> <CoreInst = "Cmp">   --->   Core 9 'Cmp' <Latency = 0> <II = 1> <Delay = 0.94> <FuncUnit> <Opcode : 'icmp'> <InPorts = 2> <OutPorts = 1>
ST_1 : Operation 38 [1/1] (1.34ns)   --->   "%add_ln163 = add i10 %indvar_flatten_load, i10 1" [backprop.c:163]   --->   Operation 38 'add' 'add_ln163' <Predicate = true> <Delay = 1.34> <CoreInst = "Adder">   --->   Core 1 'Adder' <Latency = 0> <II = 1> <Delay = 1.34> <FuncUnit> <Opcode : 'add' 'sub'> <InPorts = 2> <OutPorts = 1>
ST_1 : Operation 39 [1/1] (0.00ns)   --->   "%br_ln163 = br i1 %icmp_ln163, void %for.inc19, void %for.inc37.preheader.exitStub" [backprop.c:163]   --->   Operation 39 'br' 'br_ln163' <Predicate = true> <Delay = 0.00>
ST_1 : Operation 40 [1/1] (0.00ns)   --->   "%j_load = load i7 %j" [backprop.c:164]   --->   Operation 40 'load' 'j_load' <Predicate = (!icmp_ln163)> <Delay = 0.00>
ST_1 : Operation 41 [1/1] (0.00ns)   --->   "%i_load = load i4 %i" [backprop.c:163]   --->   Operation 41 'load' 'i_load' <Predicate = (!icmp_ln163)> <Delay = 0.00>
ST_1 : Operation 42 [1/1] (0.86ns)   --->   "%icmp_ln164 = icmp_eq  i7 %j_load, i7 64" [backprop.c:164]   --->   Operation 42 'icmp' 'icmp_ln164' <Predicate = (!icmp_ln163)> <Delay = 0.86> <CoreInst = "Cmp">   --->   Core 9 'Cmp' <Latency = 0> <II = 1> <Delay = 0.86> <FuncUnit> <Opcode : 'icmp'> <InPorts = 2> <OutPorts = 1>
ST_1 : Operation 43 [1/1] (0.51ns)   --->   "%select_ln163 = select i1 %icmp_ln164, i7 0, i7 %j_load" [backprop.c:163]   --->   Operation 43 'select' 'select_ln163' <Predicate = (!icmp_ln163)> <Delay = 0.51> <CoreInst = "Sel">   --->   Core 73 'Sel' <Latency = 0> <II = 1> <Delay = 0.51> <FuncUnit> <Opcode : 'select'> <InPorts = 3> <OutPorts = 1>
ST_1 : Operation 44 [1/1] (1.01ns)   --->   "%add_ln163_1 = add i4 %i_load, i4 1" [backprop.c:163]   --->   Operation 44 'add' 'add_ln163_1' <Predicate = (!icmp_ln163)> <Delay = 1.01> <CoreInst = "Adder">   --->   Core 1 'Adder' <Latency = 0> <II = 1> <Delay = 1.01> <FuncUnit> <Opcode : 'add' 'sub'> <InPorts = 2> <OutPorts = 1>
ST_1 : Operation 45 [1/1] (0.58ns)   --->   "%select_ln163_1 = select i1 %icmp_ln164, i4 %add_ln163_1, i4 %i_load" [backprop.c:163]   --->   Operation 45 'select' 'select_ln163_1' <Predicate = (!icmp_ln163)> <Delay = 0.58> <CoreInst = "Sel">   --->   Core 73 'Sel' <Latency = 0> <II = 1> <Delay = 0.58> <FuncUnit> <Opcode : 'select'> <InPorts = 3> <OutPorts = 1>
ST_1 : Operation 46 [1/1] (0.00ns)   --->   "%p_mid2 = bitconcatenate i10 @_ssdm_op_BitConcatenate.i10.i4.i6, i4 %select_ln163_1, i6 0" [backprop.c:163]   --->   Operation 46 'bitconcatenate' 'p_mid2' <Predicate = (!icmp_ln163)> <Delay = 0.00>
ST_1 : Operation 47 [1/1] (0.00ns)   --->   "%j_cast = zext i7 %select_ln163" [backprop.c:163]   --->   Operation 47 'zext' 'j_cast' <Predicate = (!icmp_ln163)> <Delay = 0.00>
ST_1 : Operation 48 [1/1] (1.34ns)   --->   "%add_ln165 = add i10 %j_cast, i10 %p_mid2" [backprop.c:165]   --->   Operation 48 'add' 'add_ln165' <Predicate = (!icmp_ln163)> <Delay = 1.34> <CoreInst = "Adder">   --->   Core 1 'Adder' <Latency = 0> <II = 1> <Delay = 1.34> <FuncUnit> <Opcode : 'add' 'sub'> <InPorts = 2> <OutPorts = 1>
ST_1 : Operation 49 [1/1] (0.00ns)   --->   "%zext_ln165 = zext i10 %add_ln165" [backprop.c:165]   --->   Operation 49 'zext' 'zext_ln165' <Predicate = (!icmp_ln163)> <Delay = 0.00>
ST_1 : Operation 50 [1/1] (0.00ns)   --->   "%d_weights1_addr = getelementptr i64 %d_weights1, i64 0, i64 %zext_ln165" [backprop.c:165]   --->   Operation 50 'getelementptr' 'd_weights1_addr' <Predicate = (!icmp_ln163)> <Delay = 0.00>
ST_1 : Operation 51 [2/2] (2.26ns)   --->   "%d_weights1_load = load i10 %d_weights1_addr" [backprop.c:165]   --->   Operation 51 'load' 'd_weights1_load' <Predicate = (!icmp_ln163)> <Delay = 2.26> <CoreInst = "RAM">   --->   Core 82 'RAM' <Latency = 1> <II = 1> <Delay = 2.26> <Storage> <Opcode : 'load' 'store'> <Ports = 2> <Width = 64> <Depth = 832> <RAM>
ST_1 : Operation 52 [1/1] (0.00ns)   --->   "%weights1_addr = getelementptr i64 %weights1, i64 0, i64 %zext_ln165" [backprop.c:165]   --->   Operation 52 'getelementptr' 'weights1_addr' <Predicate = (!icmp_ln163)> <Delay = 0.00>
ST_1 : Operation 53 [1/1] (1.27ns)   --->   "%add_ln164 = add i7 %select_ln163, i7 1" [backprop.c:164]   --->   Operation 53 'add' 'add_ln164' <Predicate = (!icmp_ln163)> <Delay = 1.27> <CoreInst = "Adder">   --->   Core 1 'Adder' <Latency = 0> <II = 1> <Delay = 1.27> <FuncUnit> <Opcode : 'add' 'sub'> <InPorts = 2> <OutPorts = 1>
ST_1 : Operation 54 [1/1] (0.84ns)   --->   "%store_ln164 = store i10 %add_ln163, i10 %indvar_flatten" [backprop.c:164]   --->   Operation 54 'store' 'store_ln164' <Predicate = (!icmp_ln163)> <Delay = 0.84>
ST_1 : Operation 55 [1/1] (0.84ns)   --->   "%store_ln164 = store i4 %select_ln163_1, i4 %i" [backprop.c:164]   --->   Operation 55 'store' 'store_ln164' <Predicate = (!icmp_ln163)> <Delay = 0.84>
ST_1 : Operation 56 [1/1] (0.84ns)   --->   "%store_ln164 = store i7 %add_ln164, i7 %j" [backprop.c:164]   --->   Operation 56 'store' 'store_ln164' <Predicate = (!icmp_ln163)> <Delay = 0.84>

State 2 <SV = 1> <Delay = 2.26>
ST_2 : Operation 57 [1/2] (2.26ns)   --->   "%d_weights1_load = load i10 %d_weights1_addr" [backprop.c:165]   --->   Operation 57 'load' 'd_weights1_load' <Predicate = (!icmp_ln163)> <Delay = 2.26> <CoreInst = "RAM">   --->   Core 82 'RAM' <Latency = 1> <II = 1> <Delay = 2.26> <Storage> <Opcode : 'load' 'store'> <Ports = 2> <Width = 64> <Depth = 832> <RAM>

State 3 <SV = 2> <Delay = 7.14>
ST_3 : Operation 58 [5/5] (7.14ns)   --->   "%mul4 = dmul i64 %d_weights1_load, i64 0.01" [backprop.c:165]   --->   Operation 58 'dmul' 'mul4' <Predicate = (!icmp_ln163)> <Delay = 7.14> <CoreInst = "DMul_maxdsp">   --->   Core 49 'DMul_maxdsp' <Latency = 4> <II = 1> <Delay = 7.14> <FuncUnit> <Opcode : 'dmul'> <InPorts = 2> <OutPorts = 1>

State 4 <SV = 3> <Delay = 7.14>
ST_4 : Operation 59 [4/5] (7.14ns)   --->   "%mul4 = dmul i64 %d_weights1_load, i64 0.01" [backprop.c:165]   --->   Operation 59 'dmul' 'mul4' <Predicate = (!icmp_ln163)> <Delay = 7.14> <CoreInst = "DMul_maxdsp">   --->   Core 49 'DMul_maxdsp' <Latency = 4> <II = 1> <Delay = 7.14> <FuncUnit> <Opcode : 'dmul'> <InPorts = 2> <OutPorts = 1>

State 5 <SV = 4> <Delay = 7.14>
ST_5 : Operation 60 [3/5] (7.14ns)   --->   "%mul4 = dmul i64 %d_weights1_load, i64 0.01" [backprop.c:165]   --->   Operation 60 'dmul' 'mul4' <Predicate = true> <Delay = 7.14> <CoreInst = "DMul_maxdsp">   --->   Core 49 'DMul_maxdsp' <Latency = 4> <II = 1> <Delay = 7.14> <FuncUnit> <Opcode : 'dmul'> <InPorts = 2> <OutPorts = 1>
ST_5 : Operation 61 [2/2] (2.26ns)   --->   "%weights1_load = load i10 %weights1_addr" [backprop.c:165]   --->   Operation 61 'load' 'weights1_load' <Predicate = true> <Delay = 2.26> <CoreInst = "RAM">   --->   Core 82 'RAM' <Latency = 1> <II = 1> <Delay = 2.26> <Storage> <Opcode : 'load' 'store'> <Ports = 2> <Width = 64> <Depth = 832> <RAM>

State 6 <SV = 5> <Delay = 7.14>
ST_6 : Operation 62 [2/5] (7.14ns)   --->   "%mul4 = dmul i64 %d_weights1_load, i64 0.01" [backprop.c:165]   --->   Operation 62 'dmul' 'mul4' <Predicate = true> <Delay = 7.14> <CoreInst = "DMul_maxdsp">   --->   Core 49 'DMul_maxdsp' <Latency = 4> <II = 1> <Delay = 7.14> <FuncUnit> <Opcode : 'dmul'> <InPorts = 2> <OutPorts = 1>
ST_6 : Operation 63 [1/2] (2.26ns)   --->   "%weights1_load = load i10 %weights1_addr" [backprop.c:165]   --->   Operation 63 'load' 'weights1_load' <Predicate = true> <Delay = 2.26> <CoreInst = "RAM">   --->   Core 82 'RAM' <Latency = 1> <II = 1> <Delay = 2.26> <Storage> <Opcode : 'load' 'store'> <Ports = 2> <Width = 64> <Depth = 832> <RAM>

State 7 <SV = 6> <Delay = 7.14>
ST_7 : Operation 64 [1/5] (7.14ns)   --->   "%mul4 = dmul i64 %d_weights1_load, i64 0.01" [backprop.c:165]   --->   Operation 64 'dmul' 'mul4' <Predicate = true> <Delay = 7.14> <CoreInst = "DMul_maxdsp">   --->   Core 49 'DMul_maxdsp' <Latency = 4> <II = 1> <Delay = 7.14> <FuncUnit> <Opcode : 'dmul'> <InPorts = 2> <OutPorts = 1>

State 8 <SV = 7> <Delay = 5.86>
ST_8 : Operation 65 [1/1] (0.00ns)   --->   "%bitcast_ln165 = bitcast i64 %weights1_load" [backprop.c:165]   --->   Operation 65 'bitcast' 'bitcast_ln165' <Predicate = true> <Delay = 0.00>
ST_8 : Operation 66 [5/5] (5.86ns)   --->   "%sub = dsub i64 %bitcast_ln165, i64 %mul4" [backprop.c:165]   --->   Operation 66 'dsub' 'sub' <Predicate = true> <Delay = 5.86> <CoreInst = "DAddSub_fulldsp">   --->   Core 37 'DAddSub_fulldsp' <Latency = 4> <II = 1> <Delay = 5.86> <FuncUnit> <Opcode : 'dadd' 'dsub'> <InPorts = 2> <OutPorts = 1>

State 9 <SV = 8> <Delay = 5.86>
ST_9 : Operation 67 [4/5] (5.86ns)   --->   "%sub = dsub i64 %bitcast_ln165, i64 %mul4" [backprop.c:165]   --->   Operation 67 'dsub' 'sub' <Predicate = true> <Delay = 5.86> <CoreInst = "DAddSub_fulldsp">   --->   Core 37 'DAddSub_fulldsp' <Latency = 4> <II = 1> <Delay = 5.86> <FuncUnit> <Opcode : 'dadd' 'dsub'> <InPorts = 2> <OutPorts = 1>

State 10 <SV = 9> <Delay = 5.86>
ST_10 : Operation 68 [3/5] (5.86ns)   --->   "%sub = dsub i64 %bitcast_ln165, i64 %mul4" [backprop.c:165]   --->   Operation 68 'dsub' 'sub' <Predicate = true> <Delay = 5.86> <CoreInst = "DAddSub_fulldsp">   --->   Core 37 'DAddSub_fulldsp' <Latency = 4> <II = 1> <Delay = 5.86> <FuncUnit> <Opcode : 'dadd' 'dsub'> <InPorts = 2> <OutPorts = 1>

State 11 <SV = 10> <Delay = 5.86>
ST_11 : Operation 69 [2/5] (5.86ns)   --->   "%sub = dsub i64 %bitcast_ln165, i64 %mul4" [backprop.c:165]   --->   Operation 69 'dsub' 'sub' <Predicate = true> <Delay = 5.86> <CoreInst = "DAddSub_fulldsp">   --->   Core 37 'DAddSub_fulldsp' <Latency = 4> <II = 1> <Delay = 5.86> <FuncUnit> <Opcode : 'dadd' 'dsub'> <InPorts = 2> <OutPorts = 1>

State 12 <SV = 11> <Delay = 5.86>
ST_12 : Operation 70 [1/5] (5.86ns)   --->   "%sub = dsub i64 %bitcast_ln165, i64 %mul4" [backprop.c:165]   --->   Operation 70 'dsub' 'sub' <Predicate = true> <Delay = 5.86> <CoreInst = "DAddSub_fulldsp">   --->   Core 37 'DAddSub_fulldsp' <Latency = 4> <II = 1> <Delay = 5.86> <FuncUnit> <Opcode : 'dadd' 'dsub'> <InPorts = 2> <OutPorts = 1>

State 13 <SV = 12> <Delay = 7.14>
ST_13 : Operation 71 [1/1] (0.00ns)   --->   "%bitcast_ln165_1 = bitcast i64 %sub" [backprop.c:165]   --->   Operation 71 'bitcast' 'bitcast_ln165_1' <Predicate = true> <Delay = 0.00>
ST_13 : Operation 72 [1/1] (2.26ns)   --->   "%store_ln165 = store i64 %bitcast_ln165_1, i10 %weights1_addr" [backprop.c:165]   --->   Operation 72 'store' 'store_ln165' <Predicate = true> <Delay = 2.26> <CoreInst = "RAM">   --->   Core 82 'RAM' <Latency = 1> <II = 1> <Delay = 2.26> <Storage> <Opcode : 'load' 'store'> <Ports = 2> <Width = 64> <Depth = 832> <RAM>
ST_13 : Operation 73 [5/5] (7.14ns)   --->   "%mul2 = dmul i64 %sub, i64 %sub" [backprop.c:166]   --->   Operation 73 'dmul' 'mul2' <Predicate = true> <Delay = 7.14> <CoreInst = "DMul_maxdsp">   --->   Core 49 'DMul_maxdsp' <Latency = 4> <II = 1> <Delay = 7.14> <FuncUnit> <Opcode : 'dmul'> <InPorts = 2> <OutPorts = 1>

State 14 <SV = 13> <Delay = 7.14>
ST_14 : Operation 74 [4/5] (7.14ns)   --->   "%mul2 = dmul i64 %sub, i64 %sub" [backprop.c:166]   --->   Operation 74 'dmul' 'mul2' <Predicate = true> <Delay = 7.14> <CoreInst = "DMul_maxdsp">   --->   Core 49 'DMul_maxdsp' <Latency = 4> <II = 1> <Delay = 7.14> <FuncUnit> <Opcode : 'dmul'> <InPorts = 2> <OutPorts = 1>

State 15 <SV = 14> <Delay = 7.14>
ST_15 : Operation 75 [3/5] (7.14ns)   --->   "%mul2 = dmul i64 %sub, i64 %sub" [backprop.c:166]   --->   Operation 75 'dmul' 'mul2' <Predicate = true> <Delay = 7.14> <CoreInst = "DMul_maxdsp">   --->   Core 49 'DMul_maxdsp' <Latency = 4> <II = 1> <Delay = 7.14> <FuncUnit> <Opcode : 'dmul'> <InPorts = 2> <OutPorts = 1>

State 16 <SV = 15> <Delay = 7.14>
ST_16 : Operation 76 [2/5] (7.14ns)   --->   "%mul2 = dmul i64 %sub, i64 %sub" [backprop.c:166]   --->   Operation 76 'dmul' 'mul2' <Predicate = true> <Delay = 7.14> <CoreInst = "DMul_maxdsp">   --->   Core 49 'DMul_maxdsp' <Latency = 4> <II = 1> <Delay = 7.14> <FuncUnit> <Opcode : 'dmul'> <InPorts = 2> <OutPorts = 1>

State 17 <SV = 16> <Delay = 7.14>
ST_17 : Operation 77 [1/5] (7.14ns)   --->   "%mul2 = dmul i64 %sub, i64 %sub" [backprop.c:166]   --->   Operation 77 'dmul' 'mul2' <Predicate = true> <Delay = 7.14> <CoreInst = "DMul_maxdsp">   --->   Core 49 'DMul_maxdsp' <Latency = 4> <II = 1> <Delay = 7.14> <FuncUnit> <Opcode : 'dmul'> <InPorts = 2> <OutPorts = 1>

State 18 <SV = 17> <Delay = 5.86>
ST_18 : Operation 78 [1/1] (0.00ns)   --->   "%norm_2_load = load i64 %norm_2" [backprop.c:166]   --->   Operation 78 'load' 'norm_2_load' <Predicate = true> <Delay = 0.00>
ST_18 : Operation 79 [5/5] (5.86ns)   --->   "%norm = dadd i64 %norm_2_load, i64 %mul2" [backprop.c:166]   --->   Operation 79 'dadd' 'norm' <Predicate = true> <Delay = 5.86> <CoreInst = "DAddSub_fulldsp">   --->   Core 37 'DAddSub_fulldsp' <Latency = 4> <II = 1> <Delay = 5.86> <FuncUnit> <Opcode : 'dadd' 'dsub'> <InPorts = 2> <OutPorts = 1>
ST_18 : Operation 90 [1/1] (0.00ns)   --->   "%norm_2_load_1 = load i64 %norm_2"   --->   Operation 90 'load' 'norm_2_load_1' <Predicate = (icmp_ln163)> <Delay = 0.00>
ST_18 : Operation 91 [1/1] (0.00ns)   --->   "%write_ln0 = write void @_ssdm_op_Write.ap_auto.doubleP0A, i64 %norm_2_out, i64 %norm_2_load_1"   --->   Operation 91 'write' 'write_ln0' <Predicate = (icmp_ln163)> <Delay = 0.00>
ST_18 : Operation 92 [1/1] (0.00ns)   --->   "%ret_ln0 = ret"   --->   Operation 92 'ret' 'ret_ln0' <Predicate = (icmp_ln163)> <Delay = 0.00>

State 19 <SV = 18> <Delay = 5.86>
ST_19 : Operation 80 [4/5] (5.86ns)   --->   "%norm = dadd i64 %norm_2_load, i64 %mul2" [backprop.c:166]   --->   Operation 80 'dadd' 'norm' <Predicate = true> <Delay = 5.86> <CoreInst = "DAddSub_fulldsp">   --->   Core 37 'DAddSub_fulldsp' <Latency = 4> <II = 1> <Delay = 5.86> <FuncUnit> <Opcode : 'dadd' 'dsub'> <InPorts = 2> <OutPorts = 1>

State 20 <SV = 19> <Delay = 5.86>
ST_20 : Operation 81 [3/5] (5.86ns)   --->   "%norm = dadd i64 %norm_2_load, i64 %mul2" [backprop.c:166]   --->   Operation 81 'dadd' 'norm' <Predicate = true> <Delay = 5.86> <CoreInst = "DAddSub_fulldsp">   --->   Core 37 'DAddSub_fulldsp' <Latency = 4> <II = 1> <Delay = 5.86> <FuncUnit> <Opcode : 'dadd' 'dsub'> <InPorts = 2> <OutPorts = 1>

State 21 <SV = 20> <Delay = 5.86>
ST_21 : Operation 82 [2/5] (5.86ns)   --->   "%norm = dadd i64 %norm_2_load, i64 %mul2" [backprop.c:166]   --->   Operation 82 'dadd' 'norm' <Predicate = true> <Delay = 5.86> <CoreInst = "DAddSub_fulldsp">   --->   Core 37 'DAddSub_fulldsp' <Latency = 4> <II = 1> <Delay = 5.86> <FuncUnit> <Opcode : 'dadd' 'dsub'> <InPorts = 2> <OutPorts = 1>

State 22 <SV = 21> <Delay = 6.70>
ST_22 : Operation 83 [1/1] (0.00ns)   --->   "%specloopname_ln0 = specloopname void @_ssdm_op_SpecLoopName, void @VITIS_LOOP_163_1_VITIS_LOOP_164_2_str"   --->   Operation 83 'specloopname' 'specloopname_ln0' <Predicate = true> <Delay = 0.00>
ST_22 : Operation 84 [1/1] (0.00ns)   --->   "%empty = speclooptripcount i32 @_ssdm_op_SpecLoopTripCount, i64 832, i64 832, i64 832"   --->   Operation 84 'speclooptripcount' 'empty' <Predicate = true> <Delay = 0.00>
ST_22 : Operation 85 [1/1] (0.00ns)   --->   "%specpipeline_ln0 = specpipeline void @_ssdm_op_SpecPipeline, i32 4294967295, i32 0, i32 1, i32 0, void @p_str"   --->   Operation 85 'specpipeline' 'specpipeline_ln0' <Predicate = true> <Delay = 0.00>
ST_22 : Operation 86 [1/1] (0.00ns)   --->   "%specloopname_ln158 = specloopname void @_ssdm_op_SpecLoopName, void @empty_12" [backprop.c:158]   --->   Operation 86 'specloopname' 'specloopname_ln158' <Predicate = true> <Delay = 0.00>
ST_22 : Operation 87 [1/5] (5.86ns)   --->   "%norm = dadd i64 %norm_2_load, i64 %mul2" [backprop.c:166]   --->   Operation 87 'dadd' 'norm' <Predicate = true> <Delay = 5.86> <CoreInst = "DAddSub_fulldsp">   --->   Core 37 'DAddSub_fulldsp' <Latency = 4> <II = 1> <Delay = 5.86> <FuncUnit> <Opcode : 'dadd' 'dsub'> <InPorts = 2> <OutPorts = 1>
ST_22 : Operation 88 [1/1] (0.84ns)   --->   "%store_ln164 = store i64 %norm, i64 %norm_2" [backprop.c:164]   --->   Operation 88 'store' 'store_ln164' <Predicate = true> <Delay = 0.84>
ST_22 : Operation 89 [1/1] (0.00ns)   --->   "%br_ln164 = br void %for.inc" [backprop.c:164]   --->   Operation 89 'br' 'br_ln164' <Predicate = true> <Delay = 0.00>


============================================================
+ Verbose Summary: Timing violations
============================================================
Target clock period: 10ns, clock uncertainty: 2.7ns.

 <State 1>: 5.21ns
The critical path consists of the following:
	'alloca' operation ('i') [6]  (0 ns)
	'load' operation ('i_load', backprop.c:163) on local variable 'i' [23]  (0 ns)
	'add' operation ('add_ln163_1', backprop.c:163) [28]  (1.01 ns)
	'select' operation ('select_ln163_1', backprop.c:163) [29]  (0.585 ns)
	'add' operation ('add_ln165', backprop.c:165) [34]  (1.35 ns)
	'getelementptr' operation ('d_weights1_addr', backprop.c:165) [36]  (0 ns)
	'load' operation ('d_weights1_load', backprop.c:165) on array 'd_weights1' [37]  (2.27 ns)

 <State 2>: 2.27ns
The critical path consists of the following:
	'load' operation ('d_weights1_load', backprop.c:165) on array 'd_weights1' [37]  (2.27 ns)

 <State 3>: 7.15ns
The critical path consists of the following:
	'dmul' operation ('mul4', backprop.c:165) [38]  (7.15 ns)

 <State 4>: 7.15ns
The critical path consists of the following:
	'dmul' operation ('mul4', backprop.c:165) [38]  (7.15 ns)

 <State 5>: 7.15ns
The critical path consists of the following:
	'dmul' operation ('mul4', backprop.c:165) [38]  (7.15 ns)

 <State 6>: 7.15ns
The critical path consists of the following:
	'dmul' operation ('mul4', backprop.c:165) [38]  (7.15 ns)

 <State 7>: 7.15ns
The critical path consists of the following:
	'dmul' operation ('mul4', backprop.c:165) [38]  (7.15 ns)

 <State 8>: 5.87ns
The critical path consists of the following:
	'dsub' operation ('sub', backprop.c:165) [42]  (5.87 ns)

 <State 9>: 5.87ns
The critical path consists of the following:
	'dsub' operation ('sub', backprop.c:165) [42]  (5.87 ns)

 <State 10>: 5.87ns
The critical path consists of the following:
	'dsub' operation ('sub', backprop.c:165) [42]  (5.87 ns)

 <State 11>: 5.87ns
The critical path consists of the following:
	'dsub' operation ('sub', backprop.c:165) [42]  (5.87 ns)

 <State 12>: 5.87ns
The critical path consists of the following:
	'dsub' operation ('sub', backprop.c:165) [42]  (5.87 ns)

 <State 13>: 7.15ns
The critical path consists of the following:
	'dmul' operation ('mul2', backprop.c:166) [45]  (7.15 ns)

 <State 14>: 7.15ns
The critical path consists of the following:
	'dmul' operation ('mul2', backprop.c:166) [45]  (7.15 ns)

 <State 15>: 7.15ns
The critical path consists of the following:
	'dmul' operation ('mul2', backprop.c:166) [45]  (7.15 ns)

 <State 16>: 7.15ns
The critical path consists of the following:
	'dmul' operation ('mul2', backprop.c:166) [45]  (7.15 ns)

 <State 17>: 7.15ns
The critical path consists of the following:
	'dmul' operation ('mul2', backprop.c:166) [45]  (7.15 ns)

 <State 18>: 5.87ns
The critical path consists of the following:
	'load' operation ('norm_2_load', backprop.c:166) on local variable 'norm' [21]  (0 ns)
	'dadd' operation ('norm', backprop.c:166) [46]  (5.87 ns)

 <State 19>: 5.87ns
The critical path consists of the following:
	'dadd' operation ('norm', backprop.c:166) [46]  (5.87 ns)

 <State 20>: 5.87ns
The critical path consists of the following:
	'dadd' operation ('norm', backprop.c:166) [46]  (5.87 ns)

 <State 21>: 5.87ns
The critical path consists of the following:
	'dadd' operation ('norm', backprop.c:166) [46]  (5.87 ns)

 <State 22>: 6.71ns
The critical path consists of the following:
	'dadd' operation ('norm', backprop.c:166) [46]  (5.87 ns)
	'store' operation ('store_ln164', backprop.c:164) of variable 'norm', backprop.c:166 on local variable 'norm' [51]  (0.844 ns)


============================================================
+ Verbose Summary: Binding
============================================================
N/A
* FSMD analyzer results:
  - Output states:
 - Input state : 
  - Chain level:
	State 1
	State 2
	State 3
	State 4
	State 5
	State 6
	State 7
	State 8
	State 9
	State 10
	State 11
	State 12
	State 13
	State 14
	State 15
	State 16
	State 17
	State 18
	State 19
	State 20
	State 21
	State 22


============================================================
+ Verbose Summary: Datapath Resource usage 
============================================================
N/A
