

================================================================
== Vitis HLS Report for 'update_weights_1_Pipeline_VITIS_LOOP_215_13_VITIS_LOOP_216_14'
================================================================
* Date:           Wed Dec 20 21:42:41 2023

* Version:        2022.1 (Build 3526262 on Mon Apr 18 15:47:01 MDT 2022)
* Project:        backprop_syn
* Solution:       solution (Vivado IP Flow Target)
* Product family: virtex7
* Target device:  xc7v585t-ffg1761-2


================================================================
== Performance Estimates
================================================================
+ Timing: 
    * Summary: 
    +--------+----------+----------+------------+
    |  Clock |  Target  | Estimated| Uncertainty|
    +--------+----------+----------+------------+
    |ap_clk  |  10.00 ns|  7.148 ns|     2.70 ns|
    +--------+----------+----------+------------+

+ Latency: 
    * Summary: 
    +---------+---------+----------+----------+-----+-----+---------+
    |  Latency (cycles) |  Latency (absolute) |  Interval | Pipeline|
    |   min   |   max   |    min   |    max   | min | max |   Type  |
    +---------+---------+----------+----------+-----+-----+---------+
    |      787|      787|  7.870 us|  7.870 us|  787|  787|       no|
    +---------+---------+----------+----------+-----+-----+---------+

    + Detail: 
        * Instance: 
        N/A

        * Loop: 
        +---------------------------------------+---------+---------+----------+-----------+-----------+------+----------+
        |                                       |  Latency (cycles) | Iteration|  Initiation Interval  | Trip |          |
        |               Loop Name               |   min   |   max   |  Latency |  achieved |   target  | Count| Pipelined|
        +---------------------------------------+---------+---------+----------+-----------+-----------+------+----------+
        |- VITIS_LOOP_215_13_VITIS_LOOP_216_14  |      785|      785|        22|          4|          1|   192|       yes|
        +---------------------------------------+---------+---------+----------+-----------+-----------+------+----------+

============================================================
+ Verbose Summary: Synthesis Manager
============================================================
InlineROM: 1
ExposeGlobal: 0
============================================================
+ Verbose Summary: CDFG Model
============================================================
IsTopModel: 0
ResetActiveHigh: 1
IsCombinational: 0
IsDatapathOnly: 0
HasWiredReturn: 1
HasMFsm: 2
HasVarLatency: 1
IsPipeline: 0
IsRtlPipelined: 0
IsInstanceOverlapped: 0
IsDontTouch: 0
HasImplIP: 0
IsGatedGlobalClock: 0

+ Individual pipeline summary: 
  * Pipeline-0: initiation interval (II) = 4, depth = 22


============================================================
+ Verbose Summary: Schedule
============================================================
* Number of FSM states : 22
* Pipeline : 1
  Pipeline-0 : II = 4, D = 22, States = { 1 2 3 4 5 6 7 8 9 10 11 12 13 14 15 16 17 18 19 20 21 22 }
* Dataflow Pipeline: 0

* FSM state transitions: 
1 --> 2 
2 --> 3 
3 --> 4 
4 --> 5 
5 --> 6 
6 --> 7 
7 --> 8 
8 --> 9 
9 --> 10 
10 --> 11 
11 --> 12 
12 --> 13 
13 --> 14 
14 --> 15 
15 --> 16 
16 --> 17 
17 --> 18 
18 --> 19 
19 --> 20 
20 --> 21 
21 --> 22 
22 --> 

* FSM state operations: 

State 1 <SV = 0> <Delay = 6.25>
ST_1 : Operation 25 [1/1] (0.00ns)   --->   "%norm = alloca i32 1"   --->   Operation 25 'alloca' 'norm' <Predicate = true> <Delay = 0.00>
ST_1 : Operation 26 [1/1] (0.00ns)   --->   "%j = alloca i32 1"   --->   Operation 26 'alloca' 'j' <Predicate = true> <Delay = 0.00>
ST_1 : Operation 27 [1/1] (0.00ns)   --->   "%i = alloca i32 1"   --->   Operation 27 'alloca' 'i' <Predicate = true> <Delay = 0.00>
ST_1 : Operation 28 [1/1] (0.00ns)   --->   "%indvar_flatten33 = alloca i32 1"   --->   Operation 28 'alloca' 'indvar_flatten33' <Predicate = true> <Delay = 0.00>
ST_1 : Operation 29 [1/1] (0.00ns)   --->   "%specinterface_ln0 = specinterface void @_ssdm_op_SpecInterface, i64 %weights3, void @empty_17, i32 0, i32 0, void @empty_18, i32 4294967295, i32 0, void @empty_18, void @empty_18, void @empty_18, i32 0, i32 0, i32 0, i32 0, void @empty_18, void @empty_18, i32 4294967295, i32 0"   --->   Operation 29 'specinterface' 'specinterface_ln0' <Predicate = true> <Delay = 0.00>
ST_1 : Operation 30 [1/1] (0.84ns)   --->   "%store_ln0 = store i8 0, i8 %indvar_flatten33"   --->   Operation 30 'store' 'store_ln0' <Predicate = true> <Delay = 0.84>
ST_1 : Operation 31 [1/1] (0.84ns)   --->   "%store_ln0 = store i7 0, i7 %i"   --->   Operation 31 'store' 'store_ln0' <Predicate = true> <Delay = 0.84>
ST_1 : Operation 32 [1/1] (0.84ns)   --->   "%store_ln0 = store i2 0, i2 %j"   --->   Operation 32 'store' 'store_ln0' <Predicate = true> <Delay = 0.84>
ST_1 : Operation 33 [1/1] (0.84ns)   --->   "%store_ln0 = store i64 0, i64 %norm"   --->   Operation 33 'store' 'store_ln0' <Predicate = true> <Delay = 0.84>
ST_1 : Operation 34 [1/1] (0.00ns)   --->   "%br_ln0 = br void %for.inc179"   --->   Operation 34 'br' 'br_ln0' <Predicate = true> <Delay = 0.00>
ST_1 : Operation 35 [1/1] (0.00ns)   --->   "%i_4 = load i7 %i"   --->   Operation 35 'load' 'i_4' <Predicate = true> <Delay = 0.00>
ST_1 : Operation 36 [1/1] (0.00ns)   --->   "%indvar_flatten33_load = load i8 %indvar_flatten33" [backprop.c:215]   --->   Operation 36 'load' 'indvar_flatten33_load' <Predicate = true> <Delay = 0.00>
ST_1 : Operation 37 [1/1] (0.00ns)   --->   "%zext_ln215 = zext i7 %i_4" [backprop.c:215]   --->   Operation 37 'zext' 'zext_ln215' <Predicate = true> <Delay = 0.00>
ST_1 : Operation 38 [1/1] (0.00ns)   --->   "%empty = trunc i7 %i_4"   --->   Operation 38 'trunc' 'empty' <Predicate = true> <Delay = 0.00>
ST_1 : Operation 39 [1/1] (0.00ns)   --->   "%p_shl = bitconcatenate i8 @_ssdm_op_BitConcatenate.i8.i6.i2, i6 %empty, i2 0"   --->   Operation 39 'bitconcatenate' 'p_shl' <Predicate = true> <Delay = 0.00>
ST_1 : Operation 40 [1/1] (1.35ns)   --->   "%empty_34 = sub i8 %p_shl, i8 %zext_ln215" [backprop.c:215]   --->   Operation 40 'sub' 'empty_34' <Predicate = true> <Delay = 1.35> <CoreInst = "Adder">   --->   Core 1 'Adder' <Latency = 0> <II = 1> <Delay = 1.35> <FuncUnit> <Opcode : 'add' 'sub'> <InPorts = 2> <OutPorts = 1>
ST_1 : Operation 41 [1/1] (0.00ns)   --->   "%specpipeline_ln0 = specpipeline void @_ssdm_op_SpecPipeline, i32 4294967295, i32 0, i32 1, i32 0, void @p_str"   --->   Operation 41 'specpipeline' 'specpipeline_ln0' <Predicate = true> <Delay = 0.00>
ST_1 : Operation 42 [1/1] (0.86ns)   --->   "%icmp_ln215 = icmp_eq  i8 %indvar_flatten33_load, i8 192" [backprop.c:215]   --->   Operation 42 'icmp' 'icmp_ln215' <Predicate = true> <Delay = 0.86> <CoreInst = "Cmp">   --->   Core 9 'Cmp' <Latency = 0> <II = 1> <Delay = 0.86> <FuncUnit> <Opcode : 'icmp'> <InPorts = 2> <OutPorts = 1>
ST_1 : Operation 43 [1/1] (1.35ns)   --->   "%add_ln215 = add i8 %indvar_flatten33_load, i8 1" [backprop.c:215]   --->   Operation 43 'add' 'add_ln215' <Predicate = true> <Delay = 1.35> <CoreInst = "Adder">   --->   Core 1 'Adder' <Latency = 0> <II = 1> <Delay = 1.35> <FuncUnit> <Opcode : 'add' 'sub'> <InPorts = 2> <OutPorts = 1>
ST_1 : Operation 44 [1/1] (0.00ns)   --->   "%br_ln215 = br i1 %icmp_ln215, void %for.inc182, void %for.inc200.preheader.exitStub" [backprop.c:215]   --->   Operation 44 'br' 'br_ln215' <Predicate = true> <Delay = 0.00>
ST_1 : Operation 45 [1/1] (0.00ns)   --->   "%j_load = load i2 %j" [backprop.c:216]   --->   Operation 45 'load' 'j_load' <Predicate = (!icmp_ln215)> <Delay = 0.00>
ST_1 : Operation 46 [1/1] (0.48ns)   --->   "%icmp_ln216 = icmp_eq  i2 %j_load, i2 3" [backprop.c:216]   --->   Operation 46 'icmp' 'icmp_ln216' <Predicate = (!icmp_ln215)> <Delay = 0.48> <CoreInst = "Cmp">   --->   Core 9 'Cmp' <Latency = 0> <II = 1> <Delay = 0.48> <FuncUnit> <Opcode : 'icmp'> <InPorts = 2> <OutPorts = 1>
ST_1 : Operation 47 [1/1] (0.49ns)   --->   "%select_ln215 = select i1 %icmp_ln216, i2 0, i2 %j_load" [backprop.c:215]   --->   Operation 47 'select' 'select_ln215' <Predicate = (!icmp_ln215)> <Delay = 0.49> <CoreInst = "Sel">   --->   Core 73 'Sel' <Latency = 0> <II = 1> <Delay = 0.49> <FuncUnit> <Opcode : 'select'> <InPorts = 3> <OutPorts = 1>
ST_1 : Operation 48 [1/1] (1.27ns)   --->   "%add_ln215_1 = add i7 %i_4, i7 1" [backprop.c:215]   --->   Operation 48 'add' 'add_ln215_1' <Predicate = (!icmp_ln215)> <Delay = 1.27> <CoreInst = "Adder">   --->   Core 1 'Adder' <Latency = 0> <II = 1> <Delay = 1.27> <FuncUnit> <Opcode : 'add' 'sub'> <InPorts = 2> <OutPorts = 1>
ST_1 : Operation 49 [1/1] (0.00ns)   --->   "%zext_ln215_1 = zext i7 %add_ln215_1" [backprop.c:215]   --->   Operation 49 'zext' 'zext_ln215_1' <Predicate = (!icmp_ln215)> <Delay = 0.00>
ST_1 : Operation 50 [1/1] (0.00ns)   --->   "%empty_36 = trunc i7 %add_ln215_1" [backprop.c:215]   --->   Operation 50 'trunc' 'empty_36' <Predicate = (!icmp_ln215)> <Delay = 0.00>
ST_1 : Operation 51 [1/1] (0.00ns)   --->   "%p_shl_mid1 = bitconcatenate i8 @_ssdm_op_BitConcatenate.i8.i6.i2, i6 %empty_36, i2 0" [backprop.c:215]   --->   Operation 51 'bitconcatenate' 'p_shl_mid1' <Predicate = (!icmp_ln215)> <Delay = 0.00>
ST_1 : Operation 52 [1/1] (1.35ns)   --->   "%p_mid131 = sub i8 %p_shl_mid1, i8 %zext_ln215_1" [backprop.c:215]   --->   Operation 52 'sub' 'p_mid131' <Predicate = (!icmp_ln215)> <Delay = 1.35> <CoreInst = "Adder">   --->   Core 1 'Adder' <Latency = 0> <II = 1> <Delay = 1.35> <FuncUnit> <Opcode : 'add' 'sub'> <InPorts = 2> <OutPorts = 1>
ST_1 : Operation 53 [1/1] (0.00ns) (grouped into LUT with out node add_ln217)   --->   "%select_ln215_1 = select i1 %icmp_ln216, i8 %p_mid131, i8 %empty_34" [backprop.c:215]   --->   Operation 53 'select' 'select_ln215_1' <Predicate = (!icmp_ln215)> <Delay = 0.00> <CoreInst = "Sel">   --->   Core 73 'Sel' <Latency = 0> <II = 1> <Delay = 0.37> <FuncUnit> <Opcode : 'select'> <InPorts = 3> <OutPorts = 1>
ST_1 : Operation 54 [1/1] (0.00ns) (grouped into LUT with out node add_ln217)   --->   "%j_4_cast = zext i2 %select_ln215" [backprop.c:215]   --->   Operation 54 'zext' 'j_4_cast' <Predicate = (!icmp_ln215)> <Delay = 0.00>
ST_1 : Operation 55 [1/1] (1.35ns) (out node of the LUT)   --->   "%add_ln217 = add i8 %j_4_cast, i8 %select_ln215_1" [backprop.c:217]   --->   Operation 55 'add' 'add_ln217' <Predicate = (!icmp_ln215)> <Delay = 1.35> <CoreInst = "Adder">   --->   Core 1 'Adder' <Latency = 0> <II = 1> <Delay = 1.35> <FuncUnit> <Opcode : 'add' 'sub'> <InPorts = 2> <OutPorts = 1>
ST_1 : Operation 56 [1/1] (0.00ns)   --->   "%zext_ln217 = zext i8 %add_ln217" [backprop.c:217]   --->   Operation 56 'zext' 'zext_ln217' <Predicate = (!icmp_ln215)> <Delay = 0.00>
ST_1 : Operation 57 [1/1] (0.00ns)   --->   "%d_weights3_addr = getelementptr i64 %d_weights3, i64 0, i64 %zext_ln217" [backprop.c:217]   --->   Operation 57 'getelementptr' 'd_weights3_addr' <Predicate = (!icmp_ln215)> <Delay = 0.00>
ST_1 : Operation 58 [2/2] (2.26ns)   --->   "%d_weights3_load = load i8 %d_weights3_addr" [backprop.c:217]   --->   Operation 58 'load' 'd_weights3_load' <Predicate = (!icmp_ln215)> <Delay = 2.26> <CoreInst = "RAM">   --->   Core 82 'RAM' <Latency = 1> <II = 1> <Delay = 2.26> <Storage> <Opcode : 'load' 'store'> <Ports = 2> <Width = 64> <Depth = 192> <RAM>
ST_1 : Operation 59 [1/1] (0.00ns)   --->   "%weights3_addr = getelementptr i64 %weights3, i64 0, i64 %zext_ln217" [backprop.c:217]   --->   Operation 59 'getelementptr' 'weights3_addr' <Predicate = (!icmp_ln215)> <Delay = 0.00>
ST_1 : Operation 60 [1/1] (0.85ns)   --->   "%add_ln216 = add i2 %select_ln215, i2 1" [backprop.c:216]   --->   Operation 60 'add' 'add_ln216' <Predicate = (!icmp_ln215)> <Delay = 0.85> <CoreInst = "Adder">   --->   Core 1 'Adder' <Latency = 0> <II = 1> <Delay = 0.85> <FuncUnit> <Opcode : 'add' 'sub'> <InPorts = 2> <OutPorts = 1>
ST_1 : Operation 61 [1/1] (0.84ns)   --->   "%store_ln216 = store i8 %add_ln215, i8 %indvar_flatten33" [backprop.c:216]   --->   Operation 61 'store' 'store_ln216' <Predicate = (!icmp_ln215)> <Delay = 0.84>
ST_1 : Operation 62 [1/1] (0.84ns)   --->   "%store_ln216 = store i2 %add_ln216, i2 %j" [backprop.c:216]   --->   Operation 62 'store' 'store_ln216' <Predicate = (!icmp_ln215)> <Delay = 0.84>

State 2 <SV = 1> <Delay = 2.26>
ST_2 : Operation 63 [1/2] (2.26ns)   --->   "%d_weights3_load = load i8 %d_weights3_addr" [backprop.c:217]   --->   Operation 63 'load' 'd_weights3_load' <Predicate = (!icmp_ln215)> <Delay = 2.26> <CoreInst = "RAM">   --->   Core 82 'RAM' <Latency = 1> <II = 1> <Delay = 2.26> <Storage> <Opcode : 'load' 'store'> <Ports = 2> <Width = 64> <Depth = 192> <RAM>

State 3 <SV = 2> <Delay = 7.14>
ST_3 : Operation 64 [5/5] (7.14ns)   --->   "%mul = dmul i64 %d_weights3_load, i64 0.01" [backprop.c:217]   --->   Operation 64 'dmul' 'mul' <Predicate = (!icmp_ln215)> <Delay = 7.14> <CoreInst = "DMul_maxdsp">   --->   Core 49 'DMul_maxdsp' <Latency = 4> <II = 1> <Delay = 7.14> <FuncUnit> <Opcode : 'dmul'> <InPorts = 2> <OutPorts = 1>

State 4 <SV = 3> <Delay = 7.14>
ST_4 : Operation 65 [1/1] (0.51ns)   --->   "%select_ln215_2 = select i1 %icmp_ln216, i7 %add_ln215_1, i7 %i_4" [backprop.c:215]   --->   Operation 65 'select' 'select_ln215_2' <Predicate = (!icmp_ln215)> <Delay = 0.51> <CoreInst = "Sel">   --->   Core 73 'Sel' <Latency = 0> <II = 1> <Delay = 0.51> <FuncUnit> <Opcode : 'select'> <InPorts = 3> <OutPorts = 1>
ST_4 : Operation 66 [4/5] (7.14ns)   --->   "%mul = dmul i64 %d_weights3_load, i64 0.01" [backprop.c:217]   --->   Operation 66 'dmul' 'mul' <Predicate = (!icmp_ln215)> <Delay = 7.14> <CoreInst = "DMul_maxdsp">   --->   Core 49 'DMul_maxdsp' <Latency = 4> <II = 1> <Delay = 7.14> <FuncUnit> <Opcode : 'dmul'> <InPorts = 2> <OutPorts = 1>
ST_4 : Operation 67 [1/1] (0.84ns)   --->   "%store_ln216 = store i7 %select_ln215_2, i7 %i" [backprop.c:216]   --->   Operation 67 'store' 'store_ln216' <Predicate = (!icmp_ln215)> <Delay = 0.84>

State 5 <SV = 4> <Delay = 7.14>
ST_5 : Operation 68 [3/5] (7.14ns)   --->   "%mul = dmul i64 %d_weights3_load, i64 0.01" [backprop.c:217]   --->   Operation 68 'dmul' 'mul' <Predicate = true> <Delay = 7.14> <CoreInst = "DMul_maxdsp">   --->   Core 49 'DMul_maxdsp' <Latency = 4> <II = 1> <Delay = 7.14> <FuncUnit> <Opcode : 'dmul'> <InPorts = 2> <OutPorts = 1>
ST_5 : Operation 69 [2/2] (2.26ns)   --->   "%weights3_load = load i8 %weights3_addr" [backprop.c:217]   --->   Operation 69 'load' 'weights3_load' <Predicate = true> <Delay = 2.26> <CoreInst = "RAM">   --->   Core 82 'RAM' <Latency = 1> <II = 1> <Delay = 2.26> <Storage> <Opcode : 'load' 'store'> <Ports = 2> <Width = 64> <Depth = 192> <RAM>

State 6 <SV = 5> <Delay = 7.14>
ST_6 : Operation 70 [2/5] (7.14ns)   --->   "%mul = dmul i64 %d_weights3_load, i64 0.01" [backprop.c:217]   --->   Operation 70 'dmul' 'mul' <Predicate = true> <Delay = 7.14> <CoreInst = "DMul_maxdsp">   --->   Core 49 'DMul_maxdsp' <Latency = 4> <II = 1> <Delay = 7.14> <FuncUnit> <Opcode : 'dmul'> <InPorts = 2> <OutPorts = 1>
ST_6 : Operation 71 [1/2] (2.26ns)   --->   "%weights3_load = load i8 %weights3_addr" [backprop.c:217]   --->   Operation 71 'load' 'weights3_load' <Predicate = true> <Delay = 2.26> <CoreInst = "RAM">   --->   Core 82 'RAM' <Latency = 1> <II = 1> <Delay = 2.26> <Storage> <Opcode : 'load' 'store'> <Ports = 2> <Width = 64> <Depth = 192> <RAM>

State 7 <SV = 6> <Delay = 7.14>
ST_7 : Operation 72 [1/5] (7.14ns)   --->   "%mul = dmul i64 %d_weights3_load, i64 0.01" [backprop.c:217]   --->   Operation 72 'dmul' 'mul' <Predicate = true> <Delay = 7.14> <CoreInst = "DMul_maxdsp">   --->   Core 49 'DMul_maxdsp' <Latency = 4> <II = 1> <Delay = 7.14> <FuncUnit> <Opcode : 'dmul'> <InPorts = 2> <OutPorts = 1>

State 8 <SV = 7> <Delay = 5.86>
ST_8 : Operation 73 [1/1] (0.00ns)   --->   "%bitcast_ln217 = bitcast i64 %weights3_load" [backprop.c:217]   --->   Operation 73 'bitcast' 'bitcast_ln217' <Predicate = true> <Delay = 0.00>
ST_8 : Operation 74 [5/5] (5.86ns)   --->   "%sub5 = dsub i64 %bitcast_ln217, i64 %mul" [backprop.c:217]   --->   Operation 74 'dsub' 'sub5' <Predicate = true> <Delay = 5.86> <CoreInst = "DAddSub_fulldsp">   --->   Core 37 'DAddSub_fulldsp' <Latency = 4> <II = 1> <Delay = 5.86> <FuncUnit> <Opcode : 'dadd' 'dsub'> <InPorts = 2> <OutPorts = 1>

State 9 <SV = 8> <Delay = 5.86>
ST_9 : Operation 75 [4/5] (5.86ns)   --->   "%sub5 = dsub i64 %bitcast_ln217, i64 %mul" [backprop.c:217]   --->   Operation 75 'dsub' 'sub5' <Predicate = true> <Delay = 5.86> <CoreInst = "DAddSub_fulldsp">   --->   Core 37 'DAddSub_fulldsp' <Latency = 4> <II = 1> <Delay = 5.86> <FuncUnit> <Opcode : 'dadd' 'dsub'> <InPorts = 2> <OutPorts = 1>

State 10 <SV = 9> <Delay = 5.86>
ST_10 : Operation 76 [3/5] (5.86ns)   --->   "%sub5 = dsub i64 %bitcast_ln217, i64 %mul" [backprop.c:217]   --->   Operation 76 'dsub' 'sub5' <Predicate = true> <Delay = 5.86> <CoreInst = "DAddSub_fulldsp">   --->   Core 37 'DAddSub_fulldsp' <Latency = 4> <II = 1> <Delay = 5.86> <FuncUnit> <Opcode : 'dadd' 'dsub'> <InPorts = 2> <OutPorts = 1>

State 11 <SV = 10> <Delay = 5.86>
ST_11 : Operation 77 [2/5] (5.86ns)   --->   "%sub5 = dsub i64 %bitcast_ln217, i64 %mul" [backprop.c:217]   --->   Operation 77 'dsub' 'sub5' <Predicate = true> <Delay = 5.86> <CoreInst = "DAddSub_fulldsp">   --->   Core 37 'DAddSub_fulldsp' <Latency = 4> <II = 1> <Delay = 5.86> <FuncUnit> <Opcode : 'dadd' 'dsub'> <InPorts = 2> <OutPorts = 1>

State 12 <SV = 11> <Delay = 5.86>
ST_12 : Operation 78 [1/5] (5.86ns)   --->   "%sub5 = dsub i64 %bitcast_ln217, i64 %mul" [backprop.c:217]   --->   Operation 78 'dsub' 'sub5' <Predicate = true> <Delay = 5.86> <CoreInst = "DAddSub_fulldsp">   --->   Core 37 'DAddSub_fulldsp' <Latency = 4> <II = 1> <Delay = 5.86> <FuncUnit> <Opcode : 'dadd' 'dsub'> <InPorts = 2> <OutPorts = 1>

State 13 <SV = 12> <Delay = 7.14>
ST_13 : Operation 79 [1/1] (0.00ns)   --->   "%bitcast_ln217_1 = bitcast i64 %sub5" [backprop.c:217]   --->   Operation 79 'bitcast' 'bitcast_ln217_1' <Predicate = true> <Delay = 0.00>
ST_13 : Operation 80 [1/1] (2.26ns)   --->   "%store_ln217 = store i64 %bitcast_ln217_1, i8 %weights3_addr" [backprop.c:217]   --->   Operation 80 'store' 'store_ln217' <Predicate = true> <Delay = 2.26> <CoreInst = "RAM">   --->   Core 82 'RAM' <Latency = 1> <II = 1> <Delay = 2.26> <Storage> <Opcode : 'load' 'store'> <Ports = 2> <Width = 64> <Depth = 192> <RAM>
ST_13 : Operation 81 [5/5] (7.14ns)   --->   "%mul1 = dmul i64 %sub5, i64 %sub5" [backprop.c:218]   --->   Operation 81 'dmul' 'mul1' <Predicate = true> <Delay = 7.14> <CoreInst = "DMul_maxdsp">   --->   Core 49 'DMul_maxdsp' <Latency = 4> <II = 1> <Delay = 7.14> <FuncUnit> <Opcode : 'dmul'> <InPorts = 2> <OutPorts = 1>

State 14 <SV = 13> <Delay = 7.14>
ST_14 : Operation 82 [4/5] (7.14ns)   --->   "%mul1 = dmul i64 %sub5, i64 %sub5" [backprop.c:218]   --->   Operation 82 'dmul' 'mul1' <Predicate = true> <Delay = 7.14> <CoreInst = "DMul_maxdsp">   --->   Core 49 'DMul_maxdsp' <Latency = 4> <II = 1> <Delay = 7.14> <FuncUnit> <Opcode : 'dmul'> <InPorts = 2> <OutPorts = 1>

State 15 <SV = 14> <Delay = 7.14>
ST_15 : Operation 83 [3/5] (7.14ns)   --->   "%mul1 = dmul i64 %sub5, i64 %sub5" [backprop.c:218]   --->   Operation 83 'dmul' 'mul1' <Predicate = true> <Delay = 7.14> <CoreInst = "DMul_maxdsp">   --->   Core 49 'DMul_maxdsp' <Latency = 4> <II = 1> <Delay = 7.14> <FuncUnit> <Opcode : 'dmul'> <InPorts = 2> <OutPorts = 1>

State 16 <SV = 15> <Delay = 7.14>
ST_16 : Operation 84 [2/5] (7.14ns)   --->   "%mul1 = dmul i64 %sub5, i64 %sub5" [backprop.c:218]   --->   Operation 84 'dmul' 'mul1' <Predicate = true> <Delay = 7.14> <CoreInst = "DMul_maxdsp">   --->   Core 49 'DMul_maxdsp' <Latency = 4> <II = 1> <Delay = 7.14> <FuncUnit> <Opcode : 'dmul'> <InPorts = 2> <OutPorts = 1>

State 17 <SV = 16> <Delay = 7.14>
ST_17 : Operation 85 [1/5] (7.14ns)   --->   "%mul1 = dmul i64 %sub5, i64 %sub5" [backprop.c:218]   --->   Operation 85 'dmul' 'mul1' <Predicate = true> <Delay = 7.14> <CoreInst = "DMul_maxdsp">   --->   Core 49 'DMul_maxdsp' <Latency = 4> <II = 1> <Delay = 7.14> <FuncUnit> <Opcode : 'dmul'> <InPorts = 2> <OutPorts = 1>

State 18 <SV = 17> <Delay = 5.86>
ST_18 : Operation 86 [1/1] (0.00ns)   --->   "%norm_load_1 = load i64 %norm" [backprop.c:218]   --->   Operation 86 'load' 'norm_load_1' <Predicate = true> <Delay = 0.00>
ST_18 : Operation 87 [5/5] (5.86ns)   --->   "%norm_1 = dadd i64 %norm_load_1, i64 %mul1" [backprop.c:218]   --->   Operation 87 'dadd' 'norm_1' <Predicate = true> <Delay = 5.86> <CoreInst = "DAddSub_fulldsp">   --->   Core 37 'DAddSub_fulldsp' <Latency = 4> <II = 1> <Delay = 5.86> <FuncUnit> <Opcode : 'dadd' 'dsub'> <InPorts = 2> <OutPorts = 1>
ST_18 : Operation 98 [1/1] (0.00ns)   --->   "%norm_load = load i64 %norm"   --->   Operation 98 'load' 'norm_load' <Predicate = (icmp_ln215)> <Delay = 0.00>
ST_18 : Operation 99 [1/1] (0.00ns)   --->   "%write_ln0 = write void @_ssdm_op_Write.ap_auto.doubleP0A, i64 %norm_7_out, i64 %norm_load"   --->   Operation 99 'write' 'write_ln0' <Predicate = (icmp_ln215)> <Delay = 0.00>
ST_18 : Operation 100 [1/1] (0.00ns)   --->   "%ret_ln0 = ret"   --->   Operation 100 'ret' 'ret_ln0' <Predicate = (icmp_ln215)> <Delay = 0.00>

State 19 <SV = 18> <Delay = 5.86>
ST_19 : Operation 88 [4/5] (5.86ns)   --->   "%norm_1 = dadd i64 %norm_load_1, i64 %mul1" [backprop.c:218]   --->   Operation 88 'dadd' 'norm_1' <Predicate = true> <Delay = 5.86> <CoreInst = "DAddSub_fulldsp">   --->   Core 37 'DAddSub_fulldsp' <Latency = 4> <II = 1> <Delay = 5.86> <FuncUnit> <Opcode : 'dadd' 'dsub'> <InPorts = 2> <OutPorts = 1>

State 20 <SV = 19> <Delay = 5.86>
ST_20 : Operation 89 [3/5] (5.86ns)   --->   "%norm_1 = dadd i64 %norm_load_1, i64 %mul1" [backprop.c:218]   --->   Operation 89 'dadd' 'norm_1' <Predicate = true> <Delay = 5.86> <CoreInst = "DAddSub_fulldsp">   --->   Core 37 'DAddSub_fulldsp' <Latency = 4> <II = 1> <Delay = 5.86> <FuncUnit> <Opcode : 'dadd' 'dsub'> <InPorts = 2> <OutPorts = 1>

State 21 <SV = 20> <Delay = 5.86>
ST_21 : Operation 90 [2/5] (5.86ns)   --->   "%norm_1 = dadd i64 %norm_load_1, i64 %mul1" [backprop.c:218]   --->   Operation 90 'dadd' 'norm_1' <Predicate = true> <Delay = 5.86> <CoreInst = "DAddSub_fulldsp">   --->   Core 37 'DAddSub_fulldsp' <Latency = 4> <II = 1> <Delay = 5.86> <FuncUnit> <Opcode : 'dadd' 'dsub'> <InPorts = 2> <OutPorts = 1>

State 22 <SV = 21> <Delay = 6.70>
ST_22 : Operation 91 [1/1] (0.00ns)   --->   "%specloopname_ln0 = specloopname void @_ssdm_op_SpecLoopName, void @VITIS_LOOP_215_13_VITIS_LOOP_216_14_str"   --->   Operation 91 'specloopname' 'specloopname_ln0' <Predicate = true> <Delay = 0.00>
ST_22 : Operation 92 [1/1] (0.00ns)   --->   "%empty_35 = speclooptripcount i32 @_ssdm_op_SpecLoopTripCount, i64 192, i64 192, i64 192"   --->   Operation 92 'speclooptripcount' 'empty_35' <Predicate = true> <Delay = 0.00>
ST_22 : Operation 93 [1/1] (0.00ns)   --->   "%specpipeline_ln0 = specpipeline void @_ssdm_op_SpecPipeline, i32 4294967295, i32 0, i32 1, i32 0, void @p_str"   --->   Operation 93 'specpipeline' 'specpipeline_ln0' <Predicate = true> <Delay = 0.00>
ST_22 : Operation 94 [1/1] (0.00ns)   --->   "%specloopname_ln158 = specloopname void @_ssdm_op_SpecLoopName, void @empty_22" [backprop.c:158]   --->   Operation 94 'specloopname' 'specloopname_ln158' <Predicate = true> <Delay = 0.00>
ST_22 : Operation 95 [1/5] (5.86ns)   --->   "%norm_1 = dadd i64 %norm_load_1, i64 %mul1" [backprop.c:218]   --->   Operation 95 'dadd' 'norm_1' <Predicate = true> <Delay = 5.86> <CoreInst = "DAddSub_fulldsp">   --->   Core 37 'DAddSub_fulldsp' <Latency = 4> <II = 1> <Delay = 5.86> <FuncUnit> <Opcode : 'dadd' 'dsub'> <InPorts = 2> <OutPorts = 1>
ST_22 : Operation 96 [1/1] (0.84ns)   --->   "%store_ln216 = store i64 %norm_1, i64 %norm" [backprop.c:216]   --->   Operation 96 'store' 'store_ln216' <Predicate = true> <Delay = 0.84>
ST_22 : Operation 97 [1/1] (0.00ns)   --->   "%br_ln216 = br void %for.inc179" [backprop.c:216]   --->   Operation 97 'br' 'br_ln216' <Predicate = true> <Delay = 0.00>


============================================================
+ Verbose Summary: Timing violations
============================================================
Target clock period: 10ns, clock uncertainty: 2.7ns.

 <State 1>: 6.25ns
The critical path consists of the following:
	'alloca' operation ('i') [6]  (0 ns)
	'load' operation ('i') on local variable 'i' [15]  (0 ns)
	'add' operation ('add_ln215_1', backprop.c:215) [32]  (1.27 ns)
	'sub' operation ('p_mid131', backprop.c:215) [36]  (1.36 ns)
	'select' operation ('select_ln215_1', backprop.c:215) [37]  (0 ns)
	'add' operation ('add_ln217', backprop.c:217) [42]  (1.36 ns)
	'getelementptr' operation ('d_weights3_addr', backprop.c:217) [44]  (0 ns)
	'load' operation ('d_weights3_load', backprop.c:217) on array 'd_weights3' [45]  (2.27 ns)

 <State 2>: 2.27ns
The critical path consists of the following:
	'load' operation ('d_weights3_load', backprop.c:217) on array 'd_weights3' [45]  (2.27 ns)

 <State 3>: 7.15ns
The critical path consists of the following:
	'dmul' operation ('mul', backprop.c:217) [46]  (7.15 ns)

 <State 4>: 7.15ns
The critical path consists of the following:
	'dmul' operation ('mul', backprop.c:217) [46]  (7.15 ns)

 <State 5>: 7.15ns
The critical path consists of the following:
	'dmul' operation ('mul', backprop.c:217) [46]  (7.15 ns)

 <State 6>: 7.15ns
The critical path consists of the following:
	'dmul' operation ('mul', backprop.c:217) [46]  (7.15 ns)

 <State 7>: 7.15ns
The critical path consists of the following:
	'dmul' operation ('mul', backprop.c:217) [46]  (7.15 ns)

 <State 8>: 5.87ns
The critical path consists of the following:
	'dsub' operation ('sub5', backprop.c:217) [50]  (5.87 ns)

 <State 9>: 5.87ns
The critical path consists of the following:
	'dsub' operation ('sub5', backprop.c:217) [50]  (5.87 ns)

 <State 10>: 5.87ns
The critical path consists of the following:
	'dsub' operation ('sub5', backprop.c:217) [50]  (5.87 ns)

 <State 11>: 5.87ns
The critical path consists of the following:
	'dsub' operation ('sub5', backprop.c:217) [50]  (5.87 ns)

 <State 12>: 5.87ns
The critical path consists of the following:
	'dsub' operation ('sub5', backprop.c:217) [50]  (5.87 ns)

 <State 13>: 7.15ns
The critical path consists of the following:
	'dmul' operation ('mul1', backprop.c:218) [53]  (7.15 ns)

 <State 14>: 7.15ns
The critical path consists of the following:
	'dmul' operation ('mul1', backprop.c:218) [53]  (7.15 ns)

 <State 15>: 7.15ns
The critical path consists of the following:
	'dmul' operation ('mul1', backprop.c:218) [53]  (7.15 ns)

 <State 16>: 7.15ns
The critical path consists of the following:
	'dmul' operation ('mul1', backprop.c:218) [53]  (7.15 ns)

 <State 17>: 7.15ns
The critical path consists of the following:
	'dmul' operation ('mul1', backprop.c:218) [53]  (7.15 ns)

 <State 18>: 5.87ns
The critical path consists of the following:
	'load' operation ('norm_load_1', backprop.c:218) on local variable 'norm' [26]  (0 ns)
	'dadd' operation ('norm_1', backprop.c:218) [54]  (5.87 ns)

 <State 19>: 5.87ns
The critical path consists of the following:
	'dadd' operation ('norm_1', backprop.c:218) [54]  (5.87 ns)

 <State 20>: 5.87ns
The critical path consists of the following:
	'dadd' operation ('norm_1', backprop.c:218) [54]  (5.87 ns)

 <State 21>: 5.87ns
The critical path consists of the following:
	'dadd' operation ('norm_1', backprop.c:218) [54]  (5.87 ns)

 <State 22>: 6.71ns
The critical path consists of the following:
	'dadd' operation ('norm_1', backprop.c:218) [54]  (5.87 ns)
	'store' operation ('store_ln216', backprop.c:216) of variable 'norm_1', backprop.c:218 on local variable 'norm' [59]  (0.844 ns)


============================================================
+ Verbose Summary: Binding
============================================================
N/A
* FSMD analyzer results:
  - Output states:
 - Input state : 
  - Chain level:
	State 1
	State 2
	State 3
	State 4
	State 5
	State 6
	State 7
	State 8
	State 9
	State 10
	State 11
	State 12
	State 13
	State 14
	State 15
	State 16
	State 17
	State 18
	State 19
	State 20
	State 21
	State 22


============================================================
+ Verbose Summary: Datapath Resource usage 
============================================================
N/A
