

================================================================
== Vitis HLS Report for 'update_weights_1_Pipeline_VITIS_LOOP_182_6'
================================================================
* Date:           Wed Dec 20 21:42:40 2023

* Version:        2022.1 (Build 3526262 on Mon Apr 18 15:47:01 MDT 2022)
* Project:        backprop_syn
* Solution:       solution (Vivado IP Flow Target)
* Product family: virtex7
* Target device:  xc7v585t-ffg1761-2


================================================================
== Performance Estimates
================================================================
+ Timing: 
    * Summary: 
    +--------+----------+----------+------------+
    |  Clock |  Target  | Estimated| Uncertainty|
    +--------+----------+----------+------------+
    |ap_clk  |  10.00 ns|  6.288 ns|     2.70 ns|
    +--------+----------+----------+------------+

+ Latency: 
    * Summary: 
    +---------+---------+----------+----------+-----+-----+---------+
    |  Latency (cycles) |  Latency (absolute) |  Interval | Pipeline|
    |   min   |   max   |    min   |    max   | min | max |   Type  |
    +---------+---------+----------+----------+-----+-----+---------+
    |       89|       89|  0.890 us|  0.890 us|   89|   89|       no|
    +---------+---------+----------+----------+-----+-----+---------+

    + Detail: 
        * Instance: 
        N/A

        * Loop: 
        +--------------------+---------+---------+----------+-----------+-----------+------+----------+
        |                    |  Latency (cycles) | Iteration|  Initiation Interval  | Trip |          |
        |      Loop Name     |   min   |   max   |  Latency |  achieved |   target  | Count| Pipelined|
        +--------------------+---------+---------+----------+-----------+-----------+------+----------+
        |- VITIS_LOOP_182_6  |       87|       87|        25|          1|          1|    64|       yes|
        +--------------------+---------+---------+----------+-----------+-----------+------+----------+

============================================================
+ Verbose Summary: Synthesis Manager
============================================================
InlineROM: 1
ExposeGlobal: 0
============================================================
+ Verbose Summary: CDFG Model
============================================================
IsTopModel: 0
ResetActiveHigh: 1
IsCombinational: 0
IsDatapathOnly: 0
HasWiredReturn: 1
HasMFsm: 2
HasVarLatency: 1
IsPipeline: 0
IsRtlPipelined: 0
IsInstanceOverlapped: 0
IsDontTouch: 0
HasImplIP: 0
IsGatedGlobalClock: 0

+ Individual pipeline summary: 
  * Pipeline-0: initiation interval (II) = 1, depth = 25


============================================================
+ Verbose Summary: Schedule
============================================================
* Number of FSM states : 25
* Pipeline : 1
  Pipeline-0 : II = 1, D = 25, States = { 1 2 3 4 5 6 7 8 9 10 11 12 13 14 15 16 17 18 19 20 21 22 23 24 25 }
* Dataflow Pipeline: 0

* FSM state transitions: 
1 --> 2 
2 --> 3 
3 --> 4 
4 --> 5 
5 --> 6 
6 --> 7 
7 --> 8 
8 --> 9 
9 --> 10 
10 --> 11 
11 --> 12 
12 --> 13 
13 --> 14 
14 --> 15 
15 --> 16 
16 --> 17 
17 --> 18 
18 --> 19 
19 --> 20 
20 --> 21 
21 --> 22 
22 --> 23 
23 --> 24 
24 --> 25 
25 --> 

* FSM state operations: 

State 1 <SV = 0> <Delay = 2.26>
ST_1 : Operation 28 [1/1] (0.00ns)   --->   "%i_3 = alloca i32 1"   --->   Operation 28 'alloca' 'i_3' <Predicate = true> <Delay = 0.00>
ST_1 : Operation 29 [1/1] (0.00ns)   --->   "%specinterface_ln0 = specinterface void @_ssdm_op_SpecInterface, i64 %biases1, void @empty_17, i32 0, i32 0, void @empty_18, i32 4294967295, i32 0, void @empty_18, void @empty_18, void @empty_18, i32 0, i32 0, i32 0, i32 0, void @empty_18, void @empty_18, i32 4294967295, i32 0"   --->   Operation 29 'specinterface' 'specinterface_ln0' <Predicate = true> <Delay = 0.00>
ST_1 : Operation 30 [1/1] (0.00ns)   --->   "%bias_norm_read = read i64 @_ssdm_op_Read.ap_auto.double, i64 %bias_norm"   --->   Operation 30 'read' 'bias_norm_read' <Predicate = true> <Delay = 0.00>
ST_1 : Operation 31 [1/1] (0.84ns)   --->   "%store_ln0 = store i7 0, i7 %i_3"   --->   Operation 31 'store' 'store_ln0' <Predicate = true> <Delay = 0.84>
ST_1 : Operation 32 [1/1] (0.00ns)   --->   "%br_ln0 = br void %for.inc68"   --->   Operation 32 'br' 'br_ln0' <Predicate = true> <Delay = 0.00>
ST_1 : Operation 33 [1/1] (0.00ns)   --->   "%i = load i7 %i_3" [backprop.c:182]   --->   Operation 33 'load' 'i' <Predicate = true> <Delay = 0.00>
ST_1 : Operation 34 [1/1] (0.00ns)   --->   "%specpipeline_ln0 = specpipeline void @_ssdm_op_SpecPipeline, i32 4294967295, i32 0, i32 1, i32 0, void @p_str"   --->   Operation 34 'specpipeline' 'specpipeline_ln0' <Predicate = true> <Delay = 0.00>
ST_1 : Operation 35 [1/1] (0.86ns)   --->   "%icmp_ln182 = icmp_eq  i7 %i, i7 64" [backprop.c:182]   --->   Operation 35 'icmp' 'icmp_ln182' <Predicate = true> <Delay = 0.86> <CoreInst = "Cmp">   --->   Core 9 'Cmp' <Latency = 0> <II = 1> <Delay = 0.86> <FuncUnit> <Opcode : 'icmp'> <InPorts = 2> <OutPorts = 1>
ST_1 : Operation 36 [1/1] (0.00ns)   --->   "%empty = speclooptripcount i32 @_ssdm_op_SpecLoopTripCount, i64 64, i64 64, i64 64"   --->   Operation 36 'speclooptripcount' 'empty' <Predicate = true> <Delay = 0.00>
ST_1 : Operation 37 [1/1] (1.27ns)   --->   "%add_ln182 = add i7 %i, i7 1" [backprop.c:182]   --->   Operation 37 'add' 'add_ln182' <Predicate = true> <Delay = 1.27> <CoreInst = "Adder">   --->   Core 1 'Adder' <Latency = 0> <II = 1> <Delay = 1.27> <FuncUnit> <Opcode : 'add' 'sub'> <InPorts = 2> <OutPorts = 1>
ST_1 : Operation 38 [1/1] (0.00ns)   --->   "%br_ln182 = br i1 %icmp_ln182, void %for.inc68.split, void %for.inc97.preheader.exitStub" [backprop.c:182]   --->   Operation 38 'br' 'br_ln182' <Predicate = true> <Delay = 0.00>
ST_1 : Operation 39 [1/1] (0.00ns)   --->   "%i_3_cast = zext i7 %i" [backprop.c:182]   --->   Operation 39 'zext' 'i_3_cast' <Predicate = (!icmp_ln182)> <Delay = 0.00>
ST_1 : Operation 40 [1/1] (0.00ns)   --->   "%biases1_addr = getelementptr i64 %biases1, i64 0, i64 %i_3_cast" [backprop.c:183]   --->   Operation 40 'getelementptr' 'biases1_addr' <Predicate = (!icmp_ln182)> <Delay = 0.00>
ST_1 : Operation 41 [2/2] (2.26ns)   --->   "%biases1_load = load i6 %biases1_addr" [backprop.c:183]   --->   Operation 41 'load' 'biases1_load' <Predicate = (!icmp_ln182)> <Delay = 2.26> <CoreInst = "RAM">   --->   Core 82 'RAM' <Latency = 1> <II = 1> <Delay = 2.26> <Storage> <Opcode : 'load' 'store'> <Ports = 2> <Width = 64> <Depth = 64> <RAM>
ST_1 : Operation 42 [1/1] (0.84ns)   --->   "%store_ln182 = store i7 %add_ln182, i7 %i_3" [backprop.c:182]   --->   Operation 42 'store' 'store_ln182' <Predicate = (!icmp_ln182)> <Delay = 0.84>

State 2 <SV = 1> <Delay = 2.26>
ST_2 : Operation 43 [1/2] (2.26ns)   --->   "%biases1_load = load i6 %biases1_addr" [backprop.c:183]   --->   Operation 43 'load' 'biases1_load' <Predicate = true> <Delay = 2.26> <CoreInst = "RAM">   --->   Core 82 'RAM' <Latency = 1> <II = 1> <Delay = 2.26> <Storage> <Opcode : 'load' 'store'> <Ports = 2> <Width = 64> <Depth = 64> <RAM>

State 3 <SV = 2> <Delay = 6.28>
ST_3 : Operation 44 [1/1] (0.00ns)   --->   "%bitcast_ln183 = bitcast i64 %biases1_load" [backprop.c:183]   --->   Operation 44 'bitcast' 'bitcast_ln183' <Predicate = true> <Delay = 0.00>
ST_3 : Operation 45 [22/22] (6.28ns)   --->   "%div1 = ddiv i64 %bitcast_ln183, i64 %bias_norm_read" [backprop.c:183]   --->   Operation 45 'ddiv' 'div1' <Predicate = true> <Delay = 6.28> <CoreInst = "DDiv">   --->   Core 39 'DDiv' <Latency = 21> <II = 1> <Delay = 6.28> <FuncUnit> <Opcode : 'ddiv' 'drem'> <InPorts = 2> <OutPorts = 1>

State 4 <SV = 3> <Delay = 6.28>
ST_4 : Operation 46 [21/22] (6.28ns)   --->   "%div1 = ddiv i64 %bitcast_ln183, i64 %bias_norm_read" [backprop.c:183]   --->   Operation 46 'ddiv' 'div1' <Predicate = true> <Delay = 6.28> <CoreInst = "DDiv">   --->   Core 39 'DDiv' <Latency = 21> <II = 1> <Delay = 6.28> <FuncUnit> <Opcode : 'ddiv' 'drem'> <InPorts = 2> <OutPorts = 1>

State 5 <SV = 4> <Delay = 6.28>
ST_5 : Operation 47 [20/22] (6.28ns)   --->   "%div1 = ddiv i64 %bitcast_ln183, i64 %bias_norm_read" [backprop.c:183]   --->   Operation 47 'ddiv' 'div1' <Predicate = true> <Delay = 6.28> <CoreInst = "DDiv">   --->   Core 39 'DDiv' <Latency = 21> <II = 1> <Delay = 6.28> <FuncUnit> <Opcode : 'ddiv' 'drem'> <InPorts = 2> <OutPorts = 1>

State 6 <SV = 5> <Delay = 6.28>
ST_6 : Operation 48 [19/22] (6.28ns)   --->   "%div1 = ddiv i64 %bitcast_ln183, i64 %bias_norm_read" [backprop.c:183]   --->   Operation 48 'ddiv' 'div1' <Predicate = true> <Delay = 6.28> <CoreInst = "DDiv">   --->   Core 39 'DDiv' <Latency = 21> <II = 1> <Delay = 6.28> <FuncUnit> <Opcode : 'ddiv' 'drem'> <InPorts = 2> <OutPorts = 1>

State 7 <SV = 6> <Delay = 6.28>
ST_7 : Operation 49 [18/22] (6.28ns)   --->   "%div1 = ddiv i64 %bitcast_ln183, i64 %bias_norm_read" [backprop.c:183]   --->   Operation 49 'ddiv' 'div1' <Predicate = true> <Delay = 6.28> <CoreInst = "DDiv">   --->   Core 39 'DDiv' <Latency = 21> <II = 1> <Delay = 6.28> <FuncUnit> <Opcode : 'ddiv' 'drem'> <InPorts = 2> <OutPorts = 1>

State 8 <SV = 7> <Delay = 6.28>
ST_8 : Operation 50 [17/22] (6.28ns)   --->   "%div1 = ddiv i64 %bitcast_ln183, i64 %bias_norm_read" [backprop.c:183]   --->   Operation 50 'ddiv' 'div1' <Predicate = true> <Delay = 6.28> <CoreInst = "DDiv">   --->   Core 39 'DDiv' <Latency = 21> <II = 1> <Delay = 6.28> <FuncUnit> <Opcode : 'ddiv' 'drem'> <InPorts = 2> <OutPorts = 1>

State 9 <SV = 8> <Delay = 6.28>
ST_9 : Operation 51 [16/22] (6.28ns)   --->   "%div1 = ddiv i64 %bitcast_ln183, i64 %bias_norm_read" [backprop.c:183]   --->   Operation 51 'ddiv' 'div1' <Predicate = true> <Delay = 6.28> <CoreInst = "DDiv">   --->   Core 39 'DDiv' <Latency = 21> <II = 1> <Delay = 6.28> <FuncUnit> <Opcode : 'ddiv' 'drem'> <InPorts = 2> <OutPorts = 1>

State 10 <SV = 9> <Delay = 6.28>
ST_10 : Operation 52 [15/22] (6.28ns)   --->   "%div1 = ddiv i64 %bitcast_ln183, i64 %bias_norm_read" [backprop.c:183]   --->   Operation 52 'ddiv' 'div1' <Predicate = true> <Delay = 6.28> <CoreInst = "DDiv">   --->   Core 39 'DDiv' <Latency = 21> <II = 1> <Delay = 6.28> <FuncUnit> <Opcode : 'ddiv' 'drem'> <InPorts = 2> <OutPorts = 1>

State 11 <SV = 10> <Delay = 6.28>
ST_11 : Operation 53 [14/22] (6.28ns)   --->   "%div1 = ddiv i64 %bitcast_ln183, i64 %bias_norm_read" [backprop.c:183]   --->   Operation 53 'ddiv' 'div1' <Predicate = true> <Delay = 6.28> <CoreInst = "DDiv">   --->   Core 39 'DDiv' <Latency = 21> <II = 1> <Delay = 6.28> <FuncUnit> <Opcode : 'ddiv' 'drem'> <InPorts = 2> <OutPorts = 1>

State 12 <SV = 11> <Delay = 6.28>
ST_12 : Operation 54 [13/22] (6.28ns)   --->   "%div1 = ddiv i64 %bitcast_ln183, i64 %bias_norm_read" [backprop.c:183]   --->   Operation 54 'ddiv' 'div1' <Predicate = true> <Delay = 6.28> <CoreInst = "DDiv">   --->   Core 39 'DDiv' <Latency = 21> <II = 1> <Delay = 6.28> <FuncUnit> <Opcode : 'ddiv' 'drem'> <InPorts = 2> <OutPorts = 1>

State 13 <SV = 12> <Delay = 6.28>
ST_13 : Operation 55 [12/22] (6.28ns)   --->   "%div1 = ddiv i64 %bitcast_ln183, i64 %bias_norm_read" [backprop.c:183]   --->   Operation 55 'ddiv' 'div1' <Predicate = true> <Delay = 6.28> <CoreInst = "DDiv">   --->   Core 39 'DDiv' <Latency = 21> <II = 1> <Delay = 6.28> <FuncUnit> <Opcode : 'ddiv' 'drem'> <InPorts = 2> <OutPorts = 1>

State 14 <SV = 13> <Delay = 6.28>
ST_14 : Operation 56 [11/22] (6.28ns)   --->   "%div1 = ddiv i64 %bitcast_ln183, i64 %bias_norm_read" [backprop.c:183]   --->   Operation 56 'ddiv' 'div1' <Predicate = true> <Delay = 6.28> <CoreInst = "DDiv">   --->   Core 39 'DDiv' <Latency = 21> <II = 1> <Delay = 6.28> <FuncUnit> <Opcode : 'ddiv' 'drem'> <InPorts = 2> <OutPorts = 1>

State 15 <SV = 14> <Delay = 6.28>
ST_15 : Operation 57 [10/22] (6.28ns)   --->   "%div1 = ddiv i64 %bitcast_ln183, i64 %bias_norm_read" [backprop.c:183]   --->   Operation 57 'ddiv' 'div1' <Predicate = true> <Delay = 6.28> <CoreInst = "DDiv">   --->   Core 39 'DDiv' <Latency = 21> <II = 1> <Delay = 6.28> <FuncUnit> <Opcode : 'ddiv' 'drem'> <InPorts = 2> <OutPorts = 1>

State 16 <SV = 15> <Delay = 6.28>
ST_16 : Operation 58 [9/22] (6.28ns)   --->   "%div1 = ddiv i64 %bitcast_ln183, i64 %bias_norm_read" [backprop.c:183]   --->   Operation 58 'ddiv' 'div1' <Predicate = true> <Delay = 6.28> <CoreInst = "DDiv">   --->   Core 39 'DDiv' <Latency = 21> <II = 1> <Delay = 6.28> <FuncUnit> <Opcode : 'ddiv' 'drem'> <InPorts = 2> <OutPorts = 1>

State 17 <SV = 16> <Delay = 6.28>
ST_17 : Operation 59 [8/22] (6.28ns)   --->   "%div1 = ddiv i64 %bitcast_ln183, i64 %bias_norm_read" [backprop.c:183]   --->   Operation 59 'ddiv' 'div1' <Predicate = true> <Delay = 6.28> <CoreInst = "DDiv">   --->   Core 39 'DDiv' <Latency = 21> <II = 1> <Delay = 6.28> <FuncUnit> <Opcode : 'ddiv' 'drem'> <InPorts = 2> <OutPorts = 1>

State 18 <SV = 17> <Delay = 6.28>
ST_18 : Operation 60 [7/22] (6.28ns)   --->   "%div1 = ddiv i64 %bitcast_ln183, i64 %bias_norm_read" [backprop.c:183]   --->   Operation 60 'ddiv' 'div1' <Predicate = true> <Delay = 6.28> <CoreInst = "DDiv">   --->   Core 39 'DDiv' <Latency = 21> <II = 1> <Delay = 6.28> <FuncUnit> <Opcode : 'ddiv' 'drem'> <InPorts = 2> <OutPorts = 1>

State 19 <SV = 18> <Delay = 6.28>
ST_19 : Operation 61 [6/22] (6.28ns)   --->   "%div1 = ddiv i64 %bitcast_ln183, i64 %bias_norm_read" [backprop.c:183]   --->   Operation 61 'ddiv' 'div1' <Predicate = true> <Delay = 6.28> <CoreInst = "DDiv">   --->   Core 39 'DDiv' <Latency = 21> <II = 1> <Delay = 6.28> <FuncUnit> <Opcode : 'ddiv' 'drem'> <InPorts = 2> <OutPorts = 1>

State 20 <SV = 19> <Delay = 6.28>
ST_20 : Operation 62 [5/22] (6.28ns)   --->   "%div1 = ddiv i64 %bitcast_ln183, i64 %bias_norm_read" [backprop.c:183]   --->   Operation 62 'ddiv' 'div1' <Predicate = true> <Delay = 6.28> <CoreInst = "DDiv">   --->   Core 39 'DDiv' <Latency = 21> <II = 1> <Delay = 6.28> <FuncUnit> <Opcode : 'ddiv' 'drem'> <InPorts = 2> <OutPorts = 1>

State 21 <SV = 20> <Delay = 6.28>
ST_21 : Operation 63 [4/22] (6.28ns)   --->   "%div1 = ddiv i64 %bitcast_ln183, i64 %bias_norm_read" [backprop.c:183]   --->   Operation 63 'ddiv' 'div1' <Predicate = true> <Delay = 6.28> <CoreInst = "DDiv">   --->   Core 39 'DDiv' <Latency = 21> <II = 1> <Delay = 6.28> <FuncUnit> <Opcode : 'ddiv' 'drem'> <InPorts = 2> <OutPorts = 1>

State 22 <SV = 21> <Delay = 6.28>
ST_22 : Operation 64 [3/22] (6.28ns)   --->   "%div1 = ddiv i64 %bitcast_ln183, i64 %bias_norm_read" [backprop.c:183]   --->   Operation 64 'ddiv' 'div1' <Predicate = true> <Delay = 6.28> <CoreInst = "DDiv">   --->   Core 39 'DDiv' <Latency = 21> <II = 1> <Delay = 6.28> <FuncUnit> <Opcode : 'ddiv' 'drem'> <InPorts = 2> <OutPorts = 1>

State 23 <SV = 22> <Delay = 6.28>
ST_23 : Operation 65 [2/22] (6.28ns)   --->   "%div1 = ddiv i64 %bitcast_ln183, i64 %bias_norm_read" [backprop.c:183]   --->   Operation 65 'ddiv' 'div1' <Predicate = true> <Delay = 6.28> <CoreInst = "DDiv">   --->   Core 39 'DDiv' <Latency = 21> <II = 1> <Delay = 6.28> <FuncUnit> <Opcode : 'ddiv' 'drem'> <InPorts = 2> <OutPorts = 1>

State 24 <SV = 23> <Delay = 6.28>
ST_24 : Operation 66 [1/22] (6.28ns)   --->   "%div1 = ddiv i64 %bitcast_ln183, i64 %bias_norm_read" [backprop.c:183]   --->   Operation 66 'ddiv' 'div1' <Predicate = true> <Delay = 6.28> <CoreInst = "DDiv">   --->   Core 39 'DDiv' <Latency = 21> <II = 1> <Delay = 6.28> <FuncUnit> <Opcode : 'ddiv' 'drem'> <InPorts = 2> <OutPorts = 1>
ST_24 : Operation 71 [1/1] (0.00ns)   --->   "%ret_ln0 = ret"   --->   Operation 71 'ret' 'ret_ln0' <Predicate = (icmp_ln182)> <Delay = 0.00>

State 25 <SV = 24> <Delay = 2.26>
ST_25 : Operation 67 [1/1] (0.00ns)   --->   "%specloopname_ln158 = specloopname void @_ssdm_op_SpecLoopName, void @empty_15" [backprop.c:158]   --->   Operation 67 'specloopname' 'specloopname_ln158' <Predicate = true> <Delay = 0.00>
ST_25 : Operation 68 [1/1] (0.00ns)   --->   "%bitcast_ln183_1 = bitcast i64 %div1" [backprop.c:183]   --->   Operation 68 'bitcast' 'bitcast_ln183_1' <Predicate = true> <Delay = 0.00>
ST_25 : Operation 69 [1/1] (2.26ns)   --->   "%store_ln183 = store i64 %bitcast_ln183_1, i6 %biases1_addr" [backprop.c:183]   --->   Operation 69 'store' 'store_ln183' <Predicate = true> <Delay = 2.26> <CoreInst = "RAM">   --->   Core 82 'RAM' <Latency = 1> <II = 1> <Delay = 2.26> <Storage> <Opcode : 'load' 'store'> <Ports = 2> <Width = 64> <Depth = 64> <RAM>
ST_25 : Operation 70 [1/1] (0.00ns)   --->   "%br_ln182 = br void %for.inc68" [backprop.c:182]   --->   Operation 70 'br' 'br_ln182' <Predicate = true> <Delay = 0.00>


============================================================
+ Verbose Summary: Binding
============================================================
STG Binding: 
---------------- STG Properties BEGIN ----------------
- Is combinational: 0
- Is one-state seq: 0
- Is datapath-only: 0
- Is pipelined: 0
- Is top level: 0
Port [ Return ] is wired: 1; IO mode=ap_ctrl_hs:ce=0
Port [ biases1]:  wired=1; compound=1; hidden=0; nouse=0; global=0; static=0; extern=0; dir=2; type=1; pingpong=0; private_global=0; MemPort=[01]; IO mode=ap_memory:ce=0
Port [ bias_norm]:  wired=1; compound=0; hidden=0; nouse=0; global=0; static=0; extern=0; dir=0; type=0; pingpong=0; private_global=0; IO mode=ap_none:ce=0
---------------- STG Properties END ------------------

---------------- Datapath Model BEGIN ----------------

<LifeTime>
<method=bitvector/>
i_3                (alloca           ) [ 01000000000000000000000000]
specinterface_ln0  (specinterface    ) [ 00000000000000000000000000]
bias_norm_read     (read             ) [ 01111111111111111111111110]
store_ln0          (store            ) [ 00000000000000000000000000]
br_ln0             (br               ) [ 00000000000000000000000000]
i                  (load             ) [ 00000000000000000000000000]
specpipeline_ln0   (specpipeline     ) [ 00000000000000000000000000]
icmp_ln182         (icmp             ) [ 01111111111111111111111110]
empty              (speclooptripcount) [ 00000000000000000000000000]
add_ln182          (add              ) [ 00000000000000000000000000]
br_ln182           (br               ) [ 00000000000000000000000000]
i_3_cast           (zext             ) [ 00000000000000000000000000]
biases1_addr       (getelementptr    ) [ 01111111111111111111111111]
store_ln182        (store            ) [ 00000000000000000000000000]
biases1_load       (load             ) [ 01010000000000000000000000]
bitcast_ln183      (bitcast          ) [ 01001111111111111111111110]
div1               (ddiv             ) [ 01000000000000000000000001]
specloopname_ln158 (specloopname     ) [ 00000000000000000000000000]
bitcast_ln183_1    (bitcast          ) [ 00000000000000000000000000]
store_ln183        (store            ) [ 00000000000000000000000000]
br_ln182           (br               ) [ 00000000000000000000000000]
ret_ln0            (ret              ) [ 00000000000000000000000000]
</LifeTime>

<model>

<comp_list>
<comp id="0" class="1000" name="biases1">
<pin_list>
<pin id="1" dir="1" index="0" bw="1" slack="0"/>
</pin_list>
<bind>
<StgValue><ssdm name="biases1"/><MemPortTyVec>0 1 </MemPortTyVec>
</StgValue>
</bind>
</comp>

<comp id="2" class="1000" name="bias_norm">
<pin_list>
<pin id="3" dir="1" index="0" bw="1" slack="0"/>
</pin_list>
<bind>
<StgValue><ssdm name="bias_norm"/></StgValue>
</bind>
</comp>

<comp id="4" class="1001" name="const_4">
<pin_list>
<pin id="5" dir="1" index="0" bw="1" slack="0"/>
</pin_list>
<bind>
<StgValue><ssdm name=""/></StgValue>
</bind>
</comp>

<comp id="6" class="1001" name="const_6">
<pin_list>
<pin id="7" dir="1" index="0" bw="1" slack="2147483647"/>
</pin_list>
<bind>
<StgValue><ssdm name="_ssdm_op_SpecInterface"/></StgValue>
</bind>
</comp>

<comp id="8" class="1001" name="const_8">
<pin_list>
<pin id="9" dir="1" index="0" bw="1" slack="2147483647"/>
</pin_list>
<bind>
<StgValue><ssdm name="empty_17"/></StgValue>
</bind>
</comp>

<comp id="10" class="1001" name="const_10">
<pin_list>
<pin id="11" dir="1" index="0" bw="1" slack="2147483647"/>
</pin_list>
<bind>
<StgValue><ssdm name=""/></StgValue>
</bind>
</comp>

<comp id="12" class="1001" name="const_12">
<pin_list>
<pin id="13" dir="1" index="0" bw="1" slack="2147483647"/>
</pin_list>
<bind>
<StgValue><ssdm name="empty_18"/></StgValue>
</bind>
</comp>

<comp id="14" class="1001" name="const_14">
<pin_list>
<pin id="15" dir="1" index="0" bw="1" slack="2147483647"/>
</pin_list>
<bind>
<StgValue><ssdm name=""/></StgValue>
</bind>
</comp>

<comp id="16" class="1001" name="const_16">
<pin_list>
<pin id="17" dir="1" index="0" bw="1" slack="0"/>
</pin_list>
<bind>
<StgValue><ssdm name="_ssdm_op_Read.ap_auto.double"/></StgValue>
</bind>
</comp>

<comp id="18" class="1001" name="const_18">
<pin_list>
<pin id="19" dir="1" index="0" bw="1" slack="0"/>
</pin_list>
<bind>
<StgValue><ssdm name=""/></StgValue>
</bind>
</comp>

<comp id="20" class="1001" name="const_20">
<pin_list>
<pin id="21" dir="1" index="0" bw="1" slack="2147483647"/>
</pin_list>
<bind>
<StgValue><ssdm name="_ssdm_op_SpecPipeline"/></StgValue>
</bind>
</comp>

<comp id="22" class="1001" name="const_22">
<pin_list>
<pin id="23" dir="1" index="0" bw="1" slack="2147483647"/>
</pin_list>
<bind>
<StgValue><ssdm name="p_str"/></StgValue>
</bind>
</comp>

<comp id="24" class="1001" name="const_24">
<pin_list>
<pin id="25" dir="1" index="0" bw="1" slack="0"/>
</pin_list>
<bind>
<StgValue><ssdm name=""/></StgValue>
</bind>
</comp>

<comp id="26" class="1001" name="const_26">
<pin_list>
<pin id="27" dir="1" index="0" bw="1" slack="2147483647"/>
</pin_list>
<bind>
<StgValue><ssdm name="_ssdm_op_SpecLoopTripCount"/></StgValue>
</bind>
</comp>

<comp id="28" class="1001" name="const_28">
<pin_list>
<pin id="29" dir="1" index="0" bw="1" slack="2147483647"/>
</pin_list>
<bind>
<StgValue><ssdm name=""/></StgValue>
</bind>
</comp>

<comp id="30" class="1001" name="const_30">
<pin_list>
<pin id="31" dir="1" index="0" bw="1" slack="0"/>
</pin_list>
<bind>
<StgValue><ssdm name=""/></StgValue>
</bind>
</comp>

<comp id="32" class="1001" name="const_32">
<pin_list>
<pin id="33" dir="1" index="0" bw="1" slack="0"/>
</pin_list>
<bind>
<StgValue><ssdm name=""/></StgValue>
</bind>
</comp>

<comp id="34" class="1001" name="const_34">
<pin_list>
<pin id="35" dir="1" index="0" bw="1" slack="2147483647"/>
</pin_list>
<bind>
<StgValue><ssdm name="_ssdm_op_SpecLoopName"/></StgValue>
</bind>
</comp>

<comp id="36" class="1001" name="const_36">
<pin_list>
<pin id="37" dir="1" index="0" bw="1" slack="2147483647"/>
</pin_list>
<bind>
<StgValue><ssdm name="empty_15"/></StgValue>
</bind>
</comp>

<comp id="38" class="1004" name="i_3_fu_38">
<pin_list>
<pin id="39" dir="0" index="0" bw="1" slack="0"/>
<pin id="40" dir="1" index="1" bw="7" slack="0"/>
</pin_list>
<bind>
<opcode="alloca(26) " fcode="alloca"/>
<opset="i_3/1 "/>
</bind>
</comp>

<comp id="42" class="1004" name="bias_norm_read_read_fu_42">
<pin_list>
<pin id="43" dir="0" index="0" bw="64" slack="0"/>
<pin id="44" dir="0" index="1" bw="64" slack="0"/>
<pin id="45" dir="1" index="2" bw="64" slack="2"/>
</pin_list>
<bind>
<opcode="read(1150) " fcode="read"/>
<opset="bias_norm_read/1 "/>
</bind>
</comp>

<comp id="48" class="1004" name="biases1_addr_gep_fu_48">
<pin_list>
<pin id="49" dir="0" index="0" bw="64" slack="0"/>
<pin id="50" dir="0" index="1" bw="1" slack="0"/>
<pin id="51" dir="0" index="2" bw="7" slack="0"/>
<pin id="52" dir="1" index="3" bw="6" slack="0"/>
</pin_list>
<bind>
<opcode="getelementptr(29) " fcode="getelementptr"/>
<opset="biases1_addr/1 "/>
</bind>
</comp>

<comp id="55" class="1004" name="grp_access_fu_55">
<pin_list>
<pin id="56" dir="0" index="0" bw="6" slack="24"/>
<pin id="57" dir="0" index="1" bw="64" slack="0"/>
<pin id="58" dir="0" index="2" bw="0" slack="0"/>
<pin id="60" dir="0" index="4" bw="6" slack="2147483647"/>
<pin id="61" dir="0" index="5" bw="64" slack="2147483647"/>
<pin id="62" dir="0" index="6" bw="0" slack="2147483647"/>
<pin id="59" dir="1" index="3" bw="64" slack="2147483647"/>
<pin id="63" dir="1" index="7" bw="64" slack="1"/>
</pin_list>
<bind>
<opcode="load(27) store(28) " fcode="store"/>
<opset="biases1_load/1 store_ln183/25 "/>
</bind>
</comp>

<comp id="65" class="1004" name="grp_fu_65">
<pin_list>
<pin id="66" dir="0" index="0" bw="64" slack="0"/>
<pin id="67" dir="0" index="1" bw="64" slack="2"/>
<pin id="68" dir="1" index="2" bw="64" slack="1"/>
</pin_list>
<bind>
<opcode="ddiv(511) " fcode="ddiv"/>
<opset="div1/3 "/>
</bind>
</comp>

<comp id="69" class="1004" name="store_ln0_store_fu_69">
<pin_list>
<pin id="70" dir="0" index="0" bw="1" slack="0"/>
<pin id="71" dir="0" index="1" bw="7" slack="0"/>
<pin id="72" dir="1" index="2" bw="0" slack="2147483647"/>
</pin_list>
<bind>
<opcode="store(28) " fcode="store"/>
<opset="store_ln0/1 "/>
</bind>
</comp>

<comp id="74" class="1004" name="i_load_fu_74">
<pin_list>
<pin id="75" dir="0" index="0" bw="7" slack="0"/>
<pin id="76" dir="1" index="1" bw="7" slack="0"/>
</pin_list>
<bind>
<opcode="load(27) " fcode="load"/>
<opset="i/1 "/>
</bind>
</comp>

<comp id="77" class="1004" name="icmp_ln182_fu_77">
<pin_list>
<pin id="78" dir="0" index="0" bw="7" slack="0"/>
<pin id="79" dir="0" index="1" bw="7" slack="0"/>
<pin id="80" dir="1" index="2" bw="1" slack="23"/>
</pin_list>
<bind>
<opcode="icmp(45) " fcode="icmp"/>
<opset="icmp_ln182/1 "/>
</bind>
</comp>

<comp id="83" class="1004" name="add_ln182_fu_83">
<pin_list>
<pin id="84" dir="0" index="0" bw="7" slack="0"/>
<pin id="85" dir="0" index="1" bw="1" slack="0"/>
<pin id="86" dir="1" index="2" bw="7" slack="0"/>
</pin_list>
<bind>
<opcode="add(8) " fcode="add"/>
<opset="add_ln182/1 "/>
</bind>
</comp>

<comp id="89" class="1004" name="i_3_cast_fu_89">
<pin_list>
<pin id="90" dir="0" index="0" bw="7" slack="0"/>
<pin id="91" dir="1" index="1" bw="64" slack="0"/>
</pin_list>
<bind>
<opcode="zext(34) " fcode="zext"/>
<opset="i_3_cast/1 "/>
</bind>
</comp>

<comp id="94" class="1004" name="store_ln182_store_fu_94">
<pin_list>
<pin id="95" dir="0" index="0" bw="7" slack="0"/>
<pin id="96" dir="0" index="1" bw="7" slack="0"/>
<pin id="97" dir="1" index="2" bw="0" slack="2147483647"/>
</pin_list>
<bind>
<opcode="store(28) " fcode="store"/>
<opset="store_ln182/1 "/>
</bind>
</comp>

<comp id="99" class="1004" name="bitcast_ln183_fu_99">
<pin_list>
<pin id="100" dir="0" index="0" bw="64" slack="1"/>
<pin id="101" dir="1" index="1" bw="64" slack="0"/>
</pin_list>
<bind>
<opcode="bitcast(44) " fcode="bitcast"/>
<opset="bitcast_ln183/3 "/>
</bind>
</comp>

<comp id="103" class="1004" name="bitcast_ln183_1_fu_103">
<pin_list>
<pin id="104" dir="0" index="0" bw="64" slack="1"/>
<pin id="105" dir="1" index="1" bw="64" slack="0"/>
</pin_list>
<bind>
<opcode="bitcast(44) " fcode="bitcast"/>
<opset="bitcast_ln183_1/25 "/>
</bind>
</comp>

<comp id="107" class="1005" name="i_3_reg_107">
<pin_list>
<pin id="108" dir="0" index="0" bw="7" slack="0"/>
<pin id="109" dir="1" index="1" bw="7" slack="0"/>
</pin_list>
<bind>
<opset="i_3 "/>
</bind>
</comp>

<comp id="114" class="1005" name="bias_norm_read_reg_114">
<pin_list>
<pin id="115" dir="0" index="0" bw="64" slack="2"/>
<pin id="116" dir="1" index="1" bw="64" slack="2"/>
</pin_list>
<bind>
<opset="bias_norm_read "/>
</bind>
</comp>

<comp id="119" class="1005" name="icmp_ln182_reg_119">
<pin_list>
<pin id="120" dir="0" index="0" bw="1" slack="23"/>
<pin id="121" dir="1" index="1" bw="1" slack="2147483647"/>
</pin_list>
<bind>
<opset="icmp_ln182 "/>
</bind>
</comp>

<comp id="123" class="1005" name="biases1_addr_reg_123">
<pin_list>
<pin id="124" dir="0" index="0" bw="6" slack="1"/>
<pin id="125" dir="1" index="1" bw="6" slack="1"/>
</pin_list>
<bind>
<opset="biases1_addr "/>
</bind>
</comp>

<comp id="129" class="1005" name="biases1_load_reg_129">
<pin_list>
<pin id="130" dir="0" index="0" bw="64" slack="1"/>
<pin id="131" dir="1" index="1" bw="64" slack="1"/>
</pin_list>
<bind>
<opset="biases1_load "/>
</bind>
</comp>

<comp id="134" class="1005" name="bitcast_ln183_reg_134">
<pin_list>
<pin id="135" dir="0" index="0" bw="64" slack="1"/>
<pin id="136" dir="1" index="1" bw="64" slack="1"/>
</pin_list>
<bind>
<opset="bitcast_ln183 "/>
</bind>
</comp>

<comp id="139" class="1005" name="div1_reg_139">
<pin_list>
<pin id="140" dir="0" index="0" bw="64" slack="1"/>
<pin id="141" dir="1" index="1" bw="64" slack="1"/>
</pin_list>
<bind>
<opset="div1 "/>
</bind>
</comp>

</comp_list>

<net_list>
<net id="41"><net_src comp="4" pin="0"/><net_sink comp="38" pin=0"/></net>

<net id="46"><net_src comp="16" pin="0"/><net_sink comp="42" pin=0"/></net>

<net id="47"><net_src comp="2" pin="0"/><net_sink comp="42" pin=1"/></net>

<net id="53"><net_src comp="0" pin="0"/><net_sink comp="48" pin=0"/></net>

<net id="54"><net_src comp="32" pin="0"/><net_sink comp="48" pin=1"/></net>

<net id="64"><net_src comp="48" pin="3"/><net_sink comp="55" pin=2"/></net>

<net id="73"><net_src comp="18" pin="0"/><net_sink comp="69" pin=0"/></net>

<net id="81"><net_src comp="74" pin="1"/><net_sink comp="77" pin=0"/></net>

<net id="82"><net_src comp="24" pin="0"/><net_sink comp="77" pin=1"/></net>

<net id="87"><net_src comp="74" pin="1"/><net_sink comp="83" pin=0"/></net>

<net id="88"><net_src comp="30" pin="0"/><net_sink comp="83" pin=1"/></net>

<net id="92"><net_src comp="74" pin="1"/><net_sink comp="89" pin=0"/></net>

<net id="93"><net_src comp="89" pin="1"/><net_sink comp="48" pin=2"/></net>

<net id="98"><net_src comp="83" pin="2"/><net_sink comp="94" pin=0"/></net>

<net id="102"><net_src comp="99" pin="1"/><net_sink comp="65" pin=0"/></net>

<net id="106"><net_src comp="103" pin="1"/><net_sink comp="55" pin=1"/></net>

<net id="110"><net_src comp="38" pin="1"/><net_sink comp="107" pin=0"/></net>

<net id="111"><net_src comp="107" pin="1"/><net_sink comp="69" pin=1"/></net>

<net id="112"><net_src comp="107" pin="1"/><net_sink comp="74" pin=0"/></net>

<net id="113"><net_src comp="107" pin="1"/><net_sink comp="94" pin=1"/></net>

<net id="117"><net_src comp="42" pin="2"/><net_sink comp="114" pin=0"/></net>

<net id="118"><net_src comp="114" pin="1"/><net_sink comp="65" pin=1"/></net>

<net id="122"><net_src comp="77" pin="2"/><net_sink comp="119" pin=0"/></net>

<net id="126"><net_src comp="48" pin="3"/><net_sink comp="123" pin=0"/></net>

<net id="127"><net_src comp="123" pin="1"/><net_sink comp="55" pin=2"/></net>

<net id="128"><net_src comp="123" pin="1"/><net_sink comp="55" pin=0"/></net>

<net id="132"><net_src comp="55" pin="7"/><net_sink comp="129" pin=0"/></net>

<net id="133"><net_src comp="129" pin="1"/><net_sink comp="99" pin=0"/></net>

<net id="137"><net_src comp="99" pin="1"/><net_sink comp="134" pin=0"/></net>

<net id="138"><net_src comp="134" pin="1"/><net_sink comp="65" pin=0"/></net>

<net id="142"><net_src comp="65" pin="2"/><net_sink comp="139" pin=0"/></net>

<net id="143"><net_src comp="139" pin="1"/><net_sink comp="103" pin=0"/></net>

</net_list>

</model> 
---------------- Datapath Model END ------------------

* FSMD analyzer results:
  - Output states:
	Port: biases1 | {25 }
 - Input state : 
	Port: update_weights.1_Pipeline_VITIS_LOOP_182_6 : biases1 | {1 2 }
	Port: update_weights.1_Pipeline_VITIS_LOOP_182_6 : bias_norm | {1 }
  - Chain level:
	State 1
		store_ln0 : 1
		i : 1
		icmp_ln182 : 2
		add_ln182 : 2
		br_ln182 : 3
		i_3_cast : 2
		biases1_addr : 3
		biases1_load : 4
		store_ln182 : 3
	State 2
	State 3
		div1 : 1
	State 4
	State 5
	State 6
	State 7
	State 8
	State 9
	State 10
	State 11
	State 12
	State 13
	State 14
	State 15
	State 16
	State 17
	State 18
	State 19
	State 20
	State 21
	State 22
	State 23
	State 24
	State 25
		store_ln183 : 1


============================================================
+ Verbose Summary: Datapath Resource usage 
============================================================

* Functional unit list:
|----------|---------------------------|---------|---------|
| Operation|      Functional Unit      |    FF   |   LUT   |
|----------|---------------------------|---------|---------|
|    add   |      add_ln182_fu_83      |    0    |    14   |
|----------|---------------------------|---------|---------|
|   icmp   |      icmp_ln182_fu_77     |    0    |    10   |
|----------|---------------------------|---------|---------|
|   read   | bias_norm_read_read_fu_42 |    0    |    0    |
|----------|---------------------------|---------|---------|
|   ddiv   |         grp_fu_65         |    0    |    0    |
|----------|---------------------------|---------|---------|
|   zext   |       i_3_cast_fu_89      |    0    |    0    |
|----------|---------------------------|---------|---------|
|   Total  |                           |    0    |    24   |
|----------|---------------------------|---------|---------|

Memories:
N/A

* Register list:
+----------------------+--------+
|                      |   FF   |
+----------------------+--------+
|bias_norm_read_reg_114|   64   |
| biases1_addr_reg_123 |    6   |
| biases1_load_reg_129 |   64   |
| bitcast_ln183_reg_134|   64   |
|     div1_reg_139     |   64   |
|      i_3_reg_107     |    7   |
|  icmp_ln182_reg_119  |    1   |
+----------------------+--------+
|         Total        |   270  |
+----------------------+--------+

* Multiplexer (MUX) list: 
|------------------|------|------|------|--------||---------||---------|
|       Comp       |  Pin | Size |  BW  | S x BW ||  Delay  ||   LUT   |
|------------------|------|------|------|--------||---------||---------|
| grp_access_fu_55 |  p2  |   2  |   0  |    0   ||    9    |
|     grp_fu_65    |  p0  |   2  |  64  |   128  ||    9    |
|------------------|------|------|------|--------||---------||---------|
|       Total      |      |      |      |   128  ||  1.688  ||    18   |
|------------------|------|------|------|--------||---------||---------|



* Summary:
+-----------+--------+--------+--------+
|           |  Delay |   FF   |   LUT  |
+-----------+--------+--------+--------+
|  Function |    -   |    0   |   24   |
|   Memory  |    -   |    -   |    -   |
|Multiplexer|    1   |    -   |   18   |
|  Register |    -   |   270  |    -   |
+-----------+--------+--------+--------+
|   Total   |    1   |   270  |   42   |
+-----------+--------+--------+--------+
