

================================================================
== Vitis HLS Report for 'update_weights_1_Pipeline_VITIS_LOOP_169_3'
================================================================
* Date:           Wed Dec 20 21:42:39 2023

* Version:        2022.1 (Build 3526262 on Mon Apr 18 15:47:01 MDT 2022)
* Project:        backprop_syn
* Solution:       solution (Vivado IP Flow Target)
* Product family: virtex7
* Target device:  xc7v585t-ffg1761-2


================================================================
== Performance Estimates
================================================================
+ Timing: 
    * Summary: 
    +--------+----------+----------+------------+
    |  Clock |  Target  | Estimated| Uncertainty|
    +--------+----------+----------+------------+
    |ap_clk  |  10.00 ns|  7.148 ns|     2.70 ns|
    +--------+----------+----------+------------+

+ Latency: 
    * Summary: 
    +---------+---------+----------+----------+-----+-----+---------+
    |  Latency (cycles) |  Latency (absolute) |  Interval | Pipeline|
    |   min   |   max   |    min   |    max   | min | max |   Type  |
    +---------+---------+----------+----------+-----+-----+---------+
    |      275|      275|  2.750 us|  2.750 us|  275|  275|       no|
    +---------+---------+----------+----------+-----+-----+---------+

    + Detail: 
        * Instance: 
        N/A

        * Loop: 
        +--------------------+---------+---------+----------+-----------+-----------+------+----------+
        |                    |  Latency (cycles) | Iteration|  Initiation Interval  | Trip |          |
        |      Loop Name     |   min   |   max   |  Latency |  achieved |   target  | Count| Pipelined|
        +--------------------+---------+---------+----------+-----------+-----------+------+----------+
        |- VITIS_LOOP_169_3  |      273|      273|        22|          4|          1|    64|       yes|
        +--------------------+---------+---------+----------+-----------+-----------+------+----------+

============================================================
+ Verbose Summary: Synthesis Manager
============================================================
InlineROM: 1
ExposeGlobal: 0
============================================================
+ Verbose Summary: CDFG Model
============================================================
IsTopModel: 0
ResetActiveHigh: 1
IsCombinational: 0
IsDatapathOnly: 0
HasWiredReturn: 1
HasMFsm: 2
HasVarLatency: 1
IsPipeline: 0
IsRtlPipelined: 0
IsInstanceOverlapped: 0
IsDontTouch: 0
HasImplIP: 0
IsGatedGlobalClock: 0

+ Individual pipeline summary: 
  * Pipeline-0: initiation interval (II) = 4, depth = 22


============================================================
+ Verbose Summary: Schedule
============================================================
* Number of FSM states : 22
* Pipeline : 1
  Pipeline-0 : II = 4, D = 22, States = { 1 2 3 4 5 6 7 8 9 10 11 12 13 14 15 16 17 18 19 20 21 22 }
* Dataflow Pipeline: 0

* FSM state transitions: 
1 --> 2 
2 --> 3 
3 --> 4 
4 --> 5 
5 --> 6 
6 --> 7 
7 --> 8 
8 --> 9 
9 --> 10 
10 --> 11 
11 --> 12 
12 --> 13 
13 --> 14 
14 --> 15 
15 --> 16 
16 --> 17 
17 --> 18 
18 --> 19 
19 --> 20 
20 --> 21 
21 --> 22 
22 --> 

* FSM state operations: 

State 1 <SV = 0> <Delay = 2.26>
ST_1 : Operation 25 [1/1] (0.00ns)   --->   "%bias_norm_1 = alloca i32 1"   --->   Operation 25 'alloca' 'bias_norm_1' <Predicate = true> <Delay = 0.00>
ST_1 : Operation 26 [1/1] (0.00ns)   --->   "%i_1 = alloca i32 1"   --->   Operation 26 'alloca' 'i_1' <Predicate = true> <Delay = 0.00>
ST_1 : Operation 27 [1/1] (0.00ns)   --->   "%specinterface_ln0 = specinterface void @_ssdm_op_SpecInterface, i64 %biases1, void @empty_17, i32 0, i32 0, void @empty_18, i32 4294967295, i32 0, void @empty_18, void @empty_18, void @empty_18, i32 0, i32 0, i32 0, i32 0, void @empty_18, void @empty_18, i32 4294967295, i32 0"   --->   Operation 27 'specinterface' 'specinterface_ln0' <Predicate = true> <Delay = 0.00>
ST_1 : Operation 28 [1/1] (0.84ns)   --->   "%store_ln0 = store i7 0, i7 %i_1"   --->   Operation 28 'store' 'store_ln0' <Predicate = true> <Delay = 0.84>
ST_1 : Operation 29 [1/1] (0.84ns)   --->   "%store_ln0 = store i64 0, i64 %bias_norm_1"   --->   Operation 29 'store' 'store_ln0' <Predicate = true> <Delay = 0.84>
ST_1 : Operation 30 [1/1] (0.00ns)   --->   "%br_ln0 = br void %for.inc37"   --->   Operation 30 'br' 'br_ln0' <Predicate = true> <Delay = 0.00>
ST_1 : Operation 31 [1/1] (0.00ns)   --->   "%i = load i7 %i_1" [backprop.c:169]   --->   Operation 31 'load' 'i' <Predicate = true> <Delay = 0.00>
ST_1 : Operation 32 [1/1] (0.00ns)   --->   "%specpipeline_ln0 = specpipeline void @_ssdm_op_SpecPipeline, i32 4294967295, i32 0, i32 1, i32 0, void @p_str"   --->   Operation 32 'specpipeline' 'specpipeline_ln0' <Predicate = true> <Delay = 0.00>
ST_1 : Operation 33 [1/1] (0.86ns)   --->   "%icmp_ln169 = icmp_eq  i7 %i, i7 64" [backprop.c:169]   --->   Operation 33 'icmp' 'icmp_ln169' <Predicate = true> <Delay = 0.86> <CoreInst = "Cmp">   --->   Core 9 'Cmp' <Latency = 0> <II = 1> <Delay = 0.86> <FuncUnit> <Opcode : 'icmp'> <InPorts = 2> <OutPorts = 1>
ST_1 : Operation 34 [1/1] (0.00ns)   --->   "%empty = speclooptripcount i32 @_ssdm_op_SpecLoopTripCount, i64 64, i64 64, i64 64"   --->   Operation 34 'speclooptripcount' 'empty' <Predicate = true> <Delay = 0.00>
ST_1 : Operation 35 [1/1] (1.27ns)   --->   "%add_ln169 = add i7 %i, i7 1" [backprop.c:169]   --->   Operation 35 'add' 'add_ln169' <Predicate = true> <Delay = 1.27> <CoreInst = "Adder">   --->   Core 1 'Adder' <Latency = 0> <II = 1> <Delay = 1.27> <FuncUnit> <Opcode : 'add' 'sub'> <InPorts = 2> <OutPorts = 1>
ST_1 : Operation 36 [1/1] (0.00ns)   --->   "%br_ln169 = br i1 %icmp_ln169, void %for.inc37.split, void %for.end39.exitStub" [backprop.c:169]   --->   Operation 36 'br' 'br_ln169' <Predicate = true> <Delay = 0.00>
ST_1 : Operation 37 [1/1] (0.00ns)   --->   "%i_1_cast = zext i7 %i" [backprop.c:169]   --->   Operation 37 'zext' 'i_1_cast' <Predicate = (!icmp_ln169)> <Delay = 0.00>
ST_1 : Operation 38 [1/1] (0.00ns)   --->   "%d_biases1_addr = getelementptr i64 %d_biases1, i64 0, i64 %i_1_cast" [backprop.c:170]   --->   Operation 38 'getelementptr' 'd_biases1_addr' <Predicate = (!icmp_ln169)> <Delay = 0.00>
ST_1 : Operation 39 [2/2] (2.26ns)   --->   "%d_biases1_load = load i6 %d_biases1_addr" [backprop.c:170]   --->   Operation 39 'load' 'd_biases1_load' <Predicate = (!icmp_ln169)> <Delay = 2.26> <CoreInst = "RAM">   --->   Core 82 'RAM' <Latency = 1> <II = 1> <Delay = 2.26> <Storage> <Opcode : 'load' 'store'> <Ports = 2> <Width = 64> <Depth = 64> <RAM>
ST_1 : Operation 40 [1/1] (0.00ns)   --->   "%biases1_addr = getelementptr i64 %biases1, i64 0, i64 %i_1_cast" [backprop.c:170]   --->   Operation 40 'getelementptr' 'biases1_addr' <Predicate = (!icmp_ln169)> <Delay = 0.00>
ST_1 : Operation 41 [1/1] (0.84ns)   --->   "%store_ln169 = store i7 %add_ln169, i7 %i_1" [backprop.c:169]   --->   Operation 41 'store' 'store_ln169' <Predicate = (!icmp_ln169)> <Delay = 0.84>

State 2 <SV = 1> <Delay = 2.26>
ST_2 : Operation 42 [1/2] (2.26ns)   --->   "%d_biases1_load = load i6 %d_biases1_addr" [backprop.c:170]   --->   Operation 42 'load' 'd_biases1_load' <Predicate = (!icmp_ln169)> <Delay = 2.26> <CoreInst = "RAM">   --->   Core 82 'RAM' <Latency = 1> <II = 1> <Delay = 2.26> <Storage> <Opcode : 'load' 'store'> <Ports = 2> <Width = 64> <Depth = 64> <RAM>

State 3 <SV = 2> <Delay = 7.14>
ST_3 : Operation 43 [5/5] (7.14ns)   --->   "%mul = dmul i64 %d_biases1_load, i64 0.01" [backprop.c:170]   --->   Operation 43 'dmul' 'mul' <Predicate = (!icmp_ln169)> <Delay = 7.14> <CoreInst = "DMul_maxdsp">   --->   Core 49 'DMul_maxdsp' <Latency = 4> <II = 1> <Delay = 7.14> <FuncUnit> <Opcode : 'dmul'> <InPorts = 2> <OutPorts = 1>

State 4 <SV = 3> <Delay = 7.14>
ST_4 : Operation 44 [4/5] (7.14ns)   --->   "%mul = dmul i64 %d_biases1_load, i64 0.01" [backprop.c:170]   --->   Operation 44 'dmul' 'mul' <Predicate = (!icmp_ln169)> <Delay = 7.14> <CoreInst = "DMul_maxdsp">   --->   Core 49 'DMul_maxdsp' <Latency = 4> <II = 1> <Delay = 7.14> <FuncUnit> <Opcode : 'dmul'> <InPorts = 2> <OutPorts = 1>

State 5 <SV = 4> <Delay = 7.14>
ST_5 : Operation 45 [3/5] (7.14ns)   --->   "%mul = dmul i64 %d_biases1_load, i64 0.01" [backprop.c:170]   --->   Operation 45 'dmul' 'mul' <Predicate = true> <Delay = 7.14> <CoreInst = "DMul_maxdsp">   --->   Core 49 'DMul_maxdsp' <Latency = 4> <II = 1> <Delay = 7.14> <FuncUnit> <Opcode : 'dmul'> <InPorts = 2> <OutPorts = 1>
ST_5 : Operation 46 [2/2] (2.26ns)   --->   "%biases1_load = load i6 %biases1_addr" [backprop.c:170]   --->   Operation 46 'load' 'biases1_load' <Predicate = true> <Delay = 2.26> <CoreInst = "RAM">   --->   Core 82 'RAM' <Latency = 1> <II = 1> <Delay = 2.26> <Storage> <Opcode : 'load' 'store'> <Ports = 2> <Width = 64> <Depth = 64> <RAM>

State 6 <SV = 5> <Delay = 7.14>
ST_6 : Operation 47 [2/5] (7.14ns)   --->   "%mul = dmul i64 %d_biases1_load, i64 0.01" [backprop.c:170]   --->   Operation 47 'dmul' 'mul' <Predicate = true> <Delay = 7.14> <CoreInst = "DMul_maxdsp">   --->   Core 49 'DMul_maxdsp' <Latency = 4> <II = 1> <Delay = 7.14> <FuncUnit> <Opcode : 'dmul'> <InPorts = 2> <OutPorts = 1>
ST_6 : Operation 48 [1/2] (2.26ns)   --->   "%biases1_load = load i6 %biases1_addr" [backprop.c:170]   --->   Operation 48 'load' 'biases1_load' <Predicate = true> <Delay = 2.26> <CoreInst = "RAM">   --->   Core 82 'RAM' <Latency = 1> <II = 1> <Delay = 2.26> <Storage> <Opcode : 'load' 'store'> <Ports = 2> <Width = 64> <Depth = 64> <RAM>

State 7 <SV = 6> <Delay = 7.14>
ST_7 : Operation 49 [1/5] (7.14ns)   --->   "%mul = dmul i64 %d_biases1_load, i64 0.01" [backprop.c:170]   --->   Operation 49 'dmul' 'mul' <Predicate = true> <Delay = 7.14> <CoreInst = "DMul_maxdsp">   --->   Core 49 'DMul_maxdsp' <Latency = 4> <II = 1> <Delay = 7.14> <FuncUnit> <Opcode : 'dmul'> <InPorts = 2> <OutPorts = 1>

State 8 <SV = 7> <Delay = 5.86>
ST_8 : Operation 50 [1/1] (0.00ns)   --->   "%bitcast_ln170 = bitcast i64 %biases1_load" [backprop.c:170]   --->   Operation 50 'bitcast' 'bitcast_ln170' <Predicate = true> <Delay = 0.00>
ST_8 : Operation 51 [5/5] (5.86ns)   --->   "%sub1 = dsub i64 %bitcast_ln170, i64 %mul" [backprop.c:170]   --->   Operation 51 'dsub' 'sub1' <Predicate = true> <Delay = 5.86> <CoreInst = "DAddSub_fulldsp">   --->   Core 37 'DAddSub_fulldsp' <Latency = 4> <II = 1> <Delay = 5.86> <FuncUnit> <Opcode : 'dadd' 'dsub'> <InPorts = 2> <OutPorts = 1>

State 9 <SV = 8> <Delay = 5.86>
ST_9 : Operation 52 [4/5] (5.86ns)   --->   "%sub1 = dsub i64 %bitcast_ln170, i64 %mul" [backprop.c:170]   --->   Operation 52 'dsub' 'sub1' <Predicate = true> <Delay = 5.86> <CoreInst = "DAddSub_fulldsp">   --->   Core 37 'DAddSub_fulldsp' <Latency = 4> <II = 1> <Delay = 5.86> <FuncUnit> <Opcode : 'dadd' 'dsub'> <InPorts = 2> <OutPorts = 1>

State 10 <SV = 9> <Delay = 5.86>
ST_10 : Operation 53 [3/5] (5.86ns)   --->   "%sub1 = dsub i64 %bitcast_ln170, i64 %mul" [backprop.c:170]   --->   Operation 53 'dsub' 'sub1' <Predicate = true> <Delay = 5.86> <CoreInst = "DAddSub_fulldsp">   --->   Core 37 'DAddSub_fulldsp' <Latency = 4> <II = 1> <Delay = 5.86> <FuncUnit> <Opcode : 'dadd' 'dsub'> <InPorts = 2> <OutPorts = 1>

State 11 <SV = 10> <Delay = 5.86>
ST_11 : Operation 54 [2/5] (5.86ns)   --->   "%sub1 = dsub i64 %bitcast_ln170, i64 %mul" [backprop.c:170]   --->   Operation 54 'dsub' 'sub1' <Predicate = true> <Delay = 5.86> <CoreInst = "DAddSub_fulldsp">   --->   Core 37 'DAddSub_fulldsp' <Latency = 4> <II = 1> <Delay = 5.86> <FuncUnit> <Opcode : 'dadd' 'dsub'> <InPorts = 2> <OutPorts = 1>

State 12 <SV = 11> <Delay = 5.86>
ST_12 : Operation 55 [1/5] (5.86ns)   --->   "%sub1 = dsub i64 %bitcast_ln170, i64 %mul" [backprop.c:170]   --->   Operation 55 'dsub' 'sub1' <Predicate = true> <Delay = 5.86> <CoreInst = "DAddSub_fulldsp">   --->   Core 37 'DAddSub_fulldsp' <Latency = 4> <II = 1> <Delay = 5.86> <FuncUnit> <Opcode : 'dadd' 'dsub'> <InPorts = 2> <OutPorts = 1>

State 13 <SV = 12> <Delay = 7.14>
ST_13 : Operation 56 [1/1] (0.00ns)   --->   "%bitcast_ln170_1 = bitcast i64 %sub1" [backprop.c:170]   --->   Operation 56 'bitcast' 'bitcast_ln170_1' <Predicate = true> <Delay = 0.00>
ST_13 : Operation 57 [1/1] (2.26ns)   --->   "%store_ln170 = store i64 %bitcast_ln170_1, i6 %biases1_addr" [backprop.c:170]   --->   Operation 57 'store' 'store_ln170' <Predicate = true> <Delay = 2.26> <CoreInst = "RAM">   --->   Core 82 'RAM' <Latency = 1> <II = 1> <Delay = 2.26> <Storage> <Opcode : 'load' 'store'> <Ports = 2> <Width = 64> <Depth = 64> <RAM>
ST_13 : Operation 58 [5/5] (7.14ns)   --->   "%mul1 = dmul i64 %sub1, i64 %sub1" [backprop.c:171]   --->   Operation 58 'dmul' 'mul1' <Predicate = true> <Delay = 7.14> <CoreInst = "DMul_maxdsp">   --->   Core 49 'DMul_maxdsp' <Latency = 4> <II = 1> <Delay = 7.14> <FuncUnit> <Opcode : 'dmul'> <InPorts = 2> <OutPorts = 1>

State 14 <SV = 13> <Delay = 7.14>
ST_14 : Operation 59 [4/5] (7.14ns)   --->   "%mul1 = dmul i64 %sub1, i64 %sub1" [backprop.c:171]   --->   Operation 59 'dmul' 'mul1' <Predicate = true> <Delay = 7.14> <CoreInst = "DMul_maxdsp">   --->   Core 49 'DMul_maxdsp' <Latency = 4> <II = 1> <Delay = 7.14> <FuncUnit> <Opcode : 'dmul'> <InPorts = 2> <OutPorts = 1>

State 15 <SV = 14> <Delay = 7.14>
ST_15 : Operation 60 [3/5] (7.14ns)   --->   "%mul1 = dmul i64 %sub1, i64 %sub1" [backprop.c:171]   --->   Operation 60 'dmul' 'mul1' <Predicate = true> <Delay = 7.14> <CoreInst = "DMul_maxdsp">   --->   Core 49 'DMul_maxdsp' <Latency = 4> <II = 1> <Delay = 7.14> <FuncUnit> <Opcode : 'dmul'> <InPorts = 2> <OutPorts = 1>

State 16 <SV = 15> <Delay = 7.14>
ST_16 : Operation 61 [2/5] (7.14ns)   --->   "%mul1 = dmul i64 %sub1, i64 %sub1" [backprop.c:171]   --->   Operation 61 'dmul' 'mul1' <Predicate = true> <Delay = 7.14> <CoreInst = "DMul_maxdsp">   --->   Core 49 'DMul_maxdsp' <Latency = 4> <II = 1> <Delay = 7.14> <FuncUnit> <Opcode : 'dmul'> <InPorts = 2> <OutPorts = 1>

State 17 <SV = 16> <Delay = 7.14>
ST_17 : Operation 62 [1/5] (7.14ns)   --->   "%mul1 = dmul i64 %sub1, i64 %sub1" [backprop.c:171]   --->   Operation 62 'dmul' 'mul1' <Predicate = true> <Delay = 7.14> <CoreInst = "DMul_maxdsp">   --->   Core 49 'DMul_maxdsp' <Latency = 4> <II = 1> <Delay = 7.14> <FuncUnit> <Opcode : 'dmul'> <InPorts = 2> <OutPorts = 1>

State 18 <SV = 17> <Delay = 5.86>
ST_18 : Operation 63 [1/1] (0.00ns)   --->   "%bias_norm_1_load = load i64 %bias_norm_1" [backprop.c:171]   --->   Operation 63 'load' 'bias_norm_1_load' <Predicate = true> <Delay = 0.00>
ST_18 : Operation 64 [5/5] (5.86ns)   --->   "%bias_norm_2 = dadd i64 %bias_norm_1_load, i64 %mul1" [backprop.c:171]   --->   Operation 64 'dadd' 'bias_norm_2' <Predicate = true> <Delay = 5.86> <CoreInst = "DAddSub_fulldsp">   --->   Core 37 'DAddSub_fulldsp' <Latency = 4> <II = 1> <Delay = 5.86> <FuncUnit> <Opcode : 'dadd' 'dsub'> <InPorts = 2> <OutPorts = 1>
ST_18 : Operation 72 [1/1] (0.00ns)   --->   "%bias_norm_1_load_1 = load i64 %bias_norm_1"   --->   Operation 72 'load' 'bias_norm_1_load_1' <Predicate = (icmp_ln169)> <Delay = 0.00>
ST_18 : Operation 73 [1/1] (0.00ns)   --->   "%write_ln0 = write void @_ssdm_op_Write.ap_auto.doubleP0A, i64 %bias_norm_1_out, i64 %bias_norm_1_load_1"   --->   Operation 73 'write' 'write_ln0' <Predicate = (icmp_ln169)> <Delay = 0.00>
ST_18 : Operation 74 [1/1] (0.00ns)   --->   "%ret_ln0 = ret"   --->   Operation 74 'ret' 'ret_ln0' <Predicate = (icmp_ln169)> <Delay = 0.00>

State 19 <SV = 18> <Delay = 5.86>
ST_19 : Operation 65 [4/5] (5.86ns)   --->   "%bias_norm_2 = dadd i64 %bias_norm_1_load, i64 %mul1" [backprop.c:171]   --->   Operation 65 'dadd' 'bias_norm_2' <Predicate = true> <Delay = 5.86> <CoreInst = "DAddSub_fulldsp">   --->   Core 37 'DAddSub_fulldsp' <Latency = 4> <II = 1> <Delay = 5.86> <FuncUnit> <Opcode : 'dadd' 'dsub'> <InPorts = 2> <OutPorts = 1>

State 20 <SV = 19> <Delay = 5.86>
ST_20 : Operation 66 [3/5] (5.86ns)   --->   "%bias_norm_2 = dadd i64 %bias_norm_1_load, i64 %mul1" [backprop.c:171]   --->   Operation 66 'dadd' 'bias_norm_2' <Predicate = true> <Delay = 5.86> <CoreInst = "DAddSub_fulldsp">   --->   Core 37 'DAddSub_fulldsp' <Latency = 4> <II = 1> <Delay = 5.86> <FuncUnit> <Opcode : 'dadd' 'dsub'> <InPorts = 2> <OutPorts = 1>

State 21 <SV = 20> <Delay = 5.86>
ST_21 : Operation 67 [2/5] (5.86ns)   --->   "%bias_norm_2 = dadd i64 %bias_norm_1_load, i64 %mul1" [backprop.c:171]   --->   Operation 67 'dadd' 'bias_norm_2' <Predicate = true> <Delay = 5.86> <CoreInst = "DAddSub_fulldsp">   --->   Core 37 'DAddSub_fulldsp' <Latency = 4> <II = 1> <Delay = 5.86> <FuncUnit> <Opcode : 'dadd' 'dsub'> <InPorts = 2> <OutPorts = 1>

State 22 <SV = 21> <Delay = 6.70>
ST_22 : Operation 68 [1/1] (0.00ns)   --->   "%specloopname_ln158 = specloopname void @_ssdm_op_SpecLoopName, void @empty_13" [backprop.c:158]   --->   Operation 68 'specloopname' 'specloopname_ln158' <Predicate = true> <Delay = 0.00>
ST_22 : Operation 69 [1/5] (5.86ns)   --->   "%bias_norm_2 = dadd i64 %bias_norm_1_load, i64 %mul1" [backprop.c:171]   --->   Operation 69 'dadd' 'bias_norm_2' <Predicate = true> <Delay = 5.86> <CoreInst = "DAddSub_fulldsp">   --->   Core 37 'DAddSub_fulldsp' <Latency = 4> <II = 1> <Delay = 5.86> <FuncUnit> <Opcode : 'dadd' 'dsub'> <InPorts = 2> <OutPorts = 1>
ST_22 : Operation 70 [1/1] (0.84ns)   --->   "%store_ln169 = store i64 %bias_norm_2, i64 %bias_norm_1" [backprop.c:169]   --->   Operation 70 'store' 'store_ln169' <Predicate = true> <Delay = 0.84>
ST_22 : Operation 71 [1/1] (0.00ns)   --->   "%br_ln169 = br void %for.inc37" [backprop.c:169]   --->   Operation 71 'br' 'br_ln169' <Predicate = true> <Delay = 0.00>


============================================================
+ Verbose Summary: Timing violations
============================================================
Target clock period: 10ns, clock uncertainty: 2.7ns.

 <State 1>: 2.27ns
The critical path consists of the following:
	'alloca' operation ('i') [5]  (0 ns)
	'load' operation ('i', backprop.c:169) on local variable 'i' [11]  (0 ns)
	'getelementptr' operation ('d_biases1_addr', backprop.c:170) [21]  (0 ns)
	'load' operation ('d_biases1_load', backprop.c:170) on array 'd_biases1' [22]  (2.27 ns)

 <State 2>: 2.27ns
The critical path consists of the following:
	'load' operation ('d_biases1_load', backprop.c:170) on array 'd_biases1' [22]  (2.27 ns)

 <State 3>: 7.15ns
The critical path consists of the following:
	'dmul' operation ('mul', backprop.c:170) [23]  (7.15 ns)

 <State 4>: 7.15ns
The critical path consists of the following:
	'dmul' operation ('mul', backprop.c:170) [23]  (7.15 ns)

 <State 5>: 7.15ns
The critical path consists of the following:
	'dmul' operation ('mul', backprop.c:170) [23]  (7.15 ns)

 <State 6>: 7.15ns
The critical path consists of the following:
	'dmul' operation ('mul', backprop.c:170) [23]  (7.15 ns)

 <State 7>: 7.15ns
The critical path consists of the following:
	'dmul' operation ('mul', backprop.c:170) [23]  (7.15 ns)

 <State 8>: 5.87ns
The critical path consists of the following:
	'dsub' operation ('sub1', backprop.c:170) [27]  (5.87 ns)

 <State 9>: 5.87ns
The critical path consists of the following:
	'dsub' operation ('sub1', backprop.c:170) [27]  (5.87 ns)

 <State 10>: 5.87ns
The critical path consists of the following:
	'dsub' operation ('sub1', backprop.c:170) [27]  (5.87 ns)

 <State 11>: 5.87ns
The critical path consists of the following:
	'dsub' operation ('sub1', backprop.c:170) [27]  (5.87 ns)

 <State 12>: 5.87ns
The critical path consists of the following:
	'dsub' operation ('sub1', backprop.c:170) [27]  (5.87 ns)

 <State 13>: 7.15ns
The critical path consists of the following:
	'dmul' operation ('mul1', backprop.c:171) [30]  (7.15 ns)

 <State 14>: 7.15ns
The critical path consists of the following:
	'dmul' operation ('mul1', backprop.c:171) [30]  (7.15 ns)

 <State 15>: 7.15ns
The critical path consists of the following:
	'dmul' operation ('mul1', backprop.c:171) [30]  (7.15 ns)

 <State 16>: 7.15ns
The critical path consists of the following:
	'dmul' operation ('mul1', backprop.c:171) [30]  (7.15 ns)

 <State 17>: 7.15ns
The critical path consists of the following:
	'dmul' operation ('mul1', backprop.c:171) [30]  (7.15 ns)

 <State 18>: 5.87ns
The critical path consists of the following:
	'load' operation ('bias_norm_1_load', backprop.c:171) on local variable 'bias_norm' [18]  (0 ns)
	'dadd' operation ('bias_norm', backprop.c:171) [31]  (5.87 ns)

 <State 19>: 5.87ns
The critical path consists of the following:
	'dadd' operation ('bias_norm', backprop.c:171) [31]  (5.87 ns)

 <State 20>: 5.87ns
The critical path consists of the following:
	'dadd' operation ('bias_norm', backprop.c:171) [31]  (5.87 ns)

 <State 21>: 5.87ns
The critical path consists of the following:
	'dadd' operation ('bias_norm', backprop.c:171) [31]  (5.87 ns)

 <State 22>: 6.71ns
The critical path consists of the following:
	'dadd' operation ('bias_norm', backprop.c:171) [31]  (5.87 ns)
	'store' operation ('store_ln169', backprop.c:169) of variable 'bias_norm', backprop.c:171 on local variable 'bias_norm' [33]  (0.844 ns)


============================================================
+ Verbose Summary: Binding
============================================================
N/A
* FSMD analyzer results:
  - Output states:
 - Input state : 
  - Chain level:
	State 1
	State 2
	State 3
	State 4
	State 5
	State 6
	State 7
	State 8
	State 9
	State 10
	State 11
	State 12
	State 13
	State 14
	State 15
	State 16
	State 17
	State 18
	State 19
	State 20
	State 21
	State 22


============================================================
+ Verbose Summary: Datapath Resource usage 
============================================================
N/A
