

================================================================
== Vitis HLS Report for 'update_weights_1_Pipeline_VITIS_LOOP_163_1_VITIS_LOOP_164_2'
================================================================
* Date:           Wed Dec 20 21:42:39 2023

* Version:        2022.1 (Build 3526262 on Mon Apr 18 15:47:01 MDT 2022)
* Project:        backprop_syn
* Solution:       solution (Vivado IP Flow Target)
* Product family: virtex7
* Target device:  xc7v585t-ffg1761-2


================================================================
== Performance Estimates
================================================================
+ Timing: 
    * Summary: 
    +--------+----------+----------+------------+
    |  Clock |  Target  | Estimated| Uncertainty|
    +--------+----------+----------+------------+
    |ap_clk  |  10.00 ns|  7.148 ns|     2.70 ns|
    +--------+----------+----------+------------+

+ Latency: 
    * Summary: 
    +---------+---------+-----------+-----------+------+------+---------+
    |  Latency (cycles) |   Latency (absolute)  |   Interval  | Pipeline|
    |   min   |   max   |    min    |    max    |  min |  max |   Type  |
    +---------+---------+-----------+-----------+------+------+---------+
    |     3347|     3347|  33.470 us|  33.470 us|  3347|  3347|       no|
    +---------+---------+-----------+-----------+------+------+---------+

    + Detail: 
        * Instance: 
        N/A

        * Loop: 
        +-------------------------------------+---------+---------+----------+-----------+-----------+------+----------+
        |                                     |  Latency (cycles) | Iteration|  Initiation Interval  | Trip |          |
        |              Loop Name              |   min   |   max   |  Latency |  achieved |   target  | Count| Pipelined|
        +-------------------------------------+---------+---------+----------+-----------+-----------+------+----------+
        |- VITIS_LOOP_163_1_VITIS_LOOP_164_2  |     3345|     3345|        22|          4|          1|   832|       yes|
        +-------------------------------------+---------+---------+----------+-----------+-----------+------+----------+

============================================================
+ Verbose Summary: Synthesis Manager
============================================================
InlineROM: 1
ExposeGlobal: 0
============================================================
+ Verbose Summary: CDFG Model
============================================================
IsTopModel: 0
ResetActiveHigh: 1
IsCombinational: 0
IsDatapathOnly: 0
HasWiredReturn: 1
HasMFsm: 2
HasVarLatency: 1
IsPipeline: 0
IsRtlPipelined: 0
IsInstanceOverlapped: 0
IsDontTouch: 0
HasImplIP: 0
IsGatedGlobalClock: 0

+ Individual pipeline summary: 
  * Pipeline-0: initiation interval (II) = 4, depth = 22


============================================================
+ Verbose Summary: Schedule
============================================================
* Number of FSM states : 22
* Pipeline : 1
  Pipeline-0 : II = 4, D = 22, States = { 1 2 3 4 5 6 7 8 9 10 11 12 13 14 15 16 17 18 19 20 21 22 }
* Dataflow Pipeline: 0

* FSM state transitions: 
1 --> 2 
2 --> 3 
3 --> 4 
4 --> 5 
5 --> 6 
6 --> 7 
7 --> 8 
8 --> 9 
9 --> 10 
10 --> 11 
11 --> 12 
12 --> 13 
13 --> 14 
14 --> 15 
15 --> 16 
16 --> 17 
17 --> 18 
18 --> 19 
19 --> 20 
20 --> 21 
21 --> 22 
22 --> 

* FSM state operations: 

State 1 <SV = 0> <Delay = 5.20>
ST_1 : Operation 25 [1/1] (0.00ns)   --->   "%norm_2 = alloca i32 1"   --->   Operation 25 'alloca' 'norm_2' <Predicate = true> <Delay = 0.00>
ST_1 : Operation 26 [1/1] (0.00ns)   --->   "%j = alloca i32 1"   --->   Operation 26 'alloca' 'j' <Predicate = true> <Delay = 0.00>
ST_1 : Operation 27 [1/1] (0.00ns)   --->   "%i = alloca i32 1"   --->   Operation 27 'alloca' 'i' <Predicate = true> <Delay = 0.00>
ST_1 : Operation 28 [1/1] (0.00ns)   --->   "%indvar_flatten = alloca i32 1"   --->   Operation 28 'alloca' 'indvar_flatten' <Predicate = true> <Delay = 0.00>
ST_1 : Operation 29 [1/1] (0.00ns)   --->   "%specinterface_ln0 = specinterface void @_ssdm_op_SpecInterface, i64 %weights1, void @empty_17, i32 0, i32 0, void @empty_18, i32 4294967295, i32 0, void @empty_18, void @empty_18, void @empty_18, i32 0, i32 0, i32 0, i32 0, void @empty_18, void @empty_18, i32 4294967295, i32 0"   --->   Operation 29 'specinterface' 'specinterface_ln0' <Predicate = true> <Delay = 0.00>
ST_1 : Operation 30 [1/1] (0.84ns)   --->   "%store_ln0 = store i10 0, i10 %indvar_flatten"   --->   Operation 30 'store' 'store_ln0' <Predicate = true> <Delay = 0.84>
ST_1 : Operation 31 [1/1] (0.84ns)   --->   "%store_ln0 = store i4 0, i4 %i"   --->   Operation 31 'store' 'store_ln0' <Predicate = true> <Delay = 0.84>
ST_1 : Operation 32 [1/1] (0.84ns)   --->   "%store_ln0 = store i7 0, i7 %j"   --->   Operation 32 'store' 'store_ln0' <Predicate = true> <Delay = 0.84>
ST_1 : Operation 33 [1/1] (0.84ns)   --->   "%store_ln0 = store i64 0, i64 %norm_2"   --->   Operation 33 'store' 'store_ln0' <Predicate = true> <Delay = 0.84>
ST_1 : Operation 34 [1/1] (0.00ns)   --->   "%br_ln0 = br void %for.inc"   --->   Operation 34 'br' 'br_ln0' <Predicate = true> <Delay = 0.00>
ST_1 : Operation 35 [1/1] (0.00ns)   --->   "%indvar_flatten_load = load i10 %indvar_flatten" [backprop.c:163]   --->   Operation 35 'load' 'indvar_flatten_load' <Predicate = true> <Delay = 0.00>
ST_1 : Operation 36 [1/1] (0.00ns)   --->   "%specpipeline_ln0 = specpipeline void @_ssdm_op_SpecPipeline, i32 4294967295, i32 0, i32 1, i32 0, void @p_str"   --->   Operation 36 'specpipeline' 'specpipeline_ln0' <Predicate = true> <Delay = 0.00>
ST_1 : Operation 37 [1/1] (0.94ns)   --->   "%icmp_ln163 = icmp_eq  i10 %indvar_flatten_load, i10 832" [backprop.c:163]   --->   Operation 37 'icmp' 'icmp_ln163' <Predicate = true> <Delay = 0.94> <CoreInst = "Cmp">   --->   Core 9 'Cmp' <Latency = 0> <II = 1> <Delay = 0.94> <FuncUnit> <Opcode : 'icmp'> <InPorts = 2> <OutPorts = 1>
ST_1 : Operation 38 [1/1] (1.34ns)   --->   "%add_ln163 = add i10 %indvar_flatten_load, i10 1" [backprop.c:163]   --->   Operation 38 'add' 'add_ln163' <Predicate = true> <Delay = 1.34> <CoreInst = "Adder">   --->   Core 1 'Adder' <Latency = 0> <II = 1> <Delay = 1.34> <FuncUnit> <Opcode : 'add' 'sub'> <InPorts = 2> <OutPorts = 1>
ST_1 : Operation 39 [1/1] (0.00ns)   --->   "%br_ln163 = br i1 %icmp_ln163, void %for.inc19, void %for.inc37.preheader.exitStub" [backprop.c:163]   --->   Operation 39 'br' 'br_ln163' <Predicate = true> <Delay = 0.00>
ST_1 : Operation 40 [1/1] (0.00ns)   --->   "%j_load = load i7 %j" [backprop.c:164]   --->   Operation 40 'load' 'j_load' <Predicate = (!icmp_ln163)> <Delay = 0.00>
ST_1 : Operation 41 [1/1] (0.00ns)   --->   "%i_load = load i4 %i" [backprop.c:163]   --->   Operation 41 'load' 'i_load' <Predicate = (!icmp_ln163)> <Delay = 0.00>
ST_1 : Operation 42 [1/1] (0.86ns)   --->   "%icmp_ln164 = icmp_eq  i7 %j_load, i7 64" [backprop.c:164]   --->   Operation 42 'icmp' 'icmp_ln164' <Predicate = (!icmp_ln163)> <Delay = 0.86> <CoreInst = "Cmp">   --->   Core 9 'Cmp' <Latency = 0> <II = 1> <Delay = 0.86> <FuncUnit> <Opcode : 'icmp'> <InPorts = 2> <OutPorts = 1>
ST_1 : Operation 43 [1/1] (0.51ns)   --->   "%select_ln163 = select i1 %icmp_ln164, i7 0, i7 %j_load" [backprop.c:163]   --->   Operation 43 'select' 'select_ln163' <Predicate = (!icmp_ln163)> <Delay = 0.51> <CoreInst = "Sel">   --->   Core 73 'Sel' <Latency = 0> <II = 1> <Delay = 0.51> <FuncUnit> <Opcode : 'select'> <InPorts = 3> <OutPorts = 1>
ST_1 : Operation 44 [1/1] (1.01ns)   --->   "%add_ln163_1 = add i4 %i_load, i4 1" [backprop.c:163]   --->   Operation 44 'add' 'add_ln163_1' <Predicate = (!icmp_ln163)> <Delay = 1.01> <CoreInst = "Adder">   --->   Core 1 'Adder' <Latency = 0> <II = 1> <Delay = 1.01> <FuncUnit> <Opcode : 'add' 'sub'> <InPorts = 2> <OutPorts = 1>
ST_1 : Operation 45 [1/1] (0.58ns)   --->   "%select_ln163_1 = select i1 %icmp_ln164, i4 %add_ln163_1, i4 %i_load" [backprop.c:163]   --->   Operation 45 'select' 'select_ln163_1' <Predicate = (!icmp_ln163)> <Delay = 0.58> <CoreInst = "Sel">   --->   Core 73 'Sel' <Latency = 0> <II = 1> <Delay = 0.58> <FuncUnit> <Opcode : 'select'> <InPorts = 3> <OutPorts = 1>
ST_1 : Operation 46 [1/1] (0.00ns)   --->   "%p_mid2 = bitconcatenate i10 @_ssdm_op_BitConcatenate.i10.i4.i6, i4 %select_ln163_1, i6 0" [backprop.c:163]   --->   Operation 46 'bitconcatenate' 'p_mid2' <Predicate = (!icmp_ln163)> <Delay = 0.00>
ST_1 : Operation 47 [1/1] (0.00ns)   --->   "%j_cast = zext i7 %select_ln163" [backprop.c:163]   --->   Operation 47 'zext' 'j_cast' <Predicate = (!icmp_ln163)> <Delay = 0.00>
ST_1 : Operation 48 [1/1] (1.34ns)   --->   "%add_ln165 = add i10 %j_cast, i10 %p_mid2" [backprop.c:165]   --->   Operation 48 'add' 'add_ln165' <Predicate = (!icmp_ln163)> <Delay = 1.34> <CoreInst = "Adder">   --->   Core 1 'Adder' <Latency = 0> <II = 1> <Delay = 1.34> <FuncUnit> <Opcode : 'add' 'sub'> <InPorts = 2> <OutPorts = 1>
ST_1 : Operation 49 [1/1] (0.00ns)   --->   "%zext_ln165 = zext i10 %add_ln165" [backprop.c:165]   --->   Operation 49 'zext' 'zext_ln165' <Predicate = (!icmp_ln163)> <Delay = 0.00>
ST_1 : Operation 50 [1/1] (0.00ns)   --->   "%d_weights1_addr = getelementptr i64 %d_weights1, i64 0, i64 %zext_ln165" [backprop.c:165]   --->   Operation 50 'getelementptr' 'd_weights1_addr' <Predicate = (!icmp_ln163)> <Delay = 0.00>
ST_1 : Operation 51 [2/2] (2.26ns)   --->   "%d_weights1_load = load i10 %d_weights1_addr" [backprop.c:165]   --->   Operation 51 'load' 'd_weights1_load' <Predicate = (!icmp_ln163)> <Delay = 2.26> <CoreInst = "RAM">   --->   Core 82 'RAM' <Latency = 1> <II = 1> <Delay = 2.26> <Storage> <Opcode : 'load' 'store'> <Ports = 2> <Width = 64> <Depth = 832> <RAM>
ST_1 : Operation 52 [1/1] (0.00ns)   --->   "%weights1_addr = getelementptr i64 %weights1, i64 0, i64 %zext_ln165" [backprop.c:165]   --->   Operation 52 'getelementptr' 'weights1_addr' <Predicate = (!icmp_ln163)> <Delay = 0.00>
ST_1 : Operation 53 [1/1] (1.27ns)   --->   "%add_ln164 = add i7 %select_ln163, i7 1" [backprop.c:164]   --->   Operation 53 'add' 'add_ln164' <Predicate = (!icmp_ln163)> <Delay = 1.27> <CoreInst = "Adder">   --->   Core 1 'Adder' <Latency = 0> <II = 1> <Delay = 1.27> <FuncUnit> <Opcode : 'add' 'sub'> <InPorts = 2> <OutPorts = 1>
ST_1 : Operation 54 [1/1] (0.84ns)   --->   "%store_ln164 = store i10 %add_ln163, i10 %indvar_flatten" [backprop.c:164]   --->   Operation 54 'store' 'store_ln164' <Predicate = (!icmp_ln163)> <Delay = 0.84>
ST_1 : Operation 55 [1/1] (0.84ns)   --->   "%store_ln164 = store i4 %select_ln163_1, i4 %i" [backprop.c:164]   --->   Operation 55 'store' 'store_ln164' <Predicate = (!icmp_ln163)> <Delay = 0.84>
ST_1 : Operation 56 [1/1] (0.84ns)   --->   "%store_ln164 = store i7 %add_ln164, i7 %j" [backprop.c:164]   --->   Operation 56 'store' 'store_ln164' <Predicate = (!icmp_ln163)> <Delay = 0.84>

State 2 <SV = 1> <Delay = 2.26>
ST_2 : Operation 57 [1/2] (2.26ns)   --->   "%d_weights1_load = load i10 %d_weights1_addr" [backprop.c:165]   --->   Operation 57 'load' 'd_weights1_load' <Predicate = (!icmp_ln163)> <Delay = 2.26> <CoreInst = "RAM">   --->   Core 82 'RAM' <Latency = 1> <II = 1> <Delay = 2.26> <Storage> <Opcode : 'load' 'store'> <Ports = 2> <Width = 64> <Depth = 832> <RAM>

State 3 <SV = 2> <Delay = 7.14>
ST_3 : Operation 58 [5/5] (7.14ns)   --->   "%mul4 = dmul i64 %d_weights1_load, i64 0.01" [backprop.c:165]   --->   Operation 58 'dmul' 'mul4' <Predicate = (!icmp_ln163)> <Delay = 7.14> <CoreInst = "DMul_maxdsp">   --->   Core 49 'DMul_maxdsp' <Latency = 4> <II = 1> <Delay = 7.14> <FuncUnit> <Opcode : 'dmul'> <InPorts = 2> <OutPorts = 1>

State 4 <SV = 3> <Delay = 7.14>
ST_4 : Operation 59 [4/5] (7.14ns)   --->   "%mul4 = dmul i64 %d_weights1_load, i64 0.01" [backprop.c:165]   --->   Operation 59 'dmul' 'mul4' <Predicate = (!icmp_ln163)> <Delay = 7.14> <CoreInst = "DMul_maxdsp">   --->   Core 49 'DMul_maxdsp' <Latency = 4> <II = 1> <Delay = 7.14> <FuncUnit> <Opcode : 'dmul'> <InPorts = 2> <OutPorts = 1>

State 5 <SV = 4> <Delay = 7.14>
ST_5 : Operation 60 [3/5] (7.14ns)   --->   "%mul4 = dmul i64 %d_weights1_load, i64 0.01" [backprop.c:165]   --->   Operation 60 'dmul' 'mul4' <Predicate = true> <Delay = 7.14> <CoreInst = "DMul_maxdsp">   --->   Core 49 'DMul_maxdsp' <Latency = 4> <II = 1> <Delay = 7.14> <FuncUnit> <Opcode : 'dmul'> <InPorts = 2> <OutPorts = 1>
ST_5 : Operation 61 [2/2] (2.26ns)   --->   "%weights1_load = load i10 %weights1_addr" [backprop.c:165]   --->   Operation 61 'load' 'weights1_load' <Predicate = true> <Delay = 2.26> <CoreInst = "RAM">   --->   Core 82 'RAM' <Latency = 1> <II = 1> <Delay = 2.26> <Storage> <Opcode : 'load' 'store'> <Ports = 2> <Width = 64> <Depth = 832> <RAM>

State 6 <SV = 5> <Delay = 7.14>
ST_6 : Operation 62 [2/5] (7.14ns)   --->   "%mul4 = dmul i64 %d_weights1_load, i64 0.01" [backprop.c:165]   --->   Operation 62 'dmul' 'mul4' <Predicate = true> <Delay = 7.14> <CoreInst = "DMul_maxdsp">   --->   Core 49 'DMul_maxdsp' <Latency = 4> <II = 1> <Delay = 7.14> <FuncUnit> <Opcode : 'dmul'> <InPorts = 2> <OutPorts = 1>
ST_6 : Operation 63 [1/2] (2.26ns)   --->   "%weights1_load = load i10 %weights1_addr" [backprop.c:165]   --->   Operation 63 'load' 'weights1_load' <Predicate = true> <Delay = 2.26> <CoreInst = "RAM">   --->   Core 82 'RAM' <Latency = 1> <II = 1> <Delay = 2.26> <Storage> <Opcode : 'load' 'store'> <Ports = 2> <Width = 64> <Depth = 832> <RAM>

State 7 <SV = 6> <Delay = 7.14>
ST_7 : Operation 64 [1/5] (7.14ns)   --->   "%mul4 = dmul i64 %d_weights1_load, i64 0.01" [backprop.c:165]   --->   Operation 64 'dmul' 'mul4' <Predicate = true> <Delay = 7.14> <CoreInst = "DMul_maxdsp">   --->   Core 49 'DMul_maxdsp' <Latency = 4> <II = 1> <Delay = 7.14> <FuncUnit> <Opcode : 'dmul'> <InPorts = 2> <OutPorts = 1>

State 8 <SV = 7> <Delay = 5.86>
ST_8 : Operation 65 [1/1] (0.00ns)   --->   "%bitcast_ln165 = bitcast i64 %weights1_load" [backprop.c:165]   --->   Operation 65 'bitcast' 'bitcast_ln165' <Predicate = true> <Delay = 0.00>
ST_8 : Operation 66 [5/5] (5.86ns)   --->   "%sub = dsub i64 %bitcast_ln165, i64 %mul4" [backprop.c:165]   --->   Operation 66 'dsub' 'sub' <Predicate = true> <Delay = 5.86> <CoreInst = "DAddSub_fulldsp">   --->   Core 37 'DAddSub_fulldsp' <Latency = 4> <II = 1> <Delay = 5.86> <FuncUnit> <Opcode : 'dadd' 'dsub'> <InPorts = 2> <OutPorts = 1>

State 9 <SV = 8> <Delay = 5.86>
ST_9 : Operation 67 [4/5] (5.86ns)   --->   "%sub = dsub i64 %bitcast_ln165, i64 %mul4" [backprop.c:165]   --->   Operation 67 'dsub' 'sub' <Predicate = true> <Delay = 5.86> <CoreInst = "DAddSub_fulldsp">   --->   Core 37 'DAddSub_fulldsp' <Latency = 4> <II = 1> <Delay = 5.86> <FuncUnit> <Opcode : 'dadd' 'dsub'> <InPorts = 2> <OutPorts = 1>

State 10 <SV = 9> <Delay = 5.86>
ST_10 : Operation 68 [3/5] (5.86ns)   --->   "%sub = dsub i64 %bitcast_ln165, i64 %mul4" [backprop.c:165]   --->   Operation 68 'dsub' 'sub' <Predicate = true> <Delay = 5.86> <CoreInst = "DAddSub_fulldsp">   --->   Core 37 'DAddSub_fulldsp' <Latency = 4> <II = 1> <Delay = 5.86> <FuncUnit> <Opcode : 'dadd' 'dsub'> <InPorts = 2> <OutPorts = 1>

State 11 <SV = 10> <Delay = 5.86>
ST_11 : Operation 69 [2/5] (5.86ns)   --->   "%sub = dsub i64 %bitcast_ln165, i64 %mul4" [backprop.c:165]   --->   Operation 69 'dsub' 'sub' <Predicate = true> <Delay = 5.86> <CoreInst = "DAddSub_fulldsp">   --->   Core 37 'DAddSub_fulldsp' <Latency = 4> <II = 1> <Delay = 5.86> <FuncUnit> <Opcode : 'dadd' 'dsub'> <InPorts = 2> <OutPorts = 1>

State 12 <SV = 11> <Delay = 5.86>
ST_12 : Operation 70 [1/5] (5.86ns)   --->   "%sub = dsub i64 %bitcast_ln165, i64 %mul4" [backprop.c:165]   --->   Operation 70 'dsub' 'sub' <Predicate = true> <Delay = 5.86> <CoreInst = "DAddSub_fulldsp">   --->   Core 37 'DAddSub_fulldsp' <Latency = 4> <II = 1> <Delay = 5.86> <FuncUnit> <Opcode : 'dadd' 'dsub'> <InPorts = 2> <OutPorts = 1>

State 13 <SV = 12> <Delay = 7.14>
ST_13 : Operation 71 [1/1] (0.00ns)   --->   "%bitcast_ln165_1 = bitcast i64 %sub" [backprop.c:165]   --->   Operation 71 'bitcast' 'bitcast_ln165_1' <Predicate = true> <Delay = 0.00>
ST_13 : Operation 72 [1/1] (2.26ns)   --->   "%store_ln165 = store i64 %bitcast_ln165_1, i10 %weights1_addr" [backprop.c:165]   --->   Operation 72 'store' 'store_ln165' <Predicate = true> <Delay = 2.26> <CoreInst = "RAM">   --->   Core 82 'RAM' <Latency = 1> <II = 1> <Delay = 2.26> <Storage> <Opcode : 'load' 'store'> <Ports = 2> <Width = 64> <Depth = 832> <RAM>
ST_13 : Operation 73 [5/5] (7.14ns)   --->   "%mul2 = dmul i64 %sub, i64 %sub" [backprop.c:166]   --->   Operation 73 'dmul' 'mul2' <Predicate = true> <Delay = 7.14> <CoreInst = "DMul_maxdsp">   --->   Core 49 'DMul_maxdsp' <Latency = 4> <II = 1> <Delay = 7.14> <FuncUnit> <Opcode : 'dmul'> <InPorts = 2> <OutPorts = 1>

State 14 <SV = 13> <Delay = 7.14>
ST_14 : Operation 74 [4/5] (7.14ns)   --->   "%mul2 = dmul i64 %sub, i64 %sub" [backprop.c:166]   --->   Operation 74 'dmul' 'mul2' <Predicate = true> <Delay = 7.14> <CoreInst = "DMul_maxdsp">   --->   Core 49 'DMul_maxdsp' <Latency = 4> <II = 1> <Delay = 7.14> <FuncUnit> <Opcode : 'dmul'> <InPorts = 2> <OutPorts = 1>

State 15 <SV = 14> <Delay = 7.14>
ST_15 : Operation 75 [3/5] (7.14ns)   --->   "%mul2 = dmul i64 %sub, i64 %sub" [backprop.c:166]   --->   Operation 75 'dmul' 'mul2' <Predicate = true> <Delay = 7.14> <CoreInst = "DMul_maxdsp">   --->   Core 49 'DMul_maxdsp' <Latency = 4> <II = 1> <Delay = 7.14> <FuncUnit> <Opcode : 'dmul'> <InPorts = 2> <OutPorts = 1>

State 16 <SV = 15> <Delay = 7.14>
ST_16 : Operation 76 [2/5] (7.14ns)   --->   "%mul2 = dmul i64 %sub, i64 %sub" [backprop.c:166]   --->   Operation 76 'dmul' 'mul2' <Predicate = true> <Delay = 7.14> <CoreInst = "DMul_maxdsp">   --->   Core 49 'DMul_maxdsp' <Latency = 4> <II = 1> <Delay = 7.14> <FuncUnit> <Opcode : 'dmul'> <InPorts = 2> <OutPorts = 1>

State 17 <SV = 16> <Delay = 7.14>
ST_17 : Operation 77 [1/5] (7.14ns)   --->   "%mul2 = dmul i64 %sub, i64 %sub" [backprop.c:166]   --->   Operation 77 'dmul' 'mul2' <Predicate = true> <Delay = 7.14> <CoreInst = "DMul_maxdsp">   --->   Core 49 'DMul_maxdsp' <Latency = 4> <II = 1> <Delay = 7.14> <FuncUnit> <Opcode : 'dmul'> <InPorts = 2> <OutPorts = 1>

State 18 <SV = 17> <Delay = 5.86>
ST_18 : Operation 78 [1/1] (0.00ns)   --->   "%norm_2_load = load i64 %norm_2" [backprop.c:166]   --->   Operation 78 'load' 'norm_2_load' <Predicate = true> <Delay = 0.00>
ST_18 : Operation 79 [5/5] (5.86ns)   --->   "%norm = dadd i64 %norm_2_load, i64 %mul2" [backprop.c:166]   --->   Operation 79 'dadd' 'norm' <Predicate = true> <Delay = 5.86> <CoreInst = "DAddSub_fulldsp">   --->   Core 37 'DAddSub_fulldsp' <Latency = 4> <II = 1> <Delay = 5.86> <FuncUnit> <Opcode : 'dadd' 'dsub'> <InPorts = 2> <OutPorts = 1>
ST_18 : Operation 90 [1/1] (0.00ns)   --->   "%norm_2_load_1 = load i64 %norm_2"   --->   Operation 90 'load' 'norm_2_load_1' <Predicate = (icmp_ln163)> <Delay = 0.00>
ST_18 : Operation 91 [1/1] (0.00ns)   --->   "%write_ln0 = write void @_ssdm_op_Write.ap_auto.doubleP0A, i64 %norm_2_out, i64 %norm_2_load_1"   --->   Operation 91 'write' 'write_ln0' <Predicate = (icmp_ln163)> <Delay = 0.00>
ST_18 : Operation 92 [1/1] (0.00ns)   --->   "%ret_ln0 = ret"   --->   Operation 92 'ret' 'ret_ln0' <Predicate = (icmp_ln163)> <Delay = 0.00>

State 19 <SV = 18> <Delay = 5.86>
ST_19 : Operation 80 [4/5] (5.86ns)   --->   "%norm = dadd i64 %norm_2_load, i64 %mul2" [backprop.c:166]   --->   Operation 80 'dadd' 'norm' <Predicate = true> <Delay = 5.86> <CoreInst = "DAddSub_fulldsp">   --->   Core 37 'DAddSub_fulldsp' <Latency = 4> <II = 1> <Delay = 5.86> <FuncUnit> <Opcode : 'dadd' 'dsub'> <InPorts = 2> <OutPorts = 1>

State 20 <SV = 19> <Delay = 5.86>
ST_20 : Operation 81 [3/5] (5.86ns)   --->   "%norm = dadd i64 %norm_2_load, i64 %mul2" [backprop.c:166]   --->   Operation 81 'dadd' 'norm' <Predicate = true> <Delay = 5.86> <CoreInst = "DAddSub_fulldsp">   --->   Core 37 'DAddSub_fulldsp' <Latency = 4> <II = 1> <Delay = 5.86> <FuncUnit> <Opcode : 'dadd' 'dsub'> <InPorts = 2> <OutPorts = 1>

State 21 <SV = 20> <Delay = 5.86>
ST_21 : Operation 82 [2/5] (5.86ns)   --->   "%norm = dadd i64 %norm_2_load, i64 %mul2" [backprop.c:166]   --->   Operation 82 'dadd' 'norm' <Predicate = true> <Delay = 5.86> <CoreInst = "DAddSub_fulldsp">   --->   Core 37 'DAddSub_fulldsp' <Latency = 4> <II = 1> <Delay = 5.86> <FuncUnit> <Opcode : 'dadd' 'dsub'> <InPorts = 2> <OutPorts = 1>

State 22 <SV = 21> <Delay = 6.70>
ST_22 : Operation 83 [1/1] (0.00ns)   --->   "%specloopname_ln0 = specloopname void @_ssdm_op_SpecLoopName, void @VITIS_LOOP_163_1_VITIS_LOOP_164_2_str"   --->   Operation 83 'specloopname' 'specloopname_ln0' <Predicate = true> <Delay = 0.00>
ST_22 : Operation 84 [1/1] (0.00ns)   --->   "%empty = speclooptripcount i32 @_ssdm_op_SpecLoopTripCount, i64 832, i64 832, i64 832"   --->   Operation 84 'speclooptripcount' 'empty' <Predicate = true> <Delay = 0.00>
ST_22 : Operation 85 [1/1] (0.00ns)   --->   "%specpipeline_ln0 = specpipeline void @_ssdm_op_SpecPipeline, i32 4294967295, i32 0, i32 1, i32 0, void @p_str"   --->   Operation 85 'specpipeline' 'specpipeline_ln0' <Predicate = true> <Delay = 0.00>
ST_22 : Operation 86 [1/1] (0.00ns)   --->   "%specloopname_ln158 = specloopname void @_ssdm_op_SpecLoopName, void @empty_12" [backprop.c:158]   --->   Operation 86 'specloopname' 'specloopname_ln158' <Predicate = true> <Delay = 0.00>
ST_22 : Operation 87 [1/5] (5.86ns)   --->   "%norm = dadd i64 %norm_2_load, i64 %mul2" [backprop.c:166]   --->   Operation 87 'dadd' 'norm' <Predicate = true> <Delay = 5.86> <CoreInst = "DAddSub_fulldsp">   --->   Core 37 'DAddSub_fulldsp' <Latency = 4> <II = 1> <Delay = 5.86> <FuncUnit> <Opcode : 'dadd' 'dsub'> <InPorts = 2> <OutPorts = 1>
ST_22 : Operation 88 [1/1] (0.84ns)   --->   "%store_ln164 = store i64 %norm, i64 %norm_2" [backprop.c:164]   --->   Operation 88 'store' 'store_ln164' <Predicate = true> <Delay = 0.84>
ST_22 : Operation 89 [1/1] (0.00ns)   --->   "%br_ln164 = br void %for.inc" [backprop.c:164]   --->   Operation 89 'br' 'br_ln164' <Predicate = true> <Delay = 0.00>


============================================================
+ Verbose Summary: Binding
============================================================
STG Binding: 
---------------- STG Properties BEGIN ----------------
- Is combinational: 0
- Is one-state seq: 0
- Is datapath-only: 0
- Is pipelined: 0
- Is top level: 0
Port [ Return ] is wired: 1; IO mode=ap_ctrl_hs:ce=0
Port [ d_weights1]:  wired=1; compound=1; hidden=0; nouse=0; global=0; static=0; extern=0; dir=0; type=1; pingpong=0; private_global=0; MemPort=[13]; IO mode=ap_memory:ce=0
Port [ weights1]:  wired=1; compound=1; hidden=0; nouse=0; global=0; static=0; extern=0; dir=2; type=1; pingpong=0; private_global=0; MemPort=[01]; IO mode=ap_memory:ce=0
Port [ norm_2_out]:  wired=1; compound=0; hidden=0; nouse=0; global=0; static=0; extern=0; dir=1; type=0; pingpong=0; private_global=0; IO mode=ap_vld:ce=0
---------------- STG Properties END ------------------

---------------- Datapath Model BEGIN ----------------

<LifeTime>
<method=bitvector/>
norm_2              (alloca           ) [ 01111111111111111111111]
j                   (alloca           ) [ 01000000000000000000000]
i                   (alloca           ) [ 01000000000000000000000]
indvar_flatten      (alloca           ) [ 01000000000000000000000]
specinterface_ln0   (specinterface    ) [ 00000000000000000000000]
store_ln0           (store            ) [ 00000000000000000000000]
store_ln0           (store            ) [ 00000000000000000000000]
store_ln0           (store            ) [ 00000000000000000000000]
store_ln0           (store            ) [ 00000000000000000000000]
br_ln0              (br               ) [ 00000000000000000000000]
indvar_flatten_load (load             ) [ 00000000000000000000000]
specpipeline_ln0    (specpipeline     ) [ 00000000000000000000000]
icmp_ln163          (icmp             ) [ 01111111111111111110000]
add_ln163           (add              ) [ 00000000000000000000000]
br_ln163            (br               ) [ 00000000000000000000000]
j_load              (load             ) [ 00000000000000000000000]
i_load              (load             ) [ 00000000000000000000000]
icmp_ln164          (icmp             ) [ 00000000000000000000000]
select_ln163        (select           ) [ 00000000000000000000000]
add_ln163_1         (add              ) [ 00000000000000000000000]
select_ln163_1      (select           ) [ 00000000000000000000000]
p_mid2              (bitconcatenate   ) [ 00000000000000000000000]
j_cast              (zext             ) [ 00000000000000000000000]
add_ln165           (add              ) [ 00000000000000000000000]
zext_ln165          (zext             ) [ 00000000000000000000000]
d_weights1_addr     (getelementptr    ) [ 00100000000000000000000]
weights1_addr       (getelementptr    ) [ 01111111111111000000000]
add_ln164           (add              ) [ 00000000000000000000000]
store_ln164         (store            ) [ 00000000000000000000000]
store_ln164         (store            ) [ 00000000000000000000000]
store_ln164         (store            ) [ 00000000000000000000000]
d_weights1_load     (load             ) [ 01111111000000000000000]
weights1_load       (load             ) [ 00011001100000000000000]
mul4                (dmul             ) [ 01111000111110000000000]
bitcast_ln165       (bitcast          ) [ 01111000011110000000000]
sub                 (dsub             ) [ 01111000000001111100000]
bitcast_ln165_1     (bitcast          ) [ 00000000000000000000000]
store_ln165         (store            ) [ 00000000000000000000000]
mul2                (dmul             ) [ 01111000000000000011111]
norm_2_load         (load             ) [ 01111000000000000001111]
specloopname_ln0    (specloopname     ) [ 00000000000000000000000]
empty               (speclooptripcount) [ 00000000000000000000000]
specpipeline_ln0    (specpipeline     ) [ 00000000000000000000000]
specloopname_ln158  (specloopname     ) [ 00000000000000000000000]
norm                (dadd             ) [ 00000000000000000000000]
store_ln164         (store            ) [ 00000000000000000000000]
br_ln164            (br               ) [ 00000000000000000000000]
norm_2_load_1       (load             ) [ 00000000000000000000000]
write_ln0           (write            ) [ 00000000000000000000000]
ret_ln0             (ret              ) [ 00000000000000000000000]
</LifeTime>

<model>

<comp_list>
<comp id="0" class="1000" name="d_weights1">
<pin_list>
<pin id="1" dir="1" index="0" bw="1" slack="0"/>
</pin_list>
<bind>
<StgValue><ssdm name="d_weights1"/><MemPortTyVec>1 3 </MemPortTyVec>
</StgValue>
</bind>
</comp>

<comp id="2" class="1000" name="weights1">
<pin_list>
<pin id="3" dir="1" index="0" bw="1" slack="0"/>
</pin_list>
<bind>
<StgValue><ssdm name="weights1"/><MemPortTyVec>0 1 </MemPortTyVec>
</StgValue>
</bind>
</comp>

<comp id="4" class="1000" name="norm_2_out">
<pin_list>
<pin id="5" dir="1" index="0" bw="1" slack="0"/>
</pin_list>
<bind>
<StgValue><ssdm name="norm_2_out"/></StgValue>
</bind>
</comp>

<comp id="6" class="1001" name="const_6">
<pin_list>
<pin id="7" dir="1" index="0" bw="1" slack="0"/>
</pin_list>
<bind>
<StgValue><ssdm name=""/></StgValue>
</bind>
</comp>

<comp id="8" class="1001" name="const_8">
<pin_list>
<pin id="9" dir="1" index="0" bw="1" slack="2147483647"/>
</pin_list>
<bind>
<StgValue><ssdm name="_ssdm_op_SpecInterface"/></StgValue>
</bind>
</comp>

<comp id="10" class="1001" name="const_10">
<pin_list>
<pin id="11" dir="1" index="0" bw="1" slack="2147483647"/>
</pin_list>
<bind>
<StgValue><ssdm name="empty_17"/></StgValue>
</bind>
</comp>

<comp id="12" class="1001" name="const_12">
<pin_list>
<pin id="13" dir="1" index="0" bw="1" slack="2147483647"/>
</pin_list>
<bind>
<StgValue><ssdm name=""/></StgValue>
</bind>
</comp>

<comp id="14" class="1001" name="const_14">
<pin_list>
<pin id="15" dir="1" index="0" bw="1" slack="2147483647"/>
</pin_list>
<bind>
<StgValue><ssdm name="empty_18"/></StgValue>
</bind>
</comp>

<comp id="16" class="1001" name="const_16">
<pin_list>
<pin id="17" dir="1" index="0" bw="1" slack="2147483647"/>
</pin_list>
<bind>
<StgValue><ssdm name=""/></StgValue>
</bind>
</comp>

<comp id="18" class="1001" name="const_18">
<pin_list>
<pin id="19" dir="1" index="0" bw="1" slack="0"/>
</pin_list>
<bind>
<StgValue><ssdm name=""/></StgValue>
</bind>
</comp>

<comp id="20" class="1001" name="const_20">
<pin_list>
<pin id="21" dir="1" index="0" bw="1" slack="0"/>
</pin_list>
<bind>
<StgValue><ssdm name=""/></StgValue>
</bind>
</comp>

<comp id="22" class="1001" name="const_22">
<pin_list>
<pin id="23" dir="1" index="0" bw="1" slack="0"/>
</pin_list>
<bind>
<StgValue><ssdm name=""/></StgValue>
</bind>
</comp>

<comp id="24" class="1001" name="const_24">
<pin_list>
<pin id="25" dir="1" index="0" bw="1" slack="0"/>
</pin_list>
<bind>
<StgValue><ssdm name=""/></StgValue>
</bind>
</comp>

<comp id="26" class="1001" name="const_26">
<pin_list>
<pin id="27" dir="1" index="0" bw="1" slack="2147483647"/>
</pin_list>
<bind>
<StgValue><ssdm name="_ssdm_op_SpecPipeline"/></StgValue>
</bind>
</comp>

<comp id="28" class="1001" name="const_28">
<pin_list>
<pin id="29" dir="1" index="0" bw="1" slack="2147483647"/>
</pin_list>
<bind>
<StgValue><ssdm name="p_str"/></StgValue>
</bind>
</comp>

<comp id="30" class="1001" name="const_30">
<pin_list>
<pin id="31" dir="1" index="0" bw="1" slack="0"/>
</pin_list>
<bind>
<StgValue><ssdm name=""/></StgValue>
</bind>
</comp>

<comp id="32" class="1001" name="const_32">
<pin_list>
<pin id="33" dir="1" index="0" bw="1" slack="0"/>
</pin_list>
<bind>
<StgValue><ssdm name=""/></StgValue>
</bind>
</comp>

<comp id="34" class="1001" name="const_34">
<pin_list>
<pin id="35" dir="1" index="0" bw="1" slack="0"/>
</pin_list>
<bind>
<StgValue><ssdm name=""/></StgValue>
</bind>
</comp>

<comp id="36" class="1001" name="const_36">
<pin_list>
<pin id="37" dir="1" index="0" bw="1" slack="0"/>
</pin_list>
<bind>
<StgValue><ssdm name=""/></StgValue>
</bind>
</comp>

<comp id="38" class="1001" name="const_38">
<pin_list>
<pin id="39" dir="1" index="0" bw="1" slack="0"/>
</pin_list>
<bind>
<StgValue><ssdm name="_ssdm_op_BitConcatenate.i10.i4.i6"/></StgValue>
</bind>
</comp>

<comp id="40" class="1001" name="const_40">
<pin_list>
<pin id="41" dir="1" index="0" bw="1" slack="0"/>
</pin_list>
<bind>
<StgValue><ssdm name=""/></StgValue>
</bind>
</comp>

<comp id="42" class="1001" name="const_42">
<pin_list>
<pin id="43" dir="1" index="0" bw="1" slack="0"/>
</pin_list>
<bind>
<StgValue><ssdm name=""/></StgValue>
</bind>
</comp>

<comp id="44" class="1001" name="const_44">
<pin_list>
<pin id="45" dir="1" index="0" bw="1" slack="0"/>
</pin_list>
<bind>
<StgValue><ssdm name=""/></StgValue>
</bind>
</comp>

<comp id="46" class="1001" name="const_46">
<pin_list>
<pin id="47" dir="1" index="0" bw="1" slack="0"/>
</pin_list>
<bind>
<StgValue><ssdm name=""/></StgValue>
</bind>
</comp>

<comp id="48" class="1001" name="const_48">
<pin_list>
<pin id="49" dir="1" index="0" bw="1" slack="2147483647"/>
</pin_list>
<bind>
<StgValue><ssdm name="_ssdm_op_SpecLoopName"/></StgValue>
</bind>
</comp>

<comp id="50" class="1001" name="const_50">
<pin_list>
<pin id="51" dir="1" index="0" bw="1" slack="2147483647"/>
</pin_list>
<bind>
<StgValue><ssdm name="VITIS_LOOP_163_1_VITIS_LOOP_164_2_str"/></StgValue>
</bind>
</comp>

<comp id="52" class="1001" name="const_52">
<pin_list>
<pin id="53" dir="1" index="0" bw="1" slack="2147483647"/>
</pin_list>
<bind>
<StgValue><ssdm name="_ssdm_op_SpecLoopTripCount"/></StgValue>
</bind>
</comp>

<comp id="54" class="1001" name="const_54">
<pin_list>
<pin id="55" dir="1" index="0" bw="1" slack="2147483647"/>
</pin_list>
<bind>
<StgValue><ssdm name=""/></StgValue>
</bind>
</comp>

<comp id="56" class="1001" name="const_56">
<pin_list>
<pin id="57" dir="1" index="0" bw="1" slack="2147483647"/>
</pin_list>
<bind>
<StgValue><ssdm name="empty_12"/></StgValue>
</bind>
</comp>

<comp id="58" class="1001" name="const_58">
<pin_list>
<pin id="59" dir="1" index="0" bw="1" slack="0"/>
</pin_list>
<bind>
<StgValue><ssdm name="_ssdm_op_Write.ap_auto.doubleP0A"/></StgValue>
</bind>
</comp>

<comp id="60" class="1004" name="norm_2_fu_60">
<pin_list>
<pin id="61" dir="0" index="0" bw="1" slack="0"/>
<pin id="62" dir="1" index="1" bw="64" slack="0"/>
</pin_list>
<bind>
<opcode="alloca(26) " fcode="alloca"/>
<opset="norm_2/1 "/>
</bind>
</comp>

<comp id="64" class="1004" name="j_fu_64">
<pin_list>
<pin id="65" dir="0" index="0" bw="1" slack="0"/>
<pin id="66" dir="1" index="1" bw="7" slack="0"/>
</pin_list>
<bind>
<opcode="alloca(26) " fcode="alloca"/>
<opset="j/1 "/>
</bind>
</comp>

<comp id="68" class="1004" name="i_fu_68">
<pin_list>
<pin id="69" dir="0" index="0" bw="1" slack="0"/>
<pin id="70" dir="1" index="1" bw="4" slack="0"/>
</pin_list>
<bind>
<opcode="alloca(26) " fcode="alloca"/>
<opset="i/1 "/>
</bind>
</comp>

<comp id="72" class="1004" name="indvar_flatten_fu_72">
<pin_list>
<pin id="73" dir="0" index="0" bw="1" slack="0"/>
<pin id="74" dir="1" index="1" bw="10" slack="0"/>
</pin_list>
<bind>
<opcode="alloca(26) " fcode="alloca"/>
<opset="indvar_flatten/1 "/>
</bind>
</comp>

<comp id="76" class="1004" name="write_ln0_write_fu_76">
<pin_list>
<pin id="77" dir="0" index="0" bw="0" slack="0"/>
<pin id="78" dir="0" index="1" bw="64" slack="0"/>
<pin id="79" dir="0" index="2" bw="64" slack="0"/>
<pin id="80" dir="1" index="3" bw="0" slack="2147483647"/>
</pin_list>
<bind>
<opcode="write(1151) " fcode="write"/>
<opset="write_ln0/18 "/>
</bind>
</comp>

<comp id="83" class="1004" name="d_weights1_addr_gep_fu_83">
<pin_list>
<pin id="84" dir="0" index="0" bw="64" slack="0"/>
<pin id="85" dir="0" index="1" bw="1" slack="0"/>
<pin id="86" dir="0" index="2" bw="10" slack="0"/>
<pin id="87" dir="1" index="3" bw="10" slack="0"/>
</pin_list>
<bind>
<opcode="getelementptr(29) " fcode="getelementptr"/>
<opset="d_weights1_addr/1 "/>
</bind>
</comp>

<comp id="90" class="1004" name="grp_access_fu_90">
<pin_list>
<pin id="91" dir="0" index="0" bw="10" slack="0"/>
<pin id="92" dir="0" index="1" bw="64" slack="2147483647"/>
<pin id="93" dir="0" index="2" bw="0" slack="2147483647"/>
<pin id="94" dir="1" index="3" bw="64" slack="1"/>
</pin_list>
<bind>
<opcode="load(27) " fcode="load"/>
<opset="d_weights1_load/1 "/>
</bind>
</comp>

<comp id="96" class="1004" name="weights1_addr_gep_fu_96">
<pin_list>
<pin id="97" dir="0" index="0" bw="64" slack="0"/>
<pin id="98" dir="0" index="1" bw="1" slack="0"/>
<pin id="99" dir="0" index="2" bw="10" slack="0"/>
<pin id="100" dir="1" index="3" bw="10" slack="4"/>
</pin_list>
<bind>
<opcode="getelementptr(29) " fcode="getelementptr"/>
<opset="weights1_addr/1 "/>
</bind>
</comp>

<comp id="103" class="1004" name="grp_access_fu_103">
<pin_list>
<pin id="104" dir="0" index="0" bw="10" slack="12"/>
<pin id="105" dir="0" index="1" bw="64" slack="0"/>
<pin id="106" dir="0" index="2" bw="0" slack="4"/>
<pin id="108" dir="0" index="4" bw="10" slack="2147483647"/>
<pin id="109" dir="0" index="5" bw="64" slack="2147483647"/>
<pin id="110" dir="0" index="6" bw="0" slack="2147483647"/>
<pin id="107" dir="1" index="3" bw="64" slack="2147483647"/>
<pin id="111" dir="1" index="7" bw="64" slack="2"/>
</pin_list>
<bind>
<opcode="load(27) store(28) " fcode="store"/>
<opset="weights1_load/5 store_ln165/13 "/>
</bind>
</comp>

<comp id="112" class="1004" name="grp_fu_112">
<pin_list>
<pin id="113" dir="0" index="0" bw="64" slack="0"/>
<pin id="114" dir="0" index="1" bw="64" slack="1"/>
<pin id="115" dir="1" index="2" bw="64" slack="0"/>
</pin_list>
<bind>
<opcode="dadd(508) dsub(509) " fcode="dadd"/>
<opset="sub/8 norm/18 "/>
</bind>
</comp>

<comp id="116" class="1004" name="grp_fu_116">
<pin_list>
<pin id="117" dir="0" index="0" bw="64" slack="1"/>
<pin id="118" dir="0" index="1" bw="64" slack="0"/>
<pin id="119" dir="1" index="2" bw="64" slack="1"/>
</pin_list>
<bind>
<opcode="dmul(510) " fcode="dmul"/>
<opset="mul4/3 mul2/13 "/>
</bind>
</comp>

<comp id="121" class="1004" name="store_ln0_store_fu_121">
<pin_list>
<pin id="122" dir="0" index="0" bw="1" slack="0"/>
<pin id="123" dir="0" index="1" bw="10" slack="0"/>
<pin id="124" dir="1" index="2" bw="0" slack="2147483647"/>
</pin_list>
<bind>
<opcode="store(28) " fcode="store"/>
<opset="store_ln0/1 "/>
</bind>
</comp>

<comp id="126" class="1004" name="store_ln0_store_fu_126">
<pin_list>
<pin id="127" dir="0" index="0" bw="1" slack="0"/>
<pin id="128" dir="0" index="1" bw="4" slack="0"/>
<pin id="129" dir="1" index="2" bw="0" slack="2147483647"/>
</pin_list>
<bind>
<opcode="store(28) " fcode="store"/>
<opset="store_ln0/1 "/>
</bind>
</comp>

<comp id="131" class="1004" name="store_ln0_store_fu_131">
<pin_list>
<pin id="132" dir="0" index="0" bw="1" slack="0"/>
<pin id="133" dir="0" index="1" bw="7" slack="0"/>
<pin id="134" dir="1" index="2" bw="0" slack="2147483647"/>
</pin_list>
<bind>
<opcode="store(28) " fcode="store"/>
<opset="store_ln0/1 "/>
</bind>
</comp>

<comp id="136" class="1004" name="store_ln0_store_fu_136">
<pin_list>
<pin id="137" dir="0" index="0" bw="64" slack="0"/>
<pin id="138" dir="0" index="1" bw="64" slack="0"/>
<pin id="139" dir="1" index="2" bw="0" slack="2147483647"/>
</pin_list>
<bind>
<opcode="store(28) " fcode="store"/>
<opset="store_ln0/1 "/>
</bind>
</comp>

<comp id="141" class="1004" name="indvar_flatten_load_load_fu_141">
<pin_list>
<pin id="142" dir="0" index="0" bw="10" slack="0"/>
<pin id="143" dir="1" index="1" bw="10" slack="0"/>
</pin_list>
<bind>
<opcode="load(27) " fcode="load"/>
<opset="indvar_flatten_load/1 "/>
</bind>
</comp>

<comp id="144" class="1004" name="icmp_ln163_fu_144">
<pin_list>
<pin id="145" dir="0" index="0" bw="10" slack="0"/>
<pin id="146" dir="0" index="1" bw="9" slack="0"/>
<pin id="147" dir="1" index="2" bw="1" slack="1"/>
</pin_list>
<bind>
<opcode="icmp(45) " fcode="icmp"/>
<opset="icmp_ln163/1 "/>
</bind>
</comp>

<comp id="150" class="1004" name="add_ln163_fu_150">
<pin_list>
<pin id="151" dir="0" index="0" bw="10" slack="0"/>
<pin id="152" dir="0" index="1" bw="1" slack="0"/>
<pin id="153" dir="1" index="2" bw="10" slack="0"/>
</pin_list>
<bind>
<opcode="add(8) " fcode="add"/>
<opset="add_ln163/1 "/>
</bind>
</comp>

<comp id="156" class="1004" name="j_load_load_fu_156">
<pin_list>
<pin id="157" dir="0" index="0" bw="7" slack="0"/>
<pin id="158" dir="1" index="1" bw="7" slack="0"/>
</pin_list>
<bind>
<opcode="load(27) " fcode="load"/>
<opset="j_load/1 "/>
</bind>
</comp>

<comp id="159" class="1004" name="i_load_load_fu_159">
<pin_list>
<pin id="160" dir="0" index="0" bw="4" slack="0"/>
<pin id="161" dir="1" index="1" bw="4" slack="0"/>
</pin_list>
<bind>
<opcode="load(27) " fcode="load"/>
<opset="i_load/1 "/>
</bind>
</comp>

<comp id="162" class="1004" name="icmp_ln164_fu_162">
<pin_list>
<pin id="163" dir="0" index="0" bw="7" slack="0"/>
<pin id="164" dir="0" index="1" bw="7" slack="0"/>
<pin id="165" dir="1" index="2" bw="1" slack="0"/>
</pin_list>
<bind>
<opcode="icmp(45) " fcode="icmp"/>
<opset="icmp_ln164/1 "/>
</bind>
</comp>

<comp id="168" class="1004" name="select_ln163_fu_168">
<pin_list>
<pin id="169" dir="0" index="0" bw="1" slack="0"/>
<pin id="170" dir="0" index="1" bw="1" slack="0"/>
<pin id="171" dir="0" index="2" bw="7" slack="0"/>
<pin id="172" dir="1" index="3" bw="7" slack="0"/>
</pin_list>
<bind>
<opcode="select(49) " fcode="select"/>
<opset="select_ln163/1 "/>
</bind>
</comp>

<comp id="176" class="1004" name="add_ln163_1_fu_176">
<pin_list>
<pin id="177" dir="0" index="0" bw="4" slack="0"/>
<pin id="178" dir="0" index="1" bw="1" slack="0"/>
<pin id="179" dir="1" index="2" bw="4" slack="0"/>
</pin_list>
<bind>
<opcode="add(8) " fcode="add"/>
<opset="add_ln163_1/1 "/>
</bind>
</comp>

<comp id="182" class="1004" name="select_ln163_1_fu_182">
<pin_list>
<pin id="183" dir="0" index="0" bw="1" slack="0"/>
<pin id="184" dir="0" index="1" bw="4" slack="0"/>
<pin id="185" dir="0" index="2" bw="4" slack="0"/>
<pin id="186" dir="1" index="3" bw="4" slack="0"/>
</pin_list>
<bind>
<opcode="select(49) " fcode="select"/>
<opset="select_ln163_1/1 "/>
</bind>
</comp>

<comp id="190" class="1004" name="p_mid2_fu_190">
<pin_list>
<pin id="191" dir="0" index="0" bw="10" slack="0"/>
<pin id="192" dir="0" index="1" bw="4" slack="0"/>
<pin id="193" dir="0" index="2" bw="1" slack="0"/>
<pin id="194" dir="1" index="3" bw="10" slack="0"/>
</pin_list>
<bind>
<opcode="bitconcatenate(1004) " fcode="bitconcatenate"/>
<opset="p_mid2/1 "/>
</bind>
</comp>

<comp id="198" class="1004" name="j_cast_fu_198">
<pin_list>
<pin id="199" dir="0" index="0" bw="7" slack="0"/>
<pin id="200" dir="1" index="1" bw="10" slack="0"/>
</pin_list>
<bind>
<opcode="zext(34) " fcode="zext"/>
<opset="j_cast/1 "/>
</bind>
</comp>

<comp id="202" class="1004" name="add_ln165_fu_202">
<pin_list>
<pin id="203" dir="0" index="0" bw="7" slack="0"/>
<pin id="204" dir="0" index="1" bw="10" slack="0"/>
<pin id="205" dir="1" index="2" bw="10" slack="0"/>
</pin_list>
<bind>
<opcode="add(8) " fcode="add"/>
<opset="add_ln165/1 "/>
</bind>
</comp>

<comp id="208" class="1004" name="zext_ln165_fu_208">
<pin_list>
<pin id="209" dir="0" index="0" bw="10" slack="0"/>
<pin id="210" dir="1" index="1" bw="64" slack="0"/>
</pin_list>
<bind>
<opcode="zext(34) " fcode="zext"/>
<opset="zext_ln165/1 "/>
</bind>
</comp>

<comp id="214" class="1004" name="add_ln164_fu_214">
<pin_list>
<pin id="215" dir="0" index="0" bw="7" slack="0"/>
<pin id="216" dir="0" index="1" bw="1" slack="0"/>
<pin id="217" dir="1" index="2" bw="7" slack="0"/>
</pin_list>
<bind>
<opcode="add(8) " fcode="add"/>
<opset="add_ln164/1 "/>
</bind>
</comp>

<comp id="220" class="1004" name="store_ln164_store_fu_220">
<pin_list>
<pin id="221" dir="0" index="0" bw="10" slack="0"/>
<pin id="222" dir="0" index="1" bw="10" slack="0"/>
<pin id="223" dir="1" index="2" bw="0" slack="2147483647"/>
</pin_list>
<bind>
<opcode="store(28) " fcode="store"/>
<opset="store_ln164/1 "/>
</bind>
</comp>

<comp id="225" class="1004" name="store_ln164_store_fu_225">
<pin_list>
<pin id="226" dir="0" index="0" bw="4" slack="0"/>
<pin id="227" dir="0" index="1" bw="4" slack="0"/>
<pin id="228" dir="1" index="2" bw="0" slack="2147483647"/>
</pin_list>
<bind>
<opcode="store(28) " fcode="store"/>
<opset="store_ln164/1 "/>
</bind>
</comp>

<comp id="230" class="1004" name="store_ln164_store_fu_230">
<pin_list>
<pin id="231" dir="0" index="0" bw="7" slack="0"/>
<pin id="232" dir="0" index="1" bw="7" slack="0"/>
<pin id="233" dir="1" index="2" bw="0" slack="2147483647"/>
</pin_list>
<bind>
<opcode="store(28) " fcode="store"/>
<opset="store_ln164/1 "/>
</bind>
</comp>

<comp id="235" class="1004" name="bitcast_ln165_fu_235">
<pin_list>
<pin id="236" dir="0" index="0" bw="64" slack="2"/>
<pin id="237" dir="1" index="1" bw="64" slack="0"/>
</pin_list>
<bind>
<opcode="bitcast(44) " fcode="bitcast"/>
<opset="bitcast_ln165/8 "/>
</bind>
</comp>

<comp id="239" class="1004" name="bitcast_ln165_1_fu_239">
<pin_list>
<pin id="240" dir="0" index="0" bw="64" slack="1"/>
<pin id="241" dir="1" index="1" bw="64" slack="0"/>
</pin_list>
<bind>
<opcode="bitcast(44) " fcode="bitcast"/>
<opset="bitcast_ln165_1/13 "/>
</bind>
</comp>

<comp id="243" class="1004" name="norm_2_load_load_fu_243">
<pin_list>
<pin id="244" dir="0" index="0" bw="64" slack="17"/>
<pin id="245" dir="1" index="1" bw="64" slack="0"/>
</pin_list>
<bind>
<opcode="load(27) " fcode="load"/>
<opset="norm_2_load/18 "/>
</bind>
</comp>

<comp id="247" class="1004" name="store_ln164_store_fu_247">
<pin_list>
<pin id="248" dir="0" index="0" bw="64" slack="0"/>
<pin id="249" dir="0" index="1" bw="64" slack="21"/>
<pin id="250" dir="1" index="2" bw="0" slack="2147483647"/>
</pin_list>
<bind>
<opcode="store(28) " fcode="store"/>
<opset="store_ln164/22 "/>
</bind>
</comp>

<comp id="252" class="1004" name="norm_2_load_1_load_fu_252">
<pin_list>
<pin id="253" dir="0" index="0" bw="64" slack="17"/>
<pin id="254" dir="1" index="1" bw="64" slack="0"/>
</pin_list>
<bind>
<opcode="load(27) " fcode="load"/>
<opset="norm_2_load_1/18 "/>
</bind>
</comp>

<comp id="256" class="1005" name="norm_2_reg_256">
<pin_list>
<pin id="257" dir="0" index="0" bw="64" slack="0"/>
<pin id="258" dir="1" index="1" bw="64" slack="0"/>
</pin_list>
<bind>
<opset="norm_2 "/>
</bind>
</comp>

<comp id="264" class="1005" name="j_reg_264">
<pin_list>
<pin id="265" dir="0" index="0" bw="7" slack="0"/>
<pin id="266" dir="1" index="1" bw="7" slack="0"/>
</pin_list>
<bind>
<opset="j "/>
</bind>
</comp>

<comp id="271" class="1005" name="i_reg_271">
<pin_list>
<pin id="272" dir="0" index="0" bw="4" slack="0"/>
<pin id="273" dir="1" index="1" bw="4" slack="0"/>
</pin_list>
<bind>
<opset="i "/>
</bind>
</comp>

<comp id="278" class="1005" name="indvar_flatten_reg_278">
<pin_list>
<pin id="279" dir="0" index="0" bw="10" slack="0"/>
<pin id="280" dir="1" index="1" bw="10" slack="0"/>
</pin_list>
<bind>
<opset="indvar_flatten "/>
</bind>
</comp>

<comp id="285" class="1005" name="icmp_ln163_reg_285">
<pin_list>
<pin id="286" dir="0" index="0" bw="1" slack="1"/>
<pin id="287" dir="1" index="1" bw="1" slack="2147483647"/>
</pin_list>
<bind>
<opset="icmp_ln163 "/>
</bind>
</comp>

<comp id="289" class="1005" name="d_weights1_addr_reg_289">
<pin_list>
<pin id="290" dir="0" index="0" bw="10" slack="1"/>
<pin id="291" dir="1" index="1" bw="10" slack="1"/>
</pin_list>
<bind>
<opset="d_weights1_addr "/>
</bind>
</comp>

<comp id="294" class="1005" name="weights1_addr_reg_294">
<pin_list>
<pin id="295" dir="0" index="0" bw="10" slack="4"/>
<pin id="296" dir="1" index="1" bw="10" slack="4"/>
</pin_list>
<bind>
<opset="weights1_addr "/>
</bind>
</comp>

<comp id="300" class="1005" name="d_weights1_load_reg_300">
<pin_list>
<pin id="301" dir="0" index="0" bw="64" slack="1"/>
<pin id="302" dir="1" index="1" bw="64" slack="1"/>
</pin_list>
<bind>
<opset="d_weights1_load "/>
</bind>
</comp>

<comp id="305" class="1005" name="weights1_load_reg_305">
<pin_list>
<pin id="306" dir="0" index="0" bw="64" slack="2"/>
<pin id="307" dir="1" index="1" bw="64" slack="2"/>
</pin_list>
<bind>
<opset="weights1_load "/>
</bind>
</comp>

<comp id="310" class="1005" name="mul4_reg_310">
<pin_list>
<pin id="311" dir="0" index="0" bw="64" slack="1"/>
<pin id="312" dir="1" index="1" bw="64" slack="1"/>
</pin_list>
<bind>
<opset="mul4 "/>
</bind>
</comp>

<comp id="315" class="1005" name="bitcast_ln165_reg_315">
<pin_list>
<pin id="316" dir="0" index="0" bw="64" slack="1"/>
<pin id="317" dir="1" index="1" bw="64" slack="1"/>
</pin_list>
<bind>
<opset="bitcast_ln165 "/>
</bind>
</comp>

<comp id="320" class="1005" name="sub_reg_320">
<pin_list>
<pin id="321" dir="0" index="0" bw="64" slack="1"/>
<pin id="322" dir="1" index="1" bw="64" slack="1"/>
</pin_list>
<bind>
<opset="sub "/>
</bind>
</comp>

<comp id="327" class="1005" name="mul2_reg_327">
<pin_list>
<pin id="328" dir="0" index="0" bw="64" slack="1"/>
<pin id="329" dir="1" index="1" bw="64" slack="1"/>
</pin_list>
<bind>
<opset="mul2 "/>
</bind>
</comp>

<comp id="332" class="1005" name="norm_2_load_reg_332">
<pin_list>
<pin id="333" dir="0" index="0" bw="64" slack="1"/>
<pin id="334" dir="1" index="1" bw="64" slack="1"/>
</pin_list>
<bind>
<opset="norm_2_load "/>
</bind>
</comp>

</comp_list>

<net_list>
<net id="63"><net_src comp="6" pin="0"/><net_sink comp="60" pin=0"/></net>

<net id="67"><net_src comp="6" pin="0"/><net_sink comp="64" pin=0"/></net>

<net id="71"><net_src comp="6" pin="0"/><net_sink comp="68" pin=0"/></net>

<net id="75"><net_src comp="6" pin="0"/><net_sink comp="72" pin=0"/></net>

<net id="81"><net_src comp="58" pin="0"/><net_sink comp="76" pin=0"/></net>

<net id="82"><net_src comp="4" pin="0"/><net_sink comp="76" pin=1"/></net>

<net id="88"><net_src comp="0" pin="0"/><net_sink comp="83" pin=0"/></net>

<net id="89"><net_src comp="42" pin="0"/><net_sink comp="83" pin=1"/></net>

<net id="95"><net_src comp="83" pin="3"/><net_sink comp="90" pin=0"/></net>

<net id="101"><net_src comp="2" pin="0"/><net_sink comp="96" pin=0"/></net>

<net id="102"><net_src comp="42" pin="0"/><net_sink comp="96" pin=1"/></net>

<net id="120"><net_src comp="46" pin="0"/><net_sink comp="116" pin=1"/></net>

<net id="125"><net_src comp="18" pin="0"/><net_sink comp="121" pin=0"/></net>

<net id="130"><net_src comp="20" pin="0"/><net_sink comp="126" pin=0"/></net>

<net id="135"><net_src comp="22" pin="0"/><net_sink comp="131" pin=0"/></net>

<net id="140"><net_src comp="24" pin="0"/><net_sink comp="136" pin=0"/></net>

<net id="148"><net_src comp="141" pin="1"/><net_sink comp="144" pin=0"/></net>

<net id="149"><net_src comp="30" pin="0"/><net_sink comp="144" pin=1"/></net>

<net id="154"><net_src comp="141" pin="1"/><net_sink comp="150" pin=0"/></net>

<net id="155"><net_src comp="32" pin="0"/><net_sink comp="150" pin=1"/></net>

<net id="166"><net_src comp="156" pin="1"/><net_sink comp="162" pin=0"/></net>

<net id="167"><net_src comp="34" pin="0"/><net_sink comp="162" pin=1"/></net>

<net id="173"><net_src comp="162" pin="2"/><net_sink comp="168" pin=0"/></net>

<net id="174"><net_src comp="22" pin="0"/><net_sink comp="168" pin=1"/></net>

<net id="175"><net_src comp="156" pin="1"/><net_sink comp="168" pin=2"/></net>

<net id="180"><net_src comp="159" pin="1"/><net_sink comp="176" pin=0"/></net>

<net id="181"><net_src comp="36" pin="0"/><net_sink comp="176" pin=1"/></net>

<net id="187"><net_src comp="162" pin="2"/><net_sink comp="182" pin=0"/></net>

<net id="188"><net_src comp="176" pin="2"/><net_sink comp="182" pin=1"/></net>

<net id="189"><net_src comp="159" pin="1"/><net_sink comp="182" pin=2"/></net>

<net id="195"><net_src comp="38" pin="0"/><net_sink comp="190" pin=0"/></net>

<net id="196"><net_src comp="182" pin="3"/><net_sink comp="190" pin=1"/></net>

<net id="197"><net_src comp="40" pin="0"/><net_sink comp="190" pin=2"/></net>

<net id="201"><net_src comp="168" pin="3"/><net_sink comp="198" pin=0"/></net>

<net id="206"><net_src comp="198" pin="1"/><net_sink comp="202" pin=0"/></net>

<net id="207"><net_src comp="190" pin="3"/><net_sink comp="202" pin=1"/></net>

<net id="211"><net_src comp="202" pin="2"/><net_sink comp="208" pin=0"/></net>

<net id="212"><net_src comp="208" pin="1"/><net_sink comp="83" pin=2"/></net>

<net id="213"><net_src comp="208" pin="1"/><net_sink comp="96" pin=2"/></net>

<net id="218"><net_src comp="168" pin="3"/><net_sink comp="214" pin=0"/></net>

<net id="219"><net_src comp="44" pin="0"/><net_sink comp="214" pin=1"/></net>

<net id="224"><net_src comp="150" pin="2"/><net_sink comp="220" pin=0"/></net>

<net id="229"><net_src comp="182" pin="3"/><net_sink comp="225" pin=0"/></net>

<net id="234"><net_src comp="214" pin="2"/><net_sink comp="230" pin=0"/></net>

<net id="238"><net_src comp="235" pin="1"/><net_sink comp="112" pin=0"/></net>

<net id="242"><net_src comp="239" pin="1"/><net_sink comp="103" pin=1"/></net>

<net id="246"><net_src comp="243" pin="1"/><net_sink comp="112" pin=0"/></net>

<net id="251"><net_src comp="112" pin="2"/><net_sink comp="247" pin=0"/></net>

<net id="255"><net_src comp="252" pin="1"/><net_sink comp="76" pin=2"/></net>

<net id="259"><net_src comp="60" pin="1"/><net_sink comp="256" pin=0"/></net>

<net id="260"><net_src comp="256" pin="1"/><net_sink comp="136" pin=1"/></net>

<net id="261"><net_src comp="256" pin="1"/><net_sink comp="243" pin=0"/></net>

<net id="262"><net_src comp="256" pin="1"/><net_sink comp="247" pin=1"/></net>

<net id="263"><net_src comp="256" pin="1"/><net_sink comp="252" pin=0"/></net>

<net id="267"><net_src comp="64" pin="1"/><net_sink comp="264" pin=0"/></net>

<net id="268"><net_src comp="264" pin="1"/><net_sink comp="131" pin=1"/></net>

<net id="269"><net_src comp="264" pin="1"/><net_sink comp="156" pin=0"/></net>

<net id="270"><net_src comp="264" pin="1"/><net_sink comp="230" pin=1"/></net>

<net id="274"><net_src comp="68" pin="1"/><net_sink comp="271" pin=0"/></net>

<net id="275"><net_src comp="271" pin="1"/><net_sink comp="126" pin=1"/></net>

<net id="276"><net_src comp="271" pin="1"/><net_sink comp="159" pin=0"/></net>

<net id="277"><net_src comp="271" pin="1"/><net_sink comp="225" pin=1"/></net>

<net id="281"><net_src comp="72" pin="1"/><net_sink comp="278" pin=0"/></net>

<net id="282"><net_src comp="278" pin="1"/><net_sink comp="121" pin=1"/></net>

<net id="283"><net_src comp="278" pin="1"/><net_sink comp="141" pin=0"/></net>

<net id="284"><net_src comp="278" pin="1"/><net_sink comp="220" pin=1"/></net>

<net id="288"><net_src comp="144" pin="2"/><net_sink comp="285" pin=0"/></net>

<net id="292"><net_src comp="83" pin="3"/><net_sink comp="289" pin=0"/></net>

<net id="293"><net_src comp="289" pin="1"/><net_sink comp="90" pin=0"/></net>

<net id="297"><net_src comp="96" pin="3"/><net_sink comp="294" pin=0"/></net>

<net id="298"><net_src comp="294" pin="1"/><net_sink comp="103" pin=2"/></net>

<net id="299"><net_src comp="294" pin="1"/><net_sink comp="103" pin=0"/></net>

<net id="303"><net_src comp="90" pin="3"/><net_sink comp="300" pin=0"/></net>

<net id="304"><net_src comp="300" pin="1"/><net_sink comp="116" pin=0"/></net>

<net id="308"><net_src comp="103" pin="7"/><net_sink comp="305" pin=0"/></net>

<net id="309"><net_src comp="305" pin="1"/><net_sink comp="235" pin=0"/></net>

<net id="313"><net_src comp="116" pin="2"/><net_sink comp="310" pin=0"/></net>

<net id="314"><net_src comp="310" pin="1"/><net_sink comp="112" pin=1"/></net>

<net id="318"><net_src comp="235" pin="1"/><net_sink comp="315" pin=0"/></net>

<net id="319"><net_src comp="315" pin="1"/><net_sink comp="112" pin=0"/></net>

<net id="323"><net_src comp="112" pin="2"/><net_sink comp="320" pin=0"/></net>

<net id="324"><net_src comp="320" pin="1"/><net_sink comp="239" pin=0"/></net>

<net id="325"><net_src comp="320" pin="1"/><net_sink comp="116" pin=0"/></net>

<net id="326"><net_src comp="320" pin="1"/><net_sink comp="116" pin=1"/></net>

<net id="330"><net_src comp="116" pin="2"/><net_sink comp="327" pin=0"/></net>

<net id="331"><net_src comp="327" pin="1"/><net_sink comp="112" pin=1"/></net>

<net id="335"><net_src comp="243" pin="1"/><net_sink comp="332" pin=0"/></net>

<net id="336"><net_src comp="332" pin="1"/><net_sink comp="112" pin=0"/></net>

</net_list>

</model> 
---------------- Datapath Model END ------------------

* FSMD analyzer results:
  - Output states:
	Port: weights1 | {13 }
	Port: norm_2_out | {18 }
 - Input state : 
	Port: update_weights.1_Pipeline_VITIS_LOOP_163_1_VITIS_LOOP_164_2 : d_weights1 | {1 2 }
	Port: update_weights.1_Pipeline_VITIS_LOOP_163_1_VITIS_LOOP_164_2 : weights1 | {5 6 }
  - Chain level:
	State 1
		store_ln0 : 1
		store_ln0 : 1
		store_ln0 : 1
		store_ln0 : 1
		indvar_flatten_load : 1
		icmp_ln163 : 2
		add_ln163 : 2
		br_ln163 : 3
		j_load : 1
		i_load : 1
		icmp_ln164 : 2
		select_ln163 : 3
		add_ln163_1 : 2
		select_ln163_1 : 3
		p_mid2 : 4
		j_cast : 4
		add_ln165 : 5
		zext_ln165 : 6
		d_weights1_addr : 7
		d_weights1_load : 8
		weights1_addr : 7
		add_ln164 : 4
		store_ln164 : 3
		store_ln164 : 4
		store_ln164 : 5
	State 2
	State 3
	State 4
	State 5
	State 6
	State 7
	State 8
		sub : 1
	State 9
	State 10
	State 11
	State 12
	State 13
		store_ln165 : 1
	State 14
	State 15
	State 16
	State 17
	State 18
		norm : 1
		write_ln0 : 1
	State 19
	State 20
	State 21
	State 22
		store_ln164 : 1


============================================================
+ Verbose Summary: Datapath Resource usage 
============================================================

* Functional unit list:
|----------|-----------------------|---------|---------|---------|
| Operation|    Functional Unit    |   DSP   |    FF   |   LUT   |
|----------|-----------------------|---------|---------|---------|
|   dadd   |       grp_fu_112      |    3    |   445   |   782   |
|----------|-----------------------|---------|---------|---------|
|   dmul   |       grp_fu_116      |    11   |   299   |   203   |
|----------|-----------------------|---------|---------|---------|
|          |    add_ln163_fu_150   |    0    |    0    |    17   |
|    add   |   add_ln163_1_fu_176  |    0    |    0    |    13   |
|          |    add_ln165_fu_202   |    0    |    0    |    17   |
|          |    add_ln164_fu_214   |    0    |    0    |    14   |
|----------|-----------------------|---------|---------|---------|
|   icmp   |   icmp_ln163_fu_144   |    0    |    0    |    11   |
|          |   icmp_ln164_fu_162   |    0    |    0    |    10   |
|----------|-----------------------|---------|---------|---------|
|  select  |  select_ln163_fu_168  |    0    |    0    |    7    |
|          | select_ln163_1_fu_182 |    0    |    0    |    4    |
|----------|-----------------------|---------|---------|---------|
|   write  | write_ln0_write_fu_76 |    0    |    0    |    0    |
|----------|-----------------------|---------|---------|---------|
|bitconcatenate|     p_mid2_fu_190     |    0    |    0    |    0    |
|----------|-----------------------|---------|---------|---------|
|   zext   |     j_cast_fu_198     |    0    |    0    |    0    |
|          |   zext_ln165_fu_208   |    0    |    0    |    0    |
|----------|-----------------------|---------|---------|---------|
|   Total  |                       |    14   |   744   |   1078  |
|----------|-----------------------|---------|---------|---------|

Memories:
N/A

* Register list:
+-----------------------+--------+
|                       |   FF   |
+-----------------------+--------+
| bitcast_ln165_reg_315 |   64   |
|d_weights1_addr_reg_289|   10   |
|d_weights1_load_reg_300|   64   |
|       i_reg_271       |    4   |
|   icmp_ln163_reg_285  |    1   |
| indvar_flatten_reg_278|   10   |
|       j_reg_264       |    7   |
|      mul2_reg_327     |   64   |
|      mul4_reg_310     |   64   |
|  norm_2_load_reg_332  |   64   |
|     norm_2_reg_256    |   64   |
|      sub_reg_320      |   64   |
| weights1_addr_reg_294 |   10   |
| weights1_load_reg_305 |   64   |
+-----------------------+--------+
|         Total         |   554  |
+-----------------------+--------+

* Multiplexer (MUX) list: 
|------------------|------|------|------|--------||---------||---------|
|       Comp       |  Pin | Size |  BW  | S x BW ||  Delay  ||   LUT   |
|------------------|------|------|------|--------||---------||---------|
| grp_access_fu_90 |  p0  |   2  |  10  |   20   ||    9    |
|    grp_fu_112    |  p0  |   4  |  64  |   256  ||    17   |
|    grp_fu_112    |  p1  |   2  |  64  |   128  ||    9    |
|    grp_fu_116    |  p0  |   2  |  64  |   128  ||    9    |
|    grp_fu_116    |  p1  |   2  |  64  |   128  ||    9    |
|------------------|------|------|------|--------||---------||---------|
|       Total      |      |      |      |   660  || 4.24829 ||    53   |
|------------------|------|------|------|--------||---------||---------|



* Summary:
+-----------+--------+--------+--------+--------+
|           |   DSP  |  Delay |   FF   |   LUT  |
+-----------+--------+--------+--------+--------+
|  Function |   14   |    -   |   744  |  1078  |
|   Memory  |    -   |    -   |    -   |    -   |
|Multiplexer|    -   |    4   |    -   |   53   |
|  Register |    -   |    -   |   554  |    -   |
+-----------+--------+--------+--------+--------+
|   Total   |   14   |    4   |  1298  |  1131  |
+-----------+--------+--------+--------+--------+
