

================================================================
== Vitis HLS Report for 'update_weights_1_Pipeline_VITIS_LOOP_189_7_VITIS_LOOP_190_8'
================================================================
* Date:           Wed Dec 20 21:42:40 2023

* Version:        2022.1 (Build 3526262 on Mon Apr 18 15:47:01 MDT 2022)
* Project:        backprop_syn
* Solution:       solution (Vivado IP Flow Target)
* Product family: virtex7
* Target device:  xc7v585t-ffg1761-2


================================================================
== Performance Estimates
================================================================
+ Timing: 
    * Summary: 
    +--------+----------+----------+------------+
    |  Clock |  Target  | Estimated| Uncertainty|
    +--------+----------+----------+------------+
    |ap_clk  |  10.00 ns|  7.148 ns|     2.70 ns|
    +--------+----------+----------+------------+

+ Latency: 
    * Summary: 
    +---------+---------+----------+----------+-------+-------+---------+
    |  Latency (cycles) |  Latency (absolute) |    Interval   | Pipeline|
    |   min   |   max   |    min   |    max   |  min  |  max  |   Type  |
    +---------+---------+----------+----------+-------+-------+---------+
    |    16403|    16403|  0.164 ms|  0.164 ms|  16403|  16403|       no|
    +---------+---------+----------+----------+-------+-------+---------+

    + Detail: 
        * Instance: 
        N/A

        * Loop: 
        +-------------------------------------+---------+---------+----------+-----------+-----------+------+----------+
        |                                     |  Latency (cycles) | Iteration|  Initiation Interval  | Trip |          |
        |              Loop Name              |   min   |   max   |  Latency |  achieved |   target  | Count| Pipelined|
        +-------------------------------------+---------+---------+----------+-----------+-----------+------+----------+
        |- VITIS_LOOP_189_7_VITIS_LOOP_190_8  |    16401|    16401|        22|          4|          1|  4096|       yes|
        +-------------------------------------+---------+---------+----------+-----------+-----------+------+----------+

============================================================
+ Verbose Summary: Synthesis Manager
============================================================
InlineROM: 1
ExposeGlobal: 0
============================================================
+ Verbose Summary: CDFG Model
============================================================
IsTopModel: 0
ResetActiveHigh: 1
IsCombinational: 0
IsDatapathOnly: 0
HasWiredReturn: 1
HasMFsm: 2
HasVarLatency: 1
IsPipeline: 0
IsRtlPipelined: 0
IsInstanceOverlapped: 0
IsDontTouch: 0
HasImplIP: 0
IsGatedGlobalClock: 0

+ Individual pipeline summary: 
  * Pipeline-0: initiation interval (II) = 4, depth = 22


============================================================
+ Verbose Summary: Schedule
============================================================
* Number of FSM states : 22
* Pipeline : 1
  Pipeline-0 : II = 4, D = 22, States = { 1 2 3 4 5 6 7 8 9 10 11 12 13 14 15 16 17 18 19 20 21 22 }
* Dataflow Pipeline: 0

* FSM state transitions: 
1 --> 2 
2 --> 3 
3 --> 4 
4 --> 5 
5 --> 6 
6 --> 7 
7 --> 8 
8 --> 9 
9 --> 10 
10 --> 11 
11 --> 12 
12 --> 13 
13 --> 14 
14 --> 15 
15 --> 16 
16 --> 17 
17 --> 18 
18 --> 19 
19 --> 20 
20 --> 21 
21 --> 22 
22 --> 

* FSM state operations: 

State 1 <SV = 0> <Delay = 5.38>
ST_1 : Operation 25 [1/1] (0.00ns)   --->   "%norm = alloca i32 1"   --->   Operation 25 'alloca' 'norm' <Predicate = true> <Delay = 0.00>
ST_1 : Operation 26 [1/1] (0.00ns)   --->   "%j = alloca i32 1"   --->   Operation 26 'alloca' 'j' <Predicate = true> <Delay = 0.00>
ST_1 : Operation 27 [1/1] (0.00ns)   --->   "%i_4 = alloca i32 1"   --->   Operation 27 'alloca' 'i_4' <Predicate = true> <Delay = 0.00>
ST_1 : Operation 28 [1/1] (0.00ns)   --->   "%indvar_flatten16 = alloca i32 1"   --->   Operation 28 'alloca' 'indvar_flatten16' <Predicate = true> <Delay = 0.00>
ST_1 : Operation 29 [1/1] (0.00ns)   --->   "%specinterface_ln0 = specinterface void @_ssdm_op_SpecInterface, i64 %weights2, void @empty_17, i32 0, i32 0, void @empty_18, i32 4294967295, i32 0, void @empty_18, void @empty_18, void @empty_18, i32 0, i32 0, i32 0, i32 0, void @empty_18, void @empty_18, i32 4294967295, i32 0"   --->   Operation 29 'specinterface' 'specinterface_ln0' <Predicate = true> <Delay = 0.00>
ST_1 : Operation 30 [1/1] (0.84ns)   --->   "%store_ln0 = store i13 0, i13 %indvar_flatten16"   --->   Operation 30 'store' 'store_ln0' <Predicate = true> <Delay = 0.84>
ST_1 : Operation 31 [1/1] (0.84ns)   --->   "%store_ln0 = store i7 0, i7 %i_4"   --->   Operation 31 'store' 'store_ln0' <Predicate = true> <Delay = 0.84>
ST_1 : Operation 32 [1/1] (0.84ns)   --->   "%store_ln0 = store i7 0, i7 %j"   --->   Operation 32 'store' 'store_ln0' <Predicate = true> <Delay = 0.84>
ST_1 : Operation 33 [1/1] (0.84ns)   --->   "%store_ln0 = store i64 0, i64 %norm"   --->   Operation 33 'store' 'store_ln0' <Predicate = true> <Delay = 0.84>
ST_1 : Operation 34 [1/1] (0.00ns)   --->   "%br_ln0 = br void %for.inc97"   --->   Operation 34 'br' 'br_ln0' <Predicate = true> <Delay = 0.00>
ST_1 : Operation 35 [1/1] (0.00ns)   --->   "%indvar_flatten16_load = load i13 %indvar_flatten16" [backprop.c:189]   --->   Operation 35 'load' 'indvar_flatten16_load' <Predicate = true> <Delay = 0.00>
ST_1 : Operation 36 [1/1] (0.00ns)   --->   "%specpipeline_ln0 = specpipeline void @_ssdm_op_SpecPipeline, i32 4294967295, i32 0, i32 1, i32 0, void @p_str"   --->   Operation 36 'specpipeline' 'specpipeline_ln0' <Predicate = true> <Delay = 0.00>
ST_1 : Operation 37 [1/1] (1.06ns)   --->   "%icmp_ln189 = icmp_eq  i13 %indvar_flatten16_load, i13 4096" [backprop.c:189]   --->   Operation 37 'icmp' 'icmp_ln189' <Predicate = true> <Delay = 1.06> <CoreInst = "Cmp">   --->   Core 9 'Cmp' <Latency = 0> <II = 1> <Delay = 1.06> <FuncUnit> <Opcode : 'icmp'> <InPorts = 2> <OutPorts = 1>
ST_1 : Operation 38 [1/1] (1.32ns)   --->   "%add_ln189 = add i13 %indvar_flatten16_load, i13 1" [backprop.c:189]   --->   Operation 38 'add' 'add_ln189' <Predicate = true> <Delay = 1.32> <CoreInst = "Adder">   --->   Core 1 'Adder' <Latency = 0> <II = 1> <Delay = 1.32> <FuncUnit> <Opcode : 'add' 'sub'> <InPorts = 2> <OutPorts = 1>
ST_1 : Operation 39 [1/1] (0.00ns)   --->   "%br_ln189 = br i1 %icmp_ln189, void %for.inc100, void %for.inc118.preheader.exitStub" [backprop.c:189]   --->   Operation 39 'br' 'br_ln189' <Predicate = true> <Delay = 0.00>
ST_1 : Operation 40 [1/1] (0.00ns)   --->   "%j_load = load i7 %j" [backprop.c:190]   --->   Operation 40 'load' 'j_load' <Predicate = (!icmp_ln189)> <Delay = 0.00>
ST_1 : Operation 41 [1/1] (0.00ns)   --->   "%i_4_load = load i7 %i_4" [backprop.c:189]   --->   Operation 41 'load' 'i_4_load' <Predicate = (!icmp_ln189)> <Delay = 0.00>
ST_1 : Operation 42 [1/1] (0.86ns)   --->   "%icmp_ln190 = icmp_eq  i7 %j_load, i7 64" [backprop.c:190]   --->   Operation 42 'icmp' 'icmp_ln190' <Predicate = (!icmp_ln189)> <Delay = 0.86> <CoreInst = "Cmp">   --->   Core 9 'Cmp' <Latency = 0> <II = 1> <Delay = 0.86> <FuncUnit> <Opcode : 'icmp'> <InPorts = 2> <OutPorts = 1>
ST_1 : Operation 43 [1/1] (0.51ns)   --->   "%select_ln189 = select i1 %icmp_ln190, i7 0, i7 %j_load" [backprop.c:189]   --->   Operation 43 'select' 'select_ln189' <Predicate = (!icmp_ln189)> <Delay = 0.51> <CoreInst = "Sel">   --->   Core 73 'Sel' <Latency = 0> <II = 1> <Delay = 0.51> <FuncUnit> <Opcode : 'select'> <InPorts = 3> <OutPorts = 1>
ST_1 : Operation 44 [1/1] (1.27ns)   --->   "%add_ln189_1 = add i7 %i_4_load, i7 1" [backprop.c:189]   --->   Operation 44 'add' 'add_ln189_1' <Predicate = (!icmp_ln189)> <Delay = 1.27> <CoreInst = "Adder">   --->   Core 1 'Adder' <Latency = 0> <II = 1> <Delay = 1.27> <FuncUnit> <Opcode : 'add' 'sub'> <InPorts = 2> <OutPorts = 1>
ST_1 : Operation 45 [1/1] (0.51ns)   --->   "%select_ln189_1 = select i1 %icmp_ln190, i7 %add_ln189_1, i7 %i_4_load" [backprop.c:189]   --->   Operation 45 'select' 'select_ln189_1' <Predicate = (!icmp_ln189)> <Delay = 0.51> <CoreInst = "Sel">   --->   Core 73 'Sel' <Latency = 0> <II = 1> <Delay = 0.51> <FuncUnit> <Opcode : 'select'> <InPorts = 3> <OutPorts = 1>
ST_1 : Operation 46 [1/1] (0.00ns)   --->   "%trunc_ln189 = trunc i7 %select_ln189_1" [backprop.c:189]   --->   Operation 46 'trunc' 'trunc_ln189' <Predicate = (!icmp_ln189)> <Delay = 0.00>
ST_1 : Operation 47 [1/1] (0.00ns)   --->   "%p_mid = bitconcatenate i12 @_ssdm_op_BitConcatenate.i12.i6.i6, i6 %trunc_ln189, i6 0" [backprop.c:189]   --->   Operation 47 'bitconcatenate' 'p_mid' <Predicate = (!icmp_ln189)> <Delay = 0.00>
ST_1 : Operation 48 [1/1] (0.00ns)   --->   "%j_2_cast = zext i7 %select_ln189" [backprop.c:189]   --->   Operation 48 'zext' 'j_2_cast' <Predicate = (!icmp_ln189)> <Delay = 0.00>
ST_1 : Operation 49 [1/1] (1.33ns)   --->   "%add_ln191 = add i12 %j_2_cast, i12 %p_mid" [backprop.c:191]   --->   Operation 49 'add' 'add_ln191' <Predicate = (!icmp_ln189)> <Delay = 1.33> <CoreInst = "Adder">   --->   Core 1 'Adder' <Latency = 0> <II = 1> <Delay = 1.33> <FuncUnit> <Opcode : 'add' 'sub'> <InPorts = 2> <OutPorts = 1>
ST_1 : Operation 50 [1/1] (0.00ns)   --->   "%zext_ln191 = zext i12 %add_ln191" [backprop.c:191]   --->   Operation 50 'zext' 'zext_ln191' <Predicate = (!icmp_ln189)> <Delay = 0.00>
ST_1 : Operation 51 [1/1] (0.00ns)   --->   "%d_weights2_addr = getelementptr i64 %d_weights2, i64 0, i64 %zext_ln191" [backprop.c:191]   --->   Operation 51 'getelementptr' 'd_weights2_addr' <Predicate = (!icmp_ln189)> <Delay = 0.00>
ST_1 : Operation 52 [2/2] (2.26ns)   --->   "%d_weights2_load = load i12 %d_weights2_addr" [backprop.c:191]   --->   Operation 52 'load' 'd_weights2_load' <Predicate = (!icmp_ln189)> <Delay = 2.26> <CoreInst = "RAM">   --->   Core 82 'RAM' <Latency = 1> <II = 1> <Delay = 2.26> <Storage> <Opcode : 'load' 'store'> <Ports = 2> <Width = 64> <Depth = 4096> <RAM>
ST_1 : Operation 53 [1/1] (0.00ns)   --->   "%weights2_addr = getelementptr i64 %weights2, i64 0, i64 %zext_ln191" [backprop.c:191]   --->   Operation 53 'getelementptr' 'weights2_addr' <Predicate = (!icmp_ln189)> <Delay = 0.00>
ST_1 : Operation 54 [1/1] (1.27ns)   --->   "%add_ln190 = add i7 %select_ln189, i7 1" [backprop.c:190]   --->   Operation 54 'add' 'add_ln190' <Predicate = (!icmp_ln189)> <Delay = 1.27> <CoreInst = "Adder">   --->   Core 1 'Adder' <Latency = 0> <II = 1> <Delay = 1.27> <FuncUnit> <Opcode : 'add' 'sub'> <InPorts = 2> <OutPorts = 1>
ST_1 : Operation 55 [1/1] (0.84ns)   --->   "%store_ln190 = store i13 %add_ln189, i13 %indvar_flatten16" [backprop.c:190]   --->   Operation 55 'store' 'store_ln190' <Predicate = (!icmp_ln189)> <Delay = 0.84>
ST_1 : Operation 56 [1/1] (0.84ns)   --->   "%store_ln190 = store i7 %select_ln189_1, i7 %i_4" [backprop.c:190]   --->   Operation 56 'store' 'store_ln190' <Predicate = (!icmp_ln189)> <Delay = 0.84>
ST_1 : Operation 57 [1/1] (0.84ns)   --->   "%store_ln190 = store i7 %add_ln190, i7 %j" [backprop.c:190]   --->   Operation 57 'store' 'store_ln190' <Predicate = (!icmp_ln189)> <Delay = 0.84>

State 2 <SV = 1> <Delay = 2.26>
ST_2 : Operation 58 [1/2] (2.26ns)   --->   "%d_weights2_load = load i12 %d_weights2_addr" [backprop.c:191]   --->   Operation 58 'load' 'd_weights2_load' <Predicate = (!icmp_ln189)> <Delay = 2.26> <CoreInst = "RAM">   --->   Core 82 'RAM' <Latency = 1> <II = 1> <Delay = 2.26> <Storage> <Opcode : 'load' 'store'> <Ports = 2> <Width = 64> <Depth = 4096> <RAM>

State 3 <SV = 2> <Delay = 7.14>
ST_3 : Operation 59 [5/5] (7.14ns)   --->   "%mul6 = dmul i64 %d_weights2_load, i64 0.01" [backprop.c:191]   --->   Operation 59 'dmul' 'mul6' <Predicate = (!icmp_ln189)> <Delay = 7.14> <CoreInst = "DMul_maxdsp">   --->   Core 49 'DMul_maxdsp' <Latency = 4> <II = 1> <Delay = 7.14> <FuncUnit> <Opcode : 'dmul'> <InPorts = 2> <OutPorts = 1>

State 4 <SV = 3> <Delay = 7.14>
ST_4 : Operation 60 [4/5] (7.14ns)   --->   "%mul6 = dmul i64 %d_weights2_load, i64 0.01" [backprop.c:191]   --->   Operation 60 'dmul' 'mul6' <Predicate = (!icmp_ln189)> <Delay = 7.14> <CoreInst = "DMul_maxdsp">   --->   Core 49 'DMul_maxdsp' <Latency = 4> <II = 1> <Delay = 7.14> <FuncUnit> <Opcode : 'dmul'> <InPorts = 2> <OutPorts = 1>

State 5 <SV = 4> <Delay = 7.14>
ST_5 : Operation 61 [3/5] (7.14ns)   --->   "%mul6 = dmul i64 %d_weights2_load, i64 0.01" [backprop.c:191]   --->   Operation 61 'dmul' 'mul6' <Predicate = true> <Delay = 7.14> <CoreInst = "DMul_maxdsp">   --->   Core 49 'DMul_maxdsp' <Latency = 4> <II = 1> <Delay = 7.14> <FuncUnit> <Opcode : 'dmul'> <InPorts = 2> <OutPorts = 1>
ST_5 : Operation 62 [2/2] (2.26ns)   --->   "%weights2_load = load i12 %weights2_addr" [backprop.c:191]   --->   Operation 62 'load' 'weights2_load' <Predicate = true> <Delay = 2.26> <CoreInst = "RAM">   --->   Core 82 'RAM' <Latency = 1> <II = 1> <Delay = 2.26> <Storage> <Opcode : 'load' 'store'> <Ports = 2> <Width = 64> <Depth = 4096> <RAM>

State 6 <SV = 5> <Delay = 7.14>
ST_6 : Operation 63 [2/5] (7.14ns)   --->   "%mul6 = dmul i64 %d_weights2_load, i64 0.01" [backprop.c:191]   --->   Operation 63 'dmul' 'mul6' <Predicate = true> <Delay = 7.14> <CoreInst = "DMul_maxdsp">   --->   Core 49 'DMul_maxdsp' <Latency = 4> <II = 1> <Delay = 7.14> <FuncUnit> <Opcode : 'dmul'> <InPorts = 2> <OutPorts = 1>
ST_6 : Operation 64 [1/2] (2.26ns)   --->   "%weights2_load = load i12 %weights2_addr" [backprop.c:191]   --->   Operation 64 'load' 'weights2_load' <Predicate = true> <Delay = 2.26> <CoreInst = "RAM">   --->   Core 82 'RAM' <Latency = 1> <II = 1> <Delay = 2.26> <Storage> <Opcode : 'load' 'store'> <Ports = 2> <Width = 64> <Depth = 4096> <RAM>

State 7 <SV = 6> <Delay = 7.14>
ST_7 : Operation 65 [1/5] (7.14ns)   --->   "%mul6 = dmul i64 %d_weights2_load, i64 0.01" [backprop.c:191]   --->   Operation 65 'dmul' 'mul6' <Predicate = true> <Delay = 7.14> <CoreInst = "DMul_maxdsp">   --->   Core 49 'DMul_maxdsp' <Latency = 4> <II = 1> <Delay = 7.14> <FuncUnit> <Opcode : 'dmul'> <InPorts = 2> <OutPorts = 1>

State 8 <SV = 7> <Delay = 5.86>
ST_8 : Operation 66 [1/1] (0.00ns)   --->   "%bitcast_ln191 = bitcast i64 %weights2_load" [backprop.c:191]   --->   Operation 66 'bitcast' 'bitcast_ln191' <Predicate = true> <Delay = 0.00>
ST_8 : Operation 67 [5/5] (5.86ns)   --->   "%sub3 = dsub i64 %bitcast_ln191, i64 %mul6" [backprop.c:191]   --->   Operation 67 'dsub' 'sub3' <Predicate = true> <Delay = 5.86> <CoreInst = "DAddSub_fulldsp">   --->   Core 37 'DAddSub_fulldsp' <Latency = 4> <II = 1> <Delay = 5.86> <FuncUnit> <Opcode : 'dadd' 'dsub'> <InPorts = 2> <OutPorts = 1>

State 9 <SV = 8> <Delay = 5.86>
ST_9 : Operation 68 [4/5] (5.86ns)   --->   "%sub3 = dsub i64 %bitcast_ln191, i64 %mul6" [backprop.c:191]   --->   Operation 68 'dsub' 'sub3' <Predicate = true> <Delay = 5.86> <CoreInst = "DAddSub_fulldsp">   --->   Core 37 'DAddSub_fulldsp' <Latency = 4> <II = 1> <Delay = 5.86> <FuncUnit> <Opcode : 'dadd' 'dsub'> <InPorts = 2> <OutPorts = 1>

State 10 <SV = 9> <Delay = 5.86>
ST_10 : Operation 69 [3/5] (5.86ns)   --->   "%sub3 = dsub i64 %bitcast_ln191, i64 %mul6" [backprop.c:191]   --->   Operation 69 'dsub' 'sub3' <Predicate = true> <Delay = 5.86> <CoreInst = "DAddSub_fulldsp">   --->   Core 37 'DAddSub_fulldsp' <Latency = 4> <II = 1> <Delay = 5.86> <FuncUnit> <Opcode : 'dadd' 'dsub'> <InPorts = 2> <OutPorts = 1>

State 11 <SV = 10> <Delay = 5.86>
ST_11 : Operation 70 [2/5] (5.86ns)   --->   "%sub3 = dsub i64 %bitcast_ln191, i64 %mul6" [backprop.c:191]   --->   Operation 70 'dsub' 'sub3' <Predicate = true> <Delay = 5.86> <CoreInst = "DAddSub_fulldsp">   --->   Core 37 'DAddSub_fulldsp' <Latency = 4> <II = 1> <Delay = 5.86> <FuncUnit> <Opcode : 'dadd' 'dsub'> <InPorts = 2> <OutPorts = 1>

State 12 <SV = 11> <Delay = 5.86>
ST_12 : Operation 71 [1/5] (5.86ns)   --->   "%sub3 = dsub i64 %bitcast_ln191, i64 %mul6" [backprop.c:191]   --->   Operation 71 'dsub' 'sub3' <Predicate = true> <Delay = 5.86> <CoreInst = "DAddSub_fulldsp">   --->   Core 37 'DAddSub_fulldsp' <Latency = 4> <II = 1> <Delay = 5.86> <FuncUnit> <Opcode : 'dadd' 'dsub'> <InPorts = 2> <OutPorts = 1>

State 13 <SV = 12> <Delay = 7.14>
ST_13 : Operation 72 [1/1] (0.00ns)   --->   "%bitcast_ln191_1 = bitcast i64 %sub3" [backprop.c:191]   --->   Operation 72 'bitcast' 'bitcast_ln191_1' <Predicate = true> <Delay = 0.00>
ST_13 : Operation 73 [1/1] (2.26ns)   --->   "%store_ln191 = store i64 %bitcast_ln191_1, i12 %weights2_addr" [backprop.c:191]   --->   Operation 73 'store' 'store_ln191' <Predicate = true> <Delay = 2.26> <CoreInst = "RAM">   --->   Core 82 'RAM' <Latency = 1> <II = 1> <Delay = 2.26> <Storage> <Opcode : 'load' 'store'> <Ports = 2> <Width = 64> <Depth = 4096> <RAM>
ST_13 : Operation 74 [5/5] (7.14ns)   --->   "%mul7 = dmul i64 %sub3, i64 %sub3" [backprop.c:192]   --->   Operation 74 'dmul' 'mul7' <Predicate = true> <Delay = 7.14> <CoreInst = "DMul_maxdsp">   --->   Core 49 'DMul_maxdsp' <Latency = 4> <II = 1> <Delay = 7.14> <FuncUnit> <Opcode : 'dmul'> <InPorts = 2> <OutPorts = 1>

State 14 <SV = 13> <Delay = 7.14>
ST_14 : Operation 75 [4/5] (7.14ns)   --->   "%mul7 = dmul i64 %sub3, i64 %sub3" [backprop.c:192]   --->   Operation 75 'dmul' 'mul7' <Predicate = true> <Delay = 7.14> <CoreInst = "DMul_maxdsp">   --->   Core 49 'DMul_maxdsp' <Latency = 4> <II = 1> <Delay = 7.14> <FuncUnit> <Opcode : 'dmul'> <InPorts = 2> <OutPorts = 1>

State 15 <SV = 14> <Delay = 7.14>
ST_15 : Operation 76 [3/5] (7.14ns)   --->   "%mul7 = dmul i64 %sub3, i64 %sub3" [backprop.c:192]   --->   Operation 76 'dmul' 'mul7' <Predicate = true> <Delay = 7.14> <CoreInst = "DMul_maxdsp">   --->   Core 49 'DMul_maxdsp' <Latency = 4> <II = 1> <Delay = 7.14> <FuncUnit> <Opcode : 'dmul'> <InPorts = 2> <OutPorts = 1>

State 16 <SV = 15> <Delay = 7.14>
ST_16 : Operation 77 [2/5] (7.14ns)   --->   "%mul7 = dmul i64 %sub3, i64 %sub3" [backprop.c:192]   --->   Operation 77 'dmul' 'mul7' <Predicate = true> <Delay = 7.14> <CoreInst = "DMul_maxdsp">   --->   Core 49 'DMul_maxdsp' <Latency = 4> <II = 1> <Delay = 7.14> <FuncUnit> <Opcode : 'dmul'> <InPorts = 2> <OutPorts = 1>

State 17 <SV = 16> <Delay = 7.14>
ST_17 : Operation 78 [1/5] (7.14ns)   --->   "%mul7 = dmul i64 %sub3, i64 %sub3" [backprop.c:192]   --->   Operation 78 'dmul' 'mul7' <Predicate = true> <Delay = 7.14> <CoreInst = "DMul_maxdsp">   --->   Core 49 'DMul_maxdsp' <Latency = 4> <II = 1> <Delay = 7.14> <FuncUnit> <Opcode : 'dmul'> <InPorts = 2> <OutPorts = 1>

State 18 <SV = 17> <Delay = 5.86>
ST_18 : Operation 79 [1/1] (0.00ns)   --->   "%norm_load_2 = load i64 %norm" [backprop.c:192]   --->   Operation 79 'load' 'norm_load_2' <Predicate = true> <Delay = 0.00>
ST_18 : Operation 80 [5/5] (5.86ns)   --->   "%norm_2 = dadd i64 %norm_load_2, i64 %mul7" [backprop.c:192]   --->   Operation 80 'dadd' 'norm_2' <Predicate = true> <Delay = 5.86> <CoreInst = "DAddSub_fulldsp">   --->   Core 37 'DAddSub_fulldsp' <Latency = 4> <II = 1> <Delay = 5.86> <FuncUnit> <Opcode : 'dadd' 'dsub'> <InPorts = 2> <OutPorts = 1>
ST_18 : Operation 91 [1/1] (0.00ns)   --->   "%norm_load = load i64 %norm"   --->   Operation 91 'load' 'norm_load' <Predicate = (icmp_ln189)> <Delay = 0.00>
ST_18 : Operation 92 [1/1] (0.00ns)   --->   "%write_ln0 = write void @_ssdm_op_Write.ap_auto.doubleP0A, i64 %norm_4_out, i64 %norm_load"   --->   Operation 92 'write' 'write_ln0' <Predicate = (icmp_ln189)> <Delay = 0.00>
ST_18 : Operation 93 [1/1] (0.00ns)   --->   "%ret_ln0 = ret"   --->   Operation 93 'ret' 'ret_ln0' <Predicate = (icmp_ln189)> <Delay = 0.00>

State 19 <SV = 18> <Delay = 5.86>
ST_19 : Operation 81 [4/5] (5.86ns)   --->   "%norm_2 = dadd i64 %norm_load_2, i64 %mul7" [backprop.c:192]   --->   Operation 81 'dadd' 'norm_2' <Predicate = true> <Delay = 5.86> <CoreInst = "DAddSub_fulldsp">   --->   Core 37 'DAddSub_fulldsp' <Latency = 4> <II = 1> <Delay = 5.86> <FuncUnit> <Opcode : 'dadd' 'dsub'> <InPorts = 2> <OutPorts = 1>

State 20 <SV = 19> <Delay = 5.86>
ST_20 : Operation 82 [3/5] (5.86ns)   --->   "%norm_2 = dadd i64 %norm_load_2, i64 %mul7" [backprop.c:192]   --->   Operation 82 'dadd' 'norm_2' <Predicate = true> <Delay = 5.86> <CoreInst = "DAddSub_fulldsp">   --->   Core 37 'DAddSub_fulldsp' <Latency = 4> <II = 1> <Delay = 5.86> <FuncUnit> <Opcode : 'dadd' 'dsub'> <InPorts = 2> <OutPorts = 1>

State 21 <SV = 20> <Delay = 5.86>
ST_21 : Operation 83 [2/5] (5.86ns)   --->   "%norm_2 = dadd i64 %norm_load_2, i64 %mul7" [backprop.c:192]   --->   Operation 83 'dadd' 'norm_2' <Predicate = true> <Delay = 5.86> <CoreInst = "DAddSub_fulldsp">   --->   Core 37 'DAddSub_fulldsp' <Latency = 4> <II = 1> <Delay = 5.86> <FuncUnit> <Opcode : 'dadd' 'dsub'> <InPorts = 2> <OutPorts = 1>

State 22 <SV = 21> <Delay = 6.70>
ST_22 : Operation 84 [1/1] (0.00ns)   --->   "%specloopname_ln0 = specloopname void @_ssdm_op_SpecLoopName, void @VITIS_LOOP_189_7_VITIS_LOOP_190_8_str"   --->   Operation 84 'specloopname' 'specloopname_ln0' <Predicate = true> <Delay = 0.00>
ST_22 : Operation 85 [1/1] (0.00ns)   --->   "%empty = speclooptripcount i32 @_ssdm_op_SpecLoopTripCount, i64 4096, i64 4096, i64 4096"   --->   Operation 85 'speclooptripcount' 'empty' <Predicate = true> <Delay = 0.00>
ST_22 : Operation 86 [1/1] (0.00ns)   --->   "%specpipeline_ln0 = specpipeline void @_ssdm_op_SpecPipeline, i32 4294967295, i32 0, i32 1, i32 0, void @p_str"   --->   Operation 86 'specpipeline' 'specpipeline_ln0' <Predicate = true> <Delay = 0.00>
ST_22 : Operation 87 [1/1] (0.00ns)   --->   "%specloopname_ln158 = specloopname void @_ssdm_op_SpecLoopName, void @empty_25" [backprop.c:158]   --->   Operation 87 'specloopname' 'specloopname_ln158' <Predicate = true> <Delay = 0.00>
ST_22 : Operation 88 [1/5] (5.86ns)   --->   "%norm_2 = dadd i64 %norm_load_2, i64 %mul7" [backprop.c:192]   --->   Operation 88 'dadd' 'norm_2' <Predicate = true> <Delay = 5.86> <CoreInst = "DAddSub_fulldsp">   --->   Core 37 'DAddSub_fulldsp' <Latency = 4> <II = 1> <Delay = 5.86> <FuncUnit> <Opcode : 'dadd' 'dsub'> <InPorts = 2> <OutPorts = 1>
ST_22 : Operation 89 [1/1] (0.84ns)   --->   "%store_ln190 = store i64 %norm_2, i64 %norm" [backprop.c:190]   --->   Operation 89 'store' 'store_ln190' <Predicate = true> <Delay = 0.84>
ST_22 : Operation 90 [1/1] (0.00ns)   --->   "%br_ln190 = br void %for.inc97" [backprop.c:190]   --->   Operation 90 'br' 'br_ln190' <Predicate = true> <Delay = 0.00>


============================================================
+ Verbose Summary: Timing violations
============================================================
Target clock period: 10ns, clock uncertainty: 2.7ns.

 <State 1>: 5.39ns
The critical path consists of the following:
	'alloca' operation ('i') [6]  (0 ns)
	'load' operation ('i_4_load', backprop.c:189) on local variable 'i' [23]  (0 ns)
	'add' operation ('add_ln189_1', backprop.c:189) [28]  (1.27 ns)
	'select' operation ('select_ln189_1', backprop.c:189) [29]  (0.517 ns)
	'add' operation ('add_ln191', backprop.c:191) [35]  (1.33 ns)
	'getelementptr' operation ('d_weights2_addr', backprop.c:191) [37]  (0 ns)
	'load' operation ('d_weights2_load', backprop.c:191) on array 'd_weights2' [38]  (2.27 ns)

 <State 2>: 2.27ns
The critical path consists of the following:
	'load' operation ('d_weights2_load', backprop.c:191) on array 'd_weights2' [38]  (2.27 ns)

 <State 3>: 7.15ns
The critical path consists of the following:
	'dmul' operation ('mul6', backprop.c:191) [39]  (7.15 ns)

 <State 4>: 7.15ns
The critical path consists of the following:
	'dmul' operation ('mul6', backprop.c:191) [39]  (7.15 ns)

 <State 5>: 7.15ns
The critical path consists of the following:
	'dmul' operation ('mul6', backprop.c:191) [39]  (7.15 ns)

 <State 6>: 7.15ns
The critical path consists of the following:
	'dmul' operation ('mul6', backprop.c:191) [39]  (7.15 ns)

 <State 7>: 7.15ns
The critical path consists of the following:
	'dmul' operation ('mul6', backprop.c:191) [39]  (7.15 ns)

 <State 8>: 5.87ns
The critical path consists of the following:
	'dsub' operation ('sub3', backprop.c:191) [43]  (5.87 ns)

 <State 9>: 5.87ns
The critical path consists of the following:
	'dsub' operation ('sub3', backprop.c:191) [43]  (5.87 ns)

 <State 10>: 5.87ns
The critical path consists of the following:
	'dsub' operation ('sub3', backprop.c:191) [43]  (5.87 ns)

 <State 11>: 5.87ns
The critical path consists of the following:
	'dsub' operation ('sub3', backprop.c:191) [43]  (5.87 ns)

 <State 12>: 5.87ns
The critical path consists of the following:
	'dsub' operation ('sub3', backprop.c:191) [43]  (5.87 ns)

 <State 13>: 7.15ns
The critical path consists of the following:
	'dmul' operation ('mul7', backprop.c:192) [46]  (7.15 ns)

 <State 14>: 7.15ns
The critical path consists of the following:
	'dmul' operation ('mul7', backprop.c:192) [46]  (7.15 ns)

 <State 15>: 7.15ns
The critical path consists of the following:
	'dmul' operation ('mul7', backprop.c:192) [46]  (7.15 ns)

 <State 16>: 7.15ns
The critical path consists of the following:
	'dmul' operation ('mul7', backprop.c:192) [46]  (7.15 ns)

 <State 17>: 7.15ns
The critical path consists of the following:
	'dmul' operation ('mul7', backprop.c:192) [46]  (7.15 ns)

 <State 18>: 5.87ns
The critical path consists of the following:
	'load' operation ('norm_load_2', backprop.c:192) on local variable 'norm' [21]  (0 ns)
	'dadd' operation ('norm_2', backprop.c:192) [47]  (5.87 ns)

 <State 19>: 5.87ns
The critical path consists of the following:
	'dadd' operation ('norm_2', backprop.c:192) [47]  (5.87 ns)

 <State 20>: 5.87ns
The critical path consists of the following:
	'dadd' operation ('norm_2', backprop.c:192) [47]  (5.87 ns)

 <State 21>: 5.87ns
The critical path consists of the following:
	'dadd' operation ('norm_2', backprop.c:192) [47]  (5.87 ns)

 <State 22>: 6.71ns
The critical path consists of the following:
	'dadd' operation ('norm_2', backprop.c:192) [47]  (5.87 ns)
	'store' operation ('store_ln190', backprop.c:190) of variable 'norm_2', backprop.c:192 on local variable 'norm' [52]  (0.844 ns)


============================================================
+ Verbose Summary: Binding
============================================================
N/A
* FSMD analyzer results:
  - Output states:
 - Input state : 
  - Chain level:
	State 1
	State 2
	State 3
	State 4
	State 5
	State 6
	State 7
	State 8
	State 9
	State 10
	State 11
	State 12
	State 13
	State 14
	State 15
	State 16
	State 17
	State 18
	State 19
	State 20
	State 21
	State 22


============================================================
+ Verbose Summary: Datapath Resource usage 
============================================================
N/A
