

================================================================
== Synthesis Summary Report of 'bfs'
================================================================
+ General Information: 
    * Date:           Mon Jan 15 17:41:33 2024
    * Version:        2020.2 (Build 3064766 on Wed Nov 18 09:12:47 MST 2020)
    * Project:        bfs_syn
    * Solution:       solution (Vivado IP Flow Target)
    * Product family: zynquplus
    * Target device:  xczu19eg-ffvc1760-2-i
    

+ Performance & Resource Estimates: 
    
    PS: '+' for module; 'o' for loop; '*' for dataflow
    +---------------------+------+-------+---------+--------+----------+---------+------+----------+------+----+-----------+------------+-----+
    |       Modules       | Issue|       | Latency | Latency| Iteration|         | Trip |          |      |    |           |            |     |
    |       & Loops       | Type | Slack | (cycles)|  (ns)  |  Latency | Interval| Count| Pipelined| BRAM | DSP|     FF    |     LUT    | URAM|
    +---------------------+------+-------+---------+--------+----------+---------+------+----------+------+----+-----------+------------+-----+
    |+ bfs                |     -|  -3.98|        -|       -|         -|        -|     -|        no|     -|   -|  792 (~0%)|  1781 (~0%)|    -|
    | o loop_horizons     |     -|  -7.30|        -|       -|         -|        -|     -|        no|     -|   -|          -|           -|    -|
    |  o loop_nodes       |     -|  -7.30|        -|       -|         -|        -|     -|        no|     -|   -|          -|           -|    -|
    |   o loop_neighbors  |    II|  -7.30|        -|       -|         3|        2|     -|       yes|     -|   -|          -|           -|    -|
    +---------------------+------+-------+---------+--------+----------+---------+------+----------+------+----+-----------+------------+-----+

