INFO-FLOW: Workspace /nfs/home/xushuoxiang/Machsuite_V0.1/gemm/ncubed/gemm_hls/solution opened at Thu Dec 14 23:08:04 CST 2023
Execute     send_msg_by_id INFO @200-1505@%s%s default  vivado 
INFO: [HLS 200-1505] Using default flow_target 'vivado'
Execute     get_config_interface -m_axi_latency 
Execute     get_config_interface -m_axi_alignment_byte_size 
Execute     get_config_interface -m_axi_max_widen_bitwidth 
Execute     get_config_interface -default_interface 
Execute     get_config_interface -m_axi_offset 
Execute     get_config_rtl -register_reset_num 
Command   open_solution done; 0.19 sec.
Execute   set_part virtex7 
INFO: [HLS 200-1510] Running: set_part virtex7 
INFO-FLOW: DBG:set_part: XILINX_VIVADO=/nfs/home/tools/Xilinx/Vivado/2020.2
INFO-FLOW: DBG:set_part: RDI_DATADIR=/nfs/home/tools/Xilinx/Vivado/2020.2/data:/nfs/home/tools/Xilinx/Vitis_HLS/2020.2/data
Execute     ap_part_info -name virtex7 -data single -quiet 
DBG:HLSDevice: Trying to load device library: /nfs/home/tools/Xilinx/Vitis_HLS/2020.2/lib/lnx64.o/librdi_hlsvwrap.so
DBG:HLSDevice: first parts/arch.xml in RDI_DATADIR: /nfs/home/tools/Xilinx/Vivado/2020.2/data/parts/arch.xml
Command     ap_part_info done; 1.09 sec.
Execute     ap_family_info 
Execute     ap_family_info -name virtex7 -data info 
Execute     add_library xilinx/virtex7/virtex7:xc7v585t:-ffg1761:-2 
Execute       get_default_platform 
Execute       open_platform DefaultPlatform 
Execute       ap_part_info -data single -name xc7v585t-ffg1761-2 
Execute       ap_part_info -name xc7v585t-ffg1761-2 -data resources 
Execute       config_chip_info -resource {SLICE 91050} {LUT 364200} {FF 728400} {DSP 1260} {BRAM 1590} {URAM 0} 
Execute       ap_part_info -name xc7v585t-ffg1761-2 -data info 
Execute       config_chip_info -speed medium 
Execute       ap_part_info -name xc7v585t-ffg1761-2 -data info 
Execute       config_library_info -library virtex7_medium 
Execute       config_library_info -family virtex7 
Execute       config_library_info -part xc7v585t:-ffg1761:-2 
Execute       import_lib /nfs/home/tools/Xilinx/Vitis_HLS/2020.2/common/technology/xilinx/virtex7/virtex7 
Execute         source /nfs/home/tools/Xilinx/Vitis_HLS/2020.2/common/technology/xilinx/interface/xilinx_interface.hlp 
Execute           source /nfs/home/tools/Xilinx/Vitis_HLS/2020.2/common/technology/xilinx/interface/maxi.hlp 
Execute           source /nfs/home/tools/Xilinx/Vitis_HLS/2020.2/common/technology/xilinx/interface/saxilite.hlp 
Execute         source /nfs/home/tools/Xilinx/Vitis_HLS/2020.2/common/technology/xilinx/DSP48/dsp48.hlp 
Execute         source /nfs/home/tools/Xilinx/Vitis_HLS/2020.2/common/technology/xilinx/DSP48/virtex7_dsp48e1.hlp 
Execute       source /nfs/home/tools/Xilinx/Vitis_HLS/2020.2/common/technology/xilinx/common/xilinx.gen 
Execute         source /nfs/home/tools/Xilinx/Vitis_HLS/2020.2/common/technology/xilinx/interface/plb46.gen 
Execute         source /nfs/home/tools/Xilinx/Vitis_HLS/2020.2/common/technology/xilinx/interface/axi4.gen 
Execute         source /nfs/home/tools/Xilinx/Vitis_HLS/2020.2/common/technology/xilinx/interface/nativeAXI4.gen 
Execute           source /nfs/home/tools/Xilinx/Vitis_HLS/2020.2/common/technology/xilinx/interface/saxilite.gen 
Execute           source /nfs/home/tools/Xilinx/Vitis_HLS/2020.2/common/technology/xilinx/interface/maxi.gen 
Execute         source /nfs/home/tools/Xilinx/Vitis_HLS/2020.2/common/technology/xilinx/scripts/xilinxcoregen.gen 
Execute         source /nfs/home/tools/Xilinx/Vitis_HLS/2020.2/common/technology/xilinx/interface/XilEDKCoreGen.gen 
Execute         source /nfs/home/tools/Xilinx/Vitis_HLS/2020.2/common/technology/xilinx/ip/dds_compiler.gen 
Execute         source /nfs/home/tools/Xilinx/Vitis_HLS/2020.2/common/technology/xilinx/ip/util.gen 
Execute         source /nfs/home/tools/Xilinx/Vitis_HLS/2020.2/common/technology/xilinx/ip/xfft.gen 
Execute         source /nfs/home/tools/Xilinx/Vitis_HLS/2020.2/common/technology/xilinx/ip/xfir.gen 
Execute         source /nfs/home/tools/Xilinx/Vitis_HLS/2020.2/common/technology/xilinx/DSP48/dsp48.gen 
Command     add_library done; 0.21 sec.
INFO: [HLS 200-10] Setting target device to 'xc7v585t-ffg1761-2'
Execute     ap_part_info -name xc7v585t-ffg1761-2 -data info 
Execute     config_compile -quiet -complex-mul-dsp=0 
Command   set_part done; 1.31 sec.
Execute   create_clock -period 10 
INFO: [HLS 200-1510] Running: create_clock -period 10 
Execute     ap_set_clock -name default -period 10 -default=false 
INFO: [SYN 201-201] Setting up clock 'default' with a period of 10ns.
Execute   source ./gemm_dir 
Execute     set_directive_pipeline gemm/inner 
INFO: [HLS 200-1510] Running: set_directive_pipeline gemm/inner 
INFO-FLOW: Setting directive 'PIPELINE' 
Execute     set_directive_pipeline gemm/middle 
INFO: [HLS 200-1510] Running: set_directive_pipeline gemm/middle 
INFO-FLOW: Setting directive 'PIPELINE' 
INFO-FLOW: Setting directive 'PIPELINE' 
Execute     set_directive_pipeline gemm/outter 
INFO: [HLS 200-1510] Running: set_directive_pipeline gemm/outter 
INFO-FLOW: Setting directive 'PIPELINE' 
INFO-FLOW: Setting directive 'PIPELINE' 
INFO-FLOW: Setting directive 'PIPELINE' 
Execute     set_directive_resource -core Mul gemm mult 
INFO-FLOW: Setting directive 'PIPELINE' 
INFO-FLOW: Setting directive 'PIPELINE' 
INFO-FLOW: Setting directive 'PIPELINE' 
INFO-FLOW: Setting directive 'RESOURCE' variable=positionBooleanTextRequiredmult core=Mul 
WARNING: [HLS 200-484] The 'set_directive_resource -core' command is deprecated and will be removed in a future release.
WARNING: [HLS 200-484] The 'set_directive_resource -location' command is deprecated and will be removed in a future release.
WARNING: [HLS 200-484] The 'set_directive_resource -variable' command is deprecated and will be removed in a future release.
Execute   csynth_design 
INFO: [HLS 200-1510] Running: csynth_design 
Execute     get_config_compile -effort 
Execute     get_config_compile -enable_clang39 
Execute     get_config_compile -g 
Execute     get_config_compile -ng 
Execute     get_config_compile -opt_fp 
Execute     get_config_compile -skip_cdt 
Execute     get_config_compile -skip_syncheck 
Execute     get_config_compile -skip_transform 
Execute     get_config_compile -keep_printf 
Execute     elaborate -effort=medium -skip_syncheck=0 -keep_printf=0 -skip_cdt=0 -skip_transform=0 -ng=0 -g=0 -opt_fp=0 -from_csynth_design=1 
WARNING: [HLS 200-40] Skipped source file 'check.data'. Source files must have extensions .c, .C, .cc, .cpp, .c++, .cp, or .cxx.
WARNING: [HLS 200-40] Skipped source file 'input.data'. Source files must have extensions .c, .C, .cc, .cpp, .c++, .cp, or .cxx.
INFO: [HLS 200-111] Finished File checks and directory preparation: CPU user time: 0.01 seconds. CPU system time: 0 seconds. Elapsed time: 0 seconds; current allocated memory: 172.056 MB.
INFO: [HLS 200-10] Analyzing design file 'gemm.c' ... 
INFO-FLOW: Compiling one TU...
Execute       get_config_compile -pragma_strict_mode 
INFO-FLOW: Handling gemm.c as C
Execute       ap_part_info -name xc7v585t-ffg1761-2 -data info 
INFO-FLOW: Running: GCC PP 39
INFO-FLOW: Source preprocessing
Execute       ap_eval exec -ignorestderr /nfs/home/tools/Xilinx/Vitis_HLS/2020.2/lnx64/tools/clang-3.9-csynth/bin/clang gemm.c -foptimization-record-file=/nfs/home/xushuoxiang/Machsuite_V0.1/gemm/ncubed/gemm_hls/solution/.autopilot/db/clang.gemm.c.diag.yml -mllvm -pass-remarks-missed=reflow|pasta|unroll -mllvm -pass-remarks=reflow|pasta|unroll|inline -fno-limit-debug-info -gcc-toolchain /nfs/home/tools/Xilinx/Vitis_HLS/2020.2/tps/lnx64/gcc-6.2.0 -fhls -fno-exceptions -E -fno-math-errno -c -emit-llvm -mllvm -disable-llvm-optzns -Werror=implicit-function-declaration -Werror=implicit-hls-streams -Werror=return-type -Wpragmas -Wunused-parameter -std=gnu99 -fgnu89-inline -target fpga64-xilinx-linux-gnu -I /nfs/home/tools/Xilinx/Vitis_HLS/2020.2/common/technology/autopilot/39 -D__VITIS_HLS__ -DAESL_SYN -D__SYNTHESIS__ -D__HLS_SYN__ -I /nfs/home/tools/Xilinx/Vitis_HLS/2020.2/common/technology/autopilot -I /nfs/home/tools/Xilinx/Vitis_HLS/2020.2/common/technology/autopilot/ap_sysc -include etc/autopilot_ssdm_op.h -D__DSP48E1__ -o /nfs/home/xushuoxiang/Machsuite_V0.1/gemm/ncubed/gemm_hls/solution/.autopilot/db/gemm.pp.0.c > /nfs/home/xushuoxiang/Machsuite_V0.1/gemm/ncubed/gemm_hls/solution/.autopilot/db/clang.gemm.c.out.log 2> /nfs/home/xushuoxiang/Machsuite_V0.1/gemm/ncubed/gemm_hls/solution/.autopilot/db/clang.gemm.c.err.log 
INFO-FLOW: Done: GCC PP 39 time: 0.1 seconds per iteration
Execute       set_directive_top gemm -name=gemm 
INFO-FLOW: Setting directive 'PIPELINE' 
INFO-FLOW: Setting directive 'PIPELINE' 
INFO-FLOW: Setting directive 'PIPELINE' 
INFO-FLOW: Setting directive 'RESOURCE' variable=positionBooleanTextRequiredmult core=Mul 
INFO-FLOW: Setting directive 'TOP' name=gemm 
INFO-FLOW: Setting directive 'PIPELINE' 
INFO-FLOW: Setting directive 'PIPELINE' 
INFO-FLOW: Setting directive 'PIPELINE' 
INFO-FLOW: Setting directive 'RESOURCE' variable=positionBooleanTextRequiredmult core=Mul 
INFO-FLOW: Setting directive 'TOP' name=gemm 
Execute       source /nfs/home/tools/Xilinx/Vitis_HLS/2020.2/tps/tcl/tcllib1.11.1/yaml/huddle.tcl 
Execute       source /nfs/home/tools/Xilinx/Vitis_HLS/2020.2/tps/tcl/tcllib1.11.1/yaml/json2huddle.tcl 
Execute         source /nfs/home/tools/Xilinx/Vitis_HLS/2020.2/tps/tcl/tcllib1.11.1/try/try.tcl 
INFO-FLOW: Setting directive 'PIPELINE' 
INFO-FLOW: Setting directive 'PIPELINE' 
INFO-FLOW: Setting directive 'PIPELINE' 
INFO-FLOW: Setting directive 'RESOURCE' variable=positionBooleanTextRequiredmult core=Mul 
INFO-FLOW: Setting directive 'TOP' name=gemm 
Execute       list_core -type functional_unit 
Execute       clang_tidy xilinx-systemc-detector /nfs/home/xushuoxiang/Machsuite_V0.1/gemm/ncubed/gemm_hls/solution/.autopilot/db/gemm.pp.0.c std=gnu99 -target fpga  -directive=/nfs/home/xushuoxiang/Machsuite_V0.1/gemm/ncubed/gemm_hls/solution/.autopilot/db/.systemc_flag 
INFO-FLOW: exec /nfs/home/tools/Xilinx/Vitis_HLS/2020.2/lnx64/tools/clang-3.9-csynth/bin/clang-tidy -header-filter=.* --checks=-*,xilinx-systemc-detector -import-directive=/nfs/home/xushuoxiang/Machsuite_V0.1/gemm/ncubed/gemm_hls/solution/.autopilot/db/.systemc_flag -fix-errors /nfs/home/xushuoxiang/Machsuite_V0.1/gemm/ncubed/gemm_hls/solution/.autopilot/db/gemm.pp.0.c -- -std=gnu99 -target fpga -fhls -ferror-limit=0
INFO-FLOW: Running: clang-tidy CDT preprocess 39
Execute       clang_tidy xilinx-directive2pragma /nfs/home/xushuoxiang/Machsuite_V0.1/gemm/ncubed/gemm_hls/solution/.autopilot/db/gemm.pp.0.c std=gnu99 -target fpga  -directive=/nfs/home/xushuoxiang/Machsuite_V0.1/gemm/ncubed/gemm_hls/solution/.autopilot/db/all.directive.json 
INFO-FLOW: exec /nfs/home/tools/Xilinx/Vitis_HLS/2020.2/lnx64/tools/clang-3.9-csynth/bin/clang-tidy -header-filter=.* --checks=-*,xilinx-directive2pragma -import-directive=/nfs/home/xushuoxiang/Machsuite_V0.1/gemm/ncubed/gemm_hls/solution/.autopilot/db/all.directive.json -fix-errors /nfs/home/xushuoxiang/Machsuite_V0.1/gemm/ncubed/gemm_hls/solution/.autopilot/db/gemm.pp.0.c -- -std=gnu99 -target fpga -fhls -ferror-limit=0
Execute       clang_tidy xilinx-constantarray-param,xilinx-remove-assert /nfs/home/xushuoxiang/Machsuite_V0.1/gemm/ncubed/gemm_hls/solution/.autopilot/db/gemm.pp.0.c std=gnu99 -target fpga  
INFO-FLOW: exec /nfs/home/tools/Xilinx/Vitis_HLS/2020.2/lnx64/tools/clang-3.9-csynth/bin/clang-tidy -header-filter=.* --checks=-*,xilinx-constantarray-param,xilinx-remove-assert -fix-errors /nfs/home/xushuoxiang/Machsuite_V0.1/gemm/ncubed/gemm_hls/solution/.autopilot/db/gemm.pp.0.c -- -std=gnu99 -target fpga -fhls -ferror-limit=0
INFO-FLOW: Done: clang-tidy CDT preprocess 39 time: 0.1 seconds per iteration
INFO-FLOW: Calling xilinx-label-all-loops ... 
Execute       clang_tidy -errorcheck xilinx-label-all-loops,xilinx-top-parameters,xilinx-array-stream-check,xilinx-warn-mayneed-no-ctor-attribute /nfs/home/xushuoxiang/Machsuite_V0.1/gemm/ncubed/gemm_hls/solution/.autopilot/db/gemm.pp.0.c std=gnu99 -target fpga  
Execute         ap_eval exec -ignorestderr /nfs/home/tools/Xilinx/Vitis_HLS/2020.2/lnx64/tools/clang-3.9-csynth/bin/clang-tidy -export-fixes=/nfs/home/xushuoxiang/Machsuite_V0.1/gemm/ncubed/gemm_hls/solution/.autopilot/db/clang-tidy.gemm.pp.0.c.diag.yml -header-filter=.* --checks=-*,xilinx-label-all-loops,xilinx-top-parameters,xilinx-array-stream-check,xilinx-warn-mayneed-no-ctor-attribute -fix-errors /nfs/home/xushuoxiang/Machsuite_V0.1/gemm/ncubed/gemm_hls/solution/.autopilot/db/gemm.pp.0.c -- -std=gnu99 -target fpga -fhls -ferror-limit=0 > /nfs/home/xushuoxiang/Machsuite_V0.1/gemm/ncubed/gemm_hls/solution/.autopilot/db/clang-tidy.gemm.pp.0.c.out.log 2> /nfs/home/xushuoxiang/Machsuite_V0.1/gemm/ncubed/gemm_hls/solution/.autopilot/db/clang-tidy.gemm.pp.0.c.err.log 
Execute         source /nfs/home/tools/Xilinx/Vitis_HLS/2020.2/tps/tcl/tcllib1.11.1/yaml/yaml.tcl 
Execute           source /nfs/home/tools/Xilinx/Vitis_HLS/2020.2/tps/tcl/tcllib1.11.1/cmdline/cmdline.tcl 
Execute       get_config_dataflow -strict_mode 
Execute       ap_eval exec -ignorestderr /nfs/home/tools/Xilinx/Vitis_HLS/2020.2/lnx64/tools/clang-3.9-csynth/bin/xilinx-dataflow-lawyer -export-fixes=/nfs/home/xushuoxiang/Machsuite_V0.1/gemm/ncubed/gemm_hls/solution/.autopilot/db/xilinx-dataflow-lawyer.gemm.pp.0.c.diag.yml /nfs/home/xushuoxiang/Machsuite_V0.1/gemm/ncubed/gemm_hls/solution/.autopilot/db/gemm.pp.0.c -- -std=gnu99 -target fpga -fhls -ferror-limit=0 -fstrict-dataflow > /nfs/home/xushuoxiang/Machsuite_V0.1/gemm/ncubed/gemm_hls/solution/.autopilot/db/xilinx-dataflow-lawyer.gemm.pp.0.c.out.log 2> /nfs/home/xushuoxiang/Machsuite_V0.1/gemm/ncubed/gemm_hls/solution/.autopilot/db/xilinx-dataflow-lawyer.gemm.pp.0.c.err.log 
Execute       ap_part_info -name xc7v585t-ffg1761-2 -data info 
INFO-FLOW: compiling source code to llvm bc
Execute       ap_eval exec -ignorestderr /nfs/home/tools/Xilinx/Vitis_HLS/2020.2/lnx64/tools/clang-3.9-csynth/bin/clang -foptimization-record-file=/nfs/home/xushuoxiang/Machsuite_V0.1/gemm/ncubed/gemm_hls/solution/.autopilot/db/clang.gemm.pp.0.c.diag.yml -mllvm -pass-remarks-missed=reflow|pasta|unroll -mllvm -pass-remarks=reflow|pasta|unroll|inline -fno-limit-debug-info -fhls -flto -fno-exceptions -Wno-error=c++11-narrowing /nfs/home/xushuoxiang/Machsuite_V0.1/gemm/ncubed/gemm_hls/solution/.autopilot/db/gemm.pp.0.c -fno-math-errno -c -emit-llvm -mllvm -disable-llvm-optzns -Werror=implicit-function-declaration -Werror=implicit-hls-streams -Werror=return-type -Wpragmas -Wunused-parameter -std=gnu99 -fgnu89-inline -target fpga64-xilinx-linux-gnu -D__VITIS_HLS__ -DAESL_SYN -D__SYNTHESIS__ -D__HLS_SYN__ -I /nfs/home/tools/Xilinx/Vitis_HLS/2020.2/common/technology/autopilot -I /nfs/home/tools/Xilinx/Vitis_HLS/2020.2/common/technology/autopilot/ap_sysc -include etc/autopilot_ssdm_op.h -D__DSP48E1__ -g -o /nfs/home/xushuoxiang/Machsuite_V0.1/gemm/ncubed/gemm_hls/solution/.autopilot/db/gemm.bc > /nfs/home/xushuoxiang/Machsuite_V0.1/gemm/ncubed/gemm_hls/solution/.autopilot/db/clang.gemm.pp.0.c.out.log 2> /nfs/home/xushuoxiang/Machsuite_V0.1/gemm/ncubed/gemm_hls/solution/.autopilot/db/clang.gemm.pp.0.c.err.log 
WARNING: [HLS 207-5510] 'Resource pragma' is deprecated, and it will be removed in future release. It is suggested to replace it with 'bind_op/bind_storage pragma'.: gemm.c:15:9
INFO: [HLS 200-111] Finished Source Code Analysis and Preprocessing: CPU user time: 0.18 seconds. CPU system time: 0.1 seconds. Elapsed time: 0.33 seconds; current allocated memory: 173.599 MB.
INFO-FLOW: Linking Debug ...
INFO-FLOW: Linking dut bc code.
Execute       run_link_or_opt -out /nfs/home/xushuoxiang/Machsuite_V0.1/gemm/ncubed/gemm_hls/solution/.autopilot/db/a.g.ld.0.bc -args  "/nfs/home/xushuoxiang/Machsuite_V0.1/gemm/ncubed/gemm_hls/solution/.autopilot/db/gemm.g.bc"  
Execute         ap_eval exec -ignorestderr /nfs/home/tools/Xilinx/Vitis_HLS/2020.2/lnx64/tools/clang-3.9-csynth/bin/llvm-link /nfs/home/xushuoxiang/Machsuite_V0.1/gemm/ncubed/gemm_hls/solution/.autopilot/db/gemm.g.bc -o /nfs/home/xushuoxiang/Machsuite_V0.1/gemm/ncubed/gemm_hls/solution/.autopilot/db/a.g.ld.0.bc > /nfs/home/xushuoxiang/Machsuite_V0.1/gemm/ncubed/gemm_hls/solution/.autopilot/db/llvm-link.a.g.ld.0.bc.out.log 2> /nfs/home/xushuoxiang/Machsuite_V0.1/gemm/ncubed/gemm_hls/solution/.autopilot/db/llvm-link.a.g.ld.0.bc.err.log 
INFO-FLOW: 
Execute       run_link_or_opt -opt -out /nfs/home/xushuoxiang/Machsuite_V0.1/gemm/ncubed/gemm_hls/solution/.autopilot/db/a.g.ld.1.lower.bc -args /nfs/home/xushuoxiang/Machsuite_V0.1/gemm/ncubed/gemm_hls/solution/.autopilot/db/a.g.ld.0.bc -reflow-lower-math-intrinsics 
Execute         ap_eval exec -ignorestderr /nfs/home/tools/Xilinx/Vitis_HLS/2020.2/lnx64/tools/clang-3.9-csynth/bin/opt -pass-remarks-missed=reflow|pasta|unroll -pass-remarks=reflow|pasta|unroll|inline -pass-remarks-output=/nfs/home/xushuoxiang/Machsuite_V0.1/gemm/ncubed/gemm_hls/solution/.autopilot/db/opt.a.g.ld.1.lower.bc.diag.yml /nfs/home/xushuoxiang/Machsuite_V0.1/gemm/ncubed/gemm_hls/solution/.autopilot/db/a.g.ld.0.bc -reflow-lower-math-intrinsics -o /nfs/home/xushuoxiang/Machsuite_V0.1/gemm/ncubed/gemm_hls/solution/.autopilot/db/a.g.ld.1.lower.bc > /nfs/home/xushuoxiang/Machsuite_V0.1/gemm/ncubed/gemm_hls/solution/.autopilot/db/opt.a.g.ld.1.lower.bc.out.log 2> /nfs/home/xushuoxiang/Machsuite_V0.1/gemm/ncubed/gemm_hls/solution/.autopilot/db/opt.a.g.ld.1.lower.bc.err.log 
INFO-FLOW: 
INFO-FLOW: Linking math bc lib
Execute       run_link_or_opt -out /nfs/home/xushuoxiang/Machsuite_V0.1/gemm/ncubed/gemm_hls/solution/.autopilot/db/a.g.ld.2.m1.bc -args /nfs/home/xushuoxiang/Machsuite_V0.1/gemm/ncubed/gemm_hls/solution/.autopilot/db/a.g.ld.1.lower.bc -only-needed /nfs/home/tools/Xilinx/Vitis_HLS/2020.2/lnx64/lib/libhlsm_39.bc /nfs/home/tools/Xilinx/Vitis_HLS/2020.2/lnx64/lib/libhlsmc++_39.bc 
Execute         ap_eval exec -ignorestderr /nfs/home/tools/Xilinx/Vitis_HLS/2020.2/lnx64/tools/clang-3.9-csynth/bin/llvm-link /nfs/home/xushuoxiang/Machsuite_V0.1/gemm/ncubed/gemm_hls/solution/.autopilot/db/a.g.ld.1.lower.bc -only-needed /nfs/home/tools/Xilinx/Vitis_HLS/2020.2/lnx64/lib/libhlsm_39.bc /nfs/home/tools/Xilinx/Vitis_HLS/2020.2/lnx64/lib/libhlsmc++_39.bc -o /nfs/home/xushuoxiang/Machsuite_V0.1/gemm/ncubed/gemm_hls/solution/.autopilot/db/a.g.ld.2.m1.bc > /nfs/home/xushuoxiang/Machsuite_V0.1/gemm/ncubed/gemm_hls/solution/.autopilot/db/llvm-link.a.g.ld.2.m1.bc.out.log 2> /nfs/home/xushuoxiang/Machsuite_V0.1/gemm/ncubed/gemm_hls/solution/.autopilot/db/llvm-link.a.g.ld.2.m1.bc.err.log 
Command         ap_eval done; 1.42 sec.
INFO-FLOW: 
Command       run_link_or_opt done; 1.42 sec.
Execute       run_link_or_opt -opt -out /nfs/home/xushuoxiang/Machsuite_V0.1/gemm/ncubed/gemm_hls/solution/.autopilot/db/a.g.ld.3.fpc.bc -args /nfs/home/xushuoxiang/Machsuite_V0.1/gemm/ncubed/gemm_hls/solution/.autopilot/db/a.g.ld.2.m1.bc -reflow-globaldce -hls-top-function-name=gemm -reflow-float-conversion 
Execute         ap_eval exec -ignorestderr /nfs/home/tools/Xilinx/Vitis_HLS/2020.2/lnx64/tools/clang-3.9-csynth/bin/opt -pass-remarks-missed=reflow|pasta|unroll -pass-remarks=reflow|pasta|unroll|inline -pass-remarks-output=/nfs/home/xushuoxiang/Machsuite_V0.1/gemm/ncubed/gemm_hls/solution/.autopilot/db/opt.a.g.ld.3.fpc.bc.diag.yml /nfs/home/xushuoxiang/Machsuite_V0.1/gemm/ncubed/gemm_hls/solution/.autopilot/db/a.g.ld.2.m1.bc -reflow-globaldce -hls-top-function-name=gemm -reflow-float-conversion -o /nfs/home/xushuoxiang/Machsuite_V0.1/gemm/ncubed/gemm_hls/solution/.autopilot/db/a.g.ld.3.fpc.bc > /nfs/home/xushuoxiang/Machsuite_V0.1/gemm/ncubed/gemm_hls/solution/.autopilot/db/opt.a.g.ld.3.fpc.bc.out.log 2> /nfs/home/xushuoxiang/Machsuite_V0.1/gemm/ncubed/gemm_hls/solution/.autopilot/db/opt.a.g.ld.3.fpc.bc.err.log 
Command         ap_eval done; 0.48 sec.
INFO-FLOW: 
Command       run_link_or_opt done; 0.5 sec.
Execute       run_link_or_opt -out /nfs/home/xushuoxiang/Machsuite_V0.1/gemm/ncubed/gemm_hls/solution/.autopilot/db/a.g.ld.4.m2.bc -args /nfs/home/xushuoxiang/Machsuite_V0.1/gemm/ncubed/gemm_hls/solution/.autopilot/db/a.g.ld.3.fpc.bc -only-needed /nfs/home/tools/Xilinx/Vitis_HLS/2020.2/lnx64/lib/libfloatconversion_39.bc 
Execute         ap_eval exec -ignorestderr /nfs/home/tools/Xilinx/Vitis_HLS/2020.2/lnx64/tools/clang-3.9-csynth/bin/llvm-link /nfs/home/xushuoxiang/Machsuite_V0.1/gemm/ncubed/gemm_hls/solution/.autopilot/db/a.g.ld.3.fpc.bc -only-needed /nfs/home/tools/Xilinx/Vitis_HLS/2020.2/lnx64/lib/libfloatconversion_39.bc -o /nfs/home/xushuoxiang/Machsuite_V0.1/gemm/ncubed/gemm_hls/solution/.autopilot/db/a.g.ld.4.m2.bc > /nfs/home/xushuoxiang/Machsuite_V0.1/gemm/ncubed/gemm_hls/solution/.autopilot/db/llvm-link.a.g.ld.4.m2.bc.out.log 2> /nfs/home/xushuoxiang/Machsuite_V0.1/gemm/ncubed/gemm_hls/solution/.autopilot/db/llvm-link.a.g.ld.4.m2.bc.err.log 
INFO-FLOW: 
Execute       run_link_or_opt -opt -out /nfs/home/xushuoxiang/Machsuite_V0.1/gemm/ncubed/gemm_hls/solution/.autopilot/db/a.g.ld.5.gdce.bc -args /nfs/home/xushuoxiang/Machsuite_V0.1/gemm/ncubed/gemm_hls/solution/.autopilot/db/a.g.ld.4.m2.bc -reflow-globaldce -hls-top-function-name=gemm 
Execute         ap_eval exec -ignorestderr /nfs/home/tools/Xilinx/Vitis_HLS/2020.2/lnx64/tools/clang-3.9-csynth/bin/opt -pass-remarks-missed=reflow|pasta|unroll -pass-remarks=reflow|pasta|unroll|inline -pass-remarks-output=/nfs/home/xushuoxiang/Machsuite_V0.1/gemm/ncubed/gemm_hls/solution/.autopilot/db/opt.a.g.ld.5.gdce.bc.diag.yml /nfs/home/xushuoxiang/Machsuite_V0.1/gemm/ncubed/gemm_hls/solution/.autopilot/db/a.g.ld.4.m2.bc -reflow-globaldce -hls-top-function-name=gemm -o /nfs/home/xushuoxiang/Machsuite_V0.1/gemm/ncubed/gemm_hls/solution/.autopilot/db/a.g.ld.5.gdce.bc > /nfs/home/xushuoxiang/Machsuite_V0.1/gemm/ncubed/gemm_hls/solution/.autopilot/db/opt.a.g.ld.5.gdce.bc.out.log 2> /nfs/home/xushuoxiang/Machsuite_V0.1/gemm/ncubed/gemm_hls/solution/.autopilot/db/opt.a.g.ld.5.gdce.bc.err.log 
INFO-FLOW: 
Execute       get_solution -flow_target 
Execute       get_config_export -xo 
Execute       get_config_export -format 
Execute       get_config_rtl -module_prefix 
Execute       get_config_interface -default_slave_interface 
Execute       get_solution -flow_target 
Execute       get_config_export -xo 
Execute       get_config_export -format 
Execute       get_config_interface -m_axi_offset 
Execute       get_config_interface -m_axi_latency 
Execute       get_config_interface -m_axi_alignment_byte_size 
Execute       get_config_interface -m_axi_min_bitwidth 
Execute       get_config_interface -m_axi_max_bitwidth 
Execute       get_config_interface -m_axi_max_widen_bitwidth 
Execute       get_config_interface -m_axi_num_read_outstanding 
Execute       get_config_interface -m_axi_num_write_outstanding 
Execute       get_config_interface -m_axi_max_read_burst_length 
Execute       get_config_interface -m_axi_max_write_burst_length 
Execute       get_config_interface -m_axi_min_bitwidth 
Execute       get_config_interface -m_axi_max_bitwidth 
Execute       get_config_interface -m_axi_latency 
Execute       get_config_interface -m_axi_min_bitwidth 
Execute       get_config_interface -m_axi_max_bitwidth 
Execute       get_config_interface -m_axi_max_widen_bitwidth 
Execute       get_config_interface -m_axi_auto_max_ports 
Execute       get_config_interface -m_axi_num_read_outstanding 
Execute       get_config_interface -m_axi_num_write_outstanding 
Execute       get_config_interface -m_axi_max_read_burst_length 
Execute       get_config_interface -m_axi_max_write_burst_length 
Execute       get_config_interface -s_axilite_data64 
Execute       get_config_interface -m_axi_alignment_byte_size 
Execute       get_config_compile -pragma_strict_mode 
Execute       get_config_compile -pipeline_style 
Execute       send_msg_by_id INFO @200-777@%s Vivado 
INFO: [HLS 200-777] Using interface defaults for 'Vivado' flow target.
Execute       is_m_axi_addr64 
INFO-FLOW: Doing LTO.
Execute       ap_eval exec -ignorestderr /nfs/home/tools/Xilinx/Vitis_HLS/2020.2/lnx64/tools/clang-3.9-csynth/bin/clang -foptimization-record-file=/nfs/home/xushuoxiang/Machsuite_V0.1/gemm/ncubed/gemm_hls/solution/.autopilot/db/clang.a.g.ld.0.bc.diag.yml -mllvm -pass-remarks-missed=reflow|pasta|unroll -mllvm -pass-remarks=reflow|pasta|unroll|inline -fhls -mllvm -hls-top-function-name=gemm -mllvm -hls-db-dir -mllvm /nfs/home/xushuoxiang/Machsuite_V0.1/gemm/ncubed/gemm_hls/solution/.autopilot/db -emit-llvm -c -target fpga64-xilinx-none -mllvm -xcl-xmlinfo=/nfs/home/xushuoxiang/Machsuite_V0.1/gemm/ncubed/gemm_hls/solution/.autopilot/db/kernel.internal.xml -mllvm -top-io-mapping-info=/nfs/home/xushuoxiang/Machsuite_V0.1/gemm/ncubed/gemm_hls/solution/.autopilot/db/top-io-fe.xml -mllvm -hls-bitcode-version=3.1 -mllvm -reflow-enable-slave-interface-default-setting=true -mllvm -gen-kernel-xml=false -mllvm -default-maxi-offset=off -mllvm -maxi-latency=0 -mllvm -hls-maxi-data-size-in-bits=8 -mllvm -hls-maxi-max-data-size-in-bits=1024 -mllvm -hls-max-widen-size-in-bits=0 -mllvm -xcl-kernel-max-mem-ports=0 -mllvm -maxi-read-trans=16 -mllvm -maxi-write-trans=16 -mllvm -maxi-read-burst-len=16 -mllvm -maxi-write-burst-len=16 -mllvm -reflow-enable-saxi-64bits=0 -mllvm -assume-maxi-align=0 -mllvm -no-unaligned-maxi-accesses -mllvm -reflow-pipeline-style-llvm-setting=0 -mllvm -disable-inlined-alloca-merging=true -x ir /nfs/home/xushuoxiang/Machsuite_V0.1/gemm/ncubed/gemm_hls/solution/.autopilot/db/a.g.ld.5.gdce.bc -o /nfs/home/xushuoxiang/Machsuite_V0.1/gemm/ncubed/gemm_hls/solution/.autopilot/db/a.g.lto.bc > /nfs/home/xushuoxiang/Machsuite_V0.1/gemm/ncubed/gemm_hls/solution/.autopilot/db/clang.a.g.ld.0.bc.out.log 2> /nfs/home/xushuoxiang/Machsuite_V0.1/gemm/ncubed/gemm_hls/solution/.autopilot/db/clang.a.g.ld.0.bc.err.log 
INFO-FLOW: DBG:CMD: copy_raw_kernel_xml ap_link_39: kernel.xml not generated: /nfs/home/xushuoxiang/Machsuite_V0.1/gemm/ncubed/gemm_hls/solution/.autopilot/db/kernel.internal.xml
INFO: [HLS 200-111] Finished Compiling Optimization and Transform: CPU user time: 1.64 seconds. CPU system time: 0.22 seconds. Elapsed time: 2.14 seconds; current allocated memory: 174.672 MB.
INFO: [HLS 200-111] Finished Checking Pragmas: CPU user time: 0 seconds. CPU system time: 0 seconds. Elapsed time: 0 seconds; current allocated memory: 174.673 MB.
Execute       opt_and_import_c a -opt_level=2 -skip_syncheck=0 -ng=0 -keep_printf=0 
Execute         cleanup_all_models 
INFO: [HLS 200-10] Starting code transformations ...
INFO-FLOW: Running Standard Transforms...
Execute         transform -hls -share-std-xform -demangle-name -inline-byval-memcpy -always-inline -promote-dbg-pointer -interface-preproc -mem2reg -scalarrepl -mem2reg -keep-read-access -instcombine -dce -promote-dbg-pointer -bitop-raise -loop-simplify -indvarspre -indvars -loop-simplify -xunroll -constprop -instcombine -simplifycfg -indvars -simplifycfg -dce -globaldce -basicaa -simplifycfg -mem2reg -globalopt -global-constprop -deadargelim -instcombine -simplifycfg -scalarrepl -instcombine -reassociate -licm -simplifycfg -loop-simplify -indvars -instcombine -simplifycfg -mem2reg -loop-simplify -indvars -instcombine -gvn -gvn -instcombine -adce -break-crit-edges -simplifycfg -loop-delete -global-array-opt -dce -dse -adce -find-syn-modules -top gemm -deadargelim -mem2reg -instcombine -dce -presyn-prepare -auto-rom-infer -interface-preproc -syn-check -check-rec-only -find-region -simplifycfg -func-extr -function-inline -globaldce -mem2reg -instcombine -dce -gvn -globaldce -adce -adse -constprop -instcombine -bit-constprop -instcombine -dce -simplifycfg -bitop-raise -simplifycfg -dce -loop-delete -reassociate -globalopt -global-privatize -mem2reg -dce -global-constprop -pointer-simplify -constprop -dce -func-inst -deadargelim -auto-shift-reg-idiom -promote-dbg-pointer -norm-name /nfs/home/xushuoxiang/Machsuite_V0.1/gemm/ncubed/gemm_hls/solution/.autopilot/db/a.g.0.bc -o /nfs/home/xushuoxiang/Machsuite_V0.1/gemm/ncubed/gemm_hls/solution/.autopilot/db/a.g.1.bc -f -phase std-opt 
INFO: [HLS 200-111] Finished Standard Transforms: CPU user time: 0.01 seconds. CPU system time: 0 seconds. Elapsed time: 0.03 seconds; current allocated memory: 175.916 MB.
INFO: [HLS 200-10] Checking synthesizability ...
INFO-FLOW: Checking Synthesizability 1/2..
Execute         transform -hls -syn-check -check-rec-only -disaggr -scalarrepl -norm-name -dce -mem2reg -instcombine -function-uniquify -directive-preproc -mem2reg -dse -dce -auto-rom-infer -dce -pag -array-normalize -instcombine -dce -array-seg-normalize -instcombine -dce -data-pack -instcombine -dce -inst-simplify -array-flatten -instcombine -dce -array-burst -dce -deadargelim -promote-global-argument -simplifycfg -mem2reg -globaldce -dce -deadargelim -dce -instcombine -function-inline -globaldce -dce -doublePtrSimplify -doublePtrElim -dce -doublePtrSimplify -promote-dbg-pointer -dce -scalarrepl -dse -adse -instcombine -ptrLegalization -simplifycfg -dce -instcombine -pointer-simplify -ptrArgReplace -dce -instcombine -resolve-double-ptr -disaggr -scalarrepl -norm-name -dce -mem2reg -instcombine -ptrLegalization -simplifycfg -deadargelim -instcombine -dce -inst-simplify -function-uniquify -directive-preproc -mem2reg -dse -dce -globaldce -check-dspbuiltin /nfs/home/xushuoxiang/Machsuite_V0.1/gemm/ncubed/gemm_hls/solution/.autopilot/db/a.g.1.bc -o /nfs/home/xushuoxiang/Machsuite_V0.1/gemm/ncubed/gemm_hls/solution/.autopilot/db/a.g.2.prechk.bc -f 
INFO-FLOW: Checking Synthesizability 2/2..
Execute         transform -syn-check /nfs/home/xushuoxiang/Machsuite_V0.1/gemm/ncubed/gemm_hls/solution/.autopilot/db/a.g.2.prechk.bc -o /nfs/home/xushuoxiang/Machsuite_V0.1/gemm/ncubed/gemm_hls/solution/.autopilot/db/a.g.2.bc -f -phase syn-check 
INFO: [HLS 200-111] Finished Checking Synthesizability: CPU user time: 0.01 seconds. CPU system time: 0 seconds. Elapsed time: 0.02 seconds; current allocated memory: 175.136 MB.
INFO-FLOW: Compiler optimizing ...
INFO-FLOW: Share syncheck's 1.bc for syn flow: copy /nfs/home/xushuoxiang/Machsuite_V0.1/gemm/ncubed/gemm_hls/solution/.autopilot/db/a.g.1.bc to /nfs/home/xushuoxiang/Machsuite_V0.1/gemm/ncubed/gemm_hls/solution/.autopilot/db/a.o.1.bc
INFO-FLOW: Presyn 1...
Execute         transform -hls -tmp /nfs/home/xushuoxiang/Machsuite_V0.1/gemm/ncubed/gemm_hls/solution/.autopilot/db -interface-port-rename -function-uniquify -directive-preproc -mem2reg -dse -dce -disaggr -scalarrepl -norm-name -deadargelim -mem2reg -instcombine -dce -simplifycfg -auto-rom-infer -dce -function-uniquify -resource-proc -clib-intrinsic-prepare -dce -func-buffer -dce -pag -array-normalize -func-legal -instcombine -gvn -constprop -dce -simplifycfg -mem2reg -globaldce -resolve-double-ptr -dce -deadargelim -dce -instcombine -ptrArgReplace -mem2reg -dce -array-seg-normalize -deadargelim -instcombine -dce -function-uniquify -directive-preproc -mem2reg -dse -dce -pointer-simplify -dce -port-alignment -dce -interface-preproc -data-pack -instcombine -dce -basicaa -aggr-aa -aggrmodref-aa -aggr-aa -gvn -gvn -basicaa -aggr-aa -aggrmodref-aa -aggr-aa -dse -adse -adce -loop-simplify -indvars -instcombine -gvn -loop-simplify -mem2reg -dce -find-region -instcombine -auto-loop-pipeline -inst-simplify -interface-preproc -cfgopt -instcombine -indvars -auto-loop-unroll -loop-simplify -loop-bound -xunroll -constprop -instcombine -simplifycfg -indvars -simplifycfg -dce -globaldce -clean-region -attach-range -gvn -inst-simplify -constprop -simplifycfg -dce -pointer-simplify -dce -globalopt -constprop -dce -array-promote -constprop -dce -ptrArgReplace -mem2reg -simplifycfg -dce -instcombine -dce -array-transform-check -array-reshape -instcombine -simplifycfg -dce -ptrArgReplace -deadargelim -mem2reg -instcombine -simplifycfg -dce -indvars -loop-simplify -loop-bound -xunroll -constprop -instcombine -simplifycfg -indvars -simplifycfg -dce -globaldce -basicaa -aggr-aa -aggrmodref-aa -aggr-aa -dse -duplicate-dataflow-processes -globaldce -instcombine -array-partition -instcombine -simplifycfg -dce -ptrArgReplace -global-constprop -deadargelim -mem2reg -func-legal -dce -global-constprop -deadargelim -mem2reg -simplifycfg -dce -merge-param -deadargelim -globalopt -constprop -dce -array-promote -constprop -dce -ptrArgReplace -mem2reg -simplifycfg -dce -mem-intrinsic-preproc -dce -global-internalize -global-privatize -mem2reg -globaldce -promote-global-argument -ptrArgReplace -mem2reg -dce -globalopt -mergereturn -simplify-global-access -mem2reg -dce -pointer-simplify -dce -functionattrs -basicaa -aggr-aa -aggrmodref-aa -aggr-aa -gvn -gvn -basicaa -aggr-aa -aggrmodref-aa -aggr-aa -dse -adse -adce -dce -norm-name -basicaa -aggr-aa -aggrmodref-aa -aggr-aa -accesses-merge -function-inline -complex-op-raise -inst-simplify -globaldce -func-inst -constprop -instcombine -simplifycfg -dce -func-legal -dce -loop-bound -arraycheck -bitwidthmin2 -bitwidthmin2 -on-by-dataflow -loop-delete -instcombine -simplifycfg -globaldce -dce -gvn -deadargelim -dce -loop-simplify -clean-region -simplifycfg -propagate-stable-arguments -loop-stream -instcombine -simplifycfg -dce -globaldce -duplicate-dataflow-processes -stream-intrinsic-preproc -dce -check-ap-stream -loop-simplify -eliminate-keepreads -extract-dataflow-in-loop -loop-simplify -dce -gvn -deadargelim -dse -check-dataflow-syntax -legalize-stream-variable -legalize-global -extract-subproc -dce -dead-channel-elimination -canonicalize-gep -globaldce -dce -gvn -hls-dead-arg-elim -deadargelim -directive-preproc -annotate-dataflow-channels -scalar-propagation -deadargelim -globaldce -mem2reg -check-dataflow-channels -function-stream -dce -globaldce -prop-fifo-spec -internal-stream-gen -canonicalize-gep -globaldce -dce -gvn -deadargelim -mergereturn -indvars -loop-simplify -instcombine -array-stream -array-seg-normalize -array-partition -func-legal -instcombine -simplifycfg -dce -bundle-memfifo-ops -deadargelim -function-uniquify -directive-preproc -mem2reg -dse -dce -group-axi-access -licm -simplifycfg -dce -loop-delete -norm-name /nfs/home/xushuoxiang/Machsuite_V0.1/gemm/ncubed/gemm_hls/solution/.autopilot/db/a.o.1.bc -o /nfs/home/xushuoxiang/Machsuite_V0.1/gemm/ncubed/gemm_hls/solution/.autopilot/db/a.o.1.tmp.bc -f 
INFO: [XFORM 203-502] Unrolling all sub-loops inside loop 'middle' (gemm.c:11) in function 'gemm' for pipelining.
WARNING: [XFORM 203-505] Ignored pipeline directive for loop 'inner' (gemm.c:4) because its parent loop or function is pipelined.
WARNING: [XFORM 203-503] Ignored partial unroll directive for loop 'inner' (gemm.c:4) because its parent loop or function is pipelined.
INFO: [HLS 200-489] Unrolling loop 'inner' (gemm.c:4) in function 'gemm' completely with a factor of 64.
INFO-FLOW: Presyn 2...
Execute         transform -hls -keep-callgraph -scalarrepl -mem2reg -port-alignment -attach-range -dce -pipe-mux-gen -indvars -loop-bound -inst-simplify -instcombine -dce -merge-array-access -mem2reg -dce -clean-region -mergereturn -if-conv -instcombine -dce -constprop -basicaa -aggr-aa -aggrmodref-aa -aggr-aa -gvn -gvn -basicaa -aggr-aa -aggrmodref-aa -aggr-aa -dse -adse -adce -scalarrepl -mem2reg -global-constprop -deadargelim -deadargelim -instcombine -dce -simplifycfg -ptrArgReplace -mem2reg -function-inline -globaldce -mem2reg -instcombine -dce -expr-balance -instcombine -dce -bitwidthmin2 -bitwidthmin2 -interface-preproc -directive-preproc -inst-rectify -instcombine -dce -functionattrs -constprop -instcombine -bit-constprop -simplify-global-access -globalopt -globaldce -inst-simplify -instcombine -elimdeaddata -dce -loop-delete -simplifycfg -loop-simplify -auto-burst -barrier -norm-name /nfs/home/xushuoxiang/Machsuite_V0.1/gemm/ncubed/gemm_hls/solution/.autopilot/db/a.o.1.tmp.bc -o /nfs/home/xushuoxiang/Machsuite_V0.1/gemm/ncubed/gemm_hls/solution/.autopilot/db/a.o.2.bc -f -phase presyn 
INFO: [HLS 200-111] Finished Loop, function and other optimizations: CPU user time: 0.14 seconds. CPU system time: 0.01 seconds. Elapsed time: 0.15 seconds; current allocated memory: 197.069 MB.
Execute         get_config_compile -enable_loop_extract 
Execute         get_config_compile -disable_auto_rewind 
Execute         get_config_compile -enable_auto_rewind 
INFO-FLOW: Building ssdm...
Execute         transform -hls -function-uniquify -auto-function-inline -globaldce -ptrArgReplace -mem2reg -dce -reset-lda -loop-simplify -indvars -aggr-aa -licm -loop-dep -loop-bound -licm -loop-simplify -flattenloopnest -array-flatten -gvn -instcombine -dce -array-map -dce -func-legal -gvn -adce -instcombine -cfgopt -simplifycfg -loop-simplify -array-burst -promote-global-argument -dce -array-seg-normalize -basicaa -aggrmodref-aa -globalsmodref-aa -aggr-aa -gvn -gvn -basicaa -aggrmodref-aa -globalsmodref-aa -aggr-aa -dse -adse -adce -licm -inst-simplify -dce -globaldce -instcombine -array-stream -eliminate-keepreads -instcombine -dce -deadargelim -doublePtrSimplify -doublePtrElim -dce -doublePtrSimplify -promote-dbg-pointer -dce -scalarrepl -mem2reg -disaggr -norm-name -mem2reg -instcombine -dse -adse -adce -ptrLegalization -dce -auto-rom-infer -array-flatten -dce -instcombine -check-doubleptr -loop-rot -constprop -cfgopt -simplifycfg -loop-simplify -indvars -pointer-simplify -dce -loop-bound -loop-simplify -loop-preproc -constprop -global-constprop -gvn -mem2reg -instcombine -dce -loop-bound -loop-merge -dce -bitwidthmin2 -bitwidthmin2 -deadargelim -dce -canonicalize-dataflow -dce -scalar-propagation -deadargelim -globaldce -mem2reg -read-loop-dep -interface-preproc -directive-preproc -interface-gen -bram-byte-enable -deadargelim -inst-simplify -dce -gvn -mem2reg -instcombine -dce -adse -loop-bound -instcombine -cfgopt -simplifycfg -loop-simplify -clean-region -io-protocol -find-region -mem2reg -bitop-raise -complex-op-raise -inst-simplify -inst-rectify -instcombine -adce -deadargelim -loop-simplify -phi-opt -bitop-raise -cfgopt -simplifycfg -strip-dead-prototypes -interface-lower -bitop-lower -intrinsic-lower -auto-function-inline -basicaa -aggrmodref-aa -globalsmodref-aa -aggr-aa -inst-simplify -simplifycfg -loop-simplify -mergereturn -inst-simplify -inst-rectify -dce -load-elim -bitop-lower -float-op-raise -loop-rewind -pointer-simplify -dce -cfgopt -dce -loop-bound -loop-dep -read-loop-dep -dce -dyn-mem-reuse -dce -check-stream -norm-name -legalize -validate-dataflow -inst-clarity -bitwidth -dump-loop-dep-to-ir -check-all-ssdm -cdfg-build /nfs/home/xushuoxiang/Machsuite_V0.1/gemm/ncubed/gemm_hls/solution/.autopilot/db/a.o.2.bc -o /nfs/home/xushuoxiang/Machsuite_V0.1/gemm/ncubed/gemm_hls/solution/.autopilot/db/a.o.3.bc -f -phase build-ssdm 
INFO: [XFORM 203-541] Flattening a loop nest 'outer' (gemm.c:4:9) in function 'gemm'.
Command         transform done; 0.13 sec.
INFO: [HLS 200-111] Finished Architecture Synthesis: CPU user time: 0.12 seconds. CPU system time: 0 seconds. Elapsed time: 0.13 seconds; current allocated memory: 194.038 MB.
INFO-FLOW: Finish building internal data model.
Command       opt_and_import_c done; 0.34 sec.
Command     elaborate done; 2.82 sec.
Execute     autosyn -from_csynth_design=1 
INFO: [HLS 200-10] Starting hardware synthesis ...
INFO-FLOW: Synthesizing C/C++ design ...
INFO: [HLS 200-10] Synthesizing 'gemm' ...
Execute       ap_set_top_model gemm 
Execute       get_model_list gemm -filter all-wo-channel -topdown 
Execute       preproc_iomode -model gemm 
Execute       get_model_list gemm -filter all-wo-channel 
INFO-FLOW: Model list for configure: gemm
INFO-FLOW: Configuring Module : gemm ...
Execute       set_default_model gemm 
Execute       apply_spec_resource_limit gemm 
INFO-FLOW: Model list for preprocess: gemm
INFO-FLOW: Preprocessing Module: gemm ...
Execute       set_default_model gemm 
Execute       cdfg_preprocess -model gemm 
Execute       rtl_gen_preprocess gemm 
INFO-FLOW: Model list for synthesis: gemm
INFO: [HLS 200-10] ----------------------------------------------------------------
INFO: [HLS 200-42] -- Implementing module 'gemm' 
INFO: [HLS 200-10] ----------------------------------------------------------------
Execute       set_default_model gemm 
Execute       schedule -model gemm 
INFO: [SCHED 204-11] Starting scheduling ...
INFO: [SCHED 204-61] Pipelining loop 'outer_middle'.
WARNING: [HLS 200-885] Unable to schedule 'load' operation ('m1_load_2', gemm.c:8) on array 'm1' due to limited memory ports. Please consider using a memory core with more ports or partitioning the array 'm1'.
INFO: [HLS 200-1470] Pipelining result : Target II = 1, Final II = 32, Depth = 328, loop 'outer_middle'
INFO: [SCHED 204-11] Finished scheduling.
Command       schedule done; 0.98 sec.
INFO: [HLS 200-111] Finished Scheduling: CPU user time: 0.97 seconds. CPU system time: 0 seconds. Elapsed time: 1 seconds; current allocated memory: 197.404 MB.
Execute       syn_report -verbosereport -o /nfs/home/xushuoxiang/Machsuite_V0.1/gemm/ncubed/gemm_hls/solution/.autopilot/db/gemm.verbose.sched.rpt 
Execute         AP::get_flow_target_display_name
Execute           get_solution -flow_target 
Command       syn_report done; 0.73 sec.
Execute       db_write -o /nfs/home/xushuoxiang/Machsuite_V0.1/gemm/ncubed/gemm_hls/solution/.autopilot/db/gemm.sched.adb -f 
Command       db_write done; 0.19 sec.
INFO-FLOW: Finish scheduling gemm.
Execute       set_default_model gemm 
Execute       bind -model gemm 
INFO: [BIND 205-100] Starting micro-architecture generation ...
INFO: [BIND 205-101] Performing variable lifetime analysis.
INFO: [BIND 205-101] Exploring resource sharing.
INFO: [BIND 205-101] Binding ...
INFO: [BIND 205-100] Finished micro-architecture generation.
Command       bind done; 0.32 sec.
INFO: [HLS 200-111] Finished Binding: CPU user time: 1.06 seconds. CPU system time: 0 seconds. Elapsed time: 1.24 seconds; current allocated memory: 202.538 MB.
Execute       syn_report -verbosereport -o /nfs/home/xushuoxiang/Machsuite_V0.1/gemm/ncubed/gemm_hls/solution/.autopilot/db/gemm.verbose.bind.rpt 
Execute         AP::get_flow_target_display_name
Execute           get_solution -flow_target 
Command       syn_report done; 0.51 sec.
Execute       db_write -o /nfs/home/xushuoxiang/Machsuite_V0.1/gemm/ncubed/gemm_hls/solution/.autopilot/db/gemm.bind.adb -f 
Command       db_write done; 0.29 sec.
INFO-FLOW: Finish binding gemm.
Execute       get_model_list gemm -filter all-wo-channel 
INFO-FLOW: Preprocessing for RTLGen ...
Execute       rtl_gen_preprocess gemm 
INFO-FLOW: Model list for RTL generation: gemm
INFO: [HLS 200-10] ----------------------------------------------------------------
INFO: [HLS 200-10] -- Generating RTL for module 'gemm' 
INFO: [HLS 200-10] ----------------------------------------------------------------
Execute       get_config_rtl -module_prefix 
Execute       get_config_rtl -module_prefix 
Execute       get_config_rtl -module_auto_prefix 
Execute       create_rtl_model gemm -top_prefix  -sub_prefix gemm_ -mg_file /nfs/home/xushuoxiang/Machsuite_V0.1/gemm/ncubed/gemm_hls/solution/.autopilot/db/gemm.compgen.tcl 
INFO: [RTGEN 206-500] Setting interface mode on port 'gemm/m1' to 'ap_memory'.
INFO: [RTGEN 206-500] Setting interface mode on port 'gemm/m2' to 'ap_memory'.
INFO: [RTGEN 206-500] Setting interface mode on port 'gemm/prod' to 'ap_memory'.
INFO: [RTGEN 206-500] Setting interface mode on function 'gemm' to 'ap_ctrl_hs'.
INFO: [RTGEN 206-100] Generating core module 'dadd_64ns_64ns_64_5_full_dsp_1': 2 instance(s).
INFO: [RTGEN 206-100] Generating core module 'dmul_64ns_64ns_64_5_max_dsp_1': 2 instance(s).
INFO: [RTGEN 206-100] Finished creating RTL model for 'gemm'.
Command       create_rtl_model done; 0.13 sec.
INFO: [HLS 200-111] Finished Creating RTL model: CPU user time: 0.68 seconds. CPU system time: 0.02 seconds. Elapsed time: 0.95 seconds; current allocated memory: 208.393 MB.
Execute       source /nfs/home/xushuoxiang/Machsuite_V0.1/gemm/ncubed/gemm_hls/solution/.autopilot/db/gemm.rtl_wrap.cfg.tcl 
Execute       gen_rtl gemm -istop -style xilinx -f -lang vhdl -o /nfs/home/xushuoxiang/Machsuite_V0.1/gemm/ncubed/gemm_hls/solution/syn/vhdl/gemm 
Command       gen_rtl done; 0.16 sec.
Execute       gen_rtl gemm -istop -style xilinx -f -lang vlog -o /nfs/home/xushuoxiang/Machsuite_V0.1/gemm/ncubed/gemm_hls/solution/syn/verilog/gemm 
Execute       syn_report -csynth -model gemm -o /nfs/home/xushuoxiang/Machsuite_V0.1/gemm/ncubed/gemm_hls/solution/syn/report/gemm_csynth.rpt 
Execute         AP::get_flow_target_display_name
Execute           get_solution -flow_target 
Execute       syn_report -rtlxml -model gemm -o /nfs/home/xushuoxiang/Machsuite_V0.1/gemm/ncubed/gemm_hls/solution/syn/report/gemm_csynth.xml 
Execute         get_solution -flow_target
Execute           get_solution -flow_target 
Execute       syn_report -verbosereport -model gemm -o /nfs/home/xushuoxiang/Machsuite_V0.1/gemm/ncubed/gemm_hls/solution/.autopilot/db/gemm.verbose.rpt 
Execute         AP::get_flow_target_display_name
Execute           get_solution -flow_target 
Command       syn_report done; 0.59 sec.
Execute       db_write -model gemm -f -o /nfs/home/xushuoxiang/Machsuite_V0.1/gemm/ncubed/gemm_hls/solution/.autopilot/db/gemm.adb 
Command       db_write done; 0.26 sec.
Execute       gen_tb_info gemm -p /nfs/home/xushuoxiang/Machsuite_V0.1/gemm/ncubed/gemm_hls/solution/.autopilot/db -o /nfs/home/xushuoxiang/Machsuite_V0.1/gemm/ncubed/gemm_hls/solution/.autopilot/db/gemm 
Execute       export_constraint_db -f -tool general -o /nfs/home/xushuoxiang/Machsuite_V0.1/gemm/ncubed/gemm_hls/solution/.autopilot/db/gemm.constraint.tcl 
Execute       syn_report -designview -model gemm -o /nfs/home/xushuoxiang/Machsuite_V0.1/gemm/ncubed/gemm_hls/solution/.autopilot/db/gemm.design.xml 
Command       syn_report done; 0.15 sec.
Execute       syn_report -csynthDesign -model gemm -o /nfs/home/xushuoxiang/Machsuite_V0.1/gemm/ncubed/gemm_hls/solution/syn/report/csynth.rpt 
Execute         AP::get_flow_target_display_name
Execute           get_solution -flow_target 
Execute       get_config_rtl -disable_wave_debug 
Execute       syn_report -wcfg -model gemm -o /nfs/home/xushuoxiang/Machsuite_V0.1/gemm/ncubed/gemm_hls/solution/.autopilot/db/gemm_dataflow_ana.wcfg 
Execute       syn_report -protoinst -model gemm -o /nfs/home/xushuoxiang/Machsuite_V0.1/gemm/ncubed/gemm_hls/solution/.autopilot/db/gemm.protoinst 
Execute       get_config_debug -directory 
Execute       sc_get_clocks gemm 
Execute       get_config_export -vivado_clock 
Execute       get_config_rtl -module_prefix 
Execute       get_config_rtl -module_prefix 
Execute       get_config_rtl -module_auto_prefix 
Execute       sc_get_portdomain gemm 
INFO-FLOW: Model list for RTL component generation: gemm
INFO-FLOW: Handling components in module [gemm] ... 
Execute       source /nfs/home/xushuoxiang/Machsuite_V0.1/gemm/ncubed/gemm_hls/solution/.autopilot/db/gemm.compgen.tcl 
INFO-FLOW: Found component gemm_dadd_64ns_64ns_64_5_full_dsp_1.
INFO-FLOW: Append model gemm_dadd_64ns_64ns_64_5_full_dsp_1
INFO-FLOW: Found component gemm_dmul_64ns_64ns_64_5_max_dsp_1.
INFO-FLOW: Append model gemm_dmul_64ns_64ns_64_5_max_dsp_1
INFO-FLOW: Append model gemm
INFO-FLOW: Generating RTL model list ...
INFO-FLOW: All models in this session: gemm_dadd_64ns_64ns_64_5_full_dsp_1 gemm_dmul_64ns_64ns_64_5_max_dsp_1 gemm
INFO-FLOW: To file: write model gemm_dadd_64ns_64ns_64_5_full_dsp_1
INFO-FLOW: To file: write model gemm_dmul_64ns_64ns_64_5_max_dsp_1
INFO-FLOW: To file: write model gemm
INFO-FLOW: Finished generating RTL model list.


INFO-FLOW: RTL Generation done.
INFO-FLOW: CAS Generation done.
INFO-FLOW: CBC Generation done.
Execute       get_top 
Execute       get_config_export -ipname 
Execute       get_config_export -xo 
Execute       get_config_export -format 
Execute       get_config_rtl -module_auto_prefix 
INFO-FLOW: DBG:CMD:   auto_impl: set ipname to top (module_auto_prefix): gemm
INFO-FLOW: DBG:CMD: auto_generate_csynth_design
INFO-FLOW: DBG:CMD:     auto_generate --sim-model -phase csynth_design -d /nfs/home/xushuoxiang/Machsuite_V0.1/gemm/ncubed/gemm_hls/solution
Execute       get_solution -flow_target 
Execute       get_config_export -xo 
Execute       get_config_export -format 
Execute       source /nfs/home/xushuoxiang/Machsuite_V0.1/gemm/ncubed/gemm_hls/solution/.autopilot/db/global.setting.tcl 
INFO-FLOW: DBG:CMD: read_platform_lib /nfs/home/xushuoxiang/Machsuite_V0.1/gemm/ncubed/gemm_hls/solution/.autopilot/db/global.setting.tcl
Execute       source /nfs/home/tools/Xilinx/Vitis_HLS/2020.2/common/technology/generic/autopilot/common.gen 
Execute         source /nfs/home/tools/Xilinx/Vitis_HLS/2020.2/common/technology/generic/autopilot/APCoreGen.gen 
Execute       source /nfs/home/tools/Xilinx/Vitis_HLS/2020.2/common/technology/generic/autopilot/op.gen 
Execute       source /nfs/home/tools/Xilinx/Vitis_HLS/2020.2/common/technology/generic/autopilot/op_simcore.gen 
Execute       source /nfs/home/tools/Xilinx/Vitis_HLS/2020.2/common/technology/generic/autopilot/interface.gen 
Execute       source /nfs/home/xushuoxiang/Machsuite_V0.1/gemm/ncubed/gemm_hls/solution/.autopilot/db/global.setting.tcl 
Execute       source /nfs/home/tools/Xilinx/Vitis_HLS/2020.2/common/technology/xilinx/common/xilinx.gen 
Execute         source /nfs/home/tools/Xilinx/Vitis_HLS/2020.2/common/technology/xilinx/interface/plb46.gen 
Execute         source /nfs/home/tools/Xilinx/Vitis_HLS/2020.2/common/technology/xilinx/interface/axi4.gen 
Execute         source /nfs/home/tools/Xilinx/Vitis_HLS/2020.2/common/technology/xilinx/interface/nativeAXI4.gen 
Execute           source /nfs/home/tools/Xilinx/Vitis_HLS/2020.2/common/technology/xilinx/interface/saxilite.gen 
Execute           source /nfs/home/tools/Xilinx/Vitis_HLS/2020.2/common/technology/xilinx/interface/maxi.gen 
Execute         source /nfs/home/tools/Xilinx/Vitis_HLS/2020.2/common/technology/xilinx/scripts/xilinxcoregen.gen 
Execute         source /nfs/home/tools/Xilinx/Vitis_HLS/2020.2/common/technology/xilinx/interface/XilEDKCoreGen.gen 
Execute         source /nfs/home/tools/Xilinx/Vitis_HLS/2020.2/common/technology/xilinx/ip/dds_compiler.gen 
Execute         source /nfs/home/tools/Xilinx/Vitis_HLS/2020.2/common/technology/xilinx/ip/util.gen 
Execute         source /nfs/home/tools/Xilinx/Vitis_HLS/2020.2/common/technology/xilinx/ip/xfft.gen 
Execute         source /nfs/home/tools/Xilinx/Vitis_HLS/2020.2/common/technology/xilinx/ip/xfir.gen 
Execute         source /nfs/home/tools/Xilinx/Vitis_HLS/2020.2/common/technology/xilinx/DSP48/dsp48.gen 
INFO-FLOW: DBG:CMD:   using AESL_AUTOCG::g_clock_period=10.000 (was NA)
INFO-FLOW: DBG:CMD:       generate_ip_cores sim=1 export=0 expOnly=0 dstVlogDir=syn/verilog
Execute       source /nfs/home/xushuoxiang/Machsuite_V0.1/gemm/ncubed/gemm_hls/solution/.autopilot/db/global.setting.tcl 
Execute       ap_part_info -name xc7v585t-ffg1761-2 -data names -quiet 
Execute       ap_part_info -name xc7v585t-ffg1761-2 -data info -quiet 
Execute       source /nfs/home/xushuoxiang/Machsuite_V0.1/gemm/ncubed/gemm_hls/solution/.autopilot/db/global.setting.tcl 
Execute       source /nfs/home/xushuoxiang/Machsuite_V0.1/gemm/ncubed/gemm_hls/solution/.autopilot/db/global.setting.tcl 
Execute       source /nfs/home/xushuoxiang/Machsuite_V0.1/gemm/ncubed/gemm_hls/solution/.autopilot/db/gemm.compgen.tcl 
Execute         ap_part_info -name xc7v585t-ffg1761-2 -data names -quiet 
Execute         ap_part_info -name xc7v585t-ffg1761-2 -data info -quiet 
Execute         ap_part_info -name xc7v585t-ffg1761-2 -data names -quiet 
Execute         ap_part_info -name xc7v585t-ffg1761-2 -data info -quiet 
Command       ap_source done; 0.22 sec.
INFO-FLOW: DBG:CMD:     auto_generate -export -impltomg_flag -rtl both -tool Vivado -pcore_version 1.00.a -phase csynth_design -d /nfs/home/xushuoxiang/Machsuite_V0.1/gemm/ncubed/gemm_hls/solution
Execute       get_solution -flow_target 
Execute       get_config_export -xo 
Execute       get_config_export -format 
Execute       source /nfs/home/xushuoxiang/Machsuite_V0.1/gemm/ncubed/gemm_hls/solution/.autopilot/db/global.setting.tcl 
INFO-FLOW: DBG:CMD: read_platform_lib /nfs/home/xushuoxiang/Machsuite_V0.1/gemm/ncubed/gemm_hls/solution/.autopilot/db/global.setting.tcl
Execute       source /nfs/home/tools/Xilinx/Vitis_HLS/2020.2/common/technology/generic/autopilot/common.gen 
Execute         source /nfs/home/tools/Xilinx/Vitis_HLS/2020.2/common/technology/generic/autopilot/APCoreGen.gen 
Execute       source /nfs/home/tools/Xilinx/Vitis_HLS/2020.2/common/technology/generic/autopilot/op.gen 
Execute       source /nfs/home/tools/Xilinx/Vitis_HLS/2020.2/common/technology/generic/autopilot/op_simcore.gen 
Execute       source /nfs/home/tools/Xilinx/Vitis_HLS/2020.2/common/technology/generic/autopilot/interface.gen 
Execute       source /nfs/home/xushuoxiang/Machsuite_V0.1/gemm/ncubed/gemm_hls/solution/.autopilot/db/global.setting.tcl 
Execute       source /nfs/home/tools/Xilinx/Vitis_HLS/2020.2/common/technology/xilinx/common/xilinx.gen 
Execute         source /nfs/home/tools/Xilinx/Vitis_HLS/2020.2/common/technology/xilinx/interface/plb46.gen 
Execute         source /nfs/home/tools/Xilinx/Vitis_HLS/2020.2/common/technology/xilinx/interface/axi4.gen 
Execute         source /nfs/home/tools/Xilinx/Vitis_HLS/2020.2/common/technology/xilinx/interface/nativeAXI4.gen 
Execute           source /nfs/home/tools/Xilinx/Vitis_HLS/2020.2/common/technology/xilinx/interface/saxilite.gen 
Execute           source /nfs/home/tools/Xilinx/Vitis_HLS/2020.2/common/technology/xilinx/interface/maxi.gen 
Execute         source /nfs/home/tools/Xilinx/Vitis_HLS/2020.2/common/technology/xilinx/scripts/xilinxcoregen.gen 
Execute         source /nfs/home/tools/Xilinx/Vitis_HLS/2020.2/common/technology/xilinx/interface/XilEDKCoreGen.gen 
Execute         source /nfs/home/tools/Xilinx/Vitis_HLS/2020.2/common/technology/xilinx/ip/dds_compiler.gen 
Execute         source /nfs/home/tools/Xilinx/Vitis_HLS/2020.2/common/technology/xilinx/ip/util.gen 
Execute         source /nfs/home/tools/Xilinx/Vitis_HLS/2020.2/common/technology/xilinx/ip/xfft.gen 
Execute         source /nfs/home/tools/Xilinx/Vitis_HLS/2020.2/common/technology/xilinx/ip/xfir.gen 
Execute         source /nfs/home/tools/Xilinx/Vitis_HLS/2020.2/common/technology/xilinx/DSP48/dsp48.gen 
INFO-FLOW: DBG:CMD:       initCTypeInfo top_module=gemm xml_exists=0
Execute       source /nfs/home/xushuoxiang/Machsuite_V0.1/gemm/ncubed/gemm_hls/solution/.autopilot/db/gemm.rtl_wrap.cfg.tcl 
Execute       source /nfs/home/xushuoxiang/Machsuite_V0.1/gemm/ncubed/gemm_hls/solution/.autopilot/db/gemm.rtl_wrap.cfg.tcl 
Execute       source /nfs/home/xushuoxiang/Machsuite_V0.1/gemm/ncubed/gemm_hls/solution/.autopilot/db/gemm.rtl_wrap.cfg.tcl 
Execute       source /nfs/home/xushuoxiang/Machsuite_V0.1/gemm/ncubed/gemm_hls/solution/.autopilot/db/gemm.tbgen.tcl 
Execute       source /nfs/home/xushuoxiang/Machsuite_V0.1/gemm/ncubed/gemm_hls/solution/.autopilot/db/gemm.tbgen.tcl 
INFO-FLOW: DBG:CMD:       export_impl_rtl
INFO-FLOW: DBG:CMD:       generate_ip_cores sim=0 export=0 expOnly=0 dstVlogDir=impl/.verilog
Execute       source /nfs/home/xushuoxiang/Machsuite_V0.1/gemm/ncubed/gemm_hls/solution/.autopilot/db/global.setting.tcl 
Execute       source /nfs/home/xushuoxiang/Machsuite_V0.1/gemm/ncubed/gemm_hls/solution/.autopilot/db/gemm.compgen.tcl 
Execute         ap_part_info -name xc7v585t-ffg1761-2 -data names -quiet 
Execute         ap_part_info -name xc7v585t-ffg1761-2 -data info -quiet 
Execute         ap_part_info -name xc7v585t-ffg1761-2 -data names -quiet 
Execute         ap_part_info -name xc7v585t-ffg1761-2 -data info -quiet 
INFO-FLOW: DBG:CMD:       generate_ip_cores sim=0 export=1 expOnly=1 dstVlogDir=impl/.pcores/verilog
Execute       source /nfs/home/xushuoxiang/Machsuite_V0.1/gemm/ncubed/gemm_hls/solution/.autopilot/db/global.setting.tcl 
Execute       source /nfs/home/xushuoxiang/Machsuite_V0.1/gemm/ncubed/gemm_hls/solution/.autopilot/db/gemm.compgen.tcl 
Execute         ap_part_info -name xc7v585t-ffg1761-2 -data names -quiet 
Execute         ap_part_info -name xc7v585t-ffg1761-2 -data info -quiet 
Execute         ap_part_info -name xc7v585t-ffg1761-2 -data names -quiet 
Execute         ap_part_info -name xc7v585t-ffg1761-2 -data info -quiet 
Execute         source /nfs/home/xushuoxiang/Machsuite_V0.1/gemm/ncubed/gemm_hls/solution/.autopilot/db/gemm.tbgen.tcl 
Execute         source /nfs/home/xushuoxiang/Machsuite_V0.1/gemm/ncubed/gemm_hls/solution/.autopilot/db/gemm.tbgen.tcl 
Execute         source /nfs/home/xushuoxiang/Machsuite_V0.1/gemm/ncubed/gemm_hls/solution/.autopilot/db/gemm.tbgen.tcl 
Execute         ap_part_info -name xc7v585t-ffg1761-2 -data names -quiet 
Execute         ap_part_info -name xc7v585t-ffg1761-2 -data info -quiet 
Execute         ap_part_info -name xc7v585t-ffg1761-2 -data names -quiet 
Execute         ap_part_info -name xc7v585t-ffg1761-2 -data info -quiet 
Execute         ap_part_info -name xc7v585t-ffg1761-2 -data names -quiet 
Execute         ap_part_info -name xc7v585t-ffg1761-2 -data info -quiet 
Execute         ap_part_info -name xc7v585t-ffg1761-2 -data names -quiet 
Execute         ap_part_info -name xc7v585t-ffg1761-2 -data info -quiet 
Execute         ap_part_info -name xc7v585t-ffg1761-2 -data names -quiet 
Execute         ap_part_info -name xc7v585t-ffg1761-2 -data info -quiet 
Execute       ap_part_info -name xc7v585t-ffg1761-2 -data names -quiet 
Execute       ap_part_info -name xc7v585t-ffg1761-2 -data info -quiet 
INFO-FLOW: DBG:CMD:       generate_ip_cores sim=0 export=0 expOnly=0 dstVlogDir=impl/.pcores/verilog_sim
Execute       source /nfs/home/xushuoxiang/Machsuite_V0.1/gemm/ncubed/gemm_hls/solution/.autopilot/db/global.setting.tcl 
Execute       source /nfs/home/xushuoxiang/Machsuite_V0.1/gemm/ncubed/gemm_hls/solution/.autopilot/db/gemm.compgen.tcl 
Execute       ap_part_info -name xc7v585t-ffg1761-2 -data names -quiet 
Execute       ap_part_info -name xc7v585t-ffg1761-2 -data info -quiet 
Execute       ap_part_info -name xc7v585t-ffg1761-2 -data names -quiet 
Execute       ap_part_info -name xc7v585t-ffg1761-2 -data info -quiet 
Execute       source /nfs/home/xushuoxiang/Machsuite_V0.1/gemm/ncubed/gemm_hls/solution/.autopilot/db/global.setting.tcl 
Execute       ap_part_info -name xc7v585t-ffg1761-2 -data names -quiet 
Execute       ap_part_info -name xc7v585t-ffg1761-2 -data info -quiet 
Execute       source /nfs/home/xushuoxiang/Machsuite_V0.1/gemm/ncubed/gemm_hls/solution/.autopilot/db/gemm.constraint.tcl 
Execute       source /nfs/home/xushuoxiang/Machsuite_V0.1/gemm/ncubed/gemm_hls/solution/.autopilot/db/gemm.tbgen.tcl 
INFO-FLOW: DBG:CMD:       hasPcoreIpAdapter=false #gSsdmPorts=8
INFO-FLOW: DBG:CMD: Skipping loadAnalyze_DB, #g_database=3
INFO-FLOW: DBG:CMD:       generate_json is_phase_csynth=1 g_has_adaptors=false generate_bd_files=0 #modelList=3 #gSsdmPorts=8
Execute       source /nfs/home/tools/Xilinx/Vitis_HLS/2020.2/tps/tcl/tcllib1.11.1/fileutil/fileutil.tcl 
Execute       source /nfs/home/xushuoxiang/Machsuite_V0.1/gemm/ncubed/gemm_hls/solution/.autopilot/db/global.setting.tcl 
Execute       source /nfs/home/xushuoxiang/Machsuite_V0.1/gemm/ncubed/gemm_hls/solution/.autopilot/db/global.setting.tcl 
Execute       source /nfs/home/xushuoxiang/Machsuite_V0.1/gemm/ncubed/gemm_hls/solution/.autopilot/db/top-io-be.tcl 
Execute       source /nfs/home/xushuoxiang/Machsuite_V0.1/gemm/ncubed/gemm_hls/solution/.autopilot/db/gemm.tbgen.tcl 
Execute       source /nfs/home/xushuoxiang/Machsuite_V0.1/gemm/ncubed/gemm_hls/solution/.autopilot/db/gemm.rtl_wrap.cfg.tcl 
Execute       source /nfs/home/xushuoxiang/Machsuite_V0.1/gemm/ncubed/gemm_hls/solution/.autopilot/db/gemm.compgen.dataonly.tcl 
Execute       get_config_export -format 
Execute       ap_part_info -name xc7v585t-ffg1761-2 -data names -quiet 
Execute       ap_part_info -name xc7v585t-ffg1761-2 -data info -quiet 
Execute       source /nfs/home/xushuoxiang/Machsuite_V0.1/gemm/ncubed/gemm_hls/solution/.autopilot/db/gemm.tbgen.tcl 
Execute       source /nfs/home/xushuoxiang/Machsuite_V0.1/gemm/ncubed/gemm_hls/solution/.autopilot/db/global.setting.tcl 
Execute       ap_part_info -name xc7v585t-ffg1761-2 -data names -quiet 
Execute       ap_part_info -name xc7v585t-ffg1761-2 -data info -quiet 
Execute       get_solution -flow_target 
Execute       get_config_rtl -kernel_profile 
Execute       get_config_rtl -kernel_profile 
Execute       get_config_rtl -stall_sig_gen 
Execute       get_config_rtl -profile 
Execute       source /nfs/home/xushuoxiang/Machsuite_V0.1/gemm/ncubed/gemm_hls/solution/.autopilot/db/gemm.constraint.tcl 
Execute       sc_get_clocks gemm 
Execute       source /nfs/home/xushuoxiang/Machsuite_V0.1/gemm/ncubed/gemm_hls/solution/.autopilot/db/global.setting.tcl 
Execute       get_config_debug -directory 
Execute       source /nfs/home/xushuoxiang/Machsuite_V0.1/gemm/ncubed/gemm_hls/solution/impl/misc/gemm_ap_dadd_3_full_dsp_64_ip.tcl 
Execute       source /nfs/home/xushuoxiang/Machsuite_V0.1/gemm/ncubed/gemm_hls/solution/impl/misc/gemm_ap_dmul_3_max_dsp_64_ip.tcl 
INFO-FLOW: DBG:CMD:       delete-temp-dirs (skipped for debug)
INFO: [HLS 200-111] Finished Generating all RTL models: CPU user time: 1.88 seconds. CPU system time: 0.07 seconds. Elapsed time: 2.97 seconds; current allocated memory: 227.933 MB.
INFO: [VHDL 208-304] Generating VHDL RTL for gemm.
INFO: [VLOG 209-307] Generating Verilog RTL for gemm.
INFO-FLOW: DBG:CMD:       update_csynth_xml_report append design.xml content design_xml=/nfs/home/xushuoxiang/Machsuite_V0.1/gemm/ncubed/gemm_hls/solution/.autopilot/db/gemm.design.xml
INFO-FLOW: DBG:CMD:       update_csynth_xml_report json2reportxml
INFO-FLOW: DBG:CMD:       update_csynth_xml_report done
Execute       syn_report -model gemm -printsummary 
INFO: [HLS 200-790] **** Loop Constraint Status: All loop constraints were NOT satisfied.
INFO: [HLS 200-789] **** Estimated Fmax: 130.35 MHz
Command     autosyn done; 6.22 sec.
Command   csynth_design done; 9.05 sec.
INFO: [HLS 200-111] Finished Command csynth_design CPU user time: 6.76 seconds. CPU system time: 0.42 seconds. Elapsed time: 9.05 seconds; current allocated memory: 228.085 MB.
Execute   cosim_design -rtl verilog -tool xsim -trace_level all 
INFO: [HLS 200-1510] Running: cosim_design -rtl verilog -tool xsim -trace_level all 
Execute     source /nfs/home/xushuoxiang/Machsuite_V0.1/gemm/ncubed/gemm_hls/solution/.autopilot/db/global.setting.tcl 
Execute     source /nfs/home/xushuoxiang/Machsuite_V0.1/gemm/ncubed/gemm_hls/solution/.autopilot/db/global.setting.tcl 
Execute     source /nfs/home/xushuoxiang/Machsuite_V0.1/gemm/ncubed/gemm_hls/solution/.autopilot/db/global.setting.tcl 
INFO-FLOW: DBG:CMD: read_platform_lib /nfs/home/xushuoxiang/Machsuite_V0.1/gemm/ncubed/gemm_hls/solution/.autopilot/db/global.setting.tcl
Execute     source /nfs/home/tools/Xilinx/Vitis_HLS/2020.2/common/technology/generic/autopilot/common.gen 
Execute       source /nfs/home/tools/Xilinx/Vitis_HLS/2020.2/common/technology/generic/autopilot/APCoreGen.gen 
Execute     source /nfs/home/tools/Xilinx/Vitis_HLS/2020.2/common/technology/generic/autopilot/op.gen 
Execute     source /nfs/home/tools/Xilinx/Vitis_HLS/2020.2/common/technology/generic/autopilot/op_simcore.gen 
Execute     source /nfs/home/tools/Xilinx/Vitis_HLS/2020.2/common/technology/generic/autopilot/interface.gen 
Execute     source /nfs/home/xushuoxiang/Machsuite_V0.1/gemm/ncubed/gemm_hls/solution/.autopilot/db/global.setting.tcl 
Execute     source /nfs/home/tools/Xilinx/Vitis_HLS/2020.2/common/technology/xilinx/common/xilinx.gen 
Execute       source /nfs/home/tools/Xilinx/Vitis_HLS/2020.2/common/technology/xilinx/interface/plb46.gen 
Execute       source /nfs/home/tools/Xilinx/Vitis_HLS/2020.2/common/technology/xilinx/interface/axi4.gen 
Execute       source /nfs/home/tools/Xilinx/Vitis_HLS/2020.2/common/technology/xilinx/interface/nativeAXI4.gen 
Execute         source /nfs/home/tools/Xilinx/Vitis_HLS/2020.2/common/technology/xilinx/interface/saxilite.gen 
Execute         source /nfs/home/tools/Xilinx/Vitis_HLS/2020.2/common/technology/xilinx/interface/maxi.gen 
Execute       source /nfs/home/tools/Xilinx/Vitis_HLS/2020.2/common/technology/xilinx/scripts/xilinxcoregen.gen 
Execute       source /nfs/home/tools/Xilinx/Vitis_HLS/2020.2/common/technology/xilinx/interface/XilEDKCoreGen.gen 
Execute       source /nfs/home/tools/Xilinx/Vitis_HLS/2020.2/common/technology/xilinx/ip/dds_compiler.gen 
Execute       source /nfs/home/tools/Xilinx/Vitis_HLS/2020.2/common/technology/xilinx/ip/util.gen 
Execute       source /nfs/home/tools/Xilinx/Vitis_HLS/2020.2/common/technology/xilinx/ip/xfft.gen 
Execute       source /nfs/home/tools/Xilinx/Vitis_HLS/2020.2/common/technology/xilinx/ip/xfir.gen 
Execute       source /nfs/home/tools/Xilinx/Vitis_HLS/2020.2/common/technology/xilinx/DSP48/dsp48.gen 
Execute     ap_part_info -name xc7v585t-ffg1761-2 -data names -quiet 
Execute     ap_part_info -name xc7v585t-ffg1761-2 -data info -quiet 
Execute     source /nfs/home/xushuoxiang/Machsuite_V0.1/gemm/ncubed/gemm_hls/solution/.autopilot/db/global.setting.tcl 
Execute     source /nfs/home/xushuoxiang/Machsuite_V0.1/gemm/ncubed/gemm_hls/solution/.autopilot/db/gemm.rtl_wrap.cfg.tcl 
Execute     source /nfs/home/xushuoxiang/Machsuite_V0.1/gemm/ncubed/gemm_hls/solution/.autopilot/db/gemm.tbgen.tcl 
Execute     source /nfs/home/xushuoxiang/Machsuite_V0.1/gemm/ncubed/gemm_hls/solution/.autopilot/db/gemm.tbgen.tcl 
Execute     source /nfs/home/xushuoxiang/Machsuite_V0.1/gemm/ncubed/gemm_hls/solution/.autopilot/db/gemm.tbgen.tcl 
INFO: [COSIM 212-47] Using XSIM for RTL simulation.
INFO: [COSIM 212-14] Instrumenting C test bench ...
Execute     ap_part_info -name xc7v585t-ffg1761-2 -data info 
Execute     ap_eval exec -ignorestderr /nfs/home/tools/Xilinx/Vitis_HLS/2020.2/lnx64/tools/clang-3.9-csynth/bin/clang -gcc-toolchain /nfs/home/tools/Xilinx/Vitis_HLS/2020.2/lnx64/tools/gcc -foptimization-record-file=/nfs/home/xushuoxiang/Machsuite_V0.1/gemm/ncubed/gemm_hls/solution/.autopilot/db/clang.autosim-tb.harness.c.diag.yml -mllvm -pass-remarks-missed=reflow|pasta|unroll -mllvm -pass-remarks=reflow|pasta|unroll|inline -fno-builtin-isinf -fno-builtin-isnan -E -Wno-unknown-pragmas -Wno-unknown-pragmas -DGCC_COMPATIBLE_APINT -DAESL_TB -D__VITIS_HLS__ -I /usr/include/x86_64-linux-gnu -I /nfs/home/tools/Xilinx/Vitis_HLS/2020.2/include -I /nfs/home/tools/Xilinx/Vitis_HLS/2020.2/lnx64/tools/systemc/include /nfs/home/xushuoxiang/Machsuite_V0.1/common/harness.c -o /nfs/home/xushuoxiang/Machsuite_V0.1/gemm/ncubed/gemm_hls/solution/./sim/autowrap/testbench/harness.c_pre.c -std=gnu89 -D__DSP48E1__ > /nfs/home/xushuoxiang/Machsuite_V0.1/gemm/ncubed/gemm_hls/solution/.autopilot/db/clang.autosim-tb.harness.c.out.log 2> /nfs/home/xushuoxiang/Machsuite_V0.1/gemm/ncubed/gemm_hls/solution/.autopilot/db/clang.autosim-tb.harness.c.err.log 
INFO-FLOW: TB processing: /nfs/home/xushuoxiang/Machsuite_V0.1/common/harness.c /nfs/home/xushuoxiang/Machsuite_V0.1/gemm/ncubed/gemm_hls/solution/./sim/autowrap/testbench/harness.c_pre.c
Execute     clang_tidy xilinx-tb-process /nfs/home/xushuoxiang/Machsuite_V0.1/gemm/ncubed/gemm_hls/solution/./sim/autowrap/testbench/harness.c_pre.c.tb.c std=gnu89 
INFO-FLOW: exec /nfs/home/tools/Xilinx/Vitis_HLS/2020.2/lnx64/tools/clang-3.9-csynth/bin/clang-tidy -header-filter=.* --checks=-*,xilinx-tb-process -fix-errors /nfs/home/xushuoxiang/Machsuite_V0.1/gemm/ncubed/gemm_hls/solution/./sim/autowrap/testbench/harness.c_pre.c.tb.c -- -std=gnu89 -fhls -ferror-limit=0
Execute     ap_part_info -name xc7v585t-ffg1761-2 -data info 
Execute     ap_eval exec -ignorestderr /nfs/home/tools/Xilinx/Vitis_HLS/2020.2/lnx64/tools/clang-3.9-csynth/bin/clang -gcc-toolchain /nfs/home/tools/Xilinx/Vitis_HLS/2020.2/lnx64/tools/gcc -foptimization-record-file=/nfs/home/xushuoxiang/Machsuite_V0.1/gemm/ncubed/gemm_hls/solution/.autopilot/db/clang.autosim-tb.gemm.c.diag.yml -mllvm -pass-remarks-missed=reflow|pasta|unroll -mllvm -pass-remarks=reflow|pasta|unroll|inline -fno-builtin-isinf -fno-builtin-isnan -E -DGCC_COMPATIBLE_APINT -DAESL_TB -D__VITIS_HLS__ -I /usr/include/x86_64-linux-gnu -I /nfs/home/tools/Xilinx/Vitis_HLS/2020.2/include -I /nfs/home/tools/Xilinx/Vitis_HLS/2020.2/lnx64/tools/systemc/include /nfs/home/xushuoxiang/Machsuite_V0.1/gemm/ncubed/gemm.c -o /nfs/home/xushuoxiang/Machsuite_V0.1/gemm/ncubed/gemm_hls/solution/./sim/autowrap/testbench/gemm.c_pre.c -std=gnu89 -D__DSP48E1__ > /nfs/home/xushuoxiang/Machsuite_V0.1/gemm/ncubed/gemm_hls/solution/.autopilot/db/clang.autosim-tb.gemm.c.out.log 2> /nfs/home/xushuoxiang/Machsuite_V0.1/gemm/ncubed/gemm_hls/solution/.autopilot/db/clang.autosim-tb.gemm.c.err.log 
INFO-FLOW: TB processing: /nfs/home/xushuoxiang/Machsuite_V0.1/gemm/ncubed/gemm.c /nfs/home/xushuoxiang/Machsuite_V0.1/gemm/ncubed/gemm_hls/solution/./sim/autowrap/testbench/gemm.c_pre.c
Execute     clang_tidy xilinx-tb-process /nfs/home/xushuoxiang/Machsuite_V0.1/gemm/ncubed/gemm_hls/solution/./sim/autowrap/testbench/gemm.c_pre.c.tb.c std=gnu89 
INFO-FLOW: exec /nfs/home/tools/Xilinx/Vitis_HLS/2020.2/lnx64/tools/clang-3.9-csynth/bin/clang-tidy -header-filter=.* --checks=-*,xilinx-tb-process -fix-errors /nfs/home/xushuoxiang/Machsuite_V0.1/gemm/ncubed/gemm_hls/solution/./sim/autowrap/testbench/gemm.c_pre.c.tb.c -- -std=gnu89 -fhls -ferror-limit=0
Execute     source /nfs/home/xushuoxiang/Machsuite_V0.1/gemm/ncubed/gemm_hls/solution/./sim/autowrap/testbench/tb.status.tcl 
Execute     source /nfs/home/xushuoxiang/Machsuite_V0.1/gemm/ncubed/gemm_hls/solution/.autopilot/db/global.setting.tcl 
Execute     source /nfs/home/xushuoxiang/Machsuite_V0.1/gemm/ncubed/gemm_hls/solution/.autopilot/db/gemm.rtl_wrap.cfg.tcl 
Execute     source /nfs/home/xushuoxiang/Machsuite_V0.1/gemm/ncubed/gemm_hls/solution/.autopilot/db/gemm.rtl_wrap.cfg.tcl 
Execute     source /nfs/home/xushuoxiang/Machsuite_V0.1/gemm/ncubed/gemm_hls/solution/.autopilot/db/gemm.rtl_wrap.cfg.tcl 
Execute     source /nfs/home/xushuoxiang/Machsuite_V0.1/gemm/ncubed/gemm_hls/solution/.autopilot/db/gemm.tbgen.tcl 
Execute     source /nfs/home/xushuoxiang/Machsuite_V0.1/gemm/ncubed/gemm_hls/solution/.autopilot/db/gemm.tbgen.tcl 
Execute     ap_part_info -name xc7v585t-ffg1761-2 -data info 
Execute     source /nfs/home/xushuoxiang/Machsuite_V0.1/gemm/ncubed/gemm_hls/solution/.autopilot/db/gemm.rtl_wrap.cfg.tcl 
ERROR: [COSIM 212-317] C++ compile error.
ERROR: [COSIM 212-321] EXE file generate failed.
ERROR: [COSIM 212-321] EXE file generate failed.
ERROR: [COSIM 212-331] Aborting co-simulation: C simulation failed, compilation errors.
ERROR: [COSIM 212-5] *** C/RTL co-simulation file generation failed. ***
ERROR: [COSIM 212-4] *** C/RTL co-simulation finished: FAIL ***
Command   cosim_design done; error code: 2; 8.51 sec.
INFO: [HLS 200-111] Finished Command cosim_design CPU user time: 7.18 seconds. CPU system time: 0.73 seconds. Elapsed time: 8.51 seconds; current allocated memory: 229.458 MB.
Command ap_source done; error code: 1; 19.1 sec.
Execute cleanup_all 
